2025-05-26 02:01:37,401 - ConfigConverter - INFO - Starting conversion of /home/ec2-user/e2mc_assistant/encoding_profiles/pilot1/mp4/1008.xml
2025-05-26 02:01:37,402 - ConfigConverter - INFO - Set RateControlMode to VBR because <cbr> doesn't exist and <maxrate> doesn't exist
2025-05-26 02:01:37,402 - ConfigConverter - INFO - Set Bitrate to 4500000 from <bitrate>=4500k
2025-05-26 02:01:37,402 - ConfigConverter - INFO - Setting MaxBitrate to 11250000 (2.5 * Bitrate)
2025-05-26 02:01:37,402 - ConfigConverter - INFO - Parameter bitrate processed by custom rate control handler
2025-05-26 02:01:37,402 - ConfigConverter - INFO - Set AudioDescriptions[0].CodecSettings.Codec to AAC from <audio_codec>=libfaac
2025-05-26 02:01:37,402 - ConfigConverter - INFO - Set AudioDescriptions[0].CodecSettings.AacSettings.Bitrate to default value 96000
2025-05-26 02:01:37,403 - ConfigConverter - INFO - Set AudioDescriptions[0].CodecSettings.AacSettings.SampleRate to default value 48000
2025-05-26 02:01:37,403 - ConfigConverter - INFO - Set AudioDescriptions[0].CodecSettings.AacSettings.CodingMode to CODING_MODE_2_0 (default stereo)
2025-05-26 02:01:37,403 - ConfigConverter - INFO - Set AudioDescriptions[0].CodecSettings.AacSettings.Bitrate to 128000 from <audio_bitrate>=128k
2025-05-26 02:01:37,403 - ConfigConverter - INFO - Set AudioDescriptions[0].CodecSettings.AacSettings.SampleRate to 48000 from <audio_sample_rate>=48000
2025-05-26 02:01:37,403 - ConfigConverter - INFO - Audio parameters processed by custom audio settings handler
2025-05-26 02:01:37,403 - ConfigConverter - INFO - Mapped parameter: VCodecParameters=None → [DUMMY RULE]
2025-05-26 02:01:37,403 - ConfigConverter - INFO - Mapped parameter: acbr=None → [DUMMY RULE]
2025-05-26 02:01:37,403 - ConfigConverter - INFO - Mapped parameter: add_audio_only=None → [DUMMY RULE]
2025-05-26 02:01:37,403 - ConfigConverter - INFO - Mapped parameter: clipmode=None → [DUMMY RULE]
2025-05-26 02:01:37,403 - ConfigConverter - INFO - Mapped parameter: closed_captions.cc_extract_before=None → [DUMMY RULE]
2025-05-26 02:01:37,403 - ConfigConverter - INFO - Mapped parameter: closed_captions.direct_copy=None → [DUMMY RULE]
2025-05-26 02:01:37,403 - ConfigConverter - INFO - Mapped parameter: closed_captions.get_from_manifest=None → [DUMMY RULE]
2025-05-26 02:01:37,403 - ConfigConverter - INFO - Mapped parameter: closed_captions.ignore_cc_absence=None → [DUMMY RULE]
2025-05-26 02:01:37,403 - ConfigConverter - INFO - Mapped parameter: closed_captions.role=None → [DUMMY RULE]
2025-05-26 02:01:37,403 - ConfigConverter - INFO - Mapped parameter: closed_captions.vtt_split_segments=None → [DUMMY RULE]
2025-05-26 02:01:37,403 - ConfigConverter - INFO - Mapped parameter: drm=None → [DUMMY RULE]
2025-05-26 02:01:37,403 - ConfigConverter - INFO - Mapped parameter: encoder=None → [DUMMY RULE]
2025-05-26 02:01:37,403 - ConfigConverter - INFO - Mapped parameter: encryption=None → [DUMMY RULE]
2025-05-26 02:01:37,403 - ConfigConverter - INFO - Mapped parameter: hint=None → [DUMMY RULE]
2025-05-26 02:01:37,403 - ConfigConverter - INFO - Mapped parameter: pix_format=None → [DUMMY RULE]
2025-05-26 02:01:37,403 - ConfigConverter - INFO - Mapped parameter: set_video_duration=None → [DUMMY RULE]
2025-05-26 02:01:37,403 - ConfigConverter - INFO - Mapped parameter: strip_chapters=None → [DUMMY RULE]
2025-05-26 02:01:37,404 - ConfigConverter - INFO - Mapped parameter: video_codec_parameters.cmp=None → [DUMMY RULE]
2025-05-26 02:01:37,404 - ConfigConverter - INFO - Mapped parameter: video_codec_parameters.code=None → [DUMMY RULE]
2025-05-26 02:01:37,404 - ConfigConverter - INFO - Mapped parameter: video_codec_parameters.flags=None → [DUMMY RULE]
2025-05-26 02:01:37,404 - ConfigConverter - INFO - Mapped parameter: video_codec_parameters.flags2=None → [DUMMY RULE]
2025-05-26 02:01:37,404 - ConfigConverter - INFO - Mapped parameter: video_codec_parameters.i_qfactor=None → [DUMMY RULE]
2025-05-26 02:01:37,404 - ConfigConverter - INFO - Mapped parameter: video_codec_parameters.mbtree=None → [DUMMY RULE]
2025-05-26 02:01:37,404 - ConfigConverter - INFO - Mapped parameter: video_codec_parameters.me_method=None → [DUMMY RULE]
2025-05-26 02:01:37,404 - ConfigConverter - INFO - Mapped parameter: video_codec_parameters.me_range=None → [DUMMY RULE]
2025-05-26 02:01:37,404 - ConfigConverter - INFO - Mapped parameter: video_codec_parameters.qcomp=None → [DUMMY RULE]
2025-05-26 02:01:37,404 - ConfigConverter - INFO - Mapped parameter: video_codec_parameters.qdiff=None → [DUMMY RULE]
2025-05-26 02:01:37,404 - ConfigConverter - INFO - Mapped parameter: video_codec_parameters.subq=None → [DUMMY RULE]
2025-05-26 02:01:37,404 - ConfigConverter - INFO - Mapped parameter: video_codec_parameters.trellis=None → [DUMMY RULE]
2025-05-26 02:01:37,404 - ConfigConverter - INFO - Mapped parameter: video_codec_parameters.qmax=None → [DUMMY RULE]
2025-05-26 02:01:37,404 - ConfigConverter - INFO - Mapped parameter: video_codec_parameters.qmin=None → [DUMMY RULE]
2025-05-26 02:01:37,404 - ConfigConverter - INFO - Mapped parameter: closed_captions.forced=None → [DUMMY RULE]
2025-05-26 02:01:37,405 - ConfigConverter - INFO - Mapped parameter: file_extension=None → [DUMMY RULE]
2025-05-26 02:01:37,405 - ConfigConverter - INFO - Mapped parameter: rotate=None → [DUMMY RULE]
2025-05-26 02:01:37,405 - ConfigConverter - INFO - Mapped parameter: metadata_copy=None → [DUMMY RULE]
2025-05-26 02:01:37,405 - ConfigConverter - INFO - Mapped parameter: video_codec_parameters.transfer_characteristics=1 → [DUMMY RULE]
2025-05-26 02:01:37,405 - ConfigConverter - INFO - Mapped parameter: video_codec_parameters.partitions=None → [DUMMY RULE]
2025-05-26 02:01:37,405 - ConfigConverter - INFO - Mapped parameter: closed_captions.cea_data_field=None → [DUMMY RULE]
2025-05-26 02:01:37,405 - ConfigConverter - INFO - Mapped parameter: loudnorm_range=11 → [DUMMY RULE]
2025-05-26 02:01:37,405 - ConfigConverter - INFO - Mapped parameter: video_codec_parameters.level=40 → [DUMMY RULE]
2025-05-26 02:01:37,405 - ConfigConverter - INFO - Mapped parameter: level=None → [DUMMY RULE]
2025-05-26 02:01:37,405 - ConfigConverter - WARNING - Skipping rule for output=mp4 due to source condition not matching
2025-05-26 02:01:37,405 - ConfigConverter - WARNING - Skipping rule for output=mp4 due to source condition not matching
2025-05-26 02:01:37,405 - ConfigConverter - WARNING - Skipping rule for output=mp4 due to source condition not matching
2025-05-26 02:01:37,405 - ConfigConverter - WARNING - Skipping rule for output=mp4 due to source condition not matching
2025-05-26 02:01:37,405 - ConfigConverter - WARNING - Skipping rule for output=mp4 due to source condition not matching
2025-05-26 02:01:37,405 - ConfigConverter - WARNING - Skipping rule for output=mp4 due to source condition not matching
2025-05-26 02:01:37,405 - ConfigConverter - WARNING - Skipping rule for output=mp4 due to source condition not matching
2025-05-26 02:01:37,405 - ConfigConverter - WARNING - Skipping rule for output=mp4 due to source condition not matching
2025-05-26 02:01:37,406 - ConfigConverter - INFO - Mapped parameter: output=mp4 → Settings.OutputGroups[0].OutputGroupSettings.Type=FILE_GROUP_SETTINGS
2025-05-26 02:01:37,406 - ConfigConverter - INFO - Mapped parameter: output=mp4 → Settings.OutputGroups[0].Outputs[0].ContainerSettings.Container=MP4
2025-05-26 02:01:37,406 - ConfigConverter - WARNING - Skipping rule for output=mp4 due to source condition not matching
2025-05-26 02:01:37,406 - ConfigConverter - WARNING - Skipping rule for output=mp4 due to source condition not matching
2025-05-26 02:01:37,406 - ConfigConverter - WARNING - Skipping rule for output=mp4 due to source condition not matching
2025-05-26 02:01:37,406 - ConfigConverter - WARNING - Skipping rule for output=mp4 due to source condition not matching
2025-05-26 02:01:37,406 - ConfigConverter - INFO - Mapped parameter: video_codec=libx264 → Settings.OutputGroups[0].Outputs[0].VideoDescription.CodecSettings.Codec=H_264
2025-05-26 02:01:37,406 - ConfigConverter - WARNING - Skipping rule for framerate=25 due to source condition not matching
2025-05-26 02:01:37,406 - ConfigConverter - WARNING - Skipping rule for framerate=25 due to source condition not matching
2025-05-26 02:01:37,406 - ConfigConverter - WARNING - Skipping rule for framerate=25 due to source condition not matching
2025-05-26 02:01:37,406 - ConfigConverter - INFO - Mapped parameter: framerate=25 → Settings.OutputGroups[0].Outputs[0].VideoDescription.CodecSettings.H264Settings.FramerateControl=SPECIFIED
2025-05-26 02:01:37,406 - ConfigConverter - INFO - Mapped parameter: framerate=25 → Settings.OutputGroups[0].Outputs[0].VideoDescription.CodecSettings.H264Settings.FramerateNumerator=25
2025-05-26 02:01:37,407 - ConfigConverter - INFO - Mapped parameter: framerate=25 → Settings.OutputGroups[0].Outputs[0].VideoDescription.CodecSettings.H264Settings.FramerateDenominator=1
2025-05-26 02:01:37,407 - ConfigConverter - WARNING - Skipping rule for framerate=25 due to source condition not matching
2025-05-26 02:01:37,407 - ConfigConverter - WARNING - Skipping rule for framerate=25 due to source condition not matching
2025-05-26 02:01:37,407 - ConfigConverter - INFO - Mapped parameter: profile=main → Settings.OutputGroups[0].Outputs[0].VideoDescription.CodecSettings.H264Settings.CodecProfile=MAIN
2025-05-26 02:01:37,409 - ConfigConverter - INFO - Mapped parameter: size=1920x1080 → Settings.OutputGroups[0].Outputs[0].VideoDescription.Width=1920
2025-05-26 02:01:37,409 - ConfigConverter - INFO - Mapped parameter: size=1920x1080 → Settings.OutputGroups[0].Outputs[0].VideoDescription.Height=1080
2025-05-26 02:01:37,409 - ConfigConverter - WARNING - Regex pattern (\d+)x0 did not match 1920x1080 for size
2025-05-26 02:01:37,409 - ConfigConverter - WARNING - Regex pattern (\d+)x0 did not match 1920x1080 for size
2025-05-26 02:01:37,409 - ConfigConverter - INFO - Mapped parameter: loudnorm=-23.0 → Settings.OutputGroups[0].Outputs[0].AudioDescriptions[0].AudioNormalizationSettings.TargetLkfs=-23.0
2025-05-26 02:01:37,409 - ConfigConverter - INFO - Mapped parameter: loudnorm_peak=-1.5 → Settings.OutputGroups[0].Outputs[0].AudioDescriptions[0].AudioNormalizationSettings.TruePeakLimiterThreshold=-1.5
2025-05-26 02:01:37,409 - ConfigConverter - INFO - Mapped parameter: video_codec_parameters.color_range=1 → Settings.OutputGroups[0].Outputs[0].VideoDescription.VideoPreprocessors.ColorCorrector.ColorSpaceConversion=FORCE_709
2025-05-26 02:01:37,409 - ConfigConverter - INFO - Mapped parameter: video_codec_parameters.color_range=1 → Settings.OutputGroups[0].Outputs[0].VideoDescription.ColorMetadata=INSERT
2025-05-26 02:01:37,409 - ConfigConverter - INFO - Mapped parameter: video_codec_parameters.color_primaries=1 → Settings.OutputGroups[0].Outputs[0].VideoDescription.VideoPreprocessors.ColorCorrector.ColorSpaceConversion=FORCE_709
2025-05-26 02:01:37,410 - ConfigConverter - INFO - Mapped parameter: video_codec_parameters.matrix_coefficients=1 → Settings.OutputGroups[0].Outputs[0].VideoDescription.VideoPreprocessors.ColorCorrector.ColorSpaceConversion=FORCE_709
2025-05-26 02:01:37,410 - ConfigConverter - INFO - Mapped parameter: destination=http://test_url.s3.amazonaws.com/encoding.com.output/mock_mock_output_rendition_name_11111_1008.mp4?acl=public-read → Settings.OutputGroups[0].OutputGroupSettings.FileGroupSettings.Destination=S3_OUTPUT_URL
2025-05-26 02:01:37,410 - ConfigConverter - INFO - Conversion summary for /home/ec2-user/e2mc_assistant/encoding_profiles/pilot1/mp4/1008.xml:
2025-05-26 02:01:37,410 - ConfigConverter - INFO -   - Total parameters: 57
2025-05-26 02:01:37,410 - ConfigConverter - INFO -   - Mapped parameters: 57 (100.0%)
2025-05-26 02:01:37,410 - ConfigConverter - INFO -   - Unmapped parameters: 0 (0.0%)
2025-05-26 02:01:37,410 - ConfigConverter - INFO - Added missing NameModifier: _1920x1080_4500000_mc
2025-05-26 02:01:37,410 - ConfigConverter - INFO - Successfully converted /home/ec2-user/e2mc_assistant/encoding_profiles/pilot1/mp4/1008.xml to /home/ec2-user/e2mc_assistant/tranformed_mc_profiles/pilot1/mp4/1008.json
2025-05-26 02:01:37,411 - ConfigConverter - INFO - Validating /home/ec2-user/e2mc_assistant/tranformed_mc_profiles/pilot1/mp4/1008.json against schema /home/ec2-user/e2mc_assistant/utils/mc_config_validator/mc_setting_schema.json
2025-05-26 02:01:37,411 - ConfigConverter - INFO - Validation successful for /home/ec2-user/e2mc_assistant/tranformed_mc_profiles/pilot1/mp4/1008.json
2025-05-29 08:52:03,159 - ConfigConverter - INFO - Starting conversion of /home/ec2-user/e2mc_assistant/encoding_profiles/pilot1/mp4/1008.xml
2025-05-29 08:52:03,161 - ConfigConverter - INFO - Set RateControlMode to VBR because <cbr> doesn't exist and <maxrate> doesn't exist
2025-05-29 08:52:03,161 - ConfigConverter - INFO - Set Bitrate to 4500000 from <bitrate>=4500k
2025-05-29 08:52:03,161 - ConfigConverter - INFO - Setting MaxBitrate to 11250000 (2.5 * Bitrate)
2025-05-29 08:52:03,161 - ConfigConverter - INFO - Parameter bitrate processed by custom rate control handler
2025-05-29 08:52:03,161 - ConfigConverter - INFO - Set AudioDescriptions[0].CodecSettings.Codec to AAC from <audio_codec>=libfaac
2025-05-29 08:52:03,161 - ConfigConverter - INFO - Set AudioDescriptions[0].CodecSettings.AacSettings.Bitrate to default value 96000
2025-05-29 08:52:03,161 - ConfigConverter - INFO - Set AudioDescriptions[0].CodecSettings.AacSettings.SampleRate to default value 48000
2025-05-29 08:52:03,161 - ConfigConverter - INFO - Set AudioDescriptions[0].CodecSettings.AacSettings.CodingMode to CODING_MODE_2_0 (default stereo)
2025-05-29 08:52:03,161 - ConfigConverter - INFO - Set AudioDescriptions[0].CodecSettings.AacSettings.Bitrate to 128000 from <audio_bitrate>=128k
2025-05-29 08:52:03,161 - ConfigConverter - INFO - Set AudioDescriptions[0].CodecSettings.AacSettings.SampleRate to 48000 from <audio_sample_rate>=48000
2025-05-29 08:52:03,161 - ConfigConverter - INFO - Audio parameters processed by custom audio settings handler
2025-05-29 08:52:03,161 - ConfigConverter - INFO - Mapped parameter: VCodecParameters=None → [DUMMY RULE]
2025-05-29 08:52:03,161 - ConfigConverter - INFO - Mapped parameter: acbr=None → [DUMMY RULE]
2025-05-29 08:52:03,161 - ConfigConverter - INFO - Mapped parameter: add_audio_only=None → [DUMMY RULE]
2025-05-29 08:52:03,161 - ConfigConverter - INFO - Mapped parameter: clipmode=None → [DUMMY RULE]
2025-05-29 08:52:03,161 - ConfigConverter - INFO - Mapped parameter: closed_captions.cc_extract_before=None → [DUMMY RULE]
2025-05-29 08:52:03,161 - ConfigConverter - INFO - Mapped parameter: closed_captions.direct_copy=None → [DUMMY RULE]
2025-05-29 08:52:03,161 - ConfigConverter - INFO - Mapped parameter: closed_captions.get_from_manifest=None → [DUMMY RULE]
2025-05-29 08:52:03,161 - ConfigConverter - INFO - Mapped parameter: closed_captions.ignore_cc_absence=None → [DUMMY RULE]
2025-05-29 08:52:03,161 - ConfigConverter - INFO - Mapped parameter: closed_captions.role=None → [DUMMY RULE]
2025-05-29 08:52:03,161 - ConfigConverter - INFO - Mapped parameter: closed_captions.vtt_split_segments=None → [DUMMY RULE]
2025-05-29 08:52:03,162 - ConfigConverter - INFO - Mapped parameter: drm=None → [DUMMY RULE]
2025-05-29 08:52:03,162 - ConfigConverter - INFO - Mapped parameter: encoder=None → [DUMMY RULE]
2025-05-29 08:52:03,162 - ConfigConverter - INFO - Mapped parameter: encryption=None → [DUMMY RULE]
2025-05-29 08:52:03,162 - ConfigConverter - INFO - Mapped parameter: hint=None → [DUMMY RULE]
2025-05-29 08:52:03,162 - ConfigConverter - INFO - Mapped parameter: pix_format=None → [DUMMY RULE]
2025-05-29 08:52:03,162 - ConfigConverter - INFO - Mapped parameter: set_video_duration=None → [DUMMY RULE]
2025-05-29 08:52:03,162 - ConfigConverter - INFO - Mapped parameter: strip_chapters=None → [DUMMY RULE]
2025-05-29 08:52:03,162 - ConfigConverter - INFO - Mapped parameter: video_codec_parameters.cmp=None → [DUMMY RULE]
2025-05-29 08:52:03,162 - ConfigConverter - INFO - Mapped parameter: video_codec_parameters.code=None → [DUMMY RULE]
2025-05-29 08:52:03,162 - ConfigConverter - INFO - Mapped parameter: video_codec_parameters.flags=None → [DUMMY RULE]
2025-05-29 08:52:03,162 - ConfigConverter - INFO - Mapped parameter: video_codec_parameters.flags2=None → [DUMMY RULE]
2025-05-29 08:52:03,162 - ConfigConverter - INFO - Mapped parameter: video_codec_parameters.i_qfactor=None → [DUMMY RULE]
2025-05-29 08:52:03,162 - ConfigConverter - INFO - Mapped parameter: video_codec_parameters.mbtree=None → [DUMMY RULE]
2025-05-29 08:52:03,162 - ConfigConverter - INFO - Mapped parameter: video_codec_parameters.me_method=None → [DUMMY RULE]
2025-05-29 08:52:03,162 - ConfigConverter - INFO - Mapped parameter: video_codec_parameters.me_range=None → [DUMMY RULE]
2025-05-29 08:52:03,162 - ConfigConverter - INFO - Mapped parameter: video_codec_parameters.qcomp=None → [DUMMY RULE]
2025-05-29 08:52:03,162 - ConfigConverter - INFO - Mapped parameter: video_codec_parameters.qdiff=None → [DUMMY RULE]
2025-05-29 08:52:03,162 - ConfigConverter - INFO - Mapped parameter: video_codec_parameters.subq=None → [DUMMY RULE]
2025-05-29 08:52:03,162 - ConfigConverter - INFO - Mapped parameter: video_codec_parameters.trellis=None → [DUMMY RULE]
2025-05-29 08:52:03,162 - ConfigConverter - INFO - Mapped parameter: video_codec_parameters.qmax=None → [DUMMY RULE]
2025-05-29 08:52:03,162 - ConfigConverter - INFO - Mapped parameter: video_codec_parameters.qmin=None → [DUMMY RULE]
2025-05-29 08:52:03,162 - ConfigConverter - INFO - Mapped parameter: closed_captions.forced=None → [DUMMY RULE]
2025-05-29 08:52:03,162 - ConfigConverter - INFO - Mapped parameter: file_extension=None → [DUMMY RULE]
2025-05-29 08:52:03,162 - ConfigConverter - INFO - Mapped parameter: rotate=None → [DUMMY RULE]
2025-05-29 08:52:03,162 - ConfigConverter - INFO - Mapped parameter: metadata_copy=None → [DUMMY RULE]
2025-05-29 08:52:03,162 - ConfigConverter - INFO - Mapped parameter: video_codec_parameters.transfer_characteristics=1 → [DUMMY RULE]
2025-05-29 08:52:03,162 - ConfigConverter - INFO - Mapped parameter: video_codec_parameters.partitions=None → [DUMMY RULE]
2025-05-29 08:52:03,162 - ConfigConverter - INFO - Mapped parameter: closed_captions.cea_data_field=None → [DUMMY RULE]
2025-05-29 08:52:03,162 - ConfigConverter - INFO - Mapped parameter: loudnorm_range=11 → [DUMMY RULE]
2025-05-29 08:52:03,162 - ConfigConverter - WARNING - Skipping rule for output=mp4 due to source condition not matching
2025-05-29 08:52:03,162 - ConfigConverter - WARNING - Skipping rule for output=mp4 due to source condition not matching
2025-05-29 08:52:03,162 - ConfigConverter - WARNING - Skipping rule for output=mp4 due to source condition not matching
2025-05-29 08:52:03,162 - ConfigConverter - WARNING - Skipping rule for output=mp4 due to source condition not matching
2025-05-29 08:52:03,162 - ConfigConverter - WARNING - Skipping rule for output=mp4 due to source condition not matching
2025-05-29 08:52:03,162 - ConfigConverter - WARNING - Skipping rule for output=mp4 due to source condition not matching
2025-05-29 08:52:03,162 - ConfigConverter - WARNING - Skipping rule for output=mp4 due to source condition not matching
2025-05-29 08:52:03,162 - ConfigConverter - WARNING - Skipping rule for output=mp4 due to source condition not matching
2025-05-29 08:52:03,162 - ConfigConverter - INFO - Mapped parameter: output=mp4 → Settings.OutputGroups[0].OutputGroupSettings.Type=FILE_GROUP_SETTINGS
2025-05-29 08:52:03,162 - ConfigConverter - INFO - Mapped parameter: output=mp4 → Settings.OutputGroups[0].Outputs[0].ContainerSettings.Container=MP4
2025-05-29 08:52:03,163 - ConfigConverter - WARNING - Skipping rule for output=mp4 due to source condition not matching
2025-05-29 08:52:03,163 - ConfigConverter - WARNING - Skipping rule for output=mp4 due to source condition not matching
2025-05-29 08:52:03,163 - ConfigConverter - WARNING - Skipping rule for output=mp4 due to source condition not matching
2025-05-29 08:52:03,163 - ConfigConverter - WARNING - Skipping rule for output=mp4 due to source condition not matching
2025-05-29 08:52:03,163 - ConfigConverter - INFO - Mapped parameter: video_codec=libx264 → Settings.OutputGroups[0].Outputs[0].VideoDescription.CodecSettings.Codec=H_264
2025-05-29 08:52:03,163 - ConfigConverter - WARNING - Skipping rule for framerate=25 due to source condition not matching
2025-05-29 08:52:03,163 - ConfigConverter - WARNING - Skipping rule for framerate=25 due to source condition not matching
2025-05-29 08:52:03,163 - ConfigConverter - WARNING - Skipping rule for framerate=25 due to source condition not matching
2025-05-29 08:52:03,163 - ConfigConverter - INFO - Mapped parameter: framerate=25 → Settings.OutputGroups[0].Outputs[0].VideoDescription.CodecSettings.H264Settings.FramerateControl=SPECIFIED
2025-05-29 08:52:03,163 - ConfigConverter - INFO - Mapped parameter: framerate=25 → Settings.OutputGroups[0].Outputs[0].VideoDescription.CodecSettings.H264Settings.FramerateNumerator=25
2025-05-29 08:52:03,163 - ConfigConverter - INFO - Mapped parameter: framerate=25 → Settings.OutputGroups[0].Outputs[0].VideoDescription.CodecSettings.H264Settings.FramerateDenominator=1
2025-05-29 08:52:03,163 - ConfigConverter - WARNING - Skipping rule for framerate=25 due to source condition not matching
2025-05-29 08:52:03,163 - ConfigConverter - WARNING - Skipping rule for framerate=25 due to source condition not matching
2025-05-29 08:52:03,163 - ConfigConverter - INFO - Mapped parameter: profile=main → Settings.OutputGroups[0].Outputs[0].VideoDescription.CodecSettings.H264Settings.CodecProfile=MAIN
2025-05-29 08:52:03,163 - ConfigConverter - WARNING - Skipping rule for profile=main due to source condition not matching
2025-05-29 08:52:03,163 - ConfigConverter - INFO - Mapped parameter: size=1920x1080 → Settings.OutputGroups[0].Outputs[0].VideoDescription.Width=1920
2025-05-29 08:52:03,163 - ConfigConverter - INFO - Mapped parameter: size=1920x1080 → Settings.OutputGroups[0].Outputs[0].VideoDescription.Height=1080
2025-05-29 08:52:03,163 - ConfigConverter - WARNING - Regex pattern (\d+)x0 did not match 1920x1080 for size
2025-05-29 08:52:03,163 - ConfigConverter - WARNING - Regex pattern (\d+)x0 did not match 1920x1080 for size
2025-05-29 08:52:03,163 - ConfigConverter - INFO - Mapped parameter: loudnorm=-23.0 → Settings.OutputGroups[0].Outputs[0].AudioDescriptions[0].AudioNormalizationSettings.TargetLkfs=-23.0
2025-05-29 08:52:03,163 - ConfigConverter - INFO - Mapped parameter: loudnorm_peak=-1.5 → Settings.OutputGroups[0].Outputs[0].AudioDescriptions[0].AudioNormalizationSettings.TruePeakLimiterThreshold=-1.5
2025-05-29 08:52:03,163 - ConfigConverter - INFO - Mapped parameter: video_codec_parameters.color_range=1 → Settings.OutputGroups[0].Outputs[0].VideoDescription.VideoPreprocessors.ColorCorrector.ColorSpaceConversion=FORCE_709
2025-05-29 08:52:03,163 - ConfigConverter - INFO - Mapped parameter: video_codec_parameters.color_range=1 → Settings.OutputGroups[0].Outputs[0].VideoDescription.ColorMetadata=INSERT
2025-05-29 08:52:03,163 - ConfigConverter - INFO - Mapped parameter: video_codec_parameters.color_primaries=1 → Settings.OutputGroups[0].Outputs[0].VideoDescription.VideoPreprocessors.ColorCorrector.ColorSpaceConversion=FORCE_709
2025-05-29 08:52:03,163 - ConfigConverter - INFO - Mapped parameter: video_codec_parameters.matrix_coefficients=1 → Settings.OutputGroups[0].Outputs[0].VideoDescription.VideoPreprocessors.ColorCorrector.ColorSpaceConversion=FORCE_709
2025-05-29 08:52:03,163 - ConfigConverter - INFO - Mapped parameter: video_codec_parameters.level=40 → Settings.OutputGroups[0].Outputs[0].VideoDescription.CodecSettings.H264Settings.CodecLevel=LEVEL_4
2025-05-29 08:52:03,163 - ConfigConverter - INFO - Mapped parameter: destination=http://test_url.s3.amazonaws.com/encoding.com.output/mock_mock_output_rendition_name_11111_1008.mp4?acl=public-read → Settings.OutputGroups[0].OutputGroupSettings.FileGroupSettings.Destination=S3_OUTPUT_URL
2025-05-29 08:52:03,163 - ConfigConverter - INFO - Conversion summary for /home/ec2-user/e2mc_assistant/encoding_profiles/pilot1/mp4/1008.xml:
2025-05-29 08:52:03,163 - ConfigConverter - INFO -   - Total parameters: 56
2025-05-29 08:52:03,163 - ConfigConverter - INFO -   - Mapped parameters: 56 (100.0%)
2025-05-29 08:52:03,163 - ConfigConverter - INFO -   - Unmapped parameters: 0 (0.0%)
2025-05-29 08:52:03,164 - ConfigConverter - INFO - Added missing NameModifier: _1920x1080_4500000_mc
2025-05-29 08:52:03,164 - ConfigConverter - INFO - Successfully converted /home/ec2-user/e2mc_assistant/encoding_profiles/pilot1/mp4/1008.xml to /home/ec2-user/e2mc_assistant/tranformed_mc_profiles/pilot1/mp4/1008.json
2025-05-29 08:52:03,165 - ConfigConverter - INFO - Validating /home/ec2-user/e2mc_assistant/tranformed_mc_profiles/pilot1/mp4/1008.json against schema /home/ec2-user/e2mc_assistant/utils/mc_config_validator/mc_setting_schema.json
2025-05-29 08:52:03,165 - ConfigConverter - INFO - Validation successful for /home/ec2-user/e2mc_assistant/tranformed_mc_profiles/pilot1/mp4/1008.json
2025-06-23 11:02:21,162 - ConfigConverter - INFO - Starting conversion of /home/ec2-user/e2mc_assistant/encoding_profiles/pilot1/mp4/1008.xml
2025-06-23 11:02:21,163 - ConfigConverter - INFO - Set container to MP4 based on output format: mp4
2025-06-23 11:02:21,163 - ConfigConverter - INFO - Added Mp4Settings to container settings
2025-06-23 11:02:21,163 - ConfigConverter - INFO - Using H264Settings for video_codec=libx264
2025-06-23 11:02:21,163 - ConfigConverter - INFO - Set RateControlMode to VBR because <cbr> doesn't exist and <maxrate> doesn't exist
2025-06-23 11:02:21,163 - ConfigConverter - INFO - Set Bitrate to 4500000 from <bitrate>=4500k
2025-06-23 11:02:21,163 - ConfigConverter - INFO - Setting MaxBitrate to 11250000 (2.5 * Bitrate)
2025-06-23 11:02:21,163 - ConfigConverter - INFO - Parameter bitrate processed by custom rate control handler
2025-06-23 11:02:21,163 - ConfigConverter - INFO - Set AudioDescriptions[0].CodecSettings.Codec to AAC from <audio_codec>=libfaac
2025-06-23 11:02:21,163 - ConfigConverter - INFO - Set AudioDescriptions[0].CodecSettings.AacSettings.Bitrate to default value 96000
2025-06-23 11:02:21,163 - ConfigConverter - INFO - Set AudioDescriptions[0].CodecSettings.AacSettings.SampleRate to default value 48000
2025-06-23 11:02:21,163 - ConfigConverter - INFO - Set AudioDescriptions[0].CodecSettings.AacSettings.CodingMode to CODING_MODE_2_0 (default stereo)
2025-06-23 11:02:21,163 - ConfigConverter - INFO - Set AudioDescriptions[0].CodecSettings.AacSettings.Bitrate to 128000 from <audio_bitrate>=128k
2025-06-23 11:02:21,163 - ConfigConverter - INFO - Set AudioDescriptions[0].CodecSettings.AacSettings.SampleRate to 48000 from <audio_sample_rate>=48000
2025-06-23 11:02:21,163 - ConfigConverter - INFO - Audio parameters processed by custom audio settings handler
2025-06-23 11:02:21,164 - ConfigConverter - INFO - Mapped parameter: VCodecParameters=None → [DUMMY RULE]
2025-06-23 11:02:21,164 - ConfigConverter - INFO - Mapped parameter: acbr=None → [DUMMY RULE]
2025-06-23 11:02:21,164 - ConfigConverter - INFO - Mapped parameter: add_audio_only=None → [DUMMY RULE]
2025-06-23 11:02:21,164 - ConfigConverter - INFO - Mapped parameter: clipmode=None → [DUMMY RULE]
2025-06-23 11:02:21,164 - ConfigConverter - INFO - Mapped parameter: closed_captions.cc_extract_before=None → [DUMMY RULE]
2025-06-23 11:02:21,164 - ConfigConverter - INFO - Mapped parameter: closed_captions.direct_copy=None → [DUMMY RULE]
2025-06-23 11:02:21,164 - ConfigConverter - INFO - Mapped parameter: closed_captions.get_from_manifest=None → [DUMMY RULE]
2025-06-23 11:02:21,164 - ConfigConverter - INFO - Mapped parameter: closed_captions.ignore_cc_absence=None → [DUMMY RULE]
2025-06-23 11:02:21,164 - ConfigConverter - INFO - Mapped parameter: closed_captions.role=None → [DUMMY RULE]
2025-06-23 11:02:21,164 - ConfigConverter - INFO - Mapped parameter: closed_captions.vtt_split_segments=None → [DUMMY RULE]
2025-06-23 11:02:21,164 - ConfigConverter - INFO - Mapped parameter: drm=None → [DUMMY RULE]
2025-06-23 11:02:21,164 - ConfigConverter - INFO - Mapped parameter: encoder=None → [DUMMY RULE]
2025-06-23 11:02:21,164 - ConfigConverter - INFO - Mapped parameter: encryption=None → [DUMMY RULE]
2025-06-23 11:02:21,164 - ConfigConverter - INFO - Mapped parameter: hint=None → [DUMMY RULE]
2025-06-23 11:02:21,164 - ConfigConverter - INFO - Mapped parameter: pix_format=None → [DUMMY RULE]
2025-06-23 11:02:21,164 - ConfigConverter - INFO - Mapped parameter: set_video_duration=None → [DUMMY RULE]
2025-06-23 11:02:21,164 - ConfigConverter - INFO - Mapped parameter: strip_chapters=None → [DUMMY RULE]
2025-06-23 11:02:21,164 - ConfigConverter - INFO - Mapped parameter: video_codec_parameters.cmp=None → [DUMMY RULE]
2025-06-23 11:02:21,164 - ConfigConverter - INFO - Mapped parameter: video_codec_parameters.code=None → [DUMMY RULE]
2025-06-23 11:02:21,164 - ConfigConverter - INFO - Mapped parameter: video_codec_parameters.flags=None → [DUMMY RULE]
2025-06-23 11:02:21,164 - ConfigConverter - INFO - Mapped parameter: video_codec_parameters.flags2=None → [DUMMY RULE]
2025-06-23 11:02:21,164 - ConfigConverter - INFO - Mapped parameter: video_codec_parameters.i_qfactor=None → [DUMMY RULE]
2025-06-23 11:02:21,164 - ConfigConverter - INFO - Mapped parameter: video_codec_parameters.mbtree=None → [DUMMY RULE]
2025-06-23 11:02:21,164 - ConfigConverter - INFO - Mapped parameter: video_codec_parameters.me_method=None → [DUMMY RULE]
2025-06-23 11:02:21,164 - ConfigConverter - INFO - Mapped parameter: video_codec_parameters.me_range=None → [DUMMY RULE]
2025-06-23 11:02:21,164 - ConfigConverter - INFO - Mapped parameter: video_codec_parameters.qcomp=None → [DUMMY RULE]
2025-06-23 11:02:21,164 - ConfigConverter - INFO - Mapped parameter: video_codec_parameters.qdiff=None → [DUMMY RULE]
2025-06-23 11:02:21,164 - ConfigConverter - INFO - Mapped parameter: video_codec_parameters.subq=None → [DUMMY RULE]
2025-06-23 11:02:21,164 - ConfigConverter - INFO - Mapped parameter: video_codec_parameters.trellis=None → [DUMMY RULE]
2025-06-23 11:02:21,164 - ConfigConverter - INFO - Mapped parameter: video_codec_parameters.qmax=None → [DUMMY RULE]
2025-06-23 11:02:21,164 - ConfigConverter - INFO - Mapped parameter: video_codec_parameters.qmin=None → [DUMMY RULE]
2025-06-23 11:02:21,164 - ConfigConverter - INFO - Mapped parameter: closed_captions.forced=None → [DUMMY RULE]
2025-06-23 11:02:21,164 - ConfigConverter - INFO - Mapped parameter: file_extension=None → [DUMMY RULE]
2025-06-23 11:02:21,164 - ConfigConverter - INFO - Mapped parameter: rotate=None → [DUMMY RULE]
2025-06-23 11:02:21,165 - ConfigConverter - INFO - Mapped parameter: main_source.type=None → [DUMMY RULE]
2025-06-23 11:02:21,165 - ConfigConverter - INFO - Mapped parameter: playlist_version=None → [DUMMY RULE]
2025-06-23 11:02:21,165 - ConfigConverter - INFO - Mapped parameter: video_only=None → [DUMMY RULE]
2025-06-23 11:02:21,165 - ConfigConverter - INFO - Mapped parameter: closed_captions.cea_data_field=None → [DUMMY RULE]
2025-06-23 11:02:21,165 - ConfigConverter - INFO - Mapped parameter: loudnorm_range=11 → [DUMMY RULE]
2025-06-23 11:02:21,165 - ConfigConverter - INFO - Mapped parameter: pack_files=None → [DUMMY RULE]
2025-06-23 11:02:21,165 - ConfigConverter - INFO - Mapped parameter: pack_type=None → [DUMMY RULE]
2025-06-23 11:02:21,165 - ConfigConverter - INFO - Mapped parameter: pack_each_stream=None → [DUMMY RULE]
2025-06-23 11:02:21,165 - ConfigConverter - INFO - Mapped parameter: cmaf_conformant=None → [DUMMY RULE]
2025-06-23 11:02:21,165 - ConfigConverter - INFO - Mapped parameter: manifest.basename=None → [DUMMY RULE]
2025-06-23 11:02:21,165 - ConfigConverter - INFO - Mapped parameter: use_manifest=None → [DUMMY RULE]
2025-06-23 11:02:21,165 - ConfigConverter - INFO - Mapped parameter: use_main_source=None → [DUMMY RULE]
2025-06-23 11:02:21,165 - ConfigConverter - INFO - Mapped parameter: use_alternate_source=None → [DUMMY RULE]
2025-06-23 11:02:21,165 - ConfigConverter - INFO - Mapped parameter: AdditionalCfDestination=None → [DUMMY RULE]
2025-06-23 11:02:21,165 - ConfigConverter - INFO - Mapped parameter: framerate_upper_threshold=None → [DUMMY RULE]
2025-06-23 11:02:21,165 - ConfigConverter - INFO - Mapped parameter: segmenter=None → [DUMMY RULE]
2025-06-23 11:02:21,165 - ConfigConverter - INFO - Mapped parameter: copy_nielsen_metadata=None → [DUMMY RULE]
2025-06-23 11:02:21,165 - ConfigConverter - INFO - Mapped parameter: metadata.copy=None → [DUMMY RULE]
2025-06-23 11:02:21,165 - ConfigConverter - INFO - Mapped parameter: refs=None → [DUMMY RULE]
2025-06-23 11:02:21,165 - ConfigConverter - INFO - Mapped parameter: reduce_structural_overhead=None → [DUMMY RULE]
2025-06-23 11:02:21,165 - ConfigConverter - INFO - Mapped parameter: video_codec_parameters.nal-hrd=None → [DUMMY RULE]
2025-06-23 11:02:21,165 - ConfigConverter - INFO - Mapped parameter: nal-hrd=None → [DUMMY RULE]
2025-06-23 11:02:21,165 - ConfigConverter - INFO - Mapped parameter: timescale=None → [DUMMY RULE]
2025-06-23 11:02:21,165 - ConfigConverter - INFO - Mapped parameter: video_codec_parameters.transfer_characteristics=1 → [DUMMY RULE]
2025-06-23 11:02:21,165 - ConfigConverter - INFO - Mapped parameter: audio_volume=None → [DUMMY RULE]
2025-06-23 11:02:21,165 - ConfigConverter - INFO - Mapped parameter: video_codec_parameters.sc_threshold=None → [DUMMY RULE]
2025-06-23 11:02:21,165 - ConfigConverter - INFO - Mapped parameter: metadata_copy=None → [DUMMY RULE]
2025-06-23 11:02:21,165 - ConfigConverter - INFO - Mapped parameter: video_codec_parameters.partitions=None → [DUMMY RULE]
2025-06-23 11:02:21,165 - ConfigConverter - INFO - Skipping already processed parameter: output=mp4
2025-06-23 11:02:21,165 - ConfigConverter - INFO - Found 1 rules for parameter: video_codec=libx264
2025-06-23 11:02:21,165 - ConfigConverter - INFO - Processing rule for video_codec, value: libx264
2025-06-23 11:02:21,165 - ConfigConverter - INFO - Applying transformation video_codec_format to libx264
2025-06-23 11:02:21,165 - ConfigConverter - INFO - Transformed libx264 using video_codec_format to H_264
2025-06-23 11:02:21,165 - ConfigConverter - INFO - Mapped parameter: video_codec=libx264 → Settings.OutputGroups[0].Outputs[0].VideoDescription.CodecSettings.Codec=H_264
2025-06-23 11:02:21,165 - ConfigConverter - INFO - Found 6 rules for parameter: framerate=25
2025-06-23 11:02:21,165 - ConfigConverter - INFO - Processing rule for framerate, value: 25
2025-06-23 11:02:21,166 - ConfigConverter - INFO - Condition evaluation: eq 25 24000/1001 = False
2025-06-23 11:02:21,166 - ConfigConverter - INFO - Source condition evaluation for framerate: False
2025-06-23 11:02:21,166 - ConfigConverter - INFO - Skipping rule for framerate=25 due to source condition not matching
2025-06-23 11:02:21,166 - ConfigConverter - INFO - Processing rule for framerate, value: 25
2025-06-23 11:02:21,166 - ConfigConverter - INFO - Condition evaluation: eq 25 29.97 = False
2025-06-23 11:02:21,166 - ConfigConverter - INFO - Source condition evaluation for framerate: False
2025-06-23 11:02:21,166 - ConfigConverter - INFO - Skipping rule for framerate=25 due to source condition not matching
2025-06-23 11:02:21,166 - ConfigConverter - INFO - Processing rule for framerate, value: 25
2025-06-23 11:02:21,166 - ConfigConverter - INFO - Condition evaluation: eq 25 59.94 = False
2025-06-23 11:02:21,166 - ConfigConverter - INFO - Source condition evaluation for framerate: False
2025-06-23 11:02:21,166 - ConfigConverter - INFO - Skipping rule for framerate=25 due to source condition not matching
2025-06-23 11:02:21,166 - ConfigConverter - INFO - Processing rule for framerate, value: 25
2025-06-23 11:02:21,166 - ConfigConverter - INFO - Condition evaluation: eq 25 25 = True
2025-06-23 11:02:21,166 - ConfigConverter - INFO - Source condition evaluation for framerate: True
2025-06-23 11:02:21,166 - ConfigConverter - INFO - Using static value: SPECIFIED
2025-06-23 11:02:21,166 - ConfigConverter - INFO - Mapped parameter: framerate=25 → Settings.OutputGroups[0].Outputs[0].VideoDescription.CodecSettings.H264Settings.FramerateControl=SPECIFIED
2025-06-23 11:02:21,166 - ConfigConverter - INFO - Using static value: 25
2025-06-23 11:02:21,166 - ConfigConverter - INFO - Mapped parameter: framerate=25 → Settings.OutputGroups[0].Outputs[0].VideoDescription.CodecSettings.H264Settings.FramerateNumerator=25
2025-06-23 11:02:21,166 - ConfigConverter - INFO - Using static value: 1
2025-06-23 11:02:21,166 - ConfigConverter - INFO - Mapped parameter: framerate=25 → Settings.OutputGroups[0].Outputs[0].VideoDescription.CodecSettings.H264Settings.FramerateDenominator=1
2025-06-23 11:02:21,166 - ConfigConverter - INFO - Processing rule for framerate, value: 25
2025-06-23 11:02:21,166 - ConfigConverter - INFO - Condition evaluation: eq 25 30 = False
2025-06-23 11:02:21,166 - ConfigConverter - INFO - Source condition evaluation for framerate: False
2025-06-23 11:02:21,166 - ConfigConverter - INFO - Skipping rule for framerate=25 due to source condition not matching
2025-06-23 11:02:21,166 - ConfigConverter - INFO - Processing rule for framerate, value: 25
2025-06-23 11:02:21,166 - ConfigConverter - INFO - Condition evaluation: eq 25  = False
2025-06-23 11:02:21,166 - ConfigConverter - INFO - Source condition evaluation for framerate: False
2025-06-23 11:02:21,166 - ConfigConverter - INFO - Skipping rule for framerate=25 due to source condition not matching
2025-06-23 11:02:21,166 - ConfigConverter - INFO - Found 2 rules for parameter: profile=main
2025-06-23 11:02:21,166 - ConfigConverter - INFO - Processing rule for profile, value: main
2025-06-23 11:02:21,166 - ConfigConverter - INFO - Condition using source_path video_codec, value: libx264
2025-06-23 11:02:21,166 - ConfigConverter - INFO - Condition evaluation: in libx264 ['mpeg4', 'libx264'] = True
2025-06-23 11:02:21,166 - ConfigConverter - INFO - Source condition evaluation for profile: True
2025-06-23 11:02:21,166 - ConfigConverter - INFO - Applying transformation profile_format to main
2025-06-23 11:02:21,166 - ConfigConverter - INFO - Transformed main using profile_format to MAIN
2025-06-23 11:02:21,166 - ConfigConverter - INFO - Mapped parameter: profile=main → Settings.OutputGroups[0].Outputs[0].VideoDescription.CodecSettings.H264Settings.CodecProfile=MAIN
2025-06-23 11:02:21,166 - ConfigConverter - INFO - Processing rule for profile, value: main
2025-06-23 11:02:21,166 - ConfigConverter - INFO - Evaluating AND condition with 2 subconditions
2025-06-23 11:02:21,166 - ConfigConverter - INFO - Condition using source_path video_codec, value: libx264
2025-06-23 11:02:21,167 - ConfigConverter - INFO - Condition evaluation: in libx264 ['mpeg4', 'libx264'] = True
2025-06-23 11:02:21,167 - ConfigConverter - INFO - Condition evaluation: eq main baseline = False
2025-06-23 11:02:21,167 - ConfigConverter - INFO - AND condition result: False
2025-06-23 11:02:21,167 - ConfigConverter - INFO - Source condition evaluation for profile: False
2025-06-23 11:02:21,167 - ConfigConverter - INFO - Skipping rule for profile=main due to source condition not matching
2025-06-23 11:02:21,167 - ConfigConverter - INFO - Skipping already processed parameter: bitrate=4500k
2025-06-23 11:02:21,167 - ConfigConverter - INFO - Found 2 rules for parameter: size=1920x1080
2025-06-23 11:02:21,167 - ConfigConverter - INFO - Processing rule for size, value: 1920x1080
2025-06-23 11:02:21,167 - ConfigConverter - INFO - Regex transformed 1920x1080 to 1920 using pattern (\d+)x([1-9]\d*)
2025-06-23 11:02:21,167 - ConfigConverter - INFO - Mapped parameter: size=1920x1080 → Settings.OutputGroups[0].Outputs[0].VideoDescription.Width=1920
2025-06-23 11:02:21,167 - ConfigConverter - INFO - Regex transformed 1920x1080 to 1080 using pattern (\d+)x([1-9]\d*)
2025-06-23 11:02:21,167 - ConfigConverter - INFO - Mapped parameter: size=1920x1080 → Settings.OutputGroups[0].Outputs[0].VideoDescription.Height=1080
2025-06-23 11:02:21,167 - ConfigConverter - INFO - Processing rule for size, value: 1920x1080
2025-06-23 11:02:21,167 - ConfigConverter - WARNING - Regex pattern (\d+)x0 did not match 1920x1080 for size
2025-06-23 11:02:21,167 - ConfigConverter - WARNING - Regex pattern (\d+)x0 did not match 1920x1080 for size
2025-06-23 11:02:21,167 - ConfigConverter - INFO - Skipping already processed parameter: audio_codec=libfaac
2025-06-23 11:02:21,167 - ConfigConverter - INFO - Skipping already processed parameter: audio_bitrate=128k
2025-06-23 11:02:21,167 - ConfigConverter - INFO - Skipping already processed parameter: audio_sample_rate=48000
2025-06-23 11:02:21,167 - ConfigConverter - INFO - Found 1 rules for parameter: loudnorm=-23.0
2025-06-23 11:02:21,167 - ConfigConverter - INFO - Processing rule for loudnorm, value: -23.0
2025-06-23 11:02:21,167 - ConfigConverter - INFO - Mapped parameter: loudnorm=-23.0 → Settings.OutputGroups[0].Outputs[0].AudioDescriptions[0].AudioNormalizationSettings.TargetLkfs=-23.0
2025-06-23 11:02:21,167 - ConfigConverter - INFO - Skipping already processed parameter: loudnorm_range=11
2025-06-23 11:02:21,167 - ConfigConverter - INFO - Found 1 rules for parameter: loudnorm_peak=-1.5
2025-06-23 11:02:21,167 - ConfigConverter - INFO - Processing rule for loudnorm_peak, value: -1.5
2025-06-23 11:02:21,167 - ConfigConverter - INFO - Mapped parameter: loudnorm_peak=-1.5 → Settings.OutputGroups[0].Outputs[0].AudioDescriptions[0].AudioNormalizationSettings.TruePeakLimiterThreshold=-1.5
2025-06-23 11:02:21,167 - ConfigConverter - INFO - Found 2 rules for parameter: video_codec_parameters.color_range=1
2025-06-23 11:02:21,167 - ConfigConverter - INFO - Processing rule for video_codec_parameters.color_range, value: 1
2025-06-23 11:02:21,167 - ConfigConverter - INFO - Applying transformation color_range_format to 1
2025-06-23 11:02:21,167 - ConfigConverter - INFO - Transformed 1 using color_range_format to FORCE_709
2025-06-23 11:02:21,167 - ConfigConverter - INFO - Mapped parameter: video_codec_parameters.color_range=1 → Settings.OutputGroups[0].Outputs[0].VideoDescription.VideoPreprocessors.ColorCorrector.ColorSpaceConversion=FORCE_709
2025-06-23 11:02:21,167 - ConfigConverter - INFO - Processing rule for video_codec_parameters.color_range, value: 1
2025-06-23 11:02:21,167 - ConfigConverter - INFO - Condition evaluation: eq 1 1 = True
2025-06-23 11:02:21,167 - ConfigConverter - INFO - Source condition evaluation for video_codec_parameters.color_range: True
2025-06-23 11:02:21,167 - ConfigConverter - INFO - Using static value: INSERT
2025-06-23 11:02:21,167 - ConfigConverter - INFO - Mapped parameter: video_codec_parameters.color_range=1 → Settings.OutputGroups[0].Outputs[0].VideoDescription.ColorMetadata=INSERT
2025-06-23 11:02:21,167 - ConfigConverter - INFO - Skipping already processed parameter: video_codec_parameters.transfer_characteristics=1
2025-06-23 11:02:21,167 - ConfigConverter - INFO - Found 1 rules for parameter: video_codec_parameters.color_primaries=1
2025-06-23 11:02:21,168 - ConfigConverter - INFO - Processing rule for video_codec_parameters.color_primaries, value: 1
2025-06-23 11:02:21,168 - ConfigConverter - INFO - Applying transformation color_primaries_format to 1
2025-06-23 11:02:21,168 - ConfigConverter - INFO - Transformed 1 using color_primaries_format to FORCE_709
2025-06-23 11:02:21,168 - ConfigConverter - INFO - Mapped parameter: video_codec_parameters.color_primaries=1 → Settings.OutputGroups[0].Outputs[0].VideoDescription.VideoPreprocessors.ColorCorrector.ColorSpaceConversion=FORCE_709
2025-06-23 11:02:21,168 - ConfigConverter - INFO - Found 1 rules for parameter: video_codec_parameters.matrix_coefficients=1
2025-06-23 11:02:21,168 - ConfigConverter - INFO - Processing rule for video_codec_parameters.matrix_coefficients, value: 1
2025-06-23 11:02:21,168 - ConfigConverter - INFO - Applying transformation matrix_coefficients_format to 1
2025-06-23 11:02:21,168 - ConfigConverter - INFO - Transformed 1 using matrix_coefficients_format to FORCE_709
2025-06-23 11:02:21,168 - ConfigConverter - INFO - Mapped parameter: video_codec_parameters.matrix_coefficients=1 → Settings.OutputGroups[0].Outputs[0].VideoDescription.VideoPreprocessors.ColorCorrector.ColorSpaceConversion=FORCE_709
2025-06-23 11:02:21,168 - ConfigConverter - INFO - Found 2 rules for parameter: video_codec_parameters.level=40
2025-06-23 11:02:21,168 - ConfigConverter - INFO - Processing rule for video_codec_parameters.level, value: 40
2025-06-23 11:02:21,168 - ConfigConverter - INFO - Evaluating AND condition with 2 subconditions
2025-06-23 11:02:21,168 - ConfigConverter - INFO - Condition using source_path video_codec, value: None
2025-06-23 11:02:21,168 - ConfigConverter - INFO - Condition evaluation: exists None None = False
2025-06-23 11:02:21,168 - ConfigConverter - INFO - AND condition result: False
2025-06-23 11:02:21,168 - ConfigConverter - INFO - Source condition evaluation for video_codec_parameters.level: False
2025-06-23 11:02:21,168 - ConfigConverter - INFO - Skipping rule for video_codec_parameters.level=40 due to source condition not matching
2025-06-23 11:02:21,168 - ConfigConverter - INFO - Processing rule for video_codec_parameters.level, value: 40
2025-06-23 11:02:21,168 - ConfigConverter - INFO - Evaluating AND condition with 2 subconditions
2025-06-23 11:02:21,168 - ConfigConverter - INFO - Condition using source_path video_codec, value: None
2025-06-23 11:02:21,168 - ConfigConverter - INFO - Condition evaluation: exists None None = False
2025-06-23 11:02:21,168 - ConfigConverter - INFO - AND condition result: False
2025-06-23 11:02:21,168 - ConfigConverter - INFO - Source condition evaluation for video_codec_parameters.level: False
2025-06-23 11:02:21,168 - ConfigConverter - INFO - Skipping rule for video_codec_parameters.level=40 due to source condition not matching
2025-06-23 11:02:21,168 - ConfigConverter - INFO - Found 4 rules for parameter: destination=http://test_url.s3.amazonaws.com/encoding.com.output/mock_mock_output_rendition_name_11111_1008.mp4?acl=public-read
2025-06-23 11:02:21,168 - ConfigConverter - INFO - Processing rule for destination, value: http://test_url.s3.amazonaws.com/encoding.com.output/mock_mock_output_rendition_name_11111_1008.mp4?acl=public-read
2025-06-23 11:02:21,168 - ConfigConverter - INFO - Condition using source_path output, value: mp4
2025-06-23 11:02:21,168 - ConfigConverter - INFO - Condition evaluation: eq mp4 mp4 = True
2025-06-23 11:02:21,168 - ConfigConverter - INFO - Source condition evaluation for destination: True
2025-06-23 11:02:21,168 - ConfigConverter - INFO - Using static value: S3_OUTPUT_URL
2025-06-23 11:02:21,168 - ConfigConverter - INFO - Mapped parameter: destination=http://test_url.s3.amazonaws.com/encoding.com.output/mock_mock_output_rendition_name_11111_1008.mp4?acl=public-read → Settings.OutputGroups[0].OutputGroupSettings.FileGroupSettings.Destination=S3_OUTPUT_URL
2025-06-23 11:02:21,168 - ConfigConverter - INFO - Processing rule for destination, value: http://test_url.s3.amazonaws.com/encoding.com.output/mock_mock_output_rendition_name_11111_1008.mp4?acl=public-read
2025-06-23 11:02:21,168 - ConfigConverter - INFO - Condition using source_path output, value: mp4
2025-06-23 11:02:21,168 - ConfigConverter - INFO - Condition evaluation: eq mp4 advanced_hls = False
2025-06-23 11:02:21,168 - ConfigConverter - INFO - Source condition evaluation for destination: False
2025-06-23 11:02:21,168 - ConfigConverter - INFO - Skipping rule for destination=http://test_url.s3.amazonaws.com/encoding.com.output/mock_mock_output_rendition_name_11111_1008.mp4?acl=public-read due to source condition not matching
2025-06-23 11:02:21,168 - ConfigConverter - INFO - Processing rule for destination, value: http://test_url.s3.amazonaws.com/encoding.com.output/mock_mock_output_rendition_name_11111_1008.mp4?acl=public-read
2025-06-23 11:02:21,168 - ConfigConverter - INFO - Condition using source_path output, value: mp4
2025-06-23 11:02:21,168 - ConfigConverter - INFO - Condition evaluation: in mp4 ['advanced_dash', 'mpeg_dash'] = False
2025-06-23 11:02:21,169 - ConfigConverter - INFO - Source condition evaluation for destination: False
2025-06-23 11:02:21,169 - ConfigConverter - INFO - Skipping rule for destination=http://test_url.s3.amazonaws.com/encoding.com.output/mock_mock_output_rendition_name_11111_1008.mp4?acl=public-read due to source condition not matching
2025-06-23 11:02:21,169 - ConfigConverter - INFO - Processing rule for destination, value: http://test_url.s3.amazonaws.com/encoding.com.output/mock_mock_output_rendition_name_11111_1008.mp4?acl=public-read
2025-06-23 11:02:21,169 - ConfigConverter - INFO - Condition using source_path output, value: mp4
2025-06-23 11:02:21,169 - ConfigConverter - INFO - Condition evaluation: in mp4 ['fmp4_hls', 'advanced_fmp4'] = False
2025-06-23 11:02:21,169 - ConfigConverter - INFO - Source condition evaluation for destination: False
2025-06-23 11:02:21,169 - ConfigConverter - INFO - Skipping rule for destination=http://test_url.s3.amazonaws.com/encoding.com.output/mock_mock_output_rendition_name_11111_1008.mp4?acl=public-read due to source condition not matching
2025-06-23 11:02:21,169 - ConfigConverter - INFO - Conversion summary for /home/ec2-user/e2mc_assistant/encoding_profiles/pilot1/mp4/1008.xml:
2025-06-23 11:02:21,169 - ConfigConverter - INFO -   - Total parameters: 76
2025-06-23 11:02:21,169 - ConfigConverter - INFO -   - Mapped parameters: 76 (100.0%)
2025-06-23 11:02:21,169 - ConfigConverter - INFO -   - Unmapped parameters: 0 (0.0%)
2025-06-23 11:02:21,169 - ConfigConverter - INFO - Added missing NameModifier: _1920x1080_4500000_mc
2025-06-23 11:02:21,169 - ConfigConverter - INFO - Successfully converted /home/ec2-user/e2mc_assistant/encoding_profiles/pilot1/mp4/1008.xml to /home/ec2-user/e2mc_assistant/tranformed_mc_profiles/pilot1/mp4/1008.json
2025-06-23 11:02:21,170 - ConfigConverter - INFO - Validating /home/ec2-user/e2mc_assistant/tranformed_mc_profiles/pilot1/mp4/1008.json against schema /home/ec2-user/e2mc_assistant/utils/mc_config_validator/mc_setting_schema.json
2025-06-23 11:02:21,170 - ConfigConverter - INFO - Validation successful for /home/ec2-user/e2mc_assistant/tranformed_mc_profiles/pilot1/mp4/1008.json
