2025-05-26 02:01:37,010 - ConfigConverter - INFO - Starting conversion of /home/ec2-user/e2mc_assistant/encoding_profiles/pilot1/mp4/351.xml
2025-05-26 02:01:37,012 - ConfigConverter - INFO - Set RateControlMode to CBR because <cbr>=yes
2025-05-26 02:01:37,012 - ConfigConverter - INFO - Set Bitrate to 12000000 from <bitrate>=12000k
2025-05-26 02:01:37,012 - ConfigConverter - INFO - Ignoring <maxrate>=12000k because <cbr>=yes (CBR mode doesn't use MaxBitrate)
2025-05-26 02:01:37,012 - ConfigConverter - INFO - Parameter cbr processed by custom rate control handler
2025-05-26 02:01:37,012 - ConfigConverter - INFO - Parameter bitrate processed by custom rate control handler
2025-05-26 02:01:37,013 - ConfigConverter - INFO - Parameter maxrate processed by custom rate control handler
2025-05-26 02:01:37,013 - ConfigConverter - INFO - Set AudioDescriptions[0].CodecSettings.Codec to AAC from <audio_codec>=libfaac
2025-05-26 02:01:37,013 - ConfigConverter - INFO - Set AudioDescriptions[0].CodecSettings.AacSettings.Bitrate to default value 96000
2025-05-26 02:01:37,013 - ConfigConverter - INFO - Set AudioDescriptions[0].CodecSettings.AacSettings.SampleRate to default value 48000
2025-05-26 02:01:37,013 - ConfigConverter - INFO - Set AudioDescriptions[0].CodecSettings.AacSettings.CodingMode to CODING_MODE_2_0 (default stereo)
2025-05-26 02:01:37,013 - ConfigConverter - INFO - Set AudioDescriptions[0].CodecSettings.AacSettings.Bitrate to 256000 from <audio_bitrate>=256k
2025-05-26 02:01:37,013 - ConfigConverter - INFO - Set AudioDescriptions[0].CodecSettings.AacSettings.SampleRate to 48000 from <audio_sample_rate>=48000
2025-05-26 02:01:37,013 - ConfigConverter - INFO - Audio parameters processed by custom audio settings handler
2025-05-26 02:01:37,013 - ConfigConverter - INFO - Mapped parameter: VCodecParameters=yes → [DUMMY RULE]
2025-05-26 02:01:37,013 - ConfigConverter - INFO - Mapped parameter: acbr=yes → [DUMMY RULE]
2025-05-26 02:01:37,013 - ConfigConverter - INFO - Mapped parameter: add_audio_only=None → [DUMMY RULE]
2025-05-26 02:01:37,013 - ConfigConverter - INFO - Mapped parameter: clipmode=None → [DUMMY RULE]
2025-05-26 02:01:37,013 - ConfigConverter - INFO - Mapped parameter: closed_captions.cc_extract_before=None → [DUMMY RULE]
2025-05-26 02:01:37,013 - ConfigConverter - INFO - Mapped parameter: closed_captions.direct_copy=None → [DUMMY RULE]
2025-05-26 02:01:37,013 - ConfigConverter - INFO - Mapped parameter: closed_captions.get_from_manifest=None → [DUMMY RULE]
2025-05-26 02:01:37,013 - ConfigConverter - INFO - Mapped parameter: closed_captions.ignore_cc_absence=None → [DUMMY RULE]
2025-05-26 02:01:37,013 - ConfigConverter - INFO - Mapped parameter: closed_captions.role=None → [DUMMY RULE]
2025-05-26 02:01:37,013 - ConfigConverter - INFO - Mapped parameter: closed_captions.vtt_split_segments=None → [DUMMY RULE]
2025-05-26 02:01:37,013 - ConfigConverter - INFO - Mapped parameter: drm=None → [DUMMY RULE]
2025-05-26 02:01:37,013 - ConfigConverter - INFO - Mapped parameter: encoder=None → [DUMMY RULE]
2025-05-26 02:01:37,013 - ConfigConverter - INFO - Mapped parameter: encryption=None → [DUMMY RULE]
2025-05-26 02:01:37,013 - ConfigConverter - INFO - Mapped parameter: hint=None → [DUMMY RULE]
2025-05-26 02:01:37,013 - ConfigConverter - INFO - Mapped parameter: pix_format=None → [DUMMY RULE]
2025-05-26 02:01:37,013 - ConfigConverter - INFO - Mapped parameter: set_video_duration=None → [DUMMY RULE]
2025-05-26 02:01:37,013 - ConfigConverter - INFO - Mapped parameter: strip_chapters=None → [DUMMY RULE]
2025-05-26 02:01:37,013 - ConfigConverter - INFO - Mapped parameter: video_codec_parameters.cmp=None → [DUMMY RULE]
2025-05-26 02:01:37,013 - ConfigConverter - INFO - Mapped parameter: video_codec_parameters.code=None → [DUMMY RULE]
2025-05-26 02:01:37,013 - ConfigConverter - INFO - Mapped parameter: video_codec_parameters.flags=None → [DUMMY RULE]
2025-05-26 02:01:37,013 - ConfigConverter - INFO - Mapped parameter: video_codec_parameters.flags2=None → [DUMMY RULE]
2025-05-26 02:01:37,014 - ConfigConverter - INFO - Mapped parameter: video_codec_parameters.i_qfactor=None → [DUMMY RULE]
2025-05-26 02:01:37,014 - ConfigConverter - INFO - Mapped parameter: video_codec_parameters.mbtree=None → [DUMMY RULE]
2025-05-26 02:01:37,014 - ConfigConverter - INFO - Mapped parameter: video_codec_parameters.me_method=None → [DUMMY RULE]
2025-05-26 02:01:37,014 - ConfigConverter - INFO - Mapped parameter: video_codec_parameters.me_range=None → [DUMMY RULE]
2025-05-26 02:01:37,014 - ConfigConverter - INFO - Mapped parameter: video_codec_parameters.qcomp=None → [DUMMY RULE]
2025-05-26 02:01:37,014 - ConfigConverter - INFO - Mapped parameter: video_codec_parameters.qdiff=None → [DUMMY RULE]
2025-05-26 02:01:37,014 - ConfigConverter - INFO - Mapped parameter: video_codec_parameters.subq=None → [DUMMY RULE]
2025-05-26 02:01:37,014 - ConfigConverter - INFO - Mapped parameter: video_codec_parameters.trellis=None → [DUMMY RULE]
2025-05-26 02:01:37,014 - ConfigConverter - INFO - Mapped parameter: video_codec_parameters.qmax=None → [DUMMY RULE]
2025-05-26 02:01:37,014 - ConfigConverter - INFO - Mapped parameter: video_codec_parameters.qmin=None → [DUMMY RULE]
2025-05-26 02:01:37,014 - ConfigConverter - INFO - Mapped parameter: closed_captions.forced=None → [DUMMY RULE]
2025-05-26 02:01:37,014 - ConfigConverter - INFO - Mapped parameter: file_extension=None → [DUMMY RULE]
2025-05-26 02:01:37,014 - ConfigConverter - INFO - Mapped parameter: rotate=None → [DUMMY RULE]
2025-05-26 02:01:37,014 - ConfigConverter - INFO - Mapped parameter: metadata_copy=None → [DUMMY RULE]
2025-05-26 02:01:37,014 - ConfigConverter - INFO - Mapped parameter: video_codec_parameters.transfer_characteristics=None → [DUMMY RULE]
2025-05-26 02:01:37,014 - ConfigConverter - INFO - Mapped parameter: video_codec_parameters.partitions=None → [DUMMY RULE]
2025-05-26 02:01:37,014 - ConfigConverter - INFO - Mapped parameter: closed_captions.cea_data_field=None → [DUMMY RULE]
2025-05-26 02:01:37,014 - ConfigConverter - INFO - Mapped parameter: loudnorm_range=None → [DUMMY RULE]
2025-05-26 02:01:37,014 - ConfigConverter - INFO - Mapped parameter: video_codec_parameters.level=41 → [DUMMY RULE]
2025-05-26 02:01:37,014 - ConfigConverter - INFO - Mapped parameter: level=None → [DUMMY RULE]
2025-05-26 02:01:37,014 - ConfigConverter - WARNING - Skipping rule for output=mp4 due to source condition not matching
2025-05-26 02:01:37,014 - ConfigConverter - WARNING - Skipping rule for output=mp4 due to source condition not matching
2025-05-26 02:01:37,014 - ConfigConverter - WARNING - Skipping rule for output=mp4 due to source condition not matching
2025-05-26 02:01:37,014 - ConfigConverter - WARNING - Skipping rule for output=mp4 due to source condition not matching
2025-05-26 02:01:37,014 - ConfigConverter - WARNING - Skipping rule for output=mp4 due to source condition not matching
2025-05-26 02:01:37,014 - ConfigConverter - WARNING - Skipping rule for output=mp4 due to source condition not matching
2025-05-26 02:01:37,014 - ConfigConverter - WARNING - Skipping rule for output=mp4 due to source condition not matching
2025-05-26 02:01:37,014 - ConfigConverter - WARNING - Skipping rule for output=mp4 due to source condition not matching
2025-05-26 02:01:37,014 - ConfigConverter - INFO - Mapped parameter: output=mp4 → Settings.OutputGroups[0].OutputGroupSettings.Type=FILE_GROUP_SETTINGS
2025-05-26 02:01:37,014 - ConfigConverter - INFO - Mapped parameter: output=mp4 → Settings.OutputGroups[0].Outputs[0].ContainerSettings.Container=MP4
2025-05-26 02:01:37,014 - ConfigConverter - WARNING - Skipping rule for output=mp4 due to source condition not matching
2025-05-26 02:01:37,014 - ConfigConverter - WARNING - Skipping rule for output=mp4 due to source condition not matching
2025-05-26 02:01:37,014 - ConfigConverter - WARNING - Skipping rule for output=mp4 due to source condition not matching
2025-05-26 02:01:37,014 - ConfigConverter - WARNING - Skipping rule for output=mp4 due to source condition not matching
2025-05-26 02:01:37,014 - ConfigConverter - WARNING - Skipping rule for set_aspect_ratio=16:9 due to source condition not matching
2025-05-26 02:01:37,014 - ConfigConverter - WARNING - Skipping rule for framerate=59.94 due to source condition not matching
2025-05-26 02:01:37,015 - ConfigConverter - WARNING - Skipping rule for framerate=59.94 due to source condition not matching
2025-05-26 02:01:37,015 - ConfigConverter - INFO - Mapped parameter: framerate=59.94 → Settings.OutputGroups[0].Outputs[0].VideoDescription.CodecSettings.H264Settings.FramerateControl=SPECIFIED
2025-05-26 02:01:37,015 - ConfigConverter - INFO - Mapped parameter: framerate=59.94 → Settings.OutputGroups[0].Outputs[0].VideoDescription.CodecSettings.H264Settings.FramerateNumerator=60000
2025-05-26 02:01:37,015 - ConfigConverter - INFO - Mapped parameter: framerate=59.94 → Settings.OutputGroups[0].Outputs[0].VideoDescription.CodecSettings.H264Settings.FramerateDenominator=1001
2025-05-26 02:01:37,015 - ConfigConverter - WARNING - Skipping rule for framerate=59.94 due to source condition not matching
2025-05-26 02:01:37,015 - ConfigConverter - WARNING - Skipping rule for framerate=59.94 due to source condition not matching
2025-05-26 02:01:37,015 - ConfigConverter - WARNING - Skipping rule for framerate=59.94 due to source condition not matching
2025-05-26 02:01:37,015 - ConfigConverter - INFO - Mapped parameter: size=1280x720 → Settings.OutputGroups[0].Outputs[0].VideoDescription.Width=1280
2025-05-26 02:01:37,015 - ConfigConverter - INFO - Mapped parameter: size=1280x720 → Settings.OutputGroups[0].Outputs[0].VideoDescription.Height=720
2025-05-26 02:01:37,015 - ConfigConverter - WARNING - Regex pattern (\d+)x0 did not match 1280x720 for size
2025-05-26 02:01:37,015 - ConfigConverter - WARNING - Regex pattern (\d+)x0 did not match 1280x720 for size
2025-05-26 02:01:37,015 - ConfigConverter - INFO - Mapped parameter: deinterlacing=yes → Settings.OutputGroups[0].Outputs[0].VideoDescription.VideoPreprocessors.Deinterlacer={}
2025-05-26 02:01:37,015 - ConfigConverter - INFO - Mapped parameter: video_codec=libx264 → Settings.OutputGroups[0].Outputs[0].VideoDescription.CodecSettings.Codec=H_264
2025-05-26 02:01:37,015 - ConfigConverter - INFO - Mapped parameter: video_codec_parameters.profile=high → Settings.OutputGroups[0].Outputs[0].VideoDescription.CodecSettings.H264Settings.CodecProfile=HIGH
2025-05-26 02:01:37,015 - ConfigConverter - INFO - Mapped parameter: video_codec_parameters.refs=3 → Settings.OutputGroups[0].Outputs[0].VideoDescription.CodecSettings.H264Settings.NumberReferenceFrames=3
2025-05-26 02:01:37,015 - ConfigConverter - INFO - Mapped parameter: video_codec_parameters.refs=3 → Settings.OutputGroups[0].Outputs[0].VideoDescription.CodecSettings.H264Settings.NumberReferenceFrames=3
2025-05-26 02:01:37,015 - ConfigConverter - INFO - Mapped parameter: video_codec_parameters.keyframes=90 → Settings.OutputGroups[0].Outputs[0].VideoDescription.CodecSettings.H264Settings.GopClosedCadence=90
2025-05-26 02:01:37,015 - ConfigConverter - INFO - Mapped parameter: audio_channels_number=1 → Settings.OutputGroups[0].Outputs[0].AudioDescriptions[0].CodecSettings.AacSettings.CodingMode=CODING_MODE_1_0
2025-05-26 02:01:37,015 - ConfigConverter - WARNING - Skipping rule for audio_channels_number=1 due to source condition not matching
2025-05-26 02:01:37,015 - ConfigConverter - INFO - Mapped parameter: destination=http://test_url.s3.amazonaws.com/encoding.com.output/mock_mock_output_rendition_name_11111_351.mp4?acl=public-read → Settings.OutputGroups[0].OutputGroupSettings.FileGroupSettings.Destination=S3_OUTPUT_URL
2025-05-26 02:01:37,015 - ConfigConverter - INFO - Conversion summary for /home/ec2-user/e2mc_assistant/encoding_profiles/pilot1/mp4/351.xml:
2025-05-26 02:01:37,015 - ConfigConverter - INFO -   - Total parameters: 56
2025-05-26 02:01:37,015 - ConfigConverter - INFO -   - Mapped parameters: 56 (100.0%)
2025-05-26 02:01:37,015 - ConfigConverter - INFO -   - Unmapped parameters: 0 (0.0%)
2025-05-26 02:01:37,015 - ConfigConverter - INFO - Added missing NameModifier: _1280x720_12000000_mc
2025-05-26 02:01:37,016 - ConfigConverter - INFO - Successfully converted /home/ec2-user/e2mc_assistant/encoding_profiles/pilot1/mp4/351.xml to /home/ec2-user/e2mc_assistant/tranformed_mc_profiles/pilot1/mp4/351.json
2025-05-26 02:01:37,018 - ConfigConverter - INFO - Validating /home/ec2-user/e2mc_assistant/tranformed_mc_profiles/pilot1/mp4/351.json against schema /home/ec2-user/e2mc_assistant/utils/mc_config_validator/mc_setting_schema.json
2025-05-26 02:01:37,018 - ConfigConverter - INFO - Validation successful for /home/ec2-user/e2mc_assistant/tranformed_mc_profiles/pilot1/mp4/351.json
2025-05-29 08:52:02,800 - ConfigConverter - INFO - Starting conversion of /home/ec2-user/e2mc_assistant/encoding_profiles/pilot1/mp4/351.xml
2025-05-29 08:52:02,802 - ConfigConverter - INFO - Set RateControlMode to CBR because <cbr>=yes
2025-05-29 08:52:02,802 - ConfigConverter - INFO - Set Bitrate to 12000000 from <bitrate>=12000k
2025-05-29 08:52:02,803 - ConfigConverter - INFO - Ignoring <maxrate>=12000k because <cbr>=yes (CBR mode doesn't use MaxBitrate)
2025-05-29 08:52:02,803 - ConfigConverter - INFO - Parameter cbr processed by custom rate control handler
2025-05-29 08:52:02,803 - ConfigConverter - INFO - Parameter bitrate processed by custom rate control handler
2025-05-29 08:52:02,803 - ConfigConverter - INFO - Parameter maxrate processed by custom rate control handler
2025-05-29 08:52:02,803 - ConfigConverter - INFO - Set AudioDescriptions[0].CodecSettings.Codec to AAC from <audio_codec>=libfaac
2025-05-29 08:52:02,803 - ConfigConverter - INFO - Set AudioDescriptions[0].CodecSettings.AacSettings.Bitrate to default value 96000
2025-05-29 08:52:02,803 - ConfigConverter - INFO - Set AudioDescriptions[0].CodecSettings.AacSettings.SampleRate to default value 48000
2025-05-29 08:52:02,803 - ConfigConverter - INFO - Set AudioDescriptions[0].CodecSettings.AacSettings.CodingMode to CODING_MODE_2_0 (default stereo)
2025-05-29 08:52:02,803 - ConfigConverter - INFO - Set AudioDescriptions[0].CodecSettings.AacSettings.Bitrate to 256000 from <audio_bitrate>=256k
2025-05-29 08:52:02,803 - ConfigConverter - INFO - Set AudioDescriptions[0].CodecSettings.AacSettings.SampleRate to 48000 from <audio_sample_rate>=48000
2025-05-29 08:52:02,803 - ConfigConverter - INFO - Audio parameters processed by custom audio settings handler
2025-05-29 08:52:02,803 - ConfigConverter - INFO - Mapped parameter: VCodecParameters=yes → [DUMMY RULE]
2025-05-29 08:52:02,803 - ConfigConverter - INFO - Mapped parameter: acbr=yes → [DUMMY RULE]
2025-05-29 08:52:02,803 - ConfigConverter - INFO - Mapped parameter: add_audio_only=None → [DUMMY RULE]
2025-05-29 08:52:02,803 - ConfigConverter - INFO - Mapped parameter: clipmode=None → [DUMMY RULE]
2025-05-29 08:52:02,803 - ConfigConverter - INFO - Mapped parameter: closed_captions.cc_extract_before=None → [DUMMY RULE]
2025-05-29 08:52:02,803 - ConfigConverter - INFO - Mapped parameter: closed_captions.direct_copy=None → [DUMMY RULE]
2025-05-29 08:52:02,803 - ConfigConverter - INFO - Mapped parameter: closed_captions.get_from_manifest=None → [DUMMY RULE]
2025-05-29 08:52:02,803 - ConfigConverter - INFO - Mapped parameter: closed_captions.ignore_cc_absence=None → [DUMMY RULE]
2025-05-29 08:52:02,803 - ConfigConverter - INFO - Mapped parameter: closed_captions.role=None → [DUMMY RULE]
2025-05-29 08:52:02,803 - ConfigConverter - INFO - Mapped parameter: closed_captions.vtt_split_segments=None → [DUMMY RULE]
2025-05-29 08:52:02,803 - ConfigConverter - INFO - Mapped parameter: drm=None → [DUMMY RULE]
2025-05-29 08:52:02,803 - ConfigConverter - INFO - Mapped parameter: encoder=None → [DUMMY RULE]
2025-05-29 08:52:02,803 - ConfigConverter - INFO - Mapped parameter: encryption=None → [DUMMY RULE]
2025-05-29 08:52:02,803 - ConfigConverter - INFO - Mapped parameter: hint=None → [DUMMY RULE]
2025-05-29 08:52:02,803 - ConfigConverter - INFO - Mapped parameter: pix_format=None → [DUMMY RULE]
2025-05-29 08:52:02,803 - ConfigConverter - INFO - Mapped parameter: set_video_duration=None → [DUMMY RULE]
2025-05-29 08:52:02,803 - ConfigConverter - INFO - Mapped parameter: strip_chapters=None → [DUMMY RULE]
2025-05-29 08:52:02,803 - ConfigConverter - INFO - Mapped parameter: video_codec_parameters.cmp=None → [DUMMY RULE]
2025-05-29 08:52:02,804 - ConfigConverter - INFO - Mapped parameter: video_codec_parameters.code=None → [DUMMY RULE]
2025-05-29 08:52:02,804 - ConfigConverter - INFO - Mapped parameter: video_codec_parameters.flags=None → [DUMMY RULE]
2025-05-29 08:52:02,804 - ConfigConverter - INFO - Mapped parameter: video_codec_parameters.flags2=None → [DUMMY RULE]
2025-05-29 08:52:02,804 - ConfigConverter - INFO - Mapped parameter: video_codec_parameters.i_qfactor=None → [DUMMY RULE]
2025-05-29 08:52:02,804 - ConfigConverter - INFO - Mapped parameter: video_codec_parameters.mbtree=None → [DUMMY RULE]
2025-05-29 08:52:02,804 - ConfigConverter - INFO - Mapped parameter: video_codec_parameters.me_method=None → [DUMMY RULE]
2025-05-29 08:52:02,804 - ConfigConverter - INFO - Mapped parameter: video_codec_parameters.me_range=None → [DUMMY RULE]
2025-05-29 08:52:02,804 - ConfigConverter - INFO - Mapped parameter: video_codec_parameters.qcomp=None → [DUMMY RULE]
2025-05-29 08:52:02,804 - ConfigConverter - INFO - Mapped parameter: video_codec_parameters.qdiff=None → [DUMMY RULE]
2025-05-29 08:52:02,804 - ConfigConverter - INFO - Mapped parameter: video_codec_parameters.subq=None → [DUMMY RULE]
2025-05-29 08:52:02,804 - ConfigConverter - INFO - Mapped parameter: video_codec_parameters.trellis=None → [DUMMY RULE]
2025-05-29 08:52:02,804 - ConfigConverter - INFO - Mapped parameter: video_codec_parameters.qmax=None → [DUMMY RULE]
2025-05-29 08:52:02,804 - ConfigConverter - INFO - Mapped parameter: video_codec_parameters.qmin=None → [DUMMY RULE]
2025-05-29 08:52:02,804 - ConfigConverter - INFO - Mapped parameter: closed_captions.forced=None → [DUMMY RULE]
2025-05-29 08:52:02,804 - ConfigConverter - INFO - Mapped parameter: file_extension=None → [DUMMY RULE]
2025-05-29 08:52:02,804 - ConfigConverter - INFO - Mapped parameter: rotate=None → [DUMMY RULE]
2025-05-29 08:52:02,804 - ConfigConverter - INFO - Mapped parameter: metadata_copy=None → [DUMMY RULE]
2025-05-29 08:52:02,804 - ConfigConverter - INFO - Mapped parameter: video_codec_parameters.transfer_characteristics=None → [DUMMY RULE]
2025-05-29 08:52:02,804 - ConfigConverter - INFO - Mapped parameter: video_codec_parameters.partitions=None → [DUMMY RULE]
2025-05-29 08:52:02,804 - ConfigConverter - INFO - Mapped parameter: closed_captions.cea_data_field=None → [DUMMY RULE]
2025-05-29 08:52:02,804 - ConfigConverter - INFO - Mapped parameter: loudnorm_range=None → [DUMMY RULE]
2025-05-29 08:52:02,804 - ConfigConverter - WARNING - Skipping rule for output=mp4 due to source condition not matching
2025-05-29 08:52:02,804 - ConfigConverter - WARNING - Skipping rule for output=mp4 due to source condition not matching
2025-05-29 08:52:02,804 - ConfigConverter - WARNING - Skipping rule for output=mp4 due to source condition not matching
2025-05-29 08:52:02,804 - ConfigConverter - WARNING - Skipping rule for output=mp4 due to source condition not matching
2025-05-29 08:52:02,804 - ConfigConverter - WARNING - Skipping rule for output=mp4 due to source condition not matching
2025-05-29 08:52:02,804 - ConfigConverter - WARNING - Skipping rule for output=mp4 due to source condition not matching
2025-05-29 08:52:02,804 - ConfigConverter - WARNING - Skipping rule for output=mp4 due to source condition not matching
2025-05-29 08:52:02,804 - ConfigConverter - WARNING - Skipping rule for output=mp4 due to source condition not matching
2025-05-29 08:52:02,804 - ConfigConverter - INFO - Mapped parameter: output=mp4 → Settings.OutputGroups[0].OutputGroupSettings.Type=FILE_GROUP_SETTINGS
2025-05-29 08:52:02,804 - ConfigConverter - INFO - Mapped parameter: output=mp4 → Settings.OutputGroups[0].Outputs[0].ContainerSettings.Container=MP4
2025-05-29 08:52:02,804 - ConfigConverter - WARNING - Skipping rule for output=mp4 due to source condition not matching
2025-05-29 08:52:02,804 - ConfigConverter - WARNING - Skipping rule for output=mp4 due to source condition not matching
2025-05-29 08:52:02,804 - ConfigConverter - WARNING - Skipping rule for output=mp4 due to source condition not matching
2025-05-29 08:52:02,804 - ConfigConverter - WARNING - Skipping rule for output=mp4 due to source condition not matching
2025-05-29 08:52:02,804 - ConfigConverter - WARNING - Skipping rule for set_aspect_ratio=16:9 due to source condition not matching
2025-05-29 08:52:02,804 - ConfigConverter - WARNING - Skipping rule for framerate=59.94 due to source condition not matching
2025-05-29 08:52:02,805 - ConfigConverter - WARNING - Skipping rule for framerate=59.94 due to source condition not matching
2025-05-29 08:52:02,805 - ConfigConverter - INFO - Mapped parameter: framerate=59.94 → Settings.OutputGroups[0].Outputs[0].VideoDescription.CodecSettings.H264Settings.FramerateControl=SPECIFIED
2025-05-29 08:52:02,805 - ConfigConverter - INFO - Mapped parameter: framerate=59.94 → Settings.OutputGroups[0].Outputs[0].VideoDescription.CodecSettings.H264Settings.FramerateNumerator=60000
2025-05-29 08:52:02,805 - ConfigConverter - INFO - Mapped parameter: framerate=59.94 → Settings.OutputGroups[0].Outputs[0].VideoDescription.CodecSettings.H264Settings.FramerateDenominator=1001
2025-05-29 08:52:02,805 - ConfigConverter - WARNING - Skipping rule for framerate=59.94 due to source condition not matching
2025-05-29 08:52:02,805 - ConfigConverter - WARNING - Skipping rule for framerate=59.94 due to source condition not matching
2025-05-29 08:52:02,805 - ConfigConverter - WARNING - Skipping rule for framerate=59.94 due to source condition not matching
2025-05-29 08:52:02,805 - ConfigConverter - INFO - Mapped parameter: size=1280x720 → Settings.OutputGroups[0].Outputs[0].VideoDescription.Width=1280
2025-05-29 08:52:02,805 - ConfigConverter - INFO - Mapped parameter: size=1280x720 → Settings.OutputGroups[0].Outputs[0].VideoDescription.Height=720
2025-05-29 08:52:02,805 - ConfigConverter - WARNING - Regex pattern (\d+)x0 did not match 1280x720 for size
2025-05-29 08:52:02,805 - ConfigConverter - WARNING - Regex pattern (\d+)x0 did not match 1280x720 for size
2025-05-29 08:52:02,805 - ConfigConverter - INFO - Mapped parameter: deinterlacing=yes → Settings.OutputGroups[0].Outputs[0].VideoDescription.VideoPreprocessors.Deinterlacer={}
2025-05-29 08:52:02,805 - ConfigConverter - INFO - Mapped parameter: video_codec=libx264 → Settings.OutputGroups[0].Outputs[0].VideoDescription.CodecSettings.Codec=H_264
2025-05-29 08:52:02,805 - ConfigConverter - INFO - Mapped parameter: video_codec_parameters.profile=high → Settings.OutputGroups[0].Outputs[0].VideoDescription.CodecSettings.H264Settings.CodecProfile=HIGH
2025-05-29 08:52:02,805 - ConfigConverter - INFO - Mapped parameter: video_codec_parameters.level=41 → Settings.OutputGroups[0].Outputs[0].VideoDescription.CodecSettings.H264Settings.CodecLevel=LEVEL_4_1
2025-05-29 08:52:02,805 - ConfigConverter - INFO - Mapped parameter: video_codec_parameters.refs=3 → Settings.OutputGroups[0].Outputs[0].VideoDescription.CodecSettings.H264Settings.NumberReferenceFrames=3
2025-05-29 08:52:02,805 - ConfigConverter - INFO - Mapped parameter: video_codec_parameters.refs=3 → Settings.OutputGroups[0].Outputs[0].VideoDescription.CodecSettings.H264Settings.NumberReferenceFrames=3
2025-05-29 08:52:02,805 - ConfigConverter - INFO - Mapped parameter: video_codec_parameters.keyframes=90 → Settings.OutputGroups[0].Outputs[0].VideoDescription.CodecSettings.H264Settings.GopClosedCadence=90
2025-05-29 08:52:02,805 - ConfigConverter - INFO - Mapped parameter: audio_channels_number=1 → Settings.OutputGroups[0].Outputs[0].AudioDescriptions[0].CodecSettings.AacSettings.CodingMode=CODING_MODE_1_0
2025-05-29 08:52:02,805 - ConfigConverter - WARNING - Skipping rule for audio_channels_number=1 due to source condition not matching
2025-05-29 08:52:02,805 - ConfigConverter - INFO - Mapped parameter: destination=http://test_url.s3.amazonaws.com/encoding.com.output/mock_mock_output_rendition_name_11111_351.mp4?acl=public-read → Settings.OutputGroups[0].OutputGroupSettings.FileGroupSettings.Destination=S3_OUTPUT_URL
2025-05-29 08:52:02,805 - ConfigConverter - INFO - Conversion summary for /home/ec2-user/e2mc_assistant/encoding_profiles/pilot1/mp4/351.xml:
2025-05-29 08:52:02,805 - ConfigConverter - INFO -   - Total parameters: 55
2025-05-29 08:52:02,805 - ConfigConverter - INFO -   - Mapped parameters: 55 (100.0%)
2025-05-29 08:52:02,805 - ConfigConverter - INFO -   - Unmapped parameters: 0 (0.0%)
2025-05-29 08:52:02,805 - ConfigConverter - INFO - Added missing NameModifier: _1280x720_12000000_mc
2025-05-29 08:52:02,806 - ConfigConverter - INFO - Successfully converted /home/ec2-user/e2mc_assistant/encoding_profiles/pilot1/mp4/351.xml to /home/ec2-user/e2mc_assistant/tranformed_mc_profiles/pilot1/mp4/351.json
2025-05-29 08:52:02,808 - ConfigConverter - INFO - Validating /home/ec2-user/e2mc_assistant/tranformed_mc_profiles/pilot1/mp4/351.json against schema /home/ec2-user/e2mc_assistant/utils/mc_config_validator/mc_setting_schema.json
2025-05-29 08:52:02,808 - ConfigConverter - INFO - Validation successful for /home/ec2-user/e2mc_assistant/tranformed_mc_profiles/pilot1/mp4/351.json
2025-06-23 11:02:20,416 - ConfigConverter - INFO - Starting conversion of /home/ec2-user/e2mc_assistant/encoding_profiles/pilot1/mp4/351.xml
2025-06-23 11:02:20,418 - ConfigConverter - INFO - Set container to MP4 based on output format: mp4
2025-06-23 11:02:20,418 - ConfigConverter - INFO - Added Mp4Settings to container settings
2025-06-23 11:02:20,418 - ConfigConverter - INFO - Using H264Settings for video_codec=libx264
2025-06-23 11:02:20,418 - ConfigConverter - INFO - Set RateControlMode to CBR because <cbr>=yes
2025-06-23 11:02:20,418 - ConfigConverter - INFO - Set Bitrate to 12000000 from <bitrate>=12000k
2025-06-23 11:02:20,418 - ConfigConverter - INFO - Ignoring <maxrate>=12000k because <cbr>=yes (CBR mode doesn't use MaxBitrate)
2025-06-23 11:02:20,418 - ConfigConverter - INFO - Parameter cbr processed by custom rate control handler
2025-06-23 11:02:20,418 - ConfigConverter - INFO - Parameter bitrate processed by custom rate control handler
2025-06-23 11:02:20,418 - ConfigConverter - INFO - Parameter maxrate processed by custom rate control handler
2025-06-23 11:02:20,418 - ConfigConverter - INFO - Set AudioDescriptions[0].CodecSettings.Codec to AAC from <audio_codec>=libfaac
2025-06-23 11:02:20,418 - ConfigConverter - INFO - Set AudioDescriptions[0].CodecSettings.AacSettings.Bitrate to default value 96000
2025-06-23 11:02:20,418 - ConfigConverter - INFO - Set AudioDescriptions[0].CodecSettings.AacSettings.SampleRate to default value 48000
2025-06-23 11:02:20,418 - ConfigConverter - INFO - Set AudioDescriptions[0].CodecSettings.AacSettings.CodingMode to CODING_MODE_2_0 (default stereo)
2025-06-23 11:02:20,418 - ConfigConverter - INFO - Set AudioDescriptions[0].CodecSettings.AacSettings.Bitrate to 256000 from <audio_bitrate>=256k
2025-06-23 11:02:20,419 - ConfigConverter - INFO - Set AudioDescriptions[0].CodecSettings.AacSettings.SampleRate to 48000 from <audio_sample_rate>=48000
2025-06-23 11:02:20,419 - ConfigConverter - INFO - Audio parameters processed by custom audio settings handler
2025-06-23 11:02:20,419 - ConfigConverter - INFO - Mapped parameter: VCodecParameters=yes → [DUMMY RULE]
2025-06-23 11:02:20,419 - ConfigConverter - INFO - Mapped parameter: acbr=yes → [DUMMY RULE]
2025-06-23 11:02:20,419 - ConfigConverter - INFO - Mapped parameter: add_audio_only=None → [DUMMY RULE]
2025-06-23 11:02:20,419 - ConfigConverter - INFO - Mapped parameter: clipmode=None → [DUMMY RULE]
2025-06-23 11:02:20,419 - ConfigConverter - INFO - Mapped parameter: closed_captions.cc_extract_before=None → [DUMMY RULE]
2025-06-23 11:02:20,419 - ConfigConverter - INFO - Mapped parameter: closed_captions.direct_copy=None → [DUMMY RULE]
2025-06-23 11:02:20,419 - ConfigConverter - INFO - Mapped parameter: closed_captions.get_from_manifest=None → [DUMMY RULE]
2025-06-23 11:02:20,419 - ConfigConverter - INFO - Mapped parameter: closed_captions.ignore_cc_absence=None → [DUMMY RULE]
2025-06-23 11:02:20,419 - ConfigConverter - INFO - Mapped parameter: closed_captions.role=None → [DUMMY RULE]
2025-06-23 11:02:20,419 - ConfigConverter - INFO - Mapped parameter: closed_captions.vtt_split_segments=None → [DUMMY RULE]
2025-06-23 11:02:20,419 - ConfigConverter - INFO - Mapped parameter: drm=None → [DUMMY RULE]
2025-06-23 11:02:20,419 - ConfigConverter - INFO - Mapped parameter: encoder=None → [DUMMY RULE]
2025-06-23 11:02:20,419 - ConfigConverter - INFO - Mapped parameter: encryption=None → [DUMMY RULE]
2025-06-23 11:02:20,419 - ConfigConverter - INFO - Mapped parameter: hint=None → [DUMMY RULE]
2025-06-23 11:02:20,419 - ConfigConverter - INFO - Mapped parameter: pix_format=None → [DUMMY RULE]
2025-06-23 11:02:20,419 - ConfigConverter - INFO - Mapped parameter: set_video_duration=None → [DUMMY RULE]
2025-06-23 11:02:20,419 - ConfigConverter - INFO - Mapped parameter: strip_chapters=None → [DUMMY RULE]
2025-06-23 11:02:20,419 - ConfigConverter - INFO - Mapped parameter: video_codec_parameters.cmp=None → [DUMMY RULE]
2025-06-23 11:02:20,419 - ConfigConverter - INFO - Mapped parameter: video_codec_parameters.code=None → [DUMMY RULE]
2025-06-23 11:02:20,419 - ConfigConverter - INFO - Mapped parameter: video_codec_parameters.flags=None → [DUMMY RULE]
2025-06-23 11:02:20,419 - ConfigConverter - INFO - Mapped parameter: video_codec_parameters.flags2=None → [DUMMY RULE]
2025-06-23 11:02:20,419 - ConfigConverter - INFO - Mapped parameter: video_codec_parameters.i_qfactor=None → [DUMMY RULE]
2025-06-23 11:02:20,419 - ConfigConverter - INFO - Mapped parameter: video_codec_parameters.mbtree=None → [DUMMY RULE]
2025-06-23 11:02:20,419 - ConfigConverter - INFO - Mapped parameter: video_codec_parameters.me_method=None → [DUMMY RULE]
2025-06-23 11:02:20,419 - ConfigConverter - INFO - Mapped parameter: video_codec_parameters.me_range=None → [DUMMY RULE]
2025-06-23 11:02:20,419 - ConfigConverter - INFO - Mapped parameter: video_codec_parameters.qcomp=None → [DUMMY RULE]
2025-06-23 11:02:20,419 - ConfigConverter - INFO - Mapped parameter: video_codec_parameters.qdiff=None → [DUMMY RULE]
2025-06-23 11:02:20,419 - ConfigConverter - INFO - Mapped parameter: video_codec_parameters.subq=None → [DUMMY RULE]
2025-06-23 11:02:20,419 - ConfigConverter - INFO - Mapped parameter: video_codec_parameters.trellis=None → [DUMMY RULE]
2025-06-23 11:02:20,419 - ConfigConverter - INFO - Mapped parameter: video_codec_parameters.qmax=None → [DUMMY RULE]
2025-06-23 11:02:20,419 - ConfigConverter - INFO - Mapped parameter: video_codec_parameters.qmin=None → [DUMMY RULE]
2025-06-23 11:02:20,420 - ConfigConverter - INFO - Mapped parameter: closed_captions.forced=None → [DUMMY RULE]
2025-06-23 11:02:20,420 - ConfigConverter - INFO - Mapped parameter: file_extension=None → [DUMMY RULE]
2025-06-23 11:02:20,420 - ConfigConverter - INFO - Mapped parameter: rotate=None → [DUMMY RULE]
2025-06-23 11:02:20,420 - ConfigConverter - INFO - Mapped parameter: main_source.type=None → [DUMMY RULE]
2025-06-23 11:02:20,420 - ConfigConverter - INFO - Mapped parameter: playlist_version=None → [DUMMY RULE]
2025-06-23 11:02:20,420 - ConfigConverter - INFO - Mapped parameter: video_only=None → [DUMMY RULE]
2025-06-23 11:02:20,420 - ConfigConverter - INFO - Mapped parameter: closed_captions.cea_data_field=None → [DUMMY RULE]
2025-06-23 11:02:20,420 - ConfigConverter - INFO - Mapped parameter: loudnorm_range=None → [DUMMY RULE]
2025-06-23 11:02:20,420 - ConfigConverter - INFO - Mapped parameter: pack_files=None → [DUMMY RULE]
2025-06-23 11:02:20,420 - ConfigConverter - INFO - Mapped parameter: pack_type=None → [DUMMY RULE]
2025-06-23 11:02:20,420 - ConfigConverter - INFO - Mapped parameter: pack_each_stream=None → [DUMMY RULE]
2025-06-23 11:02:20,420 - ConfigConverter - INFO - Mapped parameter: cmaf_conformant=None → [DUMMY RULE]
2025-06-23 11:02:20,420 - ConfigConverter - INFO - Mapped parameter: manifest.basename=None → [DUMMY RULE]
2025-06-23 11:02:20,420 - ConfigConverter - INFO - Mapped parameter: use_manifest=None → [DUMMY RULE]
2025-06-23 11:02:20,420 - ConfigConverter - INFO - Mapped parameter: use_main_source=None → [DUMMY RULE]
2025-06-23 11:02:20,420 - ConfigConverter - INFO - Mapped parameter: use_alternate_source=None → [DUMMY RULE]
2025-06-23 11:02:20,420 - ConfigConverter - INFO - Mapped parameter: AdditionalCfDestination=None → [DUMMY RULE]
2025-06-23 11:02:20,420 - ConfigConverter - INFO - Mapped parameter: framerate_upper_threshold=None → [DUMMY RULE]
2025-06-23 11:02:20,420 - ConfigConverter - INFO - Mapped parameter: segmenter=None → [DUMMY RULE]
2025-06-23 11:02:20,420 - ConfigConverter - INFO - Mapped parameter: copy_nielsen_metadata=None → [DUMMY RULE]
2025-06-23 11:02:20,420 - ConfigConverter - INFO - Mapped parameter: metadata.copy=None → [DUMMY RULE]
2025-06-23 11:02:20,420 - ConfigConverter - INFO - Mapped parameter: refs=None → [DUMMY RULE]
2025-06-23 11:02:20,420 - ConfigConverter - INFO - Mapped parameter: reduce_structural_overhead=None → [DUMMY RULE]
2025-06-23 11:02:20,420 - ConfigConverter - INFO - Mapped parameter: video_codec_parameters.nal-hrd=None → [DUMMY RULE]
2025-06-23 11:02:20,420 - ConfigConverter - INFO - Mapped parameter: nal-hrd=None → [DUMMY RULE]
2025-06-23 11:02:20,420 - ConfigConverter - INFO - Mapped parameter: timescale=None → [DUMMY RULE]
2025-06-23 11:02:20,420 - ConfigConverter - INFO - Mapped parameter: video_codec_parameters.transfer_characteristics=None → [DUMMY RULE]
2025-06-23 11:02:20,420 - ConfigConverter - INFO - Mapped parameter: audio_volume=None → [DUMMY RULE]
2025-06-23 11:02:20,420 - ConfigConverter - INFO - Mapped parameter: video_codec_parameters.sc_threshold=None → [DUMMY RULE]
2025-06-23 11:02:20,420 - ConfigConverter - INFO - Mapped parameter: metadata_copy=None → [DUMMY RULE]
2025-06-23 11:02:20,420 - ConfigConverter - INFO - Mapped parameter: video_codec_parameters.partitions=None → [DUMMY RULE]
2025-06-23 11:02:20,420 - ConfigConverter - INFO - Skipping already processed parameter: output=mp4
2025-06-23 11:02:20,420 - ConfigConverter - INFO - Skipping already processed parameter: bitrate=12000k
2025-06-23 11:02:20,420 - ConfigConverter - INFO - Skipping already processed parameter: maxrate=12000k
2025-06-23 11:02:20,420 - ConfigConverter - INFO - Found 1 rules for parameter: set_aspect_ratio=16:9
2025-06-23 11:02:20,421 - ConfigConverter - INFO - Processing rule for set_aspect_ratio, value: 16:9
2025-06-23 11:02:20,421 - ConfigConverter - INFO - Condition using source_path video_codec, value: libx264
2025-06-23 11:02:20,421 - ConfigConverter - INFO - Condition evaluation: in libx264 ['mpeg4', 'libx264'] = True
2025-06-23 11:02:20,421 - ConfigConverter - INFO - Source condition evaluation for set_aspect_ratio: True
2025-06-23 11:02:20,421 - ConfigConverter - INFO - Applying transformation process_set_aspect_ratio to 16:9
2025-06-23 11:02:20,421 - ConfigConverter - INFO - Calculated PAR 1:1 from DAR 16:9 and dimensions 1280x720
2025-06-23 11:02:20,421 - ConfigConverter - INFO - Transformed 16:9 using process_set_aspect_ratio to {'ParControl': 'SPECIFIED', 'ParNumerator': 1, 'ParDenominator': 1}
2025-06-23 11:02:20,421 - ConfigConverter - INFO - Mapped parameter: set_aspect_ratio=16:9 → Settings.OutputGroups[0].Outputs[0].VideoDescription.CodecSettings.H264Settings={'ParControl': 'SPECIFIED', 'ParNumerator': 1, 'ParDenominator': 1}
2025-06-23 11:02:20,421 - ConfigConverter - INFO - Found 6 rules for parameter: framerate=59.94
2025-06-23 11:02:20,421 - ConfigConverter - INFO - Processing rule for framerate, value: 59.94
2025-06-23 11:02:20,421 - ConfigConverter - INFO - Condition evaluation: eq 59.94 24000/1001 = False
2025-06-23 11:02:20,421 - ConfigConverter - INFO - Source condition evaluation for framerate: False
2025-06-23 11:02:20,421 - ConfigConverter - INFO - Skipping rule for framerate=59.94 due to source condition not matching
2025-06-23 11:02:20,421 - ConfigConverter - INFO - Processing rule for framerate, value: 59.94
2025-06-23 11:02:20,421 - ConfigConverter - INFO - Condition evaluation: eq 59.94 29.97 = False
2025-06-23 11:02:20,421 - ConfigConverter - INFO - Source condition evaluation for framerate: False
2025-06-23 11:02:20,421 - ConfigConverter - INFO - Skipping rule for framerate=59.94 due to source condition not matching
2025-06-23 11:02:20,421 - ConfigConverter - INFO - Processing rule for framerate, value: 59.94
2025-06-23 11:02:20,421 - ConfigConverter - INFO - Condition evaluation: eq 59.94 59.94 = True
2025-06-23 11:02:20,421 - ConfigConverter - INFO - Source condition evaluation for framerate: True
2025-06-23 11:02:20,421 - ConfigConverter - INFO - Using static value: SPECIFIED
2025-06-23 11:02:20,421 - ConfigConverter - INFO - Mapped parameter: framerate=59.94 → Settings.OutputGroups[0].Outputs[0].VideoDescription.CodecSettings.H264Settings.FramerateControl=SPECIFIED
2025-06-23 11:02:20,421 - ConfigConverter - INFO - Using static value: 60000
2025-06-23 11:02:20,421 - ConfigConverter - INFO - Mapped parameter: framerate=59.94 → Settings.OutputGroups[0].Outputs[0].VideoDescription.CodecSettings.H264Settings.FramerateNumerator=60000
2025-06-23 11:02:20,421 - ConfigConverter - INFO - Using static value: 1001
2025-06-23 11:02:20,421 - ConfigConverter - INFO - Mapped parameter: framerate=59.94 → Settings.OutputGroups[0].Outputs[0].VideoDescription.CodecSettings.H264Settings.FramerateDenominator=1001
2025-06-23 11:02:20,421 - ConfigConverter - INFO - Processing rule for framerate, value: 59.94
2025-06-23 11:02:20,421 - ConfigConverter - INFO - Condition evaluation: eq 59.94 25 = False
2025-06-23 11:02:20,421 - ConfigConverter - INFO - Source condition evaluation for framerate: False
2025-06-23 11:02:20,421 - ConfigConverter - INFO - Skipping rule for framerate=59.94 due to source condition not matching
2025-06-23 11:02:20,421 - ConfigConverter - INFO - Processing rule for framerate, value: 59.94
2025-06-23 11:02:20,421 - ConfigConverter - INFO - Condition evaluation: eq 59.94 30 = False
2025-06-23 11:02:20,421 - ConfigConverter - INFO - Source condition evaluation for framerate: False
2025-06-23 11:02:20,421 - ConfigConverter - INFO - Skipping rule for framerate=59.94 due to source condition not matching
2025-06-23 11:02:20,421 - ConfigConverter - INFO - Processing rule for framerate, value: 59.94
2025-06-23 11:02:20,421 - ConfigConverter - INFO - Condition evaluation: eq 59.94  = False
2025-06-23 11:02:20,422 - ConfigConverter - INFO - Source condition evaluation for framerate: False
2025-06-23 11:02:20,422 - ConfigConverter - INFO - Skipping rule for framerate=59.94 due to source condition not matching
2025-06-23 11:02:20,422 - ConfigConverter - INFO - Found 2 rules for parameter: size=1280x720
2025-06-23 11:02:20,422 - ConfigConverter - INFO - Processing rule for size, value: 1280x720
2025-06-23 11:02:20,422 - ConfigConverter - INFO - Regex transformed 1280x720 to 1280 using pattern (\d+)x([1-9]\d*)
2025-06-23 11:02:20,422 - ConfigConverter - INFO - Mapped parameter: size=1280x720 → Settings.OutputGroups[0].Outputs[0].VideoDescription.Width=1280
2025-06-23 11:02:20,422 - ConfigConverter - INFO - Regex transformed 1280x720 to 720 using pattern (\d+)x([1-9]\d*)
2025-06-23 11:02:20,422 - ConfigConverter - INFO - Mapped parameter: size=1280x720 → Settings.OutputGroups[0].Outputs[0].VideoDescription.Height=720
2025-06-23 11:02:20,422 - ConfigConverter - INFO - Processing rule for size, value: 1280x720
2025-06-23 11:02:20,422 - ConfigConverter - WARNING - Regex pattern (\d+)x0 did not match 1280x720 for size
2025-06-23 11:02:20,422 - ConfigConverter - WARNING - Regex pattern (\d+)x0 did not match 1280x720 for size
2025-06-23 11:02:20,422 - ConfigConverter - INFO - Found 1 rules for parameter: deinterlacing=yes
2025-06-23 11:02:20,422 - ConfigConverter - INFO - Processing rule for deinterlacing, value: yes
2025-06-23 11:02:20,422 - ConfigConverter - INFO - Condition evaluation: in yes ['yes', 'auto'] = True
2025-06-23 11:02:20,422 - ConfigConverter - INFO - Source condition evaluation for deinterlacing: True
2025-06-23 11:02:20,422 - ConfigConverter - INFO - Using static value: {}
2025-06-23 11:02:20,422 - ConfigConverter - INFO - Mapped parameter: deinterlacing=yes → Settings.OutputGroups[0].Outputs[0].VideoDescription.VideoPreprocessors.Deinterlacer={}
2025-06-23 11:02:20,422 - ConfigConverter - INFO - Skipping already processed parameter: cbr=yes
2025-06-23 11:02:20,422 - ConfigConverter - INFO - Found 1 rules for parameter: video_codec=libx264
2025-06-23 11:02:20,422 - ConfigConverter - INFO - Processing rule for video_codec, value: libx264
2025-06-23 11:02:20,422 - ConfigConverter - INFO - Applying transformation video_codec_format to libx264
2025-06-23 11:02:20,422 - ConfigConverter - INFO - Transformed libx264 using video_codec_format to H_264
2025-06-23 11:02:20,422 - ConfigConverter - INFO - Mapped parameter: video_codec=libx264 → Settings.OutputGroups[0].Outputs[0].VideoDescription.CodecSettings.Codec=H_264
2025-06-23 11:02:20,422 - ConfigConverter - INFO - Skipping already processed parameter: VCodecParameters=yes
2025-06-23 11:02:20,422 - ConfigConverter - INFO - Found 1 rules for parameter: video_codec_parameters.profile=high
2025-06-23 11:02:20,422 - ConfigConverter - INFO - Processing rule for video_codec_parameters.profile, value: high
2025-06-23 11:02:20,422 - ConfigConverter - INFO - Condition using source_path video_codec, value: None
2025-06-23 11:02:20,422 - ConfigConverter - INFO - Condition evaluation: in None ['mpeg4', 'libx264'] = False
2025-06-23 11:02:20,422 - ConfigConverter - INFO - Source condition evaluation for video_codec_parameters.profile: False
2025-06-23 11:02:20,422 - ConfigConverter - INFO - Skipping rule for video_codec_parameters.profile=high due to source condition not matching
2025-06-23 11:02:20,422 - ConfigConverter - INFO - Found 2 rules for parameter: video_codec_parameters.level=41
2025-06-23 11:02:20,423 - ConfigConverter - INFO - Processing rule for video_codec_parameters.level, value: 41
2025-06-23 11:02:20,423 - ConfigConverter - INFO - Evaluating AND condition with 2 subconditions
2025-06-23 11:02:20,423 - ConfigConverter - INFO - Condition using source_path video_codec, value: None
2025-06-23 11:02:20,423 - ConfigConverter - INFO - Condition evaluation: exists None None = False
2025-06-23 11:02:20,423 - ConfigConverter - INFO - AND condition result: False
2025-06-23 11:02:20,423 - ConfigConverter - INFO - Source condition evaluation for video_codec_parameters.level: False
2025-06-23 11:02:20,423 - ConfigConverter - INFO - Skipping rule for video_codec_parameters.level=41 due to source condition not matching
2025-06-23 11:02:20,423 - ConfigConverter - INFO - Processing rule for video_codec_parameters.level, value: 41
2025-06-23 11:02:20,423 - ConfigConverter - INFO - Evaluating AND condition with 2 subconditions
2025-06-23 11:02:20,423 - ConfigConverter - INFO - Condition using source_path video_codec, value: None
2025-06-23 11:02:20,423 - ConfigConverter - INFO - Condition evaluation: exists None None = False
2025-06-23 11:02:20,423 - ConfigConverter - INFO - AND condition result: False
2025-06-23 11:02:20,423 - ConfigConverter - INFO - Source condition evaluation for video_codec_parameters.level: False
2025-06-23 11:02:20,423 - ConfigConverter - INFO - Skipping rule for video_codec_parameters.level=41 due to source condition not matching
2025-06-23 11:02:20,423 - ConfigConverter - INFO - Found 2 rules for parameter: video_codec_parameters.refs=3
2025-06-23 11:02:20,423 - ConfigConverter - INFO - Processing rule for video_codec_parameters.refs, value: 3
2025-06-23 11:02:20,423 - ConfigConverter - INFO - Mapped parameter: video_codec_parameters.refs=3 → Settings.OutputGroups[0].Outputs[0].VideoDescription.CodecSettings.H264Settings.NumberReferenceFrames=3
2025-06-23 11:02:20,423 - ConfigConverter - INFO - Processing rule for video_codec_parameters.refs, value: 3
2025-06-23 11:02:20,423 - ConfigConverter - INFO - Mapped parameter: video_codec_parameters.refs=3 → Settings.OutputGroups[0].Outputs[0].VideoDescription.CodecSettings.H264Settings.NumberReferenceFrames=3
2025-06-23 11:02:20,423 - ConfigConverter - INFO - Found 2 rules for parameter: video_codec_parameters.keyframes=90
2025-06-23 11:02:20,423 - ConfigConverter - INFO - Processing rule for video_codec_parameters.keyframes, value: 90
2025-06-23 11:02:20,423 - ConfigConverter - INFO - Condition using source_path video_codec, value: None
2025-06-23 11:02:20,423 - ConfigConverter - INFO - Condition evaluation: in None ['mpeg4', 'libx264'] = False
2025-06-23 11:02:20,423 - ConfigConverter - INFO - Source condition evaluation for video_codec_parameters.keyframes: False
2025-06-23 11:02:20,423 - ConfigConverter - INFO - Skipping rule for video_codec_parameters.keyframes=90 due to source condition not matching
2025-06-23 11:02:20,423 - ConfigConverter - INFO - Processing rule for video_codec_parameters.keyframes, value: 90
2025-06-23 11:02:20,423 - ConfigConverter - INFO - Condition using source_path video_codec, value: None
2025-06-23 11:02:20,423 - ConfigConverter - INFO - Condition evaluation: eq None hevc = False
2025-06-23 11:02:20,423 - ConfigConverter - INFO - Source condition evaluation for video_codec_parameters.keyframes: False
2025-06-23 11:02:20,423 - ConfigConverter - INFO - Skipping rule for video_codec_parameters.keyframes=90 due to source condition not matching
2025-06-23 11:02:20,423 - ConfigConverter - INFO - Skipping already processed parameter: audio_codec=libfaac
2025-06-23 11:02:20,423 - ConfigConverter - INFO - Skipping already processed parameter: acbr=yes
2025-06-23 11:02:20,423 - ConfigConverter - INFO - Skipping already processed parameter: audio_bitrate=256k
2025-06-23 11:02:20,423 - ConfigConverter - INFO - Found 3 rules for parameter: audio_channels_number=1
2025-06-23 11:02:20,423 - ConfigConverter - INFO - Processing rule for audio_channels_number, value: 1
2025-06-23 11:02:20,423 - ConfigConverter - INFO - Condition using source_path audio_codec, value: libfaac
2025-06-23 11:02:20,423 - ConfigConverter - INFO - Condition evaluation: in libfaac ['dolby_aac', 'dolby_heaac', 'libfaac'] = True
2025-06-23 11:02:20,424 - ConfigConverter - INFO - Source condition evaluation for audio_channels_number: True
2025-06-23 11:02:20,424 - ConfigConverter - INFO - Applying transformation audio_channels_format to 1
2025-06-23 11:02:20,424 - ConfigConverter - INFO - Transformed 1 using audio_channels_format to CODING_MODE_1_0
2025-06-23 11:02:20,424 - ConfigConverter - INFO - Mapped parameter: audio_channels_number=1 → Settings.OutputGroups[0].Outputs[0].AudioDescriptions[0].CodecSettings.AacSettings.CodingMode=CODING_MODE_1_0
2025-06-23 11:02:20,424 - ConfigConverter - INFO - Processing rule for audio_channels_number, value: 1
2025-06-23 11:02:20,424 - ConfigConverter - INFO - Condition using source_path audio_codec, value: libfaac
2025-06-23 11:02:20,424 - ConfigConverter - INFO - Condition evaluation: eq libfaac ac3 = False
2025-06-23 11:02:20,424 - ConfigConverter - INFO - Source condition evaluation for audio_channels_number: False
2025-06-23 11:02:20,424 - ConfigConverter - INFO - Skipping rule for audio_channels_number=1 due to source condition not matching
2025-06-23 11:02:20,424 - ConfigConverter - INFO - Processing rule for audio_channels_number, value: 1
2025-06-23 11:02:20,424 - ConfigConverter - INFO - Condition using source_path audio_codec, value: libfaac
2025-06-23 11:02:20,424 - ConfigConverter - INFO - Condition evaluation: eq libfaac libvpx = False
2025-06-23 11:02:20,424 - ConfigConverter - INFO - Source condition evaluation for audio_channels_number: False
2025-06-23 11:02:20,424 - ConfigConverter - INFO - Skipping rule for audio_channels_number=1 due to source condition not matching
2025-06-23 11:02:20,424 - ConfigConverter - INFO - Skipping already processed parameter: audio_sample_rate=48000
2025-06-23 11:02:20,424 - ConfigConverter - INFO - Found 4 rules for parameter: destination=http://test_url.s3.amazonaws.com/encoding.com.output/mock_mock_output_rendition_name_11111_351.mp4?acl=public-read
2025-06-23 11:02:20,424 - ConfigConverter - INFO - Processing rule for destination, value: http://test_url.s3.amazonaws.com/encoding.com.output/mock_mock_output_rendition_name_11111_351.mp4?acl=public-read
2025-06-23 11:02:20,424 - ConfigConverter - INFO - Condition using source_path output, value: mp4
2025-06-23 11:02:20,424 - ConfigConverter - INFO - Condition evaluation: eq mp4 mp4 = True
2025-06-23 11:02:20,424 - ConfigConverter - INFO - Source condition evaluation for destination: True
2025-06-23 11:02:20,424 - ConfigConverter - INFO - Using static value: S3_OUTPUT_URL
2025-06-23 11:02:20,424 - ConfigConverter - INFO - Mapped parameter: destination=http://test_url.s3.amazonaws.com/encoding.com.output/mock_mock_output_rendition_name_11111_351.mp4?acl=public-read → Settings.OutputGroups[0].OutputGroupSettings.FileGroupSettings.Destination=S3_OUTPUT_URL
2025-06-23 11:02:20,424 - ConfigConverter - INFO - Processing rule for destination, value: http://test_url.s3.amazonaws.com/encoding.com.output/mock_mock_output_rendition_name_11111_351.mp4?acl=public-read
2025-06-23 11:02:20,424 - ConfigConverter - INFO - Condition using source_path output, value: mp4
2025-06-23 11:02:20,424 - ConfigConverter - INFO - Condition evaluation: eq mp4 advanced_hls = False
2025-06-23 11:02:20,424 - ConfigConverter - INFO - Source condition evaluation for destination: False
2025-06-23 11:02:20,424 - ConfigConverter - INFO - Skipping rule for destination=http://test_url.s3.amazonaws.com/encoding.com.output/mock_mock_output_rendition_name_11111_351.mp4?acl=public-read due to source condition not matching
2025-06-23 11:02:20,424 - ConfigConverter - INFO - Processing rule for destination, value: http://test_url.s3.amazonaws.com/encoding.com.output/mock_mock_output_rendition_name_11111_351.mp4?acl=public-read
2025-06-23 11:02:20,424 - ConfigConverter - INFO - Condition using source_path output, value: mp4
2025-06-23 11:02:20,424 - ConfigConverter - INFO - Condition evaluation: in mp4 ['advanced_dash', 'mpeg_dash'] = False
2025-06-23 11:02:20,424 - ConfigConverter - INFO - Source condition evaluation for destination: False
2025-06-23 11:02:20,424 - ConfigConverter - INFO - Skipping rule for destination=http://test_url.s3.amazonaws.com/encoding.com.output/mock_mock_output_rendition_name_11111_351.mp4?acl=public-read due to source condition not matching
2025-06-23 11:02:20,424 - ConfigConverter - INFO - Processing rule for destination, value: http://test_url.s3.amazonaws.com/encoding.com.output/mock_mock_output_rendition_name_11111_351.mp4?acl=public-read
2025-06-23 11:02:20,424 - ConfigConverter - INFO - Condition using source_path output, value: mp4
2025-06-23 11:02:20,424 - ConfigConverter - INFO - Condition evaluation: in mp4 ['fmp4_hls', 'advanced_fmp4'] = False
2025-06-23 11:02:20,424 - ConfigConverter - INFO - Source condition evaluation for destination: False
2025-06-23 11:02:20,424 - ConfigConverter - INFO - Skipping rule for destination=http://test_url.s3.amazonaws.com/encoding.com.output/mock_mock_output_rendition_name_11111_351.mp4?acl=public-read due to source condition not matching
2025-06-23 11:02:20,424 - ConfigConverter - INFO - Conversion summary for /home/ec2-user/e2mc_assistant/encoding_profiles/pilot1/mp4/351.xml:
2025-06-23 11:02:20,425 - ConfigConverter - INFO -   - Total parameters: 74
2025-06-23 11:02:20,425 - ConfigConverter - INFO -   - Mapped parameters: 74 (100.0%)
2025-06-23 11:02:20,425 - ConfigConverter - INFO -   - Unmapped parameters: 0 (0.0%)
2025-06-23 11:02:20,425 - ConfigConverter - INFO - Added missing NameModifier: _1280x720_12000000_mc
2025-06-23 11:02:20,425 - ConfigConverter - INFO - Successfully converted /home/ec2-user/e2mc_assistant/encoding_profiles/pilot1/mp4/351.xml to /home/ec2-user/e2mc_assistant/tranformed_mc_profiles/pilot1/mp4/351.json
2025-06-23 11:02:20,427 - ConfigConverter - INFO - Validating /home/ec2-user/e2mc_assistant/tranformed_mc_profiles/pilot1/mp4/351.json against schema /home/ec2-user/e2mc_assistant/utils/mc_config_validator/mc_setting_schema.json
2025-06-23 11:02:20,428 - ConfigConverter - INFO - Validation successful for /home/ec2-user/e2mc_assistant/tranformed_mc_profiles/pilot1/mp4/351.json
