MediaConvert job 1748261219238-5sokqo failed
Timestamp: 2025-05-26T12:07:09.838530

Job details:
{
  "AccelerationSettings": {
    "Mode": "DISABLED"
  },
  "AccelerationStatus": "NOT_APPLICABLE",
  "Arn": "arn:aws:mediaconvert:us-east-1:935206693453:jobs/1748261219238-5sokqo",
  "BillingTagsSource": "JOB",
  "ClientRequestToken": "82a2db2f-2b44-4981-b3bd-e4e8edaa45b8",
  "CreatedAt": "2025-05-26 12:06:59+00:00",
  "ErrorCode": 1021,
  "ErrorMessage": "No audio frames decoded on [selector-(Audio Selector 1)-track-1]",
  "Id": "1748261219238-5sokqo",
  "Messages": {
    "Info": [],
    "Warning": []
  },
  "Priority": 0,
  "Queue": "arn:aws:mediaconvert:us-east-1:935206693453:queues/Default",
  "Role": "arn:aws:iam::935206693453:role/MediaConvertRole",
  "Settings": {
    "FollowSource": 1,
    "Inputs": [
      {
        "AudioSelectors": {
          "Audio Selector 1": {
            "DefaultSelection": "DEFAULT"
          }
        },
        "FileInput": "s3://fw-mc-test/mp4/430/430_882843476_source.mpg",
        "TimecodeSource": "ZEROBASED",
        "VideoSelector": {}
      }
    ],
    "OutputGroups": [
      {
        "Name": "File Group",
        "OutputGroupSettings": {
          "FileGroupSettings": {
            "Destination": "s3://fw-mc-test/mp4/430/"
          },
          "Type": "FILE_GROUP_SETTINGS"
        },
        "Outputs": [
          {
            "AudioDescriptions": [
              {
                "CodecSettings": {
                  "Ac3Settings": {
                    "Bitrate": 384000,
                    "CodingMode": "CODING_MODE_3_2_LFE"
                  },
                  "Codec": "AC3"
                }
              }
            ],
            "ContainerSettings": {
              "Container": "MP4",
              "Mp4Settings": {}
            },
            "NameModifier": "_1920x1080_6500000_mc",
            "VideoDescription": {
              "CodecSettings": {
                "Codec": "H_264",
                "H264Settings": {
                  "Bitrate": 6500000,
                  "CodecProfile": "MAIN",
                  "FramerateControl": "SPECIFIED",
                  "FramerateDenominator": 1001,
                  "FramerateNumerator": 30000,
                  "NumberReferenceFrames": 3,
                  "RateControlMode": "CBR"
                }
              },
              "Height": 1080,
              "VideoPreprocessors": {
                "Deinterlacer": {}
              },
              "Width": 1920
            }
          }
        ]
      }
    ],
    "TimecodeConfig": {
      "Source": "ZEROBASED"
    }
  },
  "Status": "ERROR",
  "StatusUpdateInterval": "SECONDS_60",
  "Timing": {
    "FinishTime": "2025-05-26 12:07:01+00:00",
    "StartTime": "2025-05-26 12:07:00+00:00",
    "SubmitTime": "2025-05-26 12:06:59+00:00"
  },
  "UserMetadata": {},
  "Warnings": [
    {
      "Code": 230001,
      "Count": 1
    },
    {
      "Code": 230005,
      "Count": 1
    }
  ]
}

Error message:
No audio frames decoded on [selector-(Audio Selector 1)-track-1]