2025-05-26 02:30:16,894 - root - INFO - Logging conversion details to: /home/ec2-user/e2mc_assistant/tranformed_mc_profiles/pilot1/mp4/668.log
2025-05-26 02:30:16,894 - ConfigConverter - DEBUG - Parsed XML structure: {'output': 'mp4', 'size': '1280x720', 'two_pass': ['no', 'no'], 'copy_timestamps': ['no', 'yes'], 'use_manifest': 'yes', 'profile': 'high', 'bitrate': '5000k', 'keep_aspect_ratio': 'yes', 'framerate': 29.97, 'keyframe': [60, 250], 'video_codec': 'libx264', 'video_codec_parameters': {'level': 31, 'coder': 1, 'flags': '+loop', 'flags2': '-bpyramid+fastpskip-dct8x8', 'cmp': '+chroma', 'partitions': '+parti8x8+parti4x4+partp8x8+partb8x8', 'me_method': 'hex', 'subq': 6, 'me_range': 16, 'keyint_min': 25, 'sc_threshold': 40, 'i_qfactor': 0.71, 'b_strategy': 1, 'qcomp': 0.6, 'qmin': 10, 'qmax': 51, 'qdiff': 4, 'directpred': 1, 'vprofile': 'main'}, 'timescale': 30000, 'audio_bitrate': '96k', 'audio_sample_rate': 48000, 'audio_channels_number': 2, 'downmix_mode': 'pl2', 'audio_codec': 'libfaac', 'audio_volume': 100, 'loudnorm': -24.0, 'loudnorm_peak': -2.0, 'turbo': 'no', 'twin_turbo': 'no', 'cbr': 'no', 'hard_cbr': 'no', 'deinterlacing': 'auto', 'video_sync': 'old', 'apply_timecode': 'no', 'rotate': 'def', 'metadata_copy': 'no', 'strip_chapters': 'no', 'pix_format': 'yuv420p', 'encoder': 'v1', 'file_extension': 'mp4', 'ftyp': 'mp42', 'hint': 'no', 'set_rotate': 0, 'copy_nielsen_metadata': 'no', 'force_interlaced': 'no', 'timecode_track': 'no', 'video_only': 'no', 'audio_only': 'no', 'destination': 'http://test_url.s3.amazonaws.com/encoding.com.output/mock_mock_output_rendition_name_11111_668.mp4?acl=public-read'}
2025-05-26 02:30:16,895 - ConfigConverter - INFO - Set RateControlMode to VBR because <cbr>=no and <cabr> doesn't exist
2025-05-26 02:30:16,895 - ConfigConverter - INFO - Set Bitrate to 5000000 from <bitrate>=5000k
2025-05-26 02:30:16,895 - ConfigConverter - INFO - Setting MaxBitrate to 12500000 (2.5 * Bitrate)
2025-05-26 02:30:16,895 - ConfigConverter - INFO - Parameter cbr processed by custom rate control handler
2025-05-26 02:30:16,895 - ConfigConverter - INFO - Parameter bitrate processed by custom rate control handler
2025-05-26 02:30:16,895 - ConfigConverter - INFO - Set AudioDescriptions[0].CodecSettings.Codec to AAC from <audio_codec>=libfaac
2025-05-26 02:30:16,895 - ConfigConverter - INFO - Set AudioDescriptions[0].CodecSettings.AacSettings.Bitrate to default value 96000
2025-05-26 02:30:16,895 - ConfigConverter - INFO - Set AudioDescriptions[0].CodecSettings.AacSettings.SampleRate to default value 48000
2025-05-26 02:30:16,895 - ConfigConverter - INFO - Set AudioDescriptions[0].CodecSettings.AacSettings.CodingMode to CODING_MODE_2_0 (default stereo)
2025-05-26 02:30:16,895 - ConfigConverter - INFO - Set AudioDescriptions[0].CodecSettings.AacSettings.Bitrate to 96000 from <audio_bitrate>=96k
2025-05-26 02:30:16,895 - ConfigConverter - INFO - Set AudioDescriptions[0].CodecSettings.AacSettings.SampleRate to 48000 from <audio_sample_rate>=48000
2025-05-26 02:30:16,895 - ConfigConverter - INFO - Audio parameters processed by custom audio settings handler
2025-05-26 02:30:16,895 - ConfigConverter - DEBUG - Processing iteration rule for alternate_source
2025-05-26 02:30:16,895 - ConfigConverter - DEBUG - No array found at alternate_source or not a list
2025-05-26 02:30:16,895 - ConfigConverter - DEBUG - Processing dummy rule for VCodecParameters
2025-05-26 02:30:16,895 - ConfigConverter - INFO - Mapped parameter: VCodecParameters=None → [DUMMY RULE]
2025-05-26 02:30:16,895 - ConfigConverter - DEBUG - Processing dummy rule for acbr
2025-05-26 02:30:16,895 - ConfigConverter - INFO - Mapped parameter: acbr=None → [DUMMY RULE]
2025-05-26 02:30:16,895 - ConfigConverter - DEBUG - Processing dummy rule for add_audio_only
2025-05-26 02:30:16,896 - ConfigConverter - INFO - Mapped parameter: add_audio_only=None → [DUMMY RULE]
2025-05-26 02:30:16,896 - ConfigConverter - DEBUG - Processing dummy rule for clipmode
2025-05-26 02:30:16,896 - ConfigConverter - INFO - Mapped parameter: clipmode=None → [DUMMY RULE]
2025-05-26 02:30:16,896 - ConfigConverter - DEBUG - Processing dummy rule for closed_captions.cc_extract_before
2025-05-26 02:30:16,896 - ConfigConverter - INFO - Mapped parameter: closed_captions.cc_extract_before=None → [DUMMY RULE]
2025-05-26 02:30:16,896 - ConfigConverter - DEBUG - Processing dummy rule for closed_captions.direct_copy
2025-05-26 02:30:16,896 - ConfigConverter - INFO - Mapped parameter: closed_captions.direct_copy=None → [DUMMY RULE]
2025-05-26 02:30:16,896 - ConfigConverter - DEBUG - Processing dummy rule for closed_captions.get_from_manifest
2025-05-26 02:30:16,896 - ConfigConverter - INFO - Mapped parameter: closed_captions.get_from_manifest=None → [DUMMY RULE]
2025-05-26 02:30:16,896 - ConfigConverter - DEBUG - Processing dummy rule for closed_captions.ignore_cc_absence
2025-05-26 02:30:16,896 - ConfigConverter - INFO - Mapped parameter: closed_captions.ignore_cc_absence=None → [DUMMY RULE]
2025-05-26 02:30:16,896 - ConfigConverter - DEBUG - Processing dummy rule for closed_captions.role
2025-05-26 02:30:16,896 - ConfigConverter - INFO - Mapped parameter: closed_captions.role=None → [DUMMY RULE]
2025-05-26 02:30:16,896 - ConfigConverter - DEBUG - Processing dummy rule for closed_captions.vtt_split_segments
2025-05-26 02:30:16,896 - ConfigConverter - INFO - Mapped parameter: closed_captions.vtt_split_segments=None → [DUMMY RULE]
2025-05-26 02:30:16,896 - ConfigConverter - DEBUG - Processing dummy rule for drm
2025-05-26 02:30:16,896 - ConfigConverter - INFO - Mapped parameter: drm=None → [DUMMY RULE]
2025-05-26 02:30:16,896 - ConfigConverter - DEBUG - Processing dummy rule for encoder
2025-05-26 02:30:16,896 - ConfigConverter - INFO - Mapped parameter: encoder=v1 → [DUMMY RULE]
2025-05-26 02:30:16,896 - ConfigConverter - DEBUG - Processing dummy rule for encryption
2025-05-26 02:30:16,896 - ConfigConverter - INFO - Mapped parameter: encryption=None → [DUMMY RULE]
2025-05-26 02:30:16,896 - ConfigConverter - DEBUG - Processing dummy rule for hint
2025-05-26 02:30:16,896 - ConfigConverter - INFO - Mapped parameter: hint=no → [DUMMY RULE]
2025-05-26 02:30:16,896 - ConfigConverter - DEBUG - Processing dummy rule for pix_format
2025-05-26 02:30:16,896 - ConfigConverter - INFO - Mapped parameter: pix_format=yuv420p → [DUMMY RULE]
2025-05-26 02:30:16,896 - ConfigConverter - DEBUG - Processing dummy rule for set_video_duration
2025-05-26 02:30:16,896 - ConfigConverter - INFO - Mapped parameter: set_video_duration=None → [DUMMY RULE]
2025-05-26 02:30:16,896 - ConfigConverter - DEBUG - Processing dummy rule for strip_chapters
2025-05-26 02:30:16,896 - ConfigConverter - INFO - Mapped parameter: strip_chapters=no → [DUMMY RULE]
2025-05-26 02:30:16,896 - ConfigConverter - DEBUG - Processing dummy rule for video_codec_parameters.cmp
2025-05-26 02:30:16,896 - ConfigConverter - INFO - Mapped parameter: video_codec_parameters.cmp=+chroma → [DUMMY RULE]
2025-05-26 02:30:16,896 - ConfigConverter - DEBUG - Processing dummy rule for video_codec_parameters.code
2025-05-26 02:30:16,896 - ConfigConverter - INFO - Mapped parameter: video_codec_parameters.code=None → [DUMMY RULE]
2025-05-26 02:30:16,896 - ConfigConverter - DEBUG - Processing dummy rule for video_codec_parameters.flags
2025-05-26 02:30:16,896 - ConfigConverter - INFO - Mapped parameter: video_codec_parameters.flags=+loop → [DUMMY RULE]
2025-05-26 02:30:16,896 - ConfigConverter - DEBUG - Processing dummy rule for video_codec_parameters.flags2
2025-05-26 02:30:16,896 - ConfigConverter - INFO - Mapped parameter: video_codec_parameters.flags2=-bpyramid+fastpskip-dct8x8 → [DUMMY RULE]
2025-05-26 02:30:16,896 - ConfigConverter - DEBUG - Processing dummy rule for video_codec_parameters.i_qfactor
2025-05-26 02:30:16,896 - ConfigConverter - INFO - Mapped parameter: video_codec_parameters.i_qfactor=0.71 → [DUMMY RULE]
2025-05-26 02:30:16,896 - ConfigConverter - DEBUG - Processing dummy rule for video_codec_parameters.mbtree
2025-05-26 02:30:16,896 - ConfigConverter - INFO - Mapped parameter: video_codec_parameters.mbtree=None → [DUMMY RULE]
2025-05-26 02:30:16,896 - ConfigConverter - DEBUG - Processing dummy rule for video_codec_parameters.me_method
2025-05-26 02:30:16,896 - ConfigConverter - INFO - Mapped parameter: video_codec_parameters.me_method=hex → [DUMMY RULE]
2025-05-26 02:30:16,896 - ConfigConverter - DEBUG - Processing dummy rule for video_codec_parameters.me_range
2025-05-26 02:30:16,896 - ConfigConverter - INFO - Mapped parameter: video_codec_parameters.me_range=16 → [DUMMY RULE]
2025-05-26 02:30:16,896 - ConfigConverter - DEBUG - Processing dummy rule for video_codec_parameters.qcomp
2025-05-26 02:30:16,896 - ConfigConverter - INFO - Mapped parameter: video_codec_parameters.qcomp=0.6 → [DUMMY RULE]
2025-05-26 02:30:16,896 - ConfigConverter - DEBUG - Processing dummy rule for video_codec_parameters.qdiff
2025-05-26 02:30:16,896 - ConfigConverter - INFO - Mapped parameter: video_codec_parameters.qdiff=4 → [DUMMY RULE]
2025-05-26 02:30:16,896 - ConfigConverter - DEBUG - Processing dummy rule for video_codec_parameters.subq
2025-05-26 02:30:16,897 - ConfigConverter - INFO - Mapped parameter: video_codec_parameters.subq=6 → [DUMMY RULE]
2025-05-26 02:30:16,897 - ConfigConverter - DEBUG - Processing dummy rule for video_codec_parameters.trellis
2025-05-26 02:30:16,897 - ConfigConverter - INFO - Mapped parameter: video_codec_parameters.trellis=None → [DUMMY RULE]
2025-05-26 02:30:16,897 - ConfigConverter - DEBUG - Processing dummy rule for video_codec_parameters.qmax
2025-05-26 02:30:16,897 - ConfigConverter - INFO - Mapped parameter: video_codec_parameters.qmax=51 → [DUMMY RULE]
2025-05-26 02:30:16,897 - ConfigConverter - DEBUG - Processing dummy rule for video_codec_parameters.qmin
2025-05-26 02:30:16,897 - ConfigConverter - INFO - Mapped parameter: video_codec_parameters.qmin=10 → [DUMMY RULE]
2025-05-26 02:30:16,897 - ConfigConverter - DEBUG - Processing dummy rule for closed_captions.forced
2025-05-26 02:30:16,897 - ConfigConverter - INFO - Mapped parameter: closed_captions.forced=None → [DUMMY RULE]
2025-05-26 02:30:16,897 - ConfigConverter - DEBUG - Processing dummy rule for file_extension
2025-05-26 02:30:16,897 - ConfigConverter - INFO - Mapped parameter: file_extension=mp4 → [DUMMY RULE]
2025-05-26 02:30:16,897 - ConfigConverter - DEBUG - Processing dummy rule for rotate
2025-05-26 02:30:16,897 - ConfigConverter - INFO - Mapped parameter: rotate=def → [DUMMY RULE]
2025-05-26 02:30:16,897 - ConfigConverter - DEBUG - Processing dummy rule for metadata_copy
2025-05-26 02:30:16,897 - ConfigConverter - INFO - Mapped parameter: metadata_copy=no → [DUMMY RULE]
2025-05-26 02:30:16,897 - ConfigConverter - DEBUG - Processing dummy rule for video_codec_parameters.transfer_characteristics
2025-05-26 02:30:16,897 - ConfigConverter - INFO - Mapped parameter: video_codec_parameters.transfer_characteristics=None → [DUMMY RULE]
2025-05-26 02:30:16,897 - ConfigConverter - DEBUG - Processing dummy rule for video_codec_parameters.partitions
2025-05-26 02:30:16,897 - ConfigConverter - INFO - Mapped parameter: video_codec_parameters.partitions=+parti8x8+parti4x4+partp8x8+partb8x8 → [DUMMY RULE]
2025-05-26 02:30:16,897 - ConfigConverter - DEBUG - Processing dummy rule for closed_captions.cea_data_field
2025-05-26 02:30:16,897 - ConfigConverter - INFO - Mapped parameter: closed_captions.cea_data_field=None → [DUMMY RULE]
2025-05-26 02:30:16,897 - ConfigConverter - DEBUG - Processing dummy rule for loudnorm_range
2025-05-26 02:30:16,897 - ConfigConverter - INFO - Mapped parameter: loudnorm_range=None → [DUMMY RULE]
2025-05-26 02:30:16,897 - ConfigConverter - DEBUG - Processing dummy rule for video_codec_parameters.level
2025-05-26 02:30:16,897 - ConfigConverter - INFO - Mapped parameter: video_codec_parameters.level=31 → [DUMMY RULE]
2025-05-26 02:30:16,897 - ConfigConverter - DEBUG - Processing dummy rule for level
2025-05-26 02:30:16,897 - ConfigConverter - INFO - Mapped parameter: level=None → [DUMMY RULE]
2025-05-26 02:30:16,897 - ConfigConverter - DEBUG - Processing rule for output, value: mp4
2025-05-26 02:30:16,897 - ConfigConverter - DEBUG - Condition evaluation: eq mp4 advanced_dash = False
2025-05-26 02:30:16,897 - ConfigConverter - WARNING - Skipping rule for output=mp4 due to source condition not matching
2025-05-26 02:30:16,897 - ConfigConverter - DEBUG - Processing rule for output, value: mp4
2025-05-26 02:30:16,897 - ConfigConverter - DEBUG - Condition evaluation: eq mp4 advanced_fmp4 = False
2025-05-26 02:30:16,897 - ConfigConverter - WARNING - Skipping rule for output=mp4 due to source condition not matching
2025-05-26 02:30:16,897 - ConfigConverter - DEBUG - Processing rule for output, value: mp4
2025-05-26 02:30:16,897 - ConfigConverter - DEBUG - Condition evaluation: eq mp4 advanced_hls = False
2025-05-26 02:30:16,897 - ConfigConverter - WARNING - Skipping rule for output=mp4 due to source condition not matching
2025-05-26 02:30:16,897 - ConfigConverter - DEBUG - Processing rule for output, value: mp4
2025-05-26 02:30:16,897 - ConfigConverter - DEBUG - Condition evaluation: eq mp4 flv = False
2025-05-26 02:30:16,897 - ConfigConverter - WARNING - Skipping rule for output=mp4 due to source condition not matching
2025-05-26 02:30:16,897 - ConfigConverter - DEBUG - Processing rule for output, value: mp4
2025-05-26 02:30:16,897 - ConfigConverter - DEBUG - Condition evaluation: eq mp4 fmp4_hls = False
2025-05-26 02:30:16,897 - ConfigConverter - WARNING - Skipping rule for output=mp4 due to source condition not matching
2025-05-26 02:30:16,897 - ConfigConverter - DEBUG - Processing rule for output, value: mp4
2025-05-26 02:30:16,897 - ConfigConverter - DEBUG - Condition evaluation: eq mp4 ipad_stream = False
2025-05-26 02:30:16,897 - ConfigConverter - WARNING - Skipping rule for output=mp4 due to source condition not matching
2025-05-26 02:30:16,897 - ConfigConverter - DEBUG - Processing rule for output, value: mp4
2025-05-26 02:30:16,897 - ConfigConverter - DEBUG - Condition evaluation: eq mp4 iphone = False
2025-05-26 02:30:16,897 - ConfigConverter - WARNING - Skipping rule for output=mp4 due to source condition not matching
2025-05-26 02:30:16,897 - ConfigConverter - DEBUG - Processing rule for output, value: mp4
2025-05-26 02:30:16,897 - ConfigConverter - DEBUG - Condition evaluation: eq mp4 mov = False
2025-05-26 02:30:16,897 - ConfigConverter - WARNING - Skipping rule for output=mp4 due to source condition not matching
2025-05-26 02:30:16,897 - ConfigConverter - DEBUG - Processing rule for output, value: mp4
2025-05-26 02:30:16,898 - ConfigConverter - DEBUG - Condition evaluation: eq mp4 mp4 = True
2025-05-26 02:30:16,898 - ConfigConverter - DEBUG - Using static value: FILE_GROUP_SETTINGS
2025-05-26 02:30:16,898 - ConfigConverter - INFO - Mapped parameter: output=mp4 → Settings.OutputGroups[0].OutputGroupSettings.Type=FILE_GROUP_SETTINGS
2025-05-26 02:30:16,898 - ConfigConverter - DEBUG - Using static value: MP4
2025-05-26 02:30:16,898 - ConfigConverter - INFO - Mapped parameter: output=mp4 → Settings.OutputGroups[0].Outputs[0].ContainerSettings.Container=MP4
2025-05-26 02:30:16,898 - ConfigConverter - DEBUG - Processing rule for output, value: mp4
2025-05-26 02:30:16,898 - ConfigConverter - DEBUG - Condition evaluation: eq mp4 mpeg_dash = False
2025-05-26 02:30:16,898 - ConfigConverter - WARNING - Skipping rule for output=mp4 due to source condition not matching
2025-05-26 02:30:16,898 - ConfigConverter - DEBUG - Processing rule for output, value: mp4
2025-05-26 02:30:16,898 - ConfigConverter - DEBUG - Condition evaluation: eq mp4 mpegts = False
2025-05-26 02:30:16,898 - ConfigConverter - WARNING - Skipping rule for output=mp4 due to source condition not matching
2025-05-26 02:30:16,898 - ConfigConverter - DEBUG - Processing rule for output, value: mp4
2025-05-26 02:30:16,898 - ConfigConverter - DEBUG - Condition evaluation: eq mp4 smooth_streaming = False
2025-05-26 02:30:16,898 - ConfigConverter - WARNING - Skipping rule for output=mp4 due to source condition not matching
2025-05-26 02:30:16,898 - ConfigConverter - DEBUG - Processing rule for output, value: mp4
2025-05-26 02:30:16,898 - ConfigConverter - DEBUG - Condition evaluation: eq mp4 webm = False
2025-05-26 02:30:16,898 - ConfigConverter - WARNING - Skipping rule for output=mp4 due to source condition not matching
2025-05-26 02:30:16,898 - ConfigConverter - DEBUG - Processing rule for size, value: 1280x720
2025-05-26 02:30:16,898 - ConfigConverter - DEBUG - Regex transformed 1280x720 to 1280
2025-05-26 02:30:16,898 - ConfigConverter - INFO - Mapped parameter: size=1280x720 → Settings.OutputGroups[0].Outputs[0].VideoDescription.Width=1280
2025-05-26 02:30:16,898 - ConfigConverter - DEBUG - Regex transformed 1280x720 to 720
2025-05-26 02:30:16,898 - ConfigConverter - INFO - Mapped parameter: size=1280x720 → Settings.OutputGroups[0].Outputs[0].VideoDescription.Height=720
2025-05-26 02:30:16,898 - ConfigConverter - DEBUG - Processing rule for size, value: 1280x720
2025-05-26 02:30:16,898 - ConfigConverter - WARNING - Regex pattern (\d+)x0 did not match 1280x720 for size
2025-05-26 02:30:16,898 - ConfigConverter - WARNING - Regex pattern (\d+)x0 did not match 1280x720 for size
2025-05-26 02:30:16,898 - ConfigConverter - DEBUG - Processing rule for two_pass, value: ['no', 'no']
2025-05-26 02:30:16,898 - ConfigConverter - WARNING - Value '['no', 'no']' not found in transformer 'two_pass_format'
2025-05-26 02:30:16,898 - ConfigConverter - WARNING - Skipping parameter mapping for two_pass=['no', 'no'] → Settings.OutputGroups[0].Outputs[0].VideoDescription.CodecSettings.H264Settings.QualityTuningLevel (no matching transformation)
2025-05-26 02:30:16,898 - ConfigConverter - DEBUG - Processing rule for copy_timestamps, value: ['no', 'yes']
2025-05-26 02:30:16,898 - ConfigConverter - DEBUG - Condition evaluation: eq ['no', 'yes'] yes = False
2025-05-26 02:30:16,898 - ConfigConverter - WARNING - Skipping rule for copy_timestamps=['no', 'yes'] due to source condition not matching
2025-05-26 02:30:16,898 - ConfigConverter - DEBUG - Processing rule for profile, value: high
2025-05-26 02:30:16,898 - ConfigConverter - DEBUG - Transformed high using profile_format to <class 'str'>
2025-05-26 02:30:16,898 - ConfigConverter - INFO - Mapped parameter: profile=high → Settings.OutputGroups[0].Outputs[0].VideoDescription.CodecSettings.H264Settings.CodecProfile=HIGH
2025-05-26 02:30:16,898 - ConfigConverter - DEBUG - Skipping already processed parameter: bitrate
2025-05-26 02:30:16,898 - ConfigConverter - DEBUG - Processing rule for keep_aspect_ratio, value: yes
2025-05-26 02:30:16,898 - ConfigConverter - DEBUG - Transformed yes using keep_aspect_ratio_format to <class 'str'>
2025-05-26 02:30:16,898 - ConfigConverter - INFO - Mapped parameter: keep_aspect_ratio=yes → Settings.OutputGroups[0].Outputs[0].VideoDescription.ScalingBehavior=DEFAULT
2025-05-26 02:30:16,898 - ConfigConverter - DEBUG - Processing rule for framerate, value: 29.97
2025-05-26 02:30:16,898 - ConfigConverter - DEBUG - Condition evaluation: eq 29.97 24000/1001 = False
2025-05-26 02:30:16,898 - ConfigConverter - WARNING - Skipping rule for framerate=29.97 due to source condition not matching
2025-05-26 02:30:16,899 - ConfigConverter - DEBUG - Processing rule for framerate, value: 29.97
2025-05-26 02:30:16,899 - ConfigConverter - DEBUG - Condition evaluation: eq 29.97 29.97 = True
2025-05-26 02:30:16,899 - ConfigConverter - DEBUG - Using static value: SPECIFIED
2025-05-26 02:30:16,899 - ConfigConverter - INFO - Mapped parameter: framerate=29.97 → Settings.OutputGroups[0].Outputs[0].VideoDescription.CodecSettings.H264Settings.FramerateControl=SPECIFIED
2025-05-26 02:30:16,899 - ConfigConverter - DEBUG - Using static value: 30000
2025-05-26 02:30:16,899 - ConfigConverter - INFO - Mapped parameter: framerate=29.97 → Settings.OutputGroups[0].Outputs[0].VideoDescription.CodecSettings.H264Settings.FramerateNumerator=30000
2025-05-26 02:30:16,899 - ConfigConverter - DEBUG - Using static value: 1001
2025-05-26 02:30:16,899 - ConfigConverter - INFO - Mapped parameter: framerate=29.97 → Settings.OutputGroups[0].Outputs[0].VideoDescription.CodecSettings.H264Settings.FramerateDenominator=1001
2025-05-26 02:30:16,899 - ConfigConverter - DEBUG - Processing rule for framerate, value: 29.97
2025-05-26 02:30:16,899 - ConfigConverter - DEBUG - Condition evaluation: eq 29.97 59.94 = False
2025-05-26 02:30:16,899 - ConfigConverter - WARNING - Skipping rule for framerate=29.97 due to source condition not matching
2025-05-26 02:30:16,899 - ConfigConverter - DEBUG - Processing rule for framerate, value: 29.97
2025-05-26 02:30:16,899 - ConfigConverter - DEBUG - Condition evaluation: eq 29.97 25 = False
2025-05-26 02:30:16,899 - ConfigConverter - WARNING - Skipping rule for framerate=29.97 due to source condition not matching
2025-05-26 02:30:16,899 - ConfigConverter - DEBUG - Processing rule for framerate, value: 29.97
2025-05-26 02:30:16,899 - ConfigConverter - DEBUG - Condition evaluation: eq 29.97 30 = False
2025-05-26 02:30:16,899 - ConfigConverter - WARNING - Skipping rule for framerate=29.97 due to source condition not matching
2025-05-26 02:30:16,899 - ConfigConverter - DEBUG - Processing rule for framerate, value: 29.97
2025-05-26 02:30:16,899 - ConfigConverter - DEBUG - Condition evaluation: eq 29.97  = False
2025-05-26 02:30:16,899 - ConfigConverter - WARNING - Skipping rule for framerate=29.97 due to source condition not matching
2025-05-26 02:30:16,899 - ConfigConverter - DEBUG - Processing rule for keyframe, value: [60, 250]
2025-05-26 02:30:16,899 - ConfigConverter - INFO - Mapped parameter: keyframe=[60, 250] → Settings.OutputGroups[0].Outputs[0].VideoDescription.CodecSettings.H264Settings.GopSize=[60, 250]
2025-05-26 02:30:16,899 - ConfigConverter - DEBUG - Processing rule for video_codec, value: libx264
2025-05-26 02:30:16,899 - ConfigConverter - DEBUG - Condition using source_path output from original data, value: mp4
2025-05-26 02:30:16,899 - ConfigConverter - DEBUG - Condition evaluation: eq mp4 mp4 = True
2025-05-26 02:30:16,899 - ConfigConverter - DEBUG - Transformed libx264 using video_codec_format to <class 'str'>
2025-05-26 02:30:16,899 - ConfigConverter - INFO - Mapped parameter: video_codec=libx264 → Settings.OutputGroups[0].Outputs[0].VideoDescription.CodecSettings.Codec=H_264
2025-05-26 02:30:16,899 - ConfigConverter - DEBUG - Skipping already processed parameter: video_codec_parameters.level
2025-05-26 02:30:16,899 - ConfigConverter - DEBUG - Processing rule for video_codec_parameters.coder, value: 1
2025-05-26 02:30:16,899 - ConfigConverter - DEBUG - Transformed 1 using coder_format to <class 'str'>
2025-05-26 02:30:16,899 - ConfigConverter - INFO - Mapped parameter: video_codec_parameters.coder=1 → Settings.OutputGroups[0].Outputs[0].VideoDescription.CodecSettings.H264Settings.EntropyEncoding=CAVLC
2025-05-26 02:30:16,899 - ConfigConverter - DEBUG - Processing rule for video_codec_parameters.coder, value: 1
2025-05-26 02:30:16,899 - ConfigConverter - DEBUG - Evaluating AND condition with 2 subconditions
2025-05-26 02:30:16,899 - ConfigConverter - DEBUG - Evaluating OR condition with 2 subconditions
2025-05-26 02:30:16,899 - ConfigConverter - DEBUG - Condition using source_path level from original data, value: None
2025-05-26 02:30:16,899 - ConfigConverter - DEBUG - Condition evaluation: eq None 30 = False
2025-05-26 02:30:16,899 - ConfigConverter - DEBUG - Condition using source_path video_codec_parameters.level from original data, value: 31
2025-05-26 02:30:16,899 - ConfigConverter - DEBUG - Condition evaluation: eq 31 30 = False
2025-05-26 02:30:16,899 - ConfigConverter - DEBUG - OR condition result: False
2025-05-26 02:30:16,899 - ConfigConverter - DEBUG - AND condition result: False
2025-05-26 02:30:16,899 - ConfigConverter - WARNING - Skipping rule for video_codec_parameters.coder=1 due to source condition not matching
2025-05-26 02:30:16,899 - ConfigConverter - DEBUG - Skipping already processed parameter: video_codec_parameters.flags
2025-05-26 02:30:16,899 - ConfigConverter - DEBUG - Skipping already processed parameter: video_codec_parameters.flags2
2025-05-26 02:30:16,899 - ConfigConverter - DEBUG - Skipping already processed parameter: video_codec_parameters.cmp
2025-05-26 02:30:16,899 - ConfigConverter - DEBUG - Skipping already processed parameter: video_codec_parameters.partitions
2025-05-26 02:30:16,900 - ConfigConverter - DEBUG - Skipping already processed parameter: video_codec_parameters.me_method
2025-05-26 02:30:16,900 - ConfigConverter - DEBUG - Skipping already processed parameter: video_codec_parameters.subq
2025-05-26 02:30:16,900 - ConfigConverter - DEBUG - Skipping already processed parameter: video_codec_parameters.me_range
2025-05-26 02:30:16,900 - ConfigConverter - DEBUG - Processing rule for video_codec_parameters.keyint_min, value: 25
2025-05-26 02:30:16,900 - ConfigConverter - INFO - Mapped parameter: video_codec_parameters.keyint_min=25 → Settings.OutputGroups[0].Outputs[0].VideoDescription.CodecSettings.H264Settings.MinIInterval=25
2025-05-26 02:30:16,900 - ConfigConverter - DEBUG - Processing rule for video_codec_parameters.keyint_min, value: 25
2025-05-26 02:30:16,900 - ConfigConverter - INFO - Mapped parameter: video_codec_parameters.keyint_min=25 → Settings.OutputGroups[0].Outputs[0].VideoDescription.CodecSettings.H264Settings.MinIInterval=25
2025-05-26 02:30:16,900 - ConfigConverter - DEBUG - Processing rule for video_codec_parameters.sc_threshold, value: 40
2025-05-26 02:30:16,900 - ConfigConverter - DEBUG - Transformed 40 using sc_threshold_format to <class 'str'>
2025-05-26 02:30:16,900 - ConfigConverter - INFO - Mapped parameter: video_codec_parameters.sc_threshold=40 → Settings.OutputGroups[0].Outputs[0].VideoDescription.CodecSettings.H264Settings.SceneChangeDetect=ENABLED
2025-05-26 02:30:16,900 - ConfigConverter - DEBUG - Processing rule for video_codec_parameters.sc_threshold, value: 40
2025-05-26 02:30:16,900 - ConfigConverter - DEBUG - Transformed 40 using sc_threshold_format to <class 'str'>
2025-05-26 02:30:16,900 - ConfigConverter - INFO - Mapped parameter: video_codec_parameters.sc_threshold=40 → Settings.OutputGroups[0].Outputs[0].VideoDescription.CodecSettings.H264Settings.SceneChangeDetect=ENABLED
2025-05-26 02:30:16,900 - ConfigConverter - DEBUG - Skipping already processed parameter: video_codec_parameters.i_qfactor
2025-05-26 02:30:16,900 - ConfigConverter - DEBUG - Processing rule for video_codec_parameters.b_strategy, value: 1
2025-05-26 02:30:16,900 - ConfigConverter - DEBUG - Condition evaluation: lte 1 7 = True
2025-05-26 02:30:16,900 - ConfigConverter - INFO - Mapped parameter: video_codec_parameters.b_strategy=1 → Settings.OutputGroups[0].Outputs[0].VideoDescription.CodecSettings.H264Settings.NumberBFramesBetweenReferenceFrames=1
2025-05-26 02:30:16,900 - ConfigConverter - DEBUG - Processing rule for video_codec_parameters.b_strategy, value: 1
2025-05-26 02:30:16,900 - ConfigConverter - INFO - Mapped parameter: video_codec_parameters.b_strategy=1 → Settings.OutputGroups[0].Outputs[0].VideoDescription.CodecSettings.H264Settings.NumberBFramesBetweenReferenceFrames=1
2025-05-26 02:30:16,900 - ConfigConverter - DEBUG - Skipping already processed parameter: video_codec_parameters.qcomp
2025-05-26 02:30:16,900 - ConfigConverter - DEBUG - Skipping already processed parameter: video_codec_parameters.qmin
2025-05-26 02:30:16,900 - ConfigConverter - DEBUG - Skipping already processed parameter: video_codec_parameters.qmax
2025-05-26 02:30:16,900 - ConfigConverter - DEBUG - Skipping already processed parameter: video_codec_parameters.qdiff
2025-05-26 02:30:16,900 - ConfigConverter - DEBUG - Processing rule for video_codec_parameters.directpred, value: 1
2025-05-26 02:30:16,900 - ConfigConverter - INFO - Mapped parameter: video_codec_parameters.directpred=1 → Settings.OutputGroups[0].Outputs[0].VideoDescription.CodecSettings.H264Settings.Slices=1
2025-05-26 02:30:16,900 - ConfigConverter - DEBUG - Processing rule for video_codec_parameters.vprofile, value: main
2025-05-26 02:30:16,900 - ConfigConverter - DEBUG - Transformed main using profile_format to <class 'str'>
2025-05-26 02:30:16,900 - ConfigConverter - DEBUG - Overwriting existing value at Settings.OutputGroups[0].Outputs[0].VideoDescription.CodecSettings.H264Settings.CodecProfile: HIGH -> MAIN
2025-05-26 02:30:16,900 - ConfigConverter - INFO - Mapped parameter: video_codec_parameters.vprofile=main → Settings.OutputGroups[0].Outputs[0].VideoDescription.CodecSettings.H264Settings.CodecProfile=MAIN
2025-05-26 02:30:16,900 - ConfigConverter - DEBUG - Skipping already processed parameter: audio_bitrate
2025-05-26 02:30:16,900 - ConfigConverter - DEBUG - Skipping already processed parameter: audio_sample_rate
2025-05-26 02:30:16,900 - ConfigConverter - DEBUG - Processing rule for audio_channels_number, value: 2
2025-05-26 02:30:16,900 - ConfigConverter - DEBUG - Condition using source_path audio_codec from original data, value: libfaac
2025-05-26 02:30:16,900 - ConfigConverter - DEBUG - Condition evaluation: in libfaac ['dolby_aac', 'dolby_heaac', 'libfaac'] = True
2025-05-26 02:30:16,900 - ConfigConverter - DEBUG - Transformed 2 using audio_channels_format to <class 'str'>
2025-05-26 02:30:16,900 - ConfigConverter - INFO - Mapped parameter: audio_channels_number=2 → Settings.OutputGroups[0].Outputs[0].AudioDescriptions[0].CodecSettings.AacSettings.CodingMode=CODING_MODE_2_0
2025-05-26 02:30:16,900 - ConfigConverter - DEBUG - Processing rule for audio_channels_number, value: 2
2025-05-26 02:30:16,900 - ConfigConverter - DEBUG - Condition using source_path audio_codec from original data, value: libfaac
2025-05-26 02:30:16,900 - ConfigConverter - DEBUG - Condition evaluation: eq libfaac ac3 = False
2025-05-26 02:30:16,900 - ConfigConverter - WARNING - Skipping rule for audio_channels_number=2 due to source condition not matching
2025-05-26 02:30:16,900 - ConfigConverter - DEBUG - Processing rule for downmix_mode, value: pl2
2025-05-26 02:30:16,900 - ConfigConverter - DEBUG - Transformed pl2 using downmix_mode_format to <class 'str'>
2025-05-26 02:30:16,900 - ConfigConverter - INFO - Mapped parameter: downmix_mode=pl2 → Settings.OutputGroups[0].Outputs[0].AudioDescriptions[0].CodecSettings.AacSettings.CodingMode=CODING_MODE_2_0
2025-05-26 02:30:16,900 - ConfigConverter - DEBUG - Skipping already processed parameter: audio_codec
2025-05-26 02:30:16,900 - ConfigConverter - DEBUG - Processing rule for audio_volume, value: 100
2025-05-26 02:30:16,900 - ConfigConverter - DEBUG - Evaluating NOT condition
2025-05-26 02:30:16,900 - ConfigConverter - DEBUG - Condition using source_path audio_normalization from original data, value: None
2025-05-26 02:30:16,900 - ConfigConverter - DEBUG - Condition evaluation: exists None None = False
2025-05-26 02:30:16,900 - ConfigConverter - DEBUG - NOT condition result: True
2025-05-26 02:30:16,901 - ConfigConverter - DEBUG - Transformed 100 using audio_volume_format to <class 'float'>
2025-05-26 02:30:16,901 - ConfigConverter - INFO - Mapped parameter: audio_volume=100 → Settings.OutputGroups[0].Outputs[0].AudioDescriptions[0].AudioNormalizationSettings.TargetLkfs=-2.0
2025-05-26 02:30:16,901 - ConfigConverter - DEBUG - Processing rule for loudnorm, value: -24.0
2025-05-26 02:30:16,901 - ConfigConverter - DEBUG - Overwriting existing value at Settings.OutputGroups[0].Outputs[0].AudioDescriptions[0].AudioNormalizationSettings.TargetLkfs: -2.0 -> -24.0
2025-05-26 02:30:16,901 - ConfigConverter - INFO - Mapped parameter: loudnorm=-24.0 → Settings.OutputGroups[0].Outputs[0].AudioDescriptions[0].AudioNormalizationSettings.TargetLkfs=-24.0
2025-05-26 02:30:16,901 - ConfigConverter - DEBUG - Processing rule for loudnorm_peak, value: -2.0
2025-05-26 02:30:16,901 - ConfigConverter - INFO - Mapped parameter: loudnorm_peak=-2.0 → Settings.OutputGroups[0].Outputs[0].AudioDescriptions[0].AudioNormalizationSettings.TruePeakLimiterThreshold=-2.0
2025-05-26 02:30:16,901 - ConfigConverter - DEBUG - Processing rule for turbo, value: no
2025-05-26 02:30:16,901 - ConfigConverter - DEBUG - Condition evaluation: eq no yes = False
2025-05-26 02:30:16,901 - ConfigConverter - WARNING - Skipping rule for turbo=no due to source condition not matching
2025-05-26 02:30:16,901 - ConfigConverter - DEBUG - Processing rule for twin_turbo, value: no
2025-05-26 02:30:16,901 - ConfigConverter - DEBUG - Condition evaluation: eq no yes = False
2025-05-26 02:30:16,901 - ConfigConverter - WARNING - Skipping rule for twin_turbo=no due to source condition not matching
2025-05-26 02:30:16,901 - ConfigConverter - DEBUG - Skipping already processed parameter: cbr
2025-05-26 02:30:16,901 - ConfigConverter - DEBUG - Processing rule for hard_cbr, value: no
2025-05-26 02:30:16,901 - ConfigConverter - DEBUG - Transformed no using hard_cbr_format to <class 'str'>
2025-05-26 02:30:16,901 - ConfigConverter - INFO - Mapped parameter: hard_cbr=no → Settings.OutputGroups[0].Outputs[0].VideoDescription.CodecSettings.H264Settings.RateControlMode=VBR
2025-05-26 02:30:16,901 - ConfigConverter - DEBUG - Processing rule for deinterlacing, value: auto
2025-05-26 02:30:16,901 - ConfigConverter - DEBUG - Condition evaluation: in auto ['yes', 'auto'] = True
2025-05-26 02:30:16,901 - ConfigConverter - DEBUG - Using static value: {}
2025-05-26 02:30:16,901 - ConfigConverter - INFO - Mapped parameter: deinterlacing=auto → Settings.OutputGroups[0].Outputs[0].VideoDescription.VideoPreprocessors.Deinterlacer={}
2025-05-26 02:30:16,901 - ConfigConverter - DEBUG - Processing rule for video_sync, value: old
2025-05-26 02:30:16,901 - ConfigConverter - DEBUG - Condition evaluation: eq old cfr = False
2025-05-26 02:30:16,901 - ConfigConverter - WARNING - Skipping rule for video_sync=old due to source condition not matching
2025-05-26 02:30:16,901 - ConfigConverter - DEBUG - Processing rule for video_sync, value: old
2025-05-26 02:30:16,901 - ConfigConverter - DEBUG - Condition evaluation: in old ['old', 'passthrough'] = True
2025-05-26 02:30:16,901 - ConfigConverter - DEBUG - Using static value: INITIALIZE_FROM_SOURCE
2025-05-26 02:30:16,901 - ConfigConverter - DEBUG - Overwriting existing value at Settings.OutputGroups[0].Outputs[0].VideoDescription.CodecSettings.H264Settings.FramerateControl: SPECIFIED -> INITIALIZE_FROM_SOURCE
2025-05-26 02:30:16,901 - ConfigConverter - INFO - Mapped parameter: video_sync=old → Settings.OutputGroups[0].Outputs[0].VideoDescription.CodecSettings.H264Settings.FramerateControl=INITIALIZE_FROM_SOURCE
2025-05-26 02:30:16,901 - ConfigConverter - DEBUG - Processing rule for apply_timecode, value: no
2025-05-26 02:30:16,901 - ConfigConverter - DEBUG - Transformed no using timecode_source_format to <class 'str'>
2025-05-26 02:30:16,901 - ConfigConverter - INFO - Mapped parameter: apply_timecode=no → Settings.TimecodeConfig.Source=ZEROBASED
2025-05-26 02:30:16,901 - ConfigConverter - DEBUG - Skipping already processed parameter: rotate
2025-05-26 02:30:16,901 - ConfigConverter - DEBUG - Skipping already processed parameter: metadata_copy
2025-05-26 02:30:16,901 - ConfigConverter - DEBUG - Skipping already processed parameter: strip_chapters
2025-05-26 02:30:16,901 - ConfigConverter - DEBUG - Skipping already processed parameter: pix_format
2025-05-26 02:30:16,901 - ConfigConverter - DEBUG - Skipping already processed parameter: encoder
2025-05-26 02:30:16,901 - ConfigConverter - DEBUG - Skipping already processed parameter: file_extension
2025-05-26 02:30:16,901 - ConfigConverter - DEBUG - Processing rule for ftyp, value: mp42
2025-05-26 02:30:16,901 - ConfigConverter - INFO - Mapped parameter: ftyp=mp42 → Settings.OutputGroups[0].Outputs[0].ContainerSettings.Mp4Settings.Mp4MajorBrand=mp42
2025-05-26 02:30:16,901 - ConfigConverter - DEBUG - Skipping already processed parameter: hint
2025-05-26 02:30:16,901 - ConfigConverter - DEBUG - Processing rule for set_rotate, value: 0
2025-05-26 02:30:16,901 - ConfigConverter - DEBUG - Transformed 0 using rotate_format to <class 'str'>
2025-05-26 02:30:16,901 - ConfigConverter - INFO - Mapped parameter: set_rotate=0 → Settings.Inputs[0].VideoSelector.Rotate=DEGREE_0
2025-05-26 02:30:16,901 - ConfigConverter - DEBUG - Processing rule for force_interlaced, value: no
2025-05-26 02:30:16,901 - ConfigConverter - DEBUG - Transformed no using force_interlaced_format to <class 'str'>
2025-05-26 02:30:16,901 - ConfigConverter - INFO - Mapped parameter: force_interlaced=no → Settings.OutputGroups[0].Outputs[0].VideoDescription.CodecSettings.H264Settings.InterlaceMode=PROGRESSIVE
2025-05-26 02:30:16,902 - ConfigConverter - DEBUG - Processing rule for timecode_track, value: no
2025-05-26 02:30:16,902 - ConfigConverter - DEBUG - Condition evaluation: eq no yes = False
2025-05-26 02:30:16,902 - ConfigConverter - WARNING - Skipping rule for timecode_track=no due to source condition not matching
2025-05-26 02:30:16,902 - ConfigConverter - DEBUG - Processing rule for destination, value: http://test_url.s3.amazonaws.com/encoding.com.output/mock_mock_output_rendition_name_11111_668.mp4?acl=public-read
2025-05-26 02:30:16,902 - ConfigConverter - DEBUG - Using static value: S3_OUTPUT_URL
2025-05-26 02:30:16,902 - ConfigConverter - DEBUG - Overwriting existing value at Settings.OutputGroups[0].OutputGroupSettings.FileGroupSettings.Destination: {DEST_S3_URL} -> S3_OUTPUT_URL
2025-05-26 02:30:16,902 - ConfigConverter - INFO - Mapped parameter: destination=http://test_url.s3.amazonaws.com/encoding.com.output/mock_mock_output_rendition_name_11111_668.mp4?acl=public-read → Settings.OutputGroups[0].OutputGroupSettings.FileGroupSettings.Destination=S3_OUTPUT_URL
2025-05-26 02:30:16,902 - ConfigConverter - WARNING - Unmapped parameter: use_manifest = yes
2025-05-26 02:30:16,902 - ConfigConverter - WARNING - Unmapped parameter: timescale = 30000
2025-05-26 02:30:16,902 - ConfigConverter - WARNING - Unmapped parameter: copy_nielsen_metadata = no
2025-05-26 02:30:16,902 - ConfigConverter - WARNING - Unmapped parameter: video_only = no
2025-05-26 02:30:16,902 - ConfigConverter - WARNING - Unmapped parameter: audio_only = no
2025-05-26 02:30:16,902 - ConfigConverter - INFO - Conversion summary for /home/ec2-user/e2mc_assistant/encoding_profiles/pilot1/mp4/668.xml:
2025-05-26 02:30:16,902 - ConfigConverter - INFO -   - Total parameters: 80
2025-05-26 02:30:16,902 - ConfigConverter - INFO -   - Mapped parameters: 75 (93.8%)
2025-05-26 02:30:16,902 - ConfigConverter - INFO -   - Unmapped parameters: 5 (6.2%)
2025-05-26 02:30:16,902 - ConfigConverter - INFO - Added missing NameModifier: _1280x720_5000000_mc
2025-05-26 02:30:16,902 - root - INFO - Conversion completed. Output saved to /home/ec2-user/e2mc_assistant/tranformed_mc_profiles/pilot1/mp4/668.json
2025-05-26 08:22:22,662 - root - INFO - Logging conversion details to: /home/ec2-user/e2mc_assistant/tranformed_mc_profiles/pilot1/mp4/668.log
2025-05-26 08:22:22,663 - ConfigConverter - DEBUG - Parsed XML structure: {'output': 'mp4', 'size': '1280x720', 'two_pass': ['no', 'no'], 'copy_timestamps': ['no', 'yes'], 'use_manifest': 'yes', 'profile': 'high', 'bitrate': '5000k', 'keep_aspect_ratio': 'yes', 'framerate': 29.97, 'keyframe': [60, 250], 'video_codec': 'libx264', 'video_codec_parameters': {'level': 31, 'coder': 1, 'flags': '+loop', 'flags2': '-bpyramid+fastpskip-dct8x8', 'cmp': '+chroma', 'partitions': '+parti8x8+parti4x4+partp8x8+partb8x8', 'me_method': 'hex', 'subq': 6, 'me_range': 16, 'keyint_min': 25, 'sc_threshold': 40, 'i_qfactor': 0.71, 'b_strategy': 1, 'qcomp': 0.6, 'qmin': 10, 'qmax': 51, 'qdiff': 4, 'directpred': 1, 'vprofile': 'main'}, 'timescale': 30000, 'audio_bitrate': '96k', 'audio_sample_rate': 48000, 'audio_channels_number': 2, 'downmix_mode': 'pl2', 'audio_codec': 'libfaac', 'audio_volume': 100, 'loudnorm': -24.0, 'loudnorm_peak': -2.0, 'turbo': 'no', 'twin_turbo': 'no', 'cbr': 'no', 'hard_cbr': 'no', 'deinterlacing': 'auto', 'video_sync': 'old', 'apply_timecode': 'no', 'rotate': 'def', 'metadata_copy': 'no', 'strip_chapters': 'no', 'pix_format': 'yuv420p', 'encoder': 'v1', 'file_extension': 'mp4', 'ftyp': 'mp42', 'hint': 'no', 'set_rotate': 0, 'copy_nielsen_metadata': 'no', 'force_interlaced': 'no', 'timecode_track': 'no', 'video_only': 'no', 'audio_only': 'no', 'destination': 'http://test_url.s3.amazonaws.com/encoding.com.output/mock_mock_output_rendition_name_11111_668.mp4?acl=public-read'}
2025-05-26 08:22:22,663 - ConfigConverter - INFO - Set RateControlMode to VBR because <cbr>=no and <cabr> doesn't exist
2025-05-26 08:22:22,663 - ConfigConverter - INFO - Set Bitrate to 5000000 from <bitrate>=5000k
2025-05-26 08:22:22,663 - ConfigConverter - INFO - Setting MaxBitrate to 12500000 (2.5 * Bitrate)
2025-05-26 08:22:22,663 - ConfigConverter - INFO - Parameter cbr processed by custom rate control handler
2025-05-26 08:22:22,663 - ConfigConverter - INFO - Parameter bitrate processed by custom rate control handler
2025-05-26 08:22:22,663 - ConfigConverter - INFO - Set AudioDescriptions[0].CodecSettings.Codec to AAC from <audio_codec>=libfaac
2025-05-26 08:22:22,663 - ConfigConverter - INFO - Set AudioDescriptions[0].CodecSettings.AacSettings.Bitrate to default value 96000
2025-05-26 08:22:22,663 - ConfigConverter - INFO - Set AudioDescriptions[0].CodecSettings.AacSettings.SampleRate to default value 48000
2025-05-26 08:22:22,663 - ConfigConverter - INFO - Set AudioDescriptions[0].CodecSettings.AacSettings.CodingMode to CODING_MODE_2_0 (default stereo)
2025-05-26 08:22:22,663 - ConfigConverter - INFO - Set AudioDescriptions[0].CodecSettings.AacSettings.Bitrate to 96000 from <audio_bitrate>=96k
2025-05-26 08:22:22,663 - ConfigConverter - INFO - Set AudioDescriptions[0].CodecSettings.AacSettings.SampleRate to 48000 from <audio_sample_rate>=48000
2025-05-26 08:22:22,663 - ConfigConverter - INFO - Audio parameters processed by custom audio settings handler
2025-05-26 08:22:22,663 - ConfigConverter - DEBUG - Processing iteration rule for alternate_source
2025-05-26 08:22:22,663 - ConfigConverter - DEBUG - No array found at alternate_source or not a list
2025-05-26 08:22:22,664 - ConfigConverter - DEBUG - Processing dummy rule for VCodecParameters
2025-05-26 08:22:22,664 - ConfigConverter - INFO - Mapped parameter: VCodecParameters=None → [DUMMY RULE]
2025-05-26 08:22:22,664 - ConfigConverter - DEBUG - Processing dummy rule for acbr
2025-05-26 08:22:22,664 - ConfigConverter - INFO - Mapped parameter: acbr=None → [DUMMY RULE]
2025-05-26 08:22:22,664 - ConfigConverter - DEBUG - Processing dummy rule for add_audio_only
2025-05-26 08:22:22,664 - ConfigConverter - INFO - Mapped parameter: add_audio_only=None → [DUMMY RULE]
2025-05-26 08:22:22,664 - ConfigConverter - DEBUG - Processing dummy rule for clipmode
2025-05-26 08:22:22,664 - ConfigConverter - INFO - Mapped parameter: clipmode=None → [DUMMY RULE]
2025-05-26 08:22:22,664 - ConfigConverter - DEBUG - Processing dummy rule for closed_captions.cc_extract_before
2025-05-26 08:22:22,664 - ConfigConverter - INFO - Mapped parameter: closed_captions.cc_extract_before=None → [DUMMY RULE]
2025-05-26 08:22:22,664 - ConfigConverter - DEBUG - Processing dummy rule for closed_captions.direct_copy
2025-05-26 08:22:22,664 - ConfigConverter - INFO - Mapped parameter: closed_captions.direct_copy=None → [DUMMY RULE]
2025-05-26 08:22:22,664 - ConfigConverter - DEBUG - Processing dummy rule for closed_captions.get_from_manifest
2025-05-26 08:22:22,664 - ConfigConverter - INFO - Mapped parameter: closed_captions.get_from_manifest=None → [DUMMY RULE]
2025-05-26 08:22:22,664 - ConfigConverter - DEBUG - Processing dummy rule for closed_captions.ignore_cc_absence
2025-05-26 08:22:22,664 - ConfigConverter - INFO - Mapped parameter: closed_captions.ignore_cc_absence=None → [DUMMY RULE]
2025-05-26 08:22:22,664 - ConfigConverter - DEBUG - Processing dummy rule for closed_captions.role
2025-05-26 08:22:22,664 - ConfigConverter - INFO - Mapped parameter: closed_captions.role=None → [DUMMY RULE]
2025-05-26 08:22:22,664 - ConfigConverter - DEBUG - Processing dummy rule for closed_captions.vtt_split_segments
2025-05-26 08:22:22,664 - ConfigConverter - INFO - Mapped parameter: closed_captions.vtt_split_segments=None → [DUMMY RULE]
2025-05-26 08:22:22,664 - ConfigConverter - DEBUG - Processing dummy rule for drm
2025-05-26 08:22:22,664 - ConfigConverter - INFO - Mapped parameter: drm=None → [DUMMY RULE]
2025-05-26 08:22:22,664 - ConfigConverter - DEBUG - Processing dummy rule for encoder
2025-05-26 08:22:22,664 - ConfigConverter - INFO - Mapped parameter: encoder=v1 → [DUMMY RULE]
2025-05-26 08:22:22,664 - ConfigConverter - DEBUG - Processing dummy rule for encryption
2025-05-26 08:22:22,664 - ConfigConverter - INFO - Mapped parameter: encryption=None → [DUMMY RULE]
2025-05-26 08:22:22,664 - ConfigConverter - DEBUG - Processing dummy rule for hint
2025-05-26 08:22:22,664 - ConfigConverter - INFO - Mapped parameter: hint=no → [DUMMY RULE]
2025-05-26 08:22:22,664 - ConfigConverter - DEBUG - Processing dummy rule for pix_format
2025-05-26 08:22:22,664 - ConfigConverter - INFO - Mapped parameter: pix_format=yuv420p → [DUMMY RULE]
2025-05-26 08:22:22,664 - ConfigConverter - DEBUG - Processing dummy rule for set_video_duration
2025-05-26 08:22:22,664 - ConfigConverter - INFO - Mapped parameter: set_video_duration=None → [DUMMY RULE]
2025-05-26 08:22:22,664 - ConfigConverter - DEBUG - Processing dummy rule for strip_chapters
2025-05-26 08:22:22,664 - ConfigConverter - INFO - Mapped parameter: strip_chapters=no → [DUMMY RULE]
2025-05-26 08:22:22,664 - ConfigConverter - DEBUG - Processing dummy rule for video_codec_parameters.cmp
2025-05-26 08:22:22,664 - ConfigConverter - INFO - Mapped parameter: video_codec_parameters.cmp=+chroma → [DUMMY RULE]
2025-05-26 08:22:22,664 - ConfigConverter - DEBUG - Processing dummy rule for video_codec_parameters.code
2025-05-26 08:22:22,664 - ConfigConverter - INFO - Mapped parameter: video_codec_parameters.code=None → [DUMMY RULE]
2025-05-26 08:22:22,664 - ConfigConverter - DEBUG - Processing dummy rule for video_codec_parameters.flags
2025-05-26 08:22:22,664 - ConfigConverter - INFO - Mapped parameter: video_codec_parameters.flags=+loop → [DUMMY RULE]
2025-05-26 08:22:22,664 - ConfigConverter - DEBUG - Processing dummy rule for video_codec_parameters.flags2
2025-05-26 08:22:22,664 - ConfigConverter - INFO - Mapped parameter: video_codec_parameters.flags2=-bpyramid+fastpskip-dct8x8 → [DUMMY RULE]
2025-05-26 08:22:22,664 - ConfigConverter - DEBUG - Processing dummy rule for video_codec_parameters.i_qfactor
2025-05-26 08:22:22,664 - ConfigConverter - INFO - Mapped parameter: video_codec_parameters.i_qfactor=0.71 → [DUMMY RULE]
2025-05-26 08:22:22,664 - ConfigConverter - DEBUG - Processing dummy rule for video_codec_parameters.mbtree
2025-05-26 08:22:22,664 - ConfigConverter - INFO - Mapped parameter: video_codec_parameters.mbtree=None → [DUMMY RULE]
2025-05-26 08:22:22,664 - ConfigConverter - DEBUG - Processing dummy rule for video_codec_parameters.me_method
2025-05-26 08:22:22,664 - ConfigConverter - INFO - Mapped parameter: video_codec_parameters.me_method=hex → [DUMMY RULE]
2025-05-26 08:22:22,664 - ConfigConverter - DEBUG - Processing dummy rule for video_codec_parameters.me_range
2025-05-26 08:22:22,664 - ConfigConverter - INFO - Mapped parameter: video_codec_parameters.me_range=16 → [DUMMY RULE]
2025-05-26 08:22:22,664 - ConfigConverter - DEBUG - Processing dummy rule for video_codec_parameters.qcomp
2025-05-26 08:22:22,664 - ConfigConverter - INFO - Mapped parameter: video_codec_parameters.qcomp=0.6 → [DUMMY RULE]
2025-05-26 08:22:22,665 - ConfigConverter - DEBUG - Processing dummy rule for video_codec_parameters.qdiff
2025-05-26 08:22:22,665 - ConfigConverter - INFO - Mapped parameter: video_codec_parameters.qdiff=4 → [DUMMY RULE]
2025-05-26 08:22:22,665 - ConfigConverter - DEBUG - Processing dummy rule for video_codec_parameters.subq
2025-05-26 08:22:22,665 - ConfigConverter - INFO - Mapped parameter: video_codec_parameters.subq=6 → [DUMMY RULE]
2025-05-26 08:22:22,665 - ConfigConverter - DEBUG - Processing dummy rule for video_codec_parameters.trellis
2025-05-26 08:22:22,665 - ConfigConverter - INFO - Mapped parameter: video_codec_parameters.trellis=None → [DUMMY RULE]
2025-05-26 08:22:22,665 - ConfigConverter - DEBUG - Processing dummy rule for video_codec_parameters.qmax
2025-05-26 08:22:22,665 - ConfigConverter - INFO - Mapped parameter: video_codec_parameters.qmax=51 → [DUMMY RULE]
2025-05-26 08:22:22,665 - ConfigConverter - DEBUG - Processing dummy rule for video_codec_parameters.qmin
2025-05-26 08:22:22,665 - ConfigConverter - INFO - Mapped parameter: video_codec_parameters.qmin=10 → [DUMMY RULE]
2025-05-26 08:22:22,665 - ConfigConverter - DEBUG - Processing dummy rule for closed_captions.forced
2025-05-26 08:22:22,665 - ConfigConverter - INFO - Mapped parameter: closed_captions.forced=None → [DUMMY RULE]
2025-05-26 08:22:22,665 - ConfigConverter - DEBUG - Processing dummy rule for file_extension
2025-05-26 08:22:22,665 - ConfigConverter - INFO - Mapped parameter: file_extension=mp4 → [DUMMY RULE]
2025-05-26 08:22:22,665 - ConfigConverter - DEBUG - Processing dummy rule for rotate
2025-05-26 08:22:22,665 - ConfigConverter - INFO - Mapped parameter: rotate=def → [DUMMY RULE]
2025-05-26 08:22:22,665 - ConfigConverter - DEBUG - Processing dummy rule for metadata_copy
2025-05-26 08:22:22,665 - ConfigConverter - INFO - Mapped parameter: metadata_copy=no → [DUMMY RULE]
2025-05-26 08:22:22,665 - ConfigConverter - DEBUG - Processing dummy rule for video_codec_parameters.transfer_characteristics
2025-05-26 08:22:22,665 - ConfigConverter - INFO - Mapped parameter: video_codec_parameters.transfer_characteristics=None → [DUMMY RULE]
2025-05-26 08:22:22,665 - ConfigConverter - DEBUG - Processing dummy rule for video_codec_parameters.partitions
2025-05-26 08:22:22,665 - ConfigConverter - INFO - Mapped parameter: video_codec_parameters.partitions=+parti8x8+parti4x4+partp8x8+partb8x8 → [DUMMY RULE]
2025-05-26 08:22:22,665 - ConfigConverter - DEBUG - Processing dummy rule for closed_captions.cea_data_field
2025-05-26 08:22:22,665 - ConfigConverter - INFO - Mapped parameter: closed_captions.cea_data_field=None → [DUMMY RULE]
2025-05-26 08:22:22,665 - ConfigConverter - DEBUG - Processing dummy rule for loudnorm_range
2025-05-26 08:22:22,665 - ConfigConverter - INFO - Mapped parameter: loudnorm_range=None → [DUMMY RULE]
2025-05-26 08:22:22,665 - ConfigConverter - DEBUG - Processing dummy rule for video_codec_parameters.level
2025-05-26 08:22:22,665 - ConfigConverter - INFO - Mapped parameter: video_codec_parameters.level=31 → [DUMMY RULE]
2025-05-26 08:22:22,665 - ConfigConverter - DEBUG - Processing dummy rule for level
2025-05-26 08:22:22,665 - ConfigConverter - INFO - Mapped parameter: level=None → [DUMMY RULE]
2025-05-26 08:22:22,665 - ConfigConverter - DEBUG - Processing rule for output, value: mp4
2025-05-26 08:22:22,665 - ConfigConverter - DEBUG - Condition evaluation: eq mp4 advanced_dash = False
2025-05-26 08:22:22,665 - ConfigConverter - WARNING - Skipping rule for output=mp4 due to source condition not matching
2025-05-26 08:22:22,665 - ConfigConverter - DEBUG - Processing rule for output, value: mp4
2025-05-26 08:22:22,665 - ConfigConverter - DEBUG - Condition evaluation: eq mp4 advanced_fmp4 = False
2025-05-26 08:22:22,665 - ConfigConverter - WARNING - Skipping rule for output=mp4 due to source condition not matching
2025-05-26 08:22:22,665 - ConfigConverter - DEBUG - Processing rule for output, value: mp4
2025-05-26 08:22:22,665 - ConfigConverter - DEBUG - Condition evaluation: eq mp4 advanced_hls = False
2025-05-26 08:22:22,665 - ConfigConverter - WARNING - Skipping rule for output=mp4 due to source condition not matching
2025-05-26 08:22:22,665 - ConfigConverter - DEBUG - Processing rule for output, value: mp4
2025-05-26 08:22:22,665 - ConfigConverter - DEBUG - Condition evaluation: eq mp4 flv = False
2025-05-26 08:22:22,665 - ConfigConverter - WARNING - Skipping rule for output=mp4 due to source condition not matching
2025-05-26 08:22:22,665 - ConfigConverter - DEBUG - Processing rule for output, value: mp4
2025-05-26 08:22:22,665 - ConfigConverter - DEBUG - Condition evaluation: eq mp4 fmp4_hls = False
2025-05-26 08:22:22,665 - ConfigConverter - WARNING - Skipping rule for output=mp4 due to source condition not matching
2025-05-26 08:22:22,665 - ConfigConverter - DEBUG - Processing rule for output, value: mp4
2025-05-26 08:22:22,665 - ConfigConverter - DEBUG - Condition evaluation: eq mp4 ipad_stream = False
2025-05-26 08:22:22,665 - ConfigConverter - WARNING - Skipping rule for output=mp4 due to source condition not matching
2025-05-26 08:22:22,665 - ConfigConverter - DEBUG - Processing rule for output, value: mp4
2025-05-26 08:22:22,665 - ConfigConverter - DEBUG - Condition evaluation: eq mp4 iphone = False
2025-05-26 08:22:22,665 - ConfigConverter - WARNING - Skipping rule for output=mp4 due to source condition not matching
2025-05-26 08:22:22,665 - ConfigConverter - DEBUG - Processing rule for output, value: mp4
2025-05-26 08:22:22,665 - ConfigConverter - DEBUG - Condition evaluation: eq mp4 mov = False
2025-05-26 08:22:22,666 - ConfigConverter - WARNING - Skipping rule for output=mp4 due to source condition not matching
2025-05-26 08:22:22,666 - ConfigConverter - DEBUG - Processing rule for output, value: mp4
2025-05-26 08:22:22,666 - ConfigConverter - DEBUG - Condition evaluation: eq mp4 mp4 = True
2025-05-26 08:22:22,666 - ConfigConverter - DEBUG - Using static value: FILE_GROUP_SETTINGS
2025-05-26 08:22:22,666 - ConfigConverter - INFO - Mapped parameter: output=mp4 → Settings.OutputGroups[0].OutputGroupSettings.Type=FILE_GROUP_SETTINGS
2025-05-26 08:22:22,666 - ConfigConverter - DEBUG - Using static value: MP4
2025-05-26 08:22:22,666 - ConfigConverter - INFO - Mapped parameter: output=mp4 → Settings.OutputGroups[0].Outputs[0].ContainerSettings.Container=MP4
2025-05-26 08:22:22,666 - ConfigConverter - DEBUG - Processing rule for output, value: mp4
2025-05-26 08:22:22,666 - ConfigConverter - DEBUG - Condition evaluation: eq mp4 mpeg_dash = False
2025-05-26 08:22:22,666 - ConfigConverter - WARNING - Skipping rule for output=mp4 due to source condition not matching
2025-05-26 08:22:22,666 - ConfigConverter - DEBUG - Processing rule for output, value: mp4
2025-05-26 08:22:22,666 - ConfigConverter - DEBUG - Condition evaluation: eq mp4 mpegts = False
2025-05-26 08:22:22,666 - ConfigConverter - WARNING - Skipping rule for output=mp4 due to source condition not matching
2025-05-26 08:22:22,666 - ConfigConverter - DEBUG - Processing rule for output, value: mp4
2025-05-26 08:22:22,666 - ConfigConverter - DEBUG - Condition evaluation: eq mp4 smooth_streaming = False
2025-05-26 08:22:22,666 - ConfigConverter - WARNING - Skipping rule for output=mp4 due to source condition not matching
2025-05-26 08:22:22,666 - ConfigConverter - DEBUG - Processing rule for output, value: mp4
2025-05-26 08:22:22,666 - ConfigConverter - DEBUG - Condition evaluation: eq mp4 webm = False
2025-05-26 08:22:22,666 - ConfigConverter - WARNING - Skipping rule for output=mp4 due to source condition not matching
2025-05-26 08:22:22,666 - ConfigConverter - DEBUG - Processing rule for size, value: 1280x720
2025-05-26 08:22:22,666 - ConfigConverter - DEBUG - Regex transformed 1280x720 to 1280
2025-05-26 08:22:22,666 - ConfigConverter - INFO - Mapped parameter: size=1280x720 → Settings.OutputGroups[0].Outputs[0].VideoDescription.Width=1280
2025-05-26 08:22:22,666 - ConfigConverter - DEBUG - Regex transformed 1280x720 to 720
2025-05-26 08:22:22,666 - ConfigConverter - INFO - Mapped parameter: size=1280x720 → Settings.OutputGroups[0].Outputs[0].VideoDescription.Height=720
2025-05-26 08:22:22,666 - ConfigConverter - DEBUG - Processing rule for size, value: 1280x720
2025-05-26 08:22:22,666 - ConfigConverter - WARNING - Regex pattern (\d+)x0 did not match 1280x720 for size
2025-05-26 08:22:22,666 - ConfigConverter - WARNING - Regex pattern (\d+)x0 did not match 1280x720 for size
2025-05-26 08:22:22,666 - ConfigConverter - DEBUG - Processing rule for two_pass, value: ['no', 'no']
2025-05-26 08:22:22,666 - ConfigConverter - WARNING - Value '['no', 'no']' not found in transformer 'two_pass_format'
2025-05-26 08:22:22,666 - ConfigConverter - WARNING - Skipping parameter mapping for two_pass=['no', 'no'] → Settings.OutputGroups[0].Outputs[0].VideoDescription.CodecSettings.H264Settings.QualityTuningLevel (no matching transformation)
2025-05-26 08:22:22,666 - ConfigConverter - DEBUG - Processing rule for copy_timestamps, value: ['no', 'yes']
2025-05-26 08:22:22,666 - ConfigConverter - DEBUG - Condition evaluation: eq ['no', 'yes'] yes = False
2025-05-26 08:22:22,666 - ConfigConverter - WARNING - Skipping rule for copy_timestamps=['no', 'yes'] due to source condition not matching
2025-05-26 08:22:22,666 - ConfigConverter - DEBUG - Processing rule for profile, value: high
2025-05-26 08:22:22,666 - ConfigConverter - DEBUG - Transformed high using profile_format to <class 'str'>
2025-05-26 08:22:22,666 - ConfigConverter - INFO - Mapped parameter: profile=high → Settings.OutputGroups[0].Outputs[0].VideoDescription.CodecSettings.H264Settings.CodecProfile=HIGH
2025-05-26 08:22:22,666 - ConfigConverter - DEBUG - Processing rule for profile, value: high
2025-05-26 08:22:22,666 - ConfigConverter - DEBUG - Condition evaluation: eq high baseline = False
2025-05-26 08:22:22,666 - ConfigConverter - WARNING - Skipping rule for profile=high due to source condition not matching
2025-05-26 08:22:22,666 - ConfigConverter - DEBUG - Skipping already processed parameter: bitrate
2025-05-26 08:22:22,666 - ConfigConverter - DEBUG - Processing rule for keep_aspect_ratio, value: yes
2025-05-26 08:22:22,666 - ConfigConverter - DEBUG - Transformed yes using keep_aspect_ratio_format to <class 'str'>
2025-05-26 08:22:22,666 - ConfigConverter - INFO - Mapped parameter: keep_aspect_ratio=yes → Settings.OutputGroups[0].Outputs[0].VideoDescription.ScalingBehavior=DEFAULT
2025-05-26 08:22:22,666 - ConfigConverter - DEBUG - Processing rule for framerate, value: 29.97
2025-05-26 08:22:22,667 - ConfigConverter - DEBUG - Condition evaluation: eq 29.97 24000/1001 = False
2025-05-26 08:22:22,667 - ConfigConverter - WARNING - Skipping rule for framerate=29.97 due to source condition not matching
2025-05-26 08:22:22,667 - ConfigConverter - DEBUG - Processing rule for framerate, value: 29.97
2025-05-26 08:22:22,667 - ConfigConverter - DEBUG - Condition evaluation: eq 29.97 29.97 = True
2025-05-26 08:22:22,667 - ConfigConverter - DEBUG - Using static value: SPECIFIED
2025-05-26 08:22:22,667 - ConfigConverter - INFO - Mapped parameter: framerate=29.97 → Settings.OutputGroups[0].Outputs[0].VideoDescription.CodecSettings.H264Settings.FramerateControl=SPECIFIED
2025-05-26 08:22:22,667 - ConfigConverter - DEBUG - Using static value: 30000
2025-05-26 08:22:22,667 - ConfigConverter - INFO - Mapped parameter: framerate=29.97 → Settings.OutputGroups[0].Outputs[0].VideoDescription.CodecSettings.H264Settings.FramerateNumerator=30000
2025-05-26 08:22:22,667 - ConfigConverter - DEBUG - Using static value: 1001
2025-05-26 08:22:22,667 - ConfigConverter - INFO - Mapped parameter: framerate=29.97 → Settings.OutputGroups[0].Outputs[0].VideoDescription.CodecSettings.H264Settings.FramerateDenominator=1001
2025-05-26 08:22:22,667 - ConfigConverter - DEBUG - Processing rule for framerate, value: 29.97
2025-05-26 08:22:22,667 - ConfigConverter - DEBUG - Condition evaluation: eq 29.97 59.94 = False
2025-05-26 08:22:22,667 - ConfigConverter - WARNING - Skipping rule for framerate=29.97 due to source condition not matching
2025-05-26 08:22:22,667 - ConfigConverter - DEBUG - Processing rule for framerate, value: 29.97
2025-05-26 08:22:22,667 - ConfigConverter - DEBUG - Condition evaluation: eq 29.97 25 = False
2025-05-26 08:22:22,667 - ConfigConverter - WARNING - Skipping rule for framerate=29.97 due to source condition not matching
2025-05-26 08:22:22,667 - ConfigConverter - DEBUG - Processing rule for framerate, value: 29.97
2025-05-26 08:22:22,667 - ConfigConverter - DEBUG - Condition evaluation: eq 29.97 30 = False
2025-05-26 08:22:22,667 - ConfigConverter - WARNING - Skipping rule for framerate=29.97 due to source condition not matching
2025-05-26 08:22:22,667 - ConfigConverter - DEBUG - Processing rule for framerate, value: 29.97
2025-05-26 08:22:22,667 - ConfigConverter - DEBUG - Condition evaluation: eq 29.97  = False
2025-05-26 08:22:22,667 - ConfigConverter - WARNING - Skipping rule for framerate=29.97 due to source condition not matching
2025-05-26 08:22:22,667 - ConfigConverter - DEBUG - Processing rule for keyframe, value: [60, 250]
2025-05-26 08:22:22,667 - ConfigConverter - INFO - Mapped parameter: keyframe=[60, 250] → Settings.OutputGroups[0].Outputs[0].VideoDescription.CodecSettings.H264Settings.GopSize=[60, 250]
2025-05-26 08:22:22,667 - ConfigConverter - DEBUG - Processing rule for video_codec, value: libx264
2025-05-26 08:22:22,667 - ConfigConverter - DEBUG - Condition using source_path output from original data, value: mp4
2025-05-26 08:22:22,667 - ConfigConverter - DEBUG - Condition evaluation: eq mp4 mp4 = True
2025-05-26 08:22:22,667 - ConfigConverter - DEBUG - Transformed libx264 using video_codec_format to <class 'str'>
2025-05-26 08:22:22,667 - ConfigConverter - INFO - Mapped parameter: video_codec=libx264 → Settings.OutputGroups[0].Outputs[0].VideoDescription.CodecSettings.Codec=H_264
2025-05-26 08:22:22,667 - ConfigConverter - DEBUG - Skipping already processed parameter: video_codec_parameters.level
2025-05-26 08:22:22,667 - ConfigConverter - DEBUG - Processing rule for video_codec_parameters.coder, value: 1
2025-05-26 08:22:22,667 - ConfigConverter - DEBUG - Transformed 1 using coder_format to <class 'str'>
2025-05-26 08:22:22,667 - ConfigConverter - INFO - Mapped parameter: video_codec_parameters.coder=1 → Settings.OutputGroups[0].Outputs[0].VideoDescription.CodecSettings.H264Settings.EntropyEncoding=CAVLC
2025-05-26 08:22:22,667 - ConfigConverter - DEBUG - Processing rule for video_codec_parameters.coder, value: 1
2025-05-26 08:22:22,667 - ConfigConverter - DEBUG - Evaluating AND condition with 2 subconditions
2025-05-26 08:22:22,667 - ConfigConverter - DEBUG - Evaluating OR condition with 2 subconditions
2025-05-26 08:22:22,667 - ConfigConverter - DEBUG - Condition using source_path level from original data, value: None
2025-05-26 08:22:22,667 - ConfigConverter - DEBUG - Condition evaluation: eq None 30 = False
2025-05-26 08:22:22,667 - ConfigConverter - DEBUG - Condition using source_path video_codec_parameters.level from original data, value: 31
2025-05-26 08:22:22,667 - ConfigConverter - DEBUG - Condition evaluation: eq 31 30 = False
2025-05-26 08:22:22,667 - ConfigConverter - DEBUG - OR condition result: False
2025-05-26 08:22:22,667 - ConfigConverter - DEBUG - AND condition result: False
2025-05-26 08:22:22,667 - ConfigConverter - WARNING - Skipping rule for video_codec_parameters.coder=1 due to source condition not matching
2025-05-26 08:22:22,667 - ConfigConverter - DEBUG - Skipping already processed parameter: video_codec_parameters.flags
2025-05-26 08:22:22,667 - ConfigConverter - DEBUG - Skipping already processed parameter: video_codec_parameters.flags2
2025-05-26 08:22:22,667 - ConfigConverter - DEBUG - Skipping already processed parameter: video_codec_parameters.cmp
2025-05-26 08:22:22,667 - ConfigConverter - DEBUG - Skipping already processed parameter: video_codec_parameters.partitions
2025-05-26 08:22:22,667 - ConfigConverter - DEBUG - Skipping already processed parameter: video_codec_parameters.me_method
2025-05-26 08:22:22,667 - ConfigConverter - DEBUG - Skipping already processed parameter: video_codec_parameters.subq
2025-05-26 08:22:22,668 - ConfigConverter - DEBUG - Skipping already processed parameter: video_codec_parameters.me_range
2025-05-26 08:22:22,668 - ConfigConverter - DEBUG - Processing rule for video_codec_parameters.keyint_min, value: 25
2025-05-26 08:22:22,668 - ConfigConverter - INFO - Mapped parameter: video_codec_parameters.keyint_min=25 → Settings.OutputGroups[0].Outputs[0].VideoDescription.CodecSettings.H264Settings.MinIInterval=25
2025-05-26 08:22:22,668 - ConfigConverter - DEBUG - Processing rule for video_codec_parameters.keyint_min, value: 25
2025-05-26 08:22:22,668 - ConfigConverter - INFO - Mapped parameter: video_codec_parameters.keyint_min=25 → Settings.OutputGroups[0].Outputs[0].VideoDescription.CodecSettings.H264Settings.MinIInterval=25
2025-05-26 08:22:22,668 - ConfigConverter - DEBUG - Processing rule for video_codec_parameters.sc_threshold, value: 40
2025-05-26 08:22:22,668 - ConfigConverter - DEBUG - Transformed 40 using sc_threshold_format to <class 'str'>
2025-05-26 08:22:22,668 - ConfigConverter - INFO - Mapped parameter: video_codec_parameters.sc_threshold=40 → Settings.OutputGroups[0].Outputs[0].VideoDescription.CodecSettings.H264Settings.SceneChangeDetect=ENABLED
2025-05-26 08:22:22,668 - ConfigConverter - DEBUG - Processing rule for video_codec_parameters.sc_threshold, value: 40
2025-05-26 08:22:22,668 - ConfigConverter - DEBUG - Transformed 40 using sc_threshold_format to <class 'str'>
2025-05-26 08:22:22,668 - ConfigConverter - INFO - Mapped parameter: video_codec_parameters.sc_threshold=40 → Settings.OutputGroups[0].Outputs[0].VideoDescription.CodecSettings.H264Settings.SceneChangeDetect=ENABLED
2025-05-26 08:22:22,668 - ConfigConverter - DEBUG - Skipping already processed parameter: video_codec_parameters.i_qfactor
2025-05-26 08:22:22,668 - ConfigConverter - DEBUG - Processing rule for video_codec_parameters.b_strategy, value: 1
2025-05-26 08:22:22,668 - ConfigConverter - DEBUG - Condition evaluation: lte 1 7 = True
2025-05-26 08:22:22,668 - ConfigConverter - INFO - Mapped parameter: video_codec_parameters.b_strategy=1 → Settings.OutputGroups[0].Outputs[0].VideoDescription.CodecSettings.H264Settings.NumberBFramesBetweenReferenceFrames=1
2025-05-26 08:22:22,668 - ConfigConverter - DEBUG - Processing rule for video_codec_parameters.b_strategy, value: 1
2025-05-26 08:22:22,668 - ConfigConverter - INFO - Mapped parameter: video_codec_parameters.b_strategy=1 → Settings.OutputGroups[0].Outputs[0].VideoDescription.CodecSettings.H264Settings.NumberBFramesBetweenReferenceFrames=1
2025-05-26 08:22:22,668 - ConfigConverter - DEBUG - Skipping already processed parameter: video_codec_parameters.qcomp
2025-05-26 08:22:22,668 - ConfigConverter - DEBUG - Skipping already processed parameter: video_codec_parameters.qmin
2025-05-26 08:22:22,668 - ConfigConverter - DEBUG - Skipping already processed parameter: video_codec_parameters.qmax
2025-05-26 08:22:22,668 - ConfigConverter - DEBUG - Skipping already processed parameter: video_codec_parameters.qdiff
2025-05-26 08:22:22,668 - ConfigConverter - DEBUG - Processing rule for video_codec_parameters.directpred, value: 1
2025-05-26 08:22:22,668 - ConfigConverter - INFO - Mapped parameter: video_codec_parameters.directpred=1 → Settings.OutputGroups[0].Outputs[0].VideoDescription.CodecSettings.H264Settings.Slices=1
2025-05-26 08:22:22,668 - ConfigConverter - DEBUG - Processing rule for video_codec_parameters.vprofile, value: main
2025-05-26 08:22:22,668 - ConfigConverter - DEBUG - Transformed main using profile_format to <class 'str'>
2025-05-26 08:22:22,668 - ConfigConverter - DEBUG - Overwriting existing value at Settings.OutputGroups[0].Outputs[0].VideoDescription.CodecSettings.H264Settings.CodecProfile: HIGH -> MAIN
2025-05-26 08:22:22,668 - ConfigConverter - INFO - Mapped parameter: video_codec_parameters.vprofile=main → Settings.OutputGroups[0].Outputs[0].VideoDescription.CodecSettings.H264Settings.CodecProfile=MAIN
2025-05-26 08:22:22,668 - ConfigConverter - DEBUG - Skipping already processed parameter: audio_bitrate
2025-05-26 08:22:22,668 - ConfigConverter - DEBUG - Skipping already processed parameter: audio_sample_rate
2025-05-26 08:22:22,668 - ConfigConverter - DEBUG - Processing rule for audio_channels_number, value: 2
2025-05-26 08:22:22,668 - ConfigConverter - DEBUG - Condition using source_path audio_codec from original data, value: libfaac
2025-05-26 08:22:22,668 - ConfigConverter - DEBUG - Condition evaluation: in libfaac ['dolby_aac', 'dolby_heaac', 'libfaac'] = True
2025-05-26 08:22:22,668 - ConfigConverter - DEBUG - Transformed 2 using audio_channels_format to <class 'str'>
2025-05-26 08:22:22,668 - ConfigConverter - INFO - Mapped parameter: audio_channels_number=2 → Settings.OutputGroups[0].Outputs[0].AudioDescriptions[0].CodecSettings.AacSettings.CodingMode=CODING_MODE_2_0
2025-05-26 08:22:22,668 - ConfigConverter - DEBUG - Processing rule for audio_channels_number, value: 2
2025-05-26 08:22:22,668 - ConfigConverter - DEBUG - Condition using source_path audio_codec from original data, value: libfaac
2025-05-26 08:22:22,668 - ConfigConverter - DEBUG - Condition evaluation: eq libfaac ac3 = False
2025-05-26 08:22:22,668 - ConfigConverter - WARNING - Skipping rule for audio_channels_number=2 due to source condition not matching
2025-05-26 08:22:22,668 - ConfigConverter - DEBUG - Processing rule for downmix_mode, value: pl2
2025-05-26 08:22:22,668 - ConfigConverter - DEBUG - Transformed pl2 using downmix_mode_format to <class 'str'>
2025-05-26 08:22:22,668 - ConfigConverter - INFO - Mapped parameter: downmix_mode=pl2 → Settings.OutputGroups[0].Outputs[0].AudioDescriptions[0].CodecSettings.AacSettings.CodingMode=CODING_MODE_2_0
2025-05-26 08:22:22,668 - ConfigConverter - DEBUG - Skipping already processed parameter: audio_codec
2025-05-26 08:22:22,668 - ConfigConverter - DEBUG - Processing rule for audio_volume, value: 100
2025-05-26 08:22:22,668 - ConfigConverter - DEBUG - Evaluating NOT condition
2025-05-26 08:22:22,668 - ConfigConverter - DEBUG - Condition using source_path audio_normalization from original data, value: None
2025-05-26 08:22:22,668 - ConfigConverter - DEBUG - Condition evaluation: exists None None = False
2025-05-26 08:22:22,668 - ConfigConverter - DEBUG - NOT condition result: True
2025-05-26 08:22:22,668 - ConfigConverter - DEBUG - Transformed 100 using audio_volume_format to <class 'float'>
2025-05-26 08:22:22,668 - ConfigConverter - INFO - Mapped parameter: audio_volume=100 → Settings.OutputGroups[0].Outputs[0].AudioDescriptions[0].AudioNormalizationSettings.TargetLkfs=-2.0
2025-05-26 08:22:22,669 - ConfigConverter - DEBUG - Processing rule for loudnorm, value: -24.0
2025-05-26 08:22:22,669 - ConfigConverter - DEBUG - Overwriting existing value at Settings.OutputGroups[0].Outputs[0].AudioDescriptions[0].AudioNormalizationSettings.TargetLkfs: -2.0 -> -24.0
2025-05-26 08:22:22,669 - ConfigConverter - INFO - Mapped parameter: loudnorm=-24.0 → Settings.OutputGroups[0].Outputs[0].AudioDescriptions[0].AudioNormalizationSettings.TargetLkfs=-24.0
2025-05-26 08:22:22,669 - ConfigConverter - DEBUG - Processing rule for loudnorm_peak, value: -2.0
2025-05-26 08:22:22,669 - ConfigConverter - INFO - Mapped parameter: loudnorm_peak=-2.0 → Settings.OutputGroups[0].Outputs[0].AudioDescriptions[0].AudioNormalizationSettings.TruePeakLimiterThreshold=-2.0
2025-05-26 08:22:22,669 - ConfigConverter - DEBUG - Processing rule for turbo, value: no
2025-05-26 08:22:22,669 - ConfigConverter - DEBUG - Condition evaluation: eq no yes = False
2025-05-26 08:22:22,669 - ConfigConverter - WARNING - Skipping rule for turbo=no due to source condition not matching
2025-05-26 08:22:22,669 - ConfigConverter - DEBUG - Processing rule for twin_turbo, value: no
2025-05-26 08:22:22,669 - ConfigConverter - DEBUG - Condition evaluation: eq no yes = False
2025-05-26 08:22:22,669 - ConfigConverter - WARNING - Skipping rule for twin_turbo=no due to source condition not matching
2025-05-26 08:22:22,669 - ConfigConverter - DEBUG - Skipping already processed parameter: cbr
2025-05-26 08:22:22,669 - ConfigConverter - DEBUG - Processing rule for hard_cbr, value: no
2025-05-26 08:22:22,669 - ConfigConverter - DEBUG - Transformed no using hard_cbr_format to <class 'str'>
2025-05-26 08:22:22,669 - ConfigConverter - INFO - Mapped parameter: hard_cbr=no → Settings.OutputGroups[0].Outputs[0].VideoDescription.CodecSettings.H264Settings.RateControlMode=VBR
2025-05-26 08:22:22,669 - ConfigConverter - DEBUG - Processing rule for deinterlacing, value: auto
2025-05-26 08:22:22,669 - ConfigConverter - DEBUG - Condition evaluation: in auto ['yes', 'auto'] = True
2025-05-26 08:22:22,669 - ConfigConverter - DEBUG - Using static value: {}
2025-05-26 08:22:22,669 - ConfigConverter - INFO - Mapped parameter: deinterlacing=auto → Settings.OutputGroups[0].Outputs[0].VideoDescription.VideoPreprocessors.Deinterlacer={}
2025-05-26 08:22:22,669 - ConfigConverter - DEBUG - Processing rule for video_sync, value: old
2025-05-26 08:22:22,669 - ConfigConverter - DEBUG - Condition evaluation: eq old cfr = False
2025-05-26 08:22:22,669 - ConfigConverter - WARNING - Skipping rule for video_sync=old due to source condition not matching
2025-05-26 08:22:22,669 - ConfigConverter - DEBUG - Processing rule for video_sync, value: old
2025-05-26 08:22:22,669 - ConfigConverter - DEBUG - Condition evaluation: in old ['old', 'passthrough'] = True
2025-05-26 08:22:22,669 - ConfigConverter - DEBUG - Using static value: INITIALIZE_FROM_SOURCE
2025-05-26 08:22:22,669 - ConfigConverter - DEBUG - Overwriting existing value at Settings.OutputGroups[0].Outputs[0].VideoDescription.CodecSettings.H264Settings.FramerateControl: SPECIFIED -> INITIALIZE_FROM_SOURCE
2025-05-26 08:22:22,669 - ConfigConverter - INFO - Mapped parameter: video_sync=old → Settings.OutputGroups[0].Outputs[0].VideoDescription.CodecSettings.H264Settings.FramerateControl=INITIALIZE_FROM_SOURCE
2025-05-26 08:22:22,669 - ConfigConverter - DEBUG - Processing rule for apply_timecode, value: no
2025-05-26 08:22:22,669 - ConfigConverter - DEBUG - Transformed no using timecode_source_format to <class 'str'>
2025-05-26 08:22:22,669 - ConfigConverter - INFO - Mapped parameter: apply_timecode=no → Settings.TimecodeConfig.Source=ZEROBASED
2025-05-26 08:22:22,669 - ConfigConverter - DEBUG - Skipping already processed parameter: rotate
2025-05-26 08:22:22,669 - ConfigConverter - DEBUG - Skipping already processed parameter: metadata_copy
2025-05-26 08:22:22,669 - ConfigConverter - DEBUG - Skipping already processed parameter: strip_chapters
2025-05-26 08:22:22,669 - ConfigConverter - DEBUG - Skipping already processed parameter: pix_format
2025-05-26 08:22:22,669 - ConfigConverter - DEBUG - Skipping already processed parameter: encoder
2025-05-26 08:22:22,669 - ConfigConverter - DEBUG - Skipping already processed parameter: file_extension
2025-05-26 08:22:22,669 - ConfigConverter - DEBUG - Processing rule for ftyp, value: mp42
2025-05-26 08:22:22,669 - ConfigConverter - INFO - Mapped parameter: ftyp=mp42 → Settings.OutputGroups[0].Outputs[0].ContainerSettings.Mp4Settings.Mp4MajorBrand=mp42
2025-05-26 08:22:22,669 - ConfigConverter - DEBUG - Skipping already processed parameter: hint
2025-05-26 08:22:22,669 - ConfigConverter - DEBUG - Processing rule for set_rotate, value: 0
2025-05-26 08:22:22,669 - ConfigConverter - DEBUG - Transformed 0 using rotate_format to <class 'str'>
2025-05-26 08:22:22,669 - ConfigConverter - INFO - Mapped parameter: set_rotate=0 → Settings.Inputs[0].VideoSelector.Rotate=DEGREE_0
2025-05-26 08:22:22,669 - ConfigConverter - DEBUG - Processing rule for force_interlaced, value: no
2025-05-26 08:22:22,669 - ConfigConverter - DEBUG - Transformed no using force_interlaced_format to <class 'str'>
2025-05-26 08:22:22,669 - ConfigConverter - INFO - Mapped parameter: force_interlaced=no → Settings.OutputGroups[0].Outputs[0].VideoDescription.CodecSettings.H264Settings.InterlaceMode=PROGRESSIVE
2025-05-26 08:22:22,669 - ConfigConverter - DEBUG - Processing rule for timecode_track, value: no
2025-05-26 08:22:22,669 - ConfigConverter - DEBUG - Condition evaluation: eq no yes = False
2025-05-26 08:22:22,669 - ConfigConverter - WARNING - Skipping rule for timecode_track=no due to source condition not matching
2025-05-26 08:22:22,670 - ConfigConverter - DEBUG - Processing rule for destination, value: http://test_url.s3.amazonaws.com/encoding.com.output/mock_mock_output_rendition_name_11111_668.mp4?acl=public-read
2025-05-26 08:22:22,670 - ConfigConverter - DEBUG - Using static value: S3_OUTPUT_URL
2025-05-26 08:22:22,670 - ConfigConverter - DEBUG - Overwriting existing value at Settings.OutputGroups[0].OutputGroupSettings.FileGroupSettings.Destination: {DEST_S3_URL} -> S3_OUTPUT_URL
2025-05-26 08:22:22,670 - ConfigConverter - INFO - Mapped parameter: destination=http://test_url.s3.amazonaws.com/encoding.com.output/mock_mock_output_rendition_name_11111_668.mp4?acl=public-read → Settings.OutputGroups[0].OutputGroupSettings.FileGroupSettings.Destination=S3_OUTPUT_URL
2025-05-26 08:22:22,670 - ConfigConverter - WARNING - Unmapped parameter: use_manifest = yes
2025-05-26 08:22:22,670 - ConfigConverter - WARNING - Unmapped parameter: timescale = 30000
2025-05-26 08:22:22,670 - ConfigConverter - WARNING - Unmapped parameter: copy_nielsen_metadata = no
2025-05-26 08:22:22,670 - ConfigConverter - WARNING - Unmapped parameter: video_only = no
2025-05-26 08:22:22,670 - ConfigConverter - WARNING - Unmapped parameter: audio_only = no
2025-05-26 08:22:22,670 - ConfigConverter - INFO - Conversion summary for /home/ec2-user/e2mc_assistant/encoding_profiles/pilot1/mp4/668.xml:
2025-05-26 08:22:22,670 - ConfigConverter - INFO -   - Total parameters: 80
2025-05-26 08:22:22,670 - ConfigConverter - INFO -   - Mapped parameters: 75 (93.8%)
2025-05-26 08:22:22,670 - ConfigConverter - INFO -   - Unmapped parameters: 5 (6.2%)
2025-05-26 08:22:22,670 - ConfigConverter - INFO - Added missing NameModifier: _1280x720_5000000_mc
2025-05-26 08:22:22,670 - root - INFO - Conversion completed. Output saved to /home/ec2-user/e2mc_assistant/tranformed_mc_profiles/pilot1/mp4/668.json
