Error submitting MediaConvert job for 668
Timestamp: 2025-05-26T08:16:14.106188

Error message: Parameter validation failed:
Invalid type for parameter Settings.OutputGroups[0].Outputs[0].VideoDescription.CodecSettings.H264Settings.GopSize, value: [60, 250], type: <class 'list'>, valid types: <class 'float'>, <class 'decimal.Decimal'>, <class 'int'>

Job settings:
{
  "Settings": {
    "Inputs": [
      {
        "TimecodeSource": "ZEROBASED",
        "VideoSelector": {
          "Rotate": "DEGREE_0"
        },
        "AudioSelectors": {
          "Audio Selector 1": {
            "DefaultSelection": "DEFAULT"
          }
        },
        "FileInput": "s3://fw-mc-test/mp4/668/668_881448279_source.mp4"
      }
    ],
    "OutputGroups": [
      {
        "Name": "File Group",
        "OutputGroupSettings": {
          "Type": "FILE_GROUP_SETTINGS",
          "FileGroupSettings": {
            "Destination": "s3://fw-mc-test/mp4/668/"
          }
        },
        "Outputs": [
          {
            "ContainerSettings": {
              "Container": "MP4",
              "Mp4Settings": {
                "Mp4MajorBrand": "mp42"
              }
            },
            "VideoDescription": {
              "CodecSettings": {
                "H264Settings": {
                  "RateControlMode": "VBR",
                  "Bitrate": 5000000,
                  "MaxBitrate": 12500000,
                  "CodecProfile": "MAIN",
                  "FramerateControl": "INITIALIZE_FROM_SOURCE",
                  "FramerateNumerator": 30000,
                  "FramerateDenominator": 1001,
                  "GopSize": [
                    60,
                    250
                  ],
                  "EntropyEncoding": "CAVLC",
                  "MinIInterval": 25,
                  "SceneChangeDetect": "ENABLED",
                  "NumberBFramesBetweenReferenceFrames": 1,
                  "Slices": 1,
                  "InterlaceMode": "PROGRESSIVE"
                },
                "Codec": "H_264"
              },
              "Width": 1280,
              "Height": 720,
              "ScalingBehavior": "DEFAULT",
              "VideoPreprocessors": {
                "Deinterlacer": {}
              }
            },
            "AudioDescriptions": [
              {
                "CodecSettings": {
                  "Codec": "AAC",
                  "AacSettings": {
                    "Bitrate": 96000,
                    "SampleRate": 48000,
                    "CodingMode": "CODING_MODE_2_0"
                  }
                },
                "AudioNormalizationSettings": {
                  "TargetLkfs": -24.0,
                  "TruePeakLimiterThreshold": -2.0
                }
              }
            ],
            "NameModifier": "_1280x720_5000000_mc"
          }
        ]
      }
    ],
    "TimecodeConfig": {
      "Source": "ZEROBASED"
    },
    "FollowSource": 1
  },
  "Role": "arn:aws:iam::935206693453:role/MediaConvertRole"
}