2025-05-26 02:01:37,422 - ConfigConverter - INFO - Starting conversion of /home/ec2-user/e2mc_assistant/encoding_profiles/pilot1/mp4/668.xml
2025-05-26 02:01:37,422 - ConfigConverter - ERROR - Error converting /home/ec2-user/e2mc_assistant/encoding_profiles/pilot1/mp4/668.xml: XML declaration not well-formed: line 1, column 16
2025-05-29 08:52:03,423 - ConfigConverter - INFO - Starting conversion of /home/ec2-user/e2mc_assistant/encoding_profiles/pilot1/mp4/668.xml
2025-05-29 08:52:03,424 - ConfigConverter - INFO - Set RateControlMode to VBR because <cbr>=no and <cabr> doesn't exist
2025-05-29 08:52:03,425 - ConfigConverter - INFO - Set Bitrate to 5000000 from <bitrate>=5000k
2025-05-29 08:52:03,425 - ConfigConverter - INFO - Setting MaxBitrate to 12500000 (2.5 * Bitrate)
2025-05-29 08:52:03,425 - ConfigConverter - INFO - Parameter cbr processed by custom rate control handler
2025-05-29 08:52:03,425 - ConfigConverter - INFO - Parameter bitrate processed by custom rate control handler
2025-05-29 08:52:03,425 - ConfigConverter - INFO - Set AudioDescriptions[0].CodecSettings.Codec to AAC from <audio_codec>=libfaac
2025-05-29 08:52:03,425 - ConfigConverter - INFO - Set AudioDescriptions[0].CodecSettings.AacSettings.Bitrate to default value 96000
2025-05-29 08:52:03,425 - ConfigConverter - INFO - Set AudioDescriptions[0].CodecSettings.AacSettings.SampleRate to default value 48000
2025-05-29 08:52:03,425 - ConfigConverter - INFO - Set AudioDescriptions[0].CodecSettings.AacSettings.CodingMode to CODING_MODE_2_0 (default stereo)
2025-05-29 08:52:03,425 - ConfigConverter - INFO - Set AudioDescriptions[0].CodecSettings.AacSettings.Bitrate to 96000 from <audio_bitrate>=96k
2025-05-29 08:52:03,425 - ConfigConverter - INFO - Set AudioDescriptions[0].CodecSettings.AacSettings.SampleRate to 48000 from <audio_sample_rate>=48000
2025-05-29 08:52:03,425 - ConfigConverter - INFO - Audio parameters processed by custom audio settings handler
2025-05-29 08:52:03,425 - ConfigConverter - INFO - Mapped parameter: VCodecParameters=None → [DUMMY RULE]
2025-05-29 08:52:03,425 - ConfigConverter - INFO - Mapped parameter: acbr=None → [DUMMY RULE]
2025-05-29 08:52:03,425 - ConfigConverter - INFO - Mapped parameter: add_audio_only=None → [DUMMY RULE]
2025-05-29 08:52:03,425 - ConfigConverter - INFO - Mapped parameter: clipmode=None → [DUMMY RULE]
2025-05-29 08:52:03,425 - ConfigConverter - INFO - Mapped parameter: closed_captions.cc_extract_before=None → [DUMMY RULE]
2025-05-29 08:52:03,425 - ConfigConverter - INFO - Mapped parameter: closed_captions.direct_copy=None → [DUMMY RULE]
2025-05-29 08:52:03,425 - ConfigConverter - INFO - Mapped parameter: closed_captions.get_from_manifest=None → [DUMMY RULE]
2025-05-29 08:52:03,425 - ConfigConverter - INFO - Mapped parameter: closed_captions.ignore_cc_absence=None → [DUMMY RULE]
2025-05-29 08:52:03,425 - ConfigConverter - INFO - Mapped parameter: closed_captions.role=None → [DUMMY RULE]
2025-05-29 08:52:03,425 - ConfigConverter - INFO - Mapped parameter: closed_captions.vtt_split_segments=None → [DUMMY RULE]
2025-05-29 08:52:03,425 - ConfigConverter - INFO - Mapped parameter: drm=None → [DUMMY RULE]
2025-05-29 08:52:03,425 - ConfigConverter - INFO - Mapped parameter: encoder=v1 → [DUMMY RULE]
2025-05-29 08:52:03,425 - ConfigConverter - INFO - Mapped parameter: encryption=None → [DUMMY RULE]
2025-05-29 08:52:03,425 - ConfigConverter - INFO - Mapped parameter: hint=no → [DUMMY RULE]
2025-05-29 08:52:03,425 - ConfigConverter - INFO - Mapped parameter: pix_format=yuv420p → [DUMMY RULE]
2025-05-29 08:52:03,425 - ConfigConverter - INFO - Mapped parameter: set_video_duration=None → [DUMMY RULE]
2025-05-29 08:52:03,425 - ConfigConverter - INFO - Mapped parameter: strip_chapters=no → [DUMMY RULE]
2025-05-29 08:52:03,425 - ConfigConverter - INFO - Mapped parameter: video_codec_parameters.cmp=+chroma → [DUMMY RULE]
2025-05-29 08:52:03,425 - ConfigConverter - INFO - Mapped parameter: video_codec_parameters.code=None → [DUMMY RULE]
2025-05-29 08:52:03,425 - ConfigConverter - INFO - Mapped parameter: video_codec_parameters.flags=+loop → [DUMMY RULE]
2025-05-29 08:52:03,426 - ConfigConverter - INFO - Mapped parameter: video_codec_parameters.flags2=-bpyramid+fastpskip-dct8x8 → [DUMMY RULE]
2025-05-29 08:52:03,426 - ConfigConverter - INFO - Mapped parameter: video_codec_parameters.i_qfactor=0.71 → [DUMMY RULE]
2025-05-29 08:52:03,426 - ConfigConverter - INFO - Mapped parameter: video_codec_parameters.mbtree=None → [DUMMY RULE]
2025-05-29 08:52:03,426 - ConfigConverter - INFO - Mapped parameter: video_codec_parameters.me_method=hex → [DUMMY RULE]
2025-05-29 08:52:03,426 - ConfigConverter - INFO - Mapped parameter: video_codec_parameters.me_range=16 → [DUMMY RULE]
2025-05-29 08:52:03,426 - ConfigConverter - INFO - Mapped parameter: video_codec_parameters.qcomp=0.6 → [DUMMY RULE]
2025-05-29 08:52:03,426 - ConfigConverter - INFO - Mapped parameter: video_codec_parameters.qdiff=4 → [DUMMY RULE]
2025-05-29 08:52:03,426 - ConfigConverter - INFO - Mapped parameter: video_codec_parameters.subq=6 → [DUMMY RULE]
2025-05-29 08:52:03,426 - ConfigConverter - INFO - Mapped parameter: video_codec_parameters.trellis=None → [DUMMY RULE]
2025-05-29 08:52:03,426 - ConfigConverter - INFO - Mapped parameter: video_codec_parameters.qmax=51 → [DUMMY RULE]
2025-05-29 08:52:03,426 - ConfigConverter - INFO - Mapped parameter: video_codec_parameters.qmin=10 → [DUMMY RULE]
2025-05-29 08:52:03,426 - ConfigConverter - INFO - Mapped parameter: closed_captions.forced=None → [DUMMY RULE]
2025-05-29 08:52:03,426 - ConfigConverter - INFO - Mapped parameter: file_extension=mp4 → [DUMMY RULE]
2025-05-29 08:52:03,426 - ConfigConverter - INFO - Mapped parameter: rotate=def → [DUMMY RULE]
2025-05-29 08:52:03,426 - ConfigConverter - INFO - Mapped parameter: metadata_copy=no → [DUMMY RULE]
2025-05-29 08:52:03,426 - ConfigConverter - INFO - Mapped parameter: video_codec_parameters.transfer_characteristics=None → [DUMMY RULE]
2025-05-29 08:52:03,426 - ConfigConverter - INFO - Mapped parameter: video_codec_parameters.partitions=+parti8x8+parti4x4+partp8x8+partb8x8 → [DUMMY RULE]
2025-05-29 08:52:03,426 - ConfigConverter - INFO - Mapped parameter: closed_captions.cea_data_field=None → [DUMMY RULE]
2025-05-29 08:52:03,426 - ConfigConverter - INFO - Mapped parameter: loudnorm_range=None → [DUMMY RULE]
2025-05-29 08:52:03,426 - ConfigConverter - WARNING - Skipping rule for output=mp4 due to source condition not matching
2025-05-29 08:52:03,426 - ConfigConverter - WARNING - Skipping rule for output=mp4 due to source condition not matching
2025-05-29 08:52:03,426 - ConfigConverter - WARNING - Skipping rule for output=mp4 due to source condition not matching
2025-05-29 08:52:03,426 - ConfigConverter - WARNING - Skipping rule for output=mp4 due to source condition not matching
2025-05-29 08:52:03,426 - ConfigConverter - WARNING - Skipping rule for output=mp4 due to source condition not matching
2025-05-29 08:52:03,426 - ConfigConverter - WARNING - Skipping rule for output=mp4 due to source condition not matching
2025-05-29 08:52:03,426 - ConfigConverter - WARNING - Skipping rule for output=mp4 due to source condition not matching
2025-05-29 08:52:03,426 - ConfigConverter - WARNING - Skipping rule for output=mp4 due to source condition not matching
2025-05-29 08:52:03,426 - ConfigConverter - INFO - Mapped parameter: output=mp4 → Settings.OutputGroups[0].OutputGroupSettings.Type=FILE_GROUP_SETTINGS
2025-05-29 08:52:03,426 - ConfigConverter - INFO - Mapped parameter: output=mp4 → Settings.OutputGroups[0].Outputs[0].ContainerSettings.Container=MP4
2025-05-29 08:52:03,426 - ConfigConverter - WARNING - Skipping rule for output=mp4 due to source condition not matching
2025-05-29 08:52:03,426 - ConfigConverter - WARNING - Skipping rule for output=mp4 due to source condition not matching
2025-05-29 08:52:03,426 - ConfigConverter - WARNING - Skipping rule for output=mp4 due to source condition not matching
2025-05-29 08:52:03,426 - ConfigConverter - WARNING - Skipping rule for output=mp4 due to source condition not matching
2025-05-29 08:52:03,426 - ConfigConverter - INFO - Mapped parameter: size=1280x720 → Settings.OutputGroups[0].Outputs[0].VideoDescription.Width=1280
2025-05-29 08:52:03,426 - ConfigConverter - INFO - Mapped parameter: size=1280x720 → Settings.OutputGroups[0].Outputs[0].VideoDescription.Height=720
2025-05-29 08:52:03,426 - ConfigConverter - WARNING - Regex pattern (\d+)x0 did not match 1280x720 for size
2025-05-29 08:52:03,426 - ConfigConverter - WARNING - Regex pattern (\d+)x0 did not match 1280x720 for size
2025-05-29 08:52:03,426 - ConfigConverter - WARNING - Value '['no', 'no']' not found in transformer 'two_pass_format'
2025-05-29 08:52:03,427 - ConfigConverter - WARNING - Skipping parameter mapping for two_pass=['no', 'no'] → Settings.OutputGroups[0].Outputs[0].VideoDescription.CodecSettings.H264Settings.QualityTuningLevel (no matching transformation)
2025-05-29 08:52:03,427 - ConfigConverter - WARNING - Skipping rule for copy_timestamps=['no', 'yes'] due to source condition not matching
2025-05-29 08:52:03,427 - ConfigConverter - INFO - Mapped parameter: profile=high → Settings.OutputGroups[0].Outputs[0].VideoDescription.CodecSettings.H264Settings.CodecProfile=HIGH
2025-05-29 08:52:03,427 - ConfigConverter - WARNING - Skipping rule for profile=high due to source condition not matching
2025-05-29 08:52:03,427 - ConfigConverter - INFO - Mapped parameter: keep_aspect_ratio=yes → Settings.OutputGroups[0].Outputs[0].VideoDescription.ScalingBehavior=DEFAULT
2025-05-29 08:52:03,427 - ConfigConverter - WARNING - Skipping rule for framerate=29.97 due to source condition not matching
2025-05-29 08:52:03,427 - ConfigConverter - INFO - Mapped parameter: framerate=29.97 → Settings.OutputGroups[0].Outputs[0].VideoDescription.CodecSettings.H264Settings.FramerateControl=SPECIFIED
2025-05-29 08:52:03,427 - ConfigConverter - INFO - Mapped parameter: framerate=29.97 → Settings.OutputGroups[0].Outputs[0].VideoDescription.CodecSettings.H264Settings.FramerateNumerator=30000
2025-05-29 08:52:03,427 - ConfigConverter - INFO - Mapped parameter: framerate=29.97 → Settings.OutputGroups[0].Outputs[0].VideoDescription.CodecSettings.H264Settings.FramerateDenominator=1001
2025-05-29 08:52:03,427 - ConfigConverter - WARNING - Skipping rule for framerate=29.97 due to source condition not matching
2025-05-29 08:52:03,427 - ConfigConverter - WARNING - Skipping rule for framerate=29.97 due to source condition not matching
2025-05-29 08:52:03,427 - ConfigConverter - WARNING - Skipping rule for framerate=29.97 due to source condition not matching
2025-05-29 08:52:03,427 - ConfigConverter - WARNING - Skipping rule for framerate=29.97 due to source condition not matching
2025-05-29 08:52:03,427 - ConfigConverter - INFO - Mapped parameter: keyframe=[60, 250] → Settings.OutputGroups[0].Outputs[0].VideoDescription.CodecSettings.H264Settings.GopSize=[60, 250]
2025-05-29 08:52:03,427 - ConfigConverter - INFO - Mapped parameter: video_codec=libx264 → Settings.OutputGroups[0].Outputs[0].VideoDescription.CodecSettings.Codec=H_264
2025-05-29 08:52:03,427 - ConfigConverter - INFO - Mapped parameter: video_codec_parameters.level=31 → Settings.OutputGroups[0].Outputs[0].VideoDescription.CodecSettings.H264Settings.CodecLevel=LEVEL_3_1
2025-05-29 08:52:03,427 - ConfigConverter - INFO - Mapped parameter: video_codec_parameters.coder=1 → Settings.OutputGroups[0].Outputs[0].VideoDescription.CodecSettings.H264Settings.EntropyEncoding=CAVLC
2025-05-29 08:52:03,427 - ConfigConverter - WARNING - Skipping rule for video_codec_parameters.coder=1 due to source condition not matching
2025-05-29 08:52:03,427 - ConfigConverter - INFO - Mapped parameter: video_codec_parameters.keyint_min=25 → Settings.OutputGroups[0].Outputs[0].VideoDescription.CodecSettings.H264Settings.MinIInterval=25
2025-05-29 08:52:03,427 - ConfigConverter - INFO - Mapped parameter: video_codec_parameters.keyint_min=25 → Settings.OutputGroups[0].Outputs[0].VideoDescription.CodecSettings.H264Settings.MinIInterval=25
2025-05-29 08:52:03,427 - ConfigConverter - INFO - Mapped parameter: video_codec_parameters.sc_threshold=40 → Settings.OutputGroups[0].Outputs[0].VideoDescription.CodecSettings.H264Settings.SceneChangeDetect=ENABLED
2025-05-29 08:52:03,427 - ConfigConverter - INFO - Mapped parameter: video_codec_parameters.sc_threshold=40 → Settings.OutputGroups[0].Outputs[0].VideoDescription.CodecSettings.H264Settings.SceneChangeDetect=ENABLED
2025-05-29 08:52:03,427 - ConfigConverter - INFO - Mapped parameter: video_codec_parameters.b_strategy=1 → Settings.OutputGroups[0].Outputs[0].VideoDescription.CodecSettings.H264Settings.NumberBFramesBetweenReferenceFrames=1
2025-05-29 08:52:03,427 - ConfigConverter - INFO - Mapped parameter: video_codec_parameters.b_strategy=1 → Settings.OutputGroups[0].Outputs[0].VideoDescription.CodecSettings.H264Settings.NumberBFramesBetweenReferenceFrames=1
2025-05-29 08:52:03,427 - ConfigConverter - INFO - Mapped parameter: video_codec_parameters.directpred=1 → Settings.OutputGroups[0].Outputs[0].VideoDescription.CodecSettings.H264Settings.Slices=1
2025-05-29 08:52:03,428 - ConfigConverter - INFO - Mapped parameter: video_codec_parameters.vprofile=main → Settings.OutputGroups[0].Outputs[0].VideoDescription.CodecSettings.H264Settings.CodecProfile=MAIN
2025-05-29 08:52:03,428 - ConfigConverter - INFO - Mapped parameter: audio_channels_number=2 → Settings.OutputGroups[0].Outputs[0].AudioDescriptions[0].CodecSettings.AacSettings.CodingMode=CODING_MODE_2_0
2025-05-29 08:52:03,428 - ConfigConverter - WARNING - Skipping rule for audio_channels_number=2 due to source condition not matching
2025-05-29 08:52:03,428 - ConfigConverter - INFO - Mapped parameter: downmix_mode=pl2 → Settings.OutputGroups[0].Outputs[0].AudioDescriptions[0].CodecSettings.AacSettings.CodingMode=CODING_MODE_2_0
2025-05-29 08:52:03,428 - ConfigConverter - INFO - Mapped parameter: audio_volume=100 → Settings.OutputGroups[0].Outputs[0].AudioDescriptions[0].AudioNormalizationSettings.TargetLkfs=-2.0
2025-05-29 08:52:03,428 - ConfigConverter - INFO - Mapped parameter: loudnorm=-24.0 → Settings.OutputGroups[0].Outputs[0].AudioDescriptions[0].AudioNormalizationSettings.TargetLkfs=-24.0
2025-05-29 08:52:03,428 - ConfigConverter - INFO - Mapped parameter: loudnorm_peak=-2.0 → Settings.OutputGroups[0].Outputs[0].AudioDescriptions[0].AudioNormalizationSettings.TruePeakLimiterThreshold=-2.0
2025-05-29 08:52:03,428 - ConfigConverter - WARNING - Skipping rule for turbo=no due to source condition not matching
2025-05-29 08:52:03,428 - ConfigConverter - WARNING - Skipping rule for twin_turbo=no due to source condition not matching
2025-05-29 08:52:03,428 - ConfigConverter - INFO - Mapped parameter: hard_cbr=no → Settings.OutputGroups[0].Outputs[0].VideoDescription.CodecSettings.H264Settings.RateControlMode=VBR
2025-05-29 08:52:03,428 - ConfigConverter - INFO - Mapped parameter: deinterlacing=auto → Settings.OutputGroups[0].Outputs[0].VideoDescription.VideoPreprocessors.Deinterlacer={}
2025-05-29 08:52:03,428 - ConfigConverter - WARNING - Skipping rule for video_sync=old due to source condition not matching
2025-05-29 08:52:03,428 - ConfigConverter - INFO - Mapped parameter: video_sync=old → Settings.OutputGroups[0].Outputs[0].VideoDescription.CodecSettings.H264Settings.FramerateControl=INITIALIZE_FROM_SOURCE
2025-05-29 08:52:03,428 - ConfigConverter - INFO - Mapped parameter: apply_timecode=no → Settings.TimecodeConfig.Source=ZEROBASED
2025-05-29 08:52:03,428 - ConfigConverter - INFO - Mapped parameter: ftyp=mp42 → Settings.OutputGroups[0].Outputs[0].ContainerSettings.Mp4Settings.Mp4MajorBrand=mp42
2025-05-29 08:52:03,428 - ConfigConverter - INFO - Mapped parameter: set_rotate=0 → Settings.Inputs[0].VideoSelector.Rotate=DEGREE_0
2025-05-29 08:52:03,428 - ConfigConverter - INFO - Mapped parameter: force_interlaced=no → Settings.OutputGroups[0].Outputs[0].VideoDescription.CodecSettings.H264Settings.InterlaceMode=PROGRESSIVE
2025-05-29 08:52:03,428 - ConfigConverter - WARNING - Skipping rule for timecode_track=no due to source condition not matching
2025-05-29 08:52:03,428 - ConfigConverter - INFO - Mapped parameter: destination=http://test_url.s3.amazonaws.com/encoding.com.output/mock_mock_output_rendition_name_11111_668.mp4?acl=public-read → Settings.OutputGroups[0].OutputGroupSettings.FileGroupSettings.Destination=S3_OUTPUT_URL
2025-05-29 08:52:03,428 - ConfigConverter - WARNING - Unmapped parameter: use_manifest = yes
2025-05-29 08:52:03,428 - ConfigConverter - WARNING - Unmapped parameter: timescale = 30000
2025-05-29 08:52:03,428 - ConfigConverter - WARNING - Unmapped parameter: copy_nielsen_metadata = no
2025-05-29 08:52:03,428 - ConfigConverter - WARNING - Unmapped parameter: video_only = no
2025-05-29 08:52:03,428 - ConfigConverter - WARNING - Unmapped parameter: audio_only = no
2025-05-29 08:52:03,428 - ConfigConverter - INFO - Conversion summary for /home/ec2-user/e2mc_assistant/encoding_profiles/pilot1/mp4/668.xml:
2025-05-29 08:52:03,428 - ConfigConverter - INFO -   - Total parameters: 79
2025-05-29 08:52:03,428 - ConfigConverter - INFO -   - Mapped parameters: 74 (93.7%)
2025-05-29 08:52:03,428 - ConfigConverter - INFO -   - Unmapped parameters: 5 (6.3%)
2025-05-29 08:52:03,428 - ConfigConverter - INFO - Added missing NameModifier: _1280x720_5000000_mc
2025-05-29 08:52:03,429 - ConfigConverter - INFO - Successfully converted /home/ec2-user/e2mc_assistant/encoding_profiles/pilot1/mp4/668.xml to /home/ec2-user/e2mc_assistant/tranformed_mc_profiles/pilot1/mp4/668.json
2025-05-29 08:52:03,430 - ConfigConverter - INFO - Validating /home/ec2-user/e2mc_assistant/tranformed_mc_profiles/pilot1/mp4/668.json against schema /home/ec2-user/e2mc_assistant/utils/mc_config_validator/mc_setting_schema.json
2025-05-29 08:52:03,431 - ConfigConverter - ERROR - Validation failed for /home/ec2-user/e2mc_assistant/tranformed_mc_profiles/pilot1/mp4/668.json. Error log written to /home/ec2-user/e2mc_assistant/tranformed_mc_profiles/pilot1/mp4/668.err
2025-06-23 11:02:21,397 - ConfigConverter - INFO - Starting conversion of /home/ec2-user/e2mc_assistant/encoding_profiles/pilot1/mp4/668.xml
2025-06-23 11:02:21,398 - ConfigConverter - INFO - Set container to MP4 based on output format: mp4
2025-06-23 11:02:21,398 - ConfigConverter - INFO - Added Mp4Settings to container settings
2025-06-23 11:02:21,398 - ConfigConverter - INFO - Using H264Settings for video_codec=libx264
2025-06-23 11:02:21,398 - ConfigConverter - INFO - Set RateControlMode to VBR because <cbr>=no and <cabr> doesn't exist
2025-06-23 11:02:21,398 - ConfigConverter - INFO - Set Bitrate to 5000000 from <bitrate>=5000k
2025-06-23 11:02:21,398 - ConfigConverter - INFO - Setting MaxBitrate to 12500000 (2.5 * Bitrate)
2025-06-23 11:02:21,398 - ConfigConverter - INFO - Parameter cbr processed by custom rate control handler
2025-06-23 11:02:21,398 - ConfigConverter - INFO - Parameter bitrate processed by custom rate control handler
2025-06-23 11:02:21,398 - ConfigConverter - INFO - Set AudioDescriptions[0].CodecSettings.Codec to AAC from <audio_codec>=libfaac
2025-06-23 11:02:21,398 - ConfigConverter - INFO - Set AudioDescriptions[0].CodecSettings.AacSettings.Bitrate to default value 96000
2025-06-23 11:02:21,398 - ConfigConverter - INFO - Set AudioDescriptions[0].CodecSettings.AacSettings.SampleRate to default value 48000
2025-06-23 11:02:21,399 - ConfigConverter - INFO - Set AudioDescriptions[0].CodecSettings.AacSettings.CodingMode to CODING_MODE_2_0 (default stereo)
2025-06-23 11:02:21,399 - ConfigConverter - INFO - Set AudioDescriptions[0].CodecSettings.AacSettings.Bitrate to 96000 from <audio_bitrate>=96k
2025-06-23 11:02:21,399 - ConfigConverter - INFO - Set AudioDescriptions[0].CodecSettings.AacSettings.SampleRate to 48000 from <audio_sample_rate>=48000
2025-06-23 11:02:21,399 - ConfigConverter - INFO - Audio parameters processed by custom audio settings handler
2025-06-23 11:02:21,399 - ConfigConverter - INFO - Mapped parameter: VCodecParameters=None → [DUMMY RULE]
2025-06-23 11:02:21,399 - ConfigConverter - INFO - Mapped parameter: acbr=None → [DUMMY RULE]
2025-06-23 11:02:21,399 - ConfigConverter - INFO - Mapped parameter: add_audio_only=None → [DUMMY RULE]
2025-06-23 11:02:21,399 - ConfigConverter - INFO - Mapped parameter: clipmode=None → [DUMMY RULE]
2025-06-23 11:02:21,399 - ConfigConverter - INFO - Mapped parameter: closed_captions.cc_extract_before=None → [DUMMY RULE]
2025-06-23 11:02:21,399 - ConfigConverter - INFO - Mapped parameter: closed_captions.direct_copy=None → [DUMMY RULE]
2025-06-23 11:02:21,399 - ConfigConverter - INFO - Mapped parameter: closed_captions.get_from_manifest=None → [DUMMY RULE]
2025-06-23 11:02:21,399 - ConfigConverter - INFO - Mapped parameter: closed_captions.ignore_cc_absence=None → [DUMMY RULE]
2025-06-23 11:02:21,399 - ConfigConverter - INFO - Mapped parameter: closed_captions.role=None → [DUMMY RULE]
2025-06-23 11:02:21,399 - ConfigConverter - INFO - Mapped parameter: closed_captions.vtt_split_segments=None → [DUMMY RULE]
2025-06-23 11:02:21,399 - ConfigConverter - INFO - Mapped parameter: drm=None → [DUMMY RULE]
2025-06-23 11:02:21,399 - ConfigConverter - INFO - Mapped parameter: encoder=v1 → [DUMMY RULE]
2025-06-23 11:02:21,399 - ConfigConverter - INFO - Mapped parameter: encryption=None → [DUMMY RULE]
2025-06-23 11:02:21,399 - ConfigConverter - INFO - Mapped parameter: hint=no → [DUMMY RULE]
2025-06-23 11:02:21,399 - ConfigConverter - INFO - Mapped parameter: pix_format=yuv420p → [DUMMY RULE]
2025-06-23 11:02:21,399 - ConfigConverter - INFO - Mapped parameter: set_video_duration=None → [DUMMY RULE]
2025-06-23 11:02:21,399 - ConfigConverter - INFO - Mapped parameter: strip_chapters=no → [DUMMY RULE]
2025-06-23 11:02:21,399 - ConfigConverter - INFO - Mapped parameter: video_codec_parameters.cmp=+chroma → [DUMMY RULE]
2025-06-23 11:02:21,399 - ConfigConverter - INFO - Mapped parameter: video_codec_parameters.code=None → [DUMMY RULE]
2025-06-23 11:02:21,399 - ConfigConverter - INFO - Mapped parameter: video_codec_parameters.flags=+loop → [DUMMY RULE]
2025-06-23 11:02:21,399 - ConfigConverter - INFO - Mapped parameter: video_codec_parameters.flags2=-bpyramid+fastpskip-dct8x8 → [DUMMY RULE]
2025-06-23 11:02:21,399 - ConfigConverter - INFO - Mapped parameter: video_codec_parameters.i_qfactor=0.71 → [DUMMY RULE]
2025-06-23 11:02:21,399 - ConfigConverter - INFO - Mapped parameter: video_codec_parameters.mbtree=None → [DUMMY RULE]
2025-06-23 11:02:21,399 - ConfigConverter - INFO - Mapped parameter: video_codec_parameters.me_method=hex → [DUMMY RULE]
2025-06-23 11:02:21,399 - ConfigConverter - INFO - Mapped parameter: video_codec_parameters.me_range=16 → [DUMMY RULE]
2025-06-23 11:02:21,399 - ConfigConverter - INFO - Mapped parameter: video_codec_parameters.qcomp=0.6 → [DUMMY RULE]
2025-06-23 11:02:21,399 - ConfigConverter - INFO - Mapped parameter: video_codec_parameters.qdiff=4 → [DUMMY RULE]
2025-06-23 11:02:21,399 - ConfigConverter - INFO - Mapped parameter: video_codec_parameters.subq=6 → [DUMMY RULE]
2025-06-23 11:02:21,399 - ConfigConverter - INFO - Mapped parameter: video_codec_parameters.trellis=None → [DUMMY RULE]
2025-06-23 11:02:21,400 - ConfigConverter - INFO - Mapped parameter: video_codec_parameters.qmax=51 → [DUMMY RULE]
2025-06-23 11:02:21,400 - ConfigConverter - INFO - Mapped parameter: video_codec_parameters.qmin=10 → [DUMMY RULE]
2025-06-23 11:02:21,400 - ConfigConverter - INFO - Mapped parameter: closed_captions.forced=None → [DUMMY RULE]
2025-06-23 11:02:21,400 - ConfigConverter - INFO - Mapped parameter: file_extension=mp4 → [DUMMY RULE]
2025-06-23 11:02:21,400 - ConfigConverter - INFO - Mapped parameter: rotate=def → [DUMMY RULE]
2025-06-23 11:02:21,400 - ConfigConverter - INFO - Mapped parameter: main_source.type=None → [DUMMY RULE]
2025-06-23 11:02:21,400 - ConfigConverter - INFO - Mapped parameter: playlist_version=None → [DUMMY RULE]
2025-06-23 11:02:21,400 - ConfigConverter - INFO - Mapped parameter: video_only=no → [DUMMY RULE]
2025-06-23 11:02:21,400 - ConfigConverter - INFO - Mapped parameter: closed_captions.cea_data_field=None → [DUMMY RULE]
2025-06-23 11:02:21,400 - ConfigConverter - INFO - Mapped parameter: loudnorm_range=None → [DUMMY RULE]
2025-06-23 11:02:21,400 - ConfigConverter - INFO - Mapped parameter: pack_files=None → [DUMMY RULE]
2025-06-23 11:02:21,400 - ConfigConverter - INFO - Mapped parameter: pack_type=None → [DUMMY RULE]
2025-06-23 11:02:21,400 - ConfigConverter - INFO - Mapped parameter: pack_each_stream=None → [DUMMY RULE]
2025-06-23 11:02:21,400 - ConfigConverter - INFO - Mapped parameter: cmaf_conformant=None → [DUMMY RULE]
2025-06-23 11:02:21,400 - ConfigConverter - INFO - Mapped parameter: manifest.basename=None → [DUMMY RULE]
2025-06-23 11:02:21,400 - ConfigConverter - INFO - Mapped parameter: use_manifest=yes → [DUMMY RULE]
2025-06-23 11:02:21,400 - ConfigConverter - INFO - Mapped parameter: use_main_source=None → [DUMMY RULE]
2025-06-23 11:02:21,400 - ConfigConverter - INFO - Mapped parameter: use_alternate_source=None → [DUMMY RULE]
2025-06-23 11:02:21,400 - ConfigConverter - INFO - Mapped parameter: AdditionalCfDestination=None → [DUMMY RULE]
2025-06-23 11:02:21,400 - ConfigConverter - INFO - Mapped parameter: framerate_upper_threshold=None → [DUMMY RULE]
2025-06-23 11:02:21,400 - ConfigConverter - INFO - Mapped parameter: segmenter=None → [DUMMY RULE]
2025-06-23 11:02:21,400 - ConfigConverter - INFO - Mapped parameter: copy_nielsen_metadata=no → [DUMMY RULE]
2025-06-23 11:02:21,400 - ConfigConverter - INFO - Mapped parameter: metadata.copy=None → [DUMMY RULE]
2025-06-23 11:02:21,400 - ConfigConverter - INFO - Mapped parameter: refs=None → [DUMMY RULE]
2025-06-23 11:02:21,400 - ConfigConverter - INFO - Mapped parameter: reduce_structural_overhead=None → [DUMMY RULE]
2025-06-23 11:02:21,400 - ConfigConverter - INFO - Mapped parameter: video_codec_parameters.nal-hrd=None → [DUMMY RULE]
2025-06-23 11:02:21,400 - ConfigConverter - INFO - Mapped parameter: nal-hrd=None → [DUMMY RULE]
2025-06-23 11:02:21,400 - ConfigConverter - INFO - Mapped parameter: timescale=30000 → [DUMMY RULE]
2025-06-23 11:02:21,400 - ConfigConverter - INFO - Mapped parameter: video_codec_parameters.transfer_characteristics=None → [DUMMY RULE]
2025-06-23 11:02:21,400 - ConfigConverter - INFO - Mapped parameter: audio_volume=100 → [DUMMY RULE]
2025-06-23 11:02:21,400 - ConfigConverter - INFO - Mapped parameter: video_codec_parameters.sc_threshold=40 → [DUMMY RULE]
2025-06-23 11:02:21,400 - ConfigConverter - INFO - Mapped parameter: metadata_copy=no → [DUMMY RULE]
2025-06-23 11:02:21,400 - ConfigConverter - INFO - Mapped parameter: video_codec_parameters.partitions=+parti8x8+parti4x4+partp8x8+partb8x8 → [DUMMY RULE]
2025-06-23 11:02:21,400 - ConfigConverter - INFO - Skipping already processed parameter: output=mp4
2025-06-23 11:02:21,400 - ConfigConverter - INFO - Found 2 rules for parameter: size=1280x720
2025-06-23 11:02:21,400 - ConfigConverter - INFO - Processing rule for size, value: 1280x720
2025-06-23 11:02:21,401 - ConfigConverter - INFO - Regex transformed 1280x720 to 1280 using pattern (\d+)x([1-9]\d*)
2025-06-23 11:02:21,401 - ConfigConverter - INFO - Mapped parameter: size=1280x720 → Settings.OutputGroups[0].Outputs[0].VideoDescription.Width=1280
2025-06-23 11:02:21,401 - ConfigConverter - INFO - Regex transformed 1280x720 to 720 using pattern (\d+)x([1-9]\d*)
2025-06-23 11:02:21,401 - ConfigConverter - INFO - Mapped parameter: size=1280x720 → Settings.OutputGroups[0].Outputs[0].VideoDescription.Height=720
2025-06-23 11:02:21,401 - ConfigConverter - INFO - Processing rule for size, value: 1280x720
2025-06-23 11:02:21,401 - ConfigConverter - WARNING - Regex pattern (\d+)x0 did not match 1280x720 for size
2025-06-23 11:02:21,401 - ConfigConverter - WARNING - Regex pattern (\d+)x0 did not match 1280x720 for size
2025-06-23 11:02:21,401 - ConfigConverter - INFO - Found 2 rules for parameter: two_pass=['no', 'no']
2025-06-23 11:02:21,401 - ConfigConverter - INFO - Processing rule for two_pass, value: ['no', 'no']
2025-06-23 11:02:21,401 - ConfigConverter - INFO - Condition using source_path video_codec, value: libx264
2025-06-23 11:02:21,401 - ConfigConverter - INFO - Condition evaluation: in libx264 ['mpeg4', 'libx264'] = True
2025-06-23 11:02:21,401 - ConfigConverter - INFO - Source condition evaluation for two_pass: True
2025-06-23 11:02:21,401 - ConfigConverter - INFO - Applying transformation two_pass_format to ['no', 'no']
2025-06-23 11:02:21,401 - ConfigConverter - WARNING - Value '['no', 'no']' not found in transformer 'two_pass_format'
2025-06-23 11:02:21,401 - ConfigConverter - WARNING - Skipping parameter mapping for two_pass=['no', 'no'] → Settings.OutputGroups[0].Outputs[0].VideoDescription.CodecSettings.H264Settings.QualityTuningLevel (no matching transformation)
2025-06-23 11:02:21,401 - ConfigConverter - INFO - Processing rule for two_pass, value: ['no', 'no']
2025-06-23 11:02:21,401 - ConfigConverter - INFO - Condition using source_path video_codec, value: libx264
2025-06-23 11:02:21,401 - ConfigConverter - INFO - Condition evaluation: in libx264 ['libvpx'] = False
2025-06-23 11:02:21,401 - ConfigConverter - INFO - Source condition evaluation for two_pass: False
2025-06-23 11:02:21,401 - ConfigConverter - INFO - Skipping rule for two_pass=['no', 'no'] due to source condition not matching
2025-06-23 11:02:21,401 - ConfigConverter - INFO - Found 1 rules for parameter: copy_timestamps=['no', 'yes']
2025-06-23 11:02:21,401 - ConfigConverter - INFO - Processing rule for copy_timestamps, value: ['no', 'yes']
2025-06-23 11:02:21,401 - ConfigConverter - INFO - Condition evaluation: eq ['no', 'yes'] yes = False
2025-06-23 11:02:21,401 - ConfigConverter - INFO - Source condition evaluation for copy_timestamps: False
2025-06-23 11:02:21,401 - ConfigConverter - INFO - Skipping rule for copy_timestamps=['no', 'yes'] due to source condition not matching
2025-06-23 11:02:21,401 - ConfigConverter - INFO - Skipping already processed parameter: use_manifest=yes
2025-06-23 11:02:21,401 - ConfigConverter - INFO - Found 2 rules for parameter: profile=high
2025-06-23 11:02:21,401 - ConfigConverter - INFO - Processing rule for profile, value: high
2025-06-23 11:02:21,401 - ConfigConverter - INFO - Condition using source_path video_codec, value: libx264
2025-06-23 11:02:21,401 - ConfigConverter - INFO - Condition evaluation: in libx264 ['mpeg4', 'libx264'] = True
2025-06-23 11:02:21,401 - ConfigConverter - INFO - Source condition evaluation for profile: True
2025-06-23 11:02:21,401 - ConfigConverter - INFO - Applying transformation profile_format to high
2025-06-23 11:02:21,401 - ConfigConverter - INFO - Transformed high using profile_format to HIGH
2025-06-23 11:02:21,401 - ConfigConverter - INFO - Mapped parameter: profile=high → Settings.OutputGroups[0].Outputs[0].VideoDescription.CodecSettings.H264Settings.CodecProfile=HIGH
2025-06-23 11:02:21,401 - ConfigConverter - INFO - Processing rule for profile, value: high
2025-06-23 11:02:21,401 - ConfigConverter - INFO - Evaluating AND condition with 2 subconditions
2025-06-23 11:02:21,401 - ConfigConverter - INFO - Condition using source_path video_codec, value: libx264
2025-06-23 11:02:21,401 - ConfigConverter - INFO - Condition evaluation: in libx264 ['mpeg4', 'libx264'] = True
2025-06-23 11:02:21,401 - ConfigConverter - INFO - Condition evaluation: eq high baseline = False
2025-06-23 11:02:21,402 - ConfigConverter - INFO - AND condition result: False
2025-06-23 11:02:21,402 - ConfigConverter - INFO - Source condition evaluation for profile: False
2025-06-23 11:02:21,402 - ConfigConverter - INFO - Skipping rule for profile=high due to source condition not matching
2025-06-23 11:02:21,402 - ConfigConverter - INFO - Skipping already processed parameter: bitrate=5000k
2025-06-23 11:02:21,402 - ConfigConverter - INFO - Found 1 rules for parameter: keep_aspect_ratio=yes
2025-06-23 11:02:21,402 - ConfigConverter - INFO - Processing rule for keep_aspect_ratio, value: yes
2025-06-23 11:02:21,402 - ConfigConverter - INFO - Applying transformation keep_aspect_ratio_format to yes
2025-06-23 11:02:21,402 - ConfigConverter - INFO - Transformed yes using keep_aspect_ratio_format to DEFAULT
2025-06-23 11:02:21,402 - ConfigConverter - INFO - Mapped parameter: keep_aspect_ratio=yes → Settings.OutputGroups[0].Outputs[0].VideoDescription.ScalingBehavior=DEFAULT
2025-06-23 11:02:21,402 - ConfigConverter - INFO - Found 6 rules for parameter: framerate=29.97
2025-06-23 11:02:21,402 - ConfigConverter - INFO - Processing rule for framerate, value: 29.97
2025-06-23 11:02:21,402 - ConfigConverter - INFO - Condition evaluation: eq 29.97 24000/1001 = False
2025-06-23 11:02:21,402 - ConfigConverter - INFO - Source condition evaluation for framerate: False
2025-06-23 11:02:21,402 - ConfigConverter - INFO - Skipping rule for framerate=29.97 due to source condition not matching
2025-06-23 11:02:21,402 - ConfigConverter - INFO - Processing rule for framerate, value: 29.97
2025-06-23 11:02:21,402 - ConfigConverter - INFO - Condition evaluation: eq 29.97 29.97 = True
2025-06-23 11:02:21,402 - ConfigConverter - INFO - Source condition evaluation for framerate: True
2025-06-23 11:02:21,402 - ConfigConverter - INFO - Using static value: SPECIFIED
2025-06-23 11:02:21,402 - ConfigConverter - INFO - Mapped parameter: framerate=29.97 → Settings.OutputGroups[0].Outputs[0].VideoDescription.CodecSettings.H264Settings.FramerateControl=SPECIFIED
2025-06-23 11:02:21,402 - ConfigConverter - INFO - Using static value: 30000
2025-06-23 11:02:21,402 - ConfigConverter - INFO - Mapped parameter: framerate=29.97 → Settings.OutputGroups[0].Outputs[0].VideoDescription.CodecSettings.H264Settings.FramerateNumerator=30000
2025-06-23 11:02:21,402 - ConfigConverter - INFO - Using static value: 1001
2025-06-23 11:02:21,402 - ConfigConverter - INFO - Mapped parameter: framerate=29.97 → Settings.OutputGroups[0].Outputs[0].VideoDescription.CodecSettings.H264Settings.FramerateDenominator=1001
2025-06-23 11:02:21,402 - ConfigConverter - INFO - Processing rule for framerate, value: 29.97
2025-06-23 11:02:21,402 - ConfigConverter - INFO - Condition evaluation: eq 29.97 59.94 = False
2025-06-23 11:02:21,402 - ConfigConverter - INFO - Source condition evaluation for framerate: False
2025-06-23 11:02:21,402 - ConfigConverter - INFO - Skipping rule for framerate=29.97 due to source condition not matching
2025-06-23 11:02:21,402 - ConfigConverter - INFO - Processing rule for framerate, value: 29.97
2025-06-23 11:02:21,402 - ConfigConverter - INFO - Condition evaluation: eq 29.97 25 = False
2025-06-23 11:02:21,402 - ConfigConverter - INFO - Source condition evaluation for framerate: False
2025-06-23 11:02:21,402 - ConfigConverter - INFO - Skipping rule for framerate=29.97 due to source condition not matching
2025-06-23 11:02:21,402 - ConfigConverter - INFO - Processing rule for framerate, value: 29.97
2025-06-23 11:02:21,402 - ConfigConverter - INFO - Condition evaluation: eq 29.97 30 = False
2025-06-23 11:02:21,402 - ConfigConverter - INFO - Source condition evaluation for framerate: False
2025-06-23 11:02:21,402 - ConfigConverter - INFO - Skipping rule for framerate=29.97 due to source condition not matching
2025-06-23 11:02:21,402 - ConfigConverter - INFO - Processing rule for framerate, value: 29.97
2025-06-23 11:02:21,402 - ConfigConverter - INFO - Condition evaluation: eq 29.97  = False
2025-06-23 11:02:21,402 - ConfigConverter - INFO - Source condition evaluation for framerate: False
2025-06-23 11:02:21,402 - ConfigConverter - INFO - Skipping rule for framerate=29.97 due to source condition not matching
2025-06-23 11:02:21,403 - ConfigConverter - INFO - Found 2 rules for parameter: keyframe=[60, 250]
2025-06-23 11:02:21,403 - ConfigConverter - INFO - Processing rule for keyframe, value: [60, 250]
2025-06-23 11:02:21,403 - ConfigConverter - INFO - Condition using source_path video_codec, value: libx264
2025-06-23 11:02:21,403 - ConfigConverter - INFO - Condition evaluation: in libx264 ['mpeg4', 'libx264'] = True
2025-06-23 11:02:21,403 - ConfigConverter - INFO - Source condition evaluation for keyframe: True
2025-06-23 11:02:21,403 - ConfigConverter - INFO - Mapped parameter: keyframe=[60, 250] → Settings.OutputGroups[0].Outputs[0].VideoDescription.CodecSettings.H264Settings.GopSize=[60, 250]
2025-06-23 11:02:21,403 - ConfigConverter - INFO - Using static value: FRAMES
2025-06-23 11:02:21,403 - ConfigConverter - INFO - Mapped parameter: keyframe=[60, 250] → Settings.OutputGroups[0].Outputs[0].VideoDescription.CodecSettings.H264Settings.GopSizeUnits=FRAMES
2025-06-23 11:02:21,403 - ConfigConverter - INFO - Processing rule for keyframe, value: [60, 250]
2025-06-23 11:02:21,403 - ConfigConverter - INFO - Condition using source_path video_codec, value: libx264
2025-06-23 11:02:21,403 - ConfigConverter - INFO - Condition evaluation: in libx264 ['hevc'] = False
2025-06-23 11:02:21,403 - ConfigConverter - INFO - Source condition evaluation for keyframe: False
2025-06-23 11:02:21,403 - ConfigConverter - INFO - Skipping rule for keyframe=[60, 250] due to source condition not matching
2025-06-23 11:02:21,403 - ConfigConverter - INFO - Found 1 rules for parameter: video_codec=libx264
2025-06-23 11:02:21,403 - ConfigConverter - INFO - Processing rule for video_codec, value: libx264
2025-06-23 11:02:21,403 - ConfigConverter - INFO - Applying transformation video_codec_format to libx264
2025-06-23 11:02:21,403 - ConfigConverter - INFO - Transformed libx264 using video_codec_format to H_264
2025-06-23 11:02:21,403 - ConfigConverter - INFO - Mapped parameter: video_codec=libx264 → Settings.OutputGroups[0].Outputs[0].VideoDescription.CodecSettings.Codec=H_264
2025-06-23 11:02:21,403 - ConfigConverter - INFO - Found 2 rules for parameter: video_codec_parameters.level=31
2025-06-23 11:02:21,403 - ConfigConverter - INFO - Processing rule for video_codec_parameters.level, value: 31
2025-06-23 11:02:21,403 - ConfigConverter - INFO - Evaluating AND condition with 2 subconditions
2025-06-23 11:02:21,403 - ConfigConverter - INFO - Condition using source_path video_codec, value: None
2025-06-23 11:02:21,403 - ConfigConverter - INFO - Condition evaluation: exists None None = False
2025-06-23 11:02:21,403 - ConfigConverter - INFO - AND condition result: False
2025-06-23 11:02:21,403 - ConfigConverter - INFO - Source condition evaluation for video_codec_parameters.level: False
2025-06-23 11:02:21,403 - ConfigConverter - INFO - Skipping rule for video_codec_parameters.level=31 due to source condition not matching
2025-06-23 11:02:21,403 - ConfigConverter - INFO - Processing rule for video_codec_parameters.level, value: 31
2025-06-23 11:02:21,403 - ConfigConverter - INFO - Evaluating AND condition with 2 subconditions
2025-06-23 11:02:21,403 - ConfigConverter - INFO - Condition using source_path video_codec, value: None
2025-06-23 11:02:21,403 - ConfigConverter - INFO - Condition evaluation: exists None None = False
2025-06-23 11:02:21,403 - ConfigConverter - INFO - AND condition result: False
2025-06-23 11:02:21,403 - ConfigConverter - INFO - Source condition evaluation for video_codec_parameters.level: False
2025-06-23 11:02:21,403 - ConfigConverter - INFO - Skipping rule for video_codec_parameters.level=31 due to source condition not matching
2025-06-23 11:02:21,403 - ConfigConverter - INFO - Found 2 rules for parameter: video_codec_parameters.coder=1
2025-06-23 11:02:21,403 - ConfigConverter - INFO - Processing rule for video_codec_parameters.coder, value: 1
2025-06-23 11:02:21,403 - ConfigConverter - INFO - Applying transformation coder_format to 1
2025-06-23 11:02:21,403 - ConfigConverter - INFO - Transformed 1 using coder_format to CAVLC
2025-06-23 11:02:21,403 - ConfigConverter - INFO - Mapped parameter: video_codec_parameters.coder=1 → Settings.OutputGroups[0].Outputs[0].VideoDescription.CodecSettings.H264Settings.EntropyEncoding=CAVLC
2025-06-23 11:02:21,403 - ConfigConverter - INFO - Processing rule for video_codec_parameters.coder, value: 1
2025-06-23 11:02:21,403 - ConfigConverter - INFO - Evaluating AND condition with 2 subconditions
2025-06-23 11:02:21,404 - ConfigConverter - INFO - Evaluating OR condition with 2 subconditions
2025-06-23 11:02:21,404 - ConfigConverter - INFO - Condition using source_path level, value: 31
2025-06-23 11:02:21,404 - ConfigConverter - INFO - Condition evaluation: eq 31 30 = False
2025-06-23 11:02:21,404 - ConfigConverter - INFO - Condition using source_path video_codec_parameters.level, value: None
2025-06-23 11:02:21,404 - ConfigConverter - INFO - Condition evaluation: eq None 30 = False
2025-06-23 11:02:21,404 - ConfigConverter - INFO - OR condition result: False
2025-06-23 11:02:21,404 - ConfigConverter - INFO - AND condition result: False
2025-06-23 11:02:21,404 - ConfigConverter - INFO - Source condition evaluation for video_codec_parameters.coder: False
2025-06-23 11:02:21,404 - ConfigConverter - INFO - Skipping rule for video_codec_parameters.coder=1 due to source condition not matching
2025-06-23 11:02:21,404 - ConfigConverter - INFO - Skipping already processed parameter: video_codec_parameters.flags=+loop
2025-06-23 11:02:21,404 - ConfigConverter - INFO - Skipping already processed parameter: video_codec_parameters.flags2=-bpyramid+fastpskip-dct8x8
2025-06-23 11:02:21,404 - ConfigConverter - INFO - Skipping already processed parameter: video_codec_parameters.cmp=+chroma
2025-06-23 11:02:21,404 - ConfigConverter - INFO - Skipping already processed parameter: video_codec_parameters.partitions=+parti8x8+parti4x4+partp8x8+partb8x8
2025-06-23 11:02:21,404 - ConfigConverter - INFO - Skipping already processed parameter: video_codec_parameters.me_method=hex
2025-06-23 11:02:21,404 - ConfigConverter - INFO - Skipping already processed parameter: video_codec_parameters.subq=6
2025-06-23 11:02:21,404 - ConfigConverter - INFO - Skipping already processed parameter: video_codec_parameters.me_range=16
2025-06-23 11:02:21,404 - ConfigConverter - INFO - Found 2 rules for parameter: video_codec_parameters.keyint_min=25
2025-06-23 11:02:21,404 - ConfigConverter - INFO - Processing rule for video_codec_parameters.keyint_min, value: 25
2025-06-23 11:02:21,404 - ConfigConverter - INFO - Mapped parameter: video_codec_parameters.keyint_min=25 → Settings.OutputGroups[0].Outputs[0].VideoDescription.CodecSettings.H264Settings.MinIInterval=25
2025-06-23 11:02:21,404 - ConfigConverter - INFO - Processing rule for video_codec_parameters.keyint_min, value: 25
2025-06-23 11:02:21,404 - ConfigConverter - INFO - Mapped parameter: video_codec_parameters.keyint_min=25 → Settings.OutputGroups[0].Outputs[0].VideoDescription.CodecSettings.H264Settings.MinIInterval=25
2025-06-23 11:02:21,404 - ConfigConverter - INFO - Skipping already processed parameter: video_codec_parameters.sc_threshold=40
2025-06-23 11:02:21,404 - ConfigConverter - INFO - Skipping already processed parameter: video_codec_parameters.i_qfactor=0.71
2025-06-23 11:02:21,404 - ConfigConverter - INFO - Found 2 rules for parameter: video_codec_parameters.b_strategy=1
2025-06-23 11:02:21,404 - ConfigConverter - INFO - Processing rule for video_codec_parameters.b_strategy, value: 1
2025-06-23 11:02:21,404 - ConfigConverter - INFO - Condition evaluation: lte 1 7 = True
2025-06-23 11:02:21,404 - ConfigConverter - INFO - Source condition evaluation for video_codec_parameters.b_strategy: True
2025-06-23 11:02:21,404 - ConfigConverter - INFO - Mapped parameter: video_codec_parameters.b_strategy=1 → Settings.OutputGroups[0].Outputs[0].VideoDescription.CodecSettings.H264Settings.NumberBFramesBetweenReferenceFrames=1
2025-06-23 11:02:21,404 - ConfigConverter - INFO - Processing rule for video_codec_parameters.b_strategy, value: 1
2025-06-23 11:02:21,404 - ConfigConverter - INFO - Mapped parameter: video_codec_parameters.b_strategy=1 → Settings.OutputGroups[0].Outputs[0].VideoDescription.CodecSettings.H264Settings.NumberBFramesBetweenReferenceFrames=1
2025-06-23 11:02:21,404 - ConfigConverter - INFO - Skipping already processed parameter: video_codec_parameters.qcomp=0.6
2025-06-23 11:02:21,404 - ConfigConverter - INFO - Skipping already processed parameter: video_codec_parameters.qmin=10
2025-06-23 11:02:21,404 - ConfigConverter - INFO - Skipping already processed parameter: video_codec_parameters.qmax=51
2025-06-23 11:02:21,404 - ConfigConverter - INFO - Skipping already processed parameter: video_codec_parameters.qdiff=4
2025-06-23 11:02:21,404 - ConfigConverter - INFO - Found 1 rules for parameter: video_codec_parameters.directpred=1
2025-06-23 11:02:21,404 - ConfigConverter - INFO - Processing rule for video_codec_parameters.directpred, value: 1
2025-06-23 11:02:21,404 - ConfigConverter - INFO - Mapped parameter: video_codec_parameters.directpred=1 → Settings.OutputGroups[0].Outputs[0].VideoDescription.CodecSettings.H264Settings.Slices=1
2025-06-23 11:02:21,404 - ConfigConverter - INFO - Found 1 rules for parameter: video_codec_parameters.vprofile=main
2025-06-23 11:02:21,404 - ConfigConverter - INFO - Processing rule for video_codec_parameters.vprofile, value: main
2025-06-23 11:02:21,405 - ConfigConverter - INFO - Condition using source_path video_codec, value: None
2025-06-23 11:02:21,405 - ConfigConverter - INFO - Condition evaluation: in None ['mpeg4', 'libx264'] = False
2025-06-23 11:02:21,405 - ConfigConverter - INFO - Source condition evaluation for video_codec_parameters.vprofile: False
2025-06-23 11:02:21,405 - ConfigConverter - INFO - Skipping rule for video_codec_parameters.vprofile=main due to source condition not matching
2025-06-23 11:02:21,405 - ConfigConverter - INFO - Skipping already processed parameter: timescale=30000
2025-06-23 11:02:21,405 - ConfigConverter - INFO - Skipping already processed parameter: audio_bitrate=96k
2025-06-23 11:02:21,405 - ConfigConverter - INFO - Skipping already processed parameter: audio_sample_rate=48000
2025-06-23 11:02:21,405 - ConfigConverter - INFO - Found 3 rules for parameter: audio_channels_number=2
2025-06-23 11:02:21,405 - ConfigConverter - INFO - Processing rule for audio_channels_number, value: 2
2025-06-23 11:02:21,405 - ConfigConverter - INFO - Condition using source_path audio_codec, value: libfaac
2025-06-23 11:02:21,405 - ConfigConverter - INFO - Condition evaluation: in libfaac ['dolby_aac', 'dolby_heaac', 'libfaac'] = True
2025-06-23 11:02:21,405 - ConfigConverter - INFO - Source condition evaluation for audio_channels_number: True
2025-06-23 11:02:21,405 - ConfigConverter - INFO - Applying transformation audio_channels_format to 2
2025-06-23 11:02:21,405 - ConfigConverter - INFO - Transformed 2 using audio_channels_format to CODING_MODE_2_0
2025-06-23 11:02:21,405 - ConfigConverter - INFO - Mapped parameter: audio_channels_number=2 → Settings.OutputGroups[0].Outputs[0].AudioDescriptions[0].CodecSettings.AacSettings.CodingMode=CODING_MODE_2_0
2025-06-23 11:02:21,405 - ConfigConverter - INFO - Processing rule for audio_channels_number, value: 2
2025-06-23 11:02:21,405 - ConfigConverter - INFO - Condition using source_path audio_codec, value: libfaac
2025-06-23 11:02:21,405 - ConfigConverter - INFO - Condition evaluation: eq libfaac ac3 = False
2025-06-23 11:02:21,405 - ConfigConverter - INFO - Source condition evaluation for audio_channels_number: False
2025-06-23 11:02:21,405 - ConfigConverter - INFO - Skipping rule for audio_channels_number=2 due to source condition not matching
2025-06-23 11:02:21,405 - ConfigConverter - INFO - Processing rule for audio_channels_number, value: 2
2025-06-23 11:02:21,405 - ConfigConverter - INFO - Condition using source_path audio_codec, value: libfaac
2025-06-23 11:02:21,405 - ConfigConverter - INFO - Condition evaluation: eq libfaac libvpx = False
2025-06-23 11:02:21,405 - ConfigConverter - INFO - Source condition evaluation for audio_channels_number: False
2025-06-23 11:02:21,405 - ConfigConverter - INFO - Skipping rule for audio_channels_number=2 due to source condition not matching
2025-06-23 11:02:21,405 - ConfigConverter - INFO - Found 1 rules for parameter: downmix_mode=pl2
2025-06-23 11:02:21,405 - ConfigConverter - INFO - Processing rule for downmix_mode, value: pl2
2025-06-23 11:02:21,405 - ConfigConverter - INFO - Applying transformation downmix_mode_format to pl2
2025-06-23 11:02:21,405 - ConfigConverter - INFO - Transformed pl2 using downmix_mode_format to CODING_MODE_2_0
2025-06-23 11:02:21,405 - ConfigConverter - INFO - Mapped parameter: downmix_mode=pl2 → Settings.OutputGroups[0].Outputs[0].AudioDescriptions[0].CodecSettings.AacSettings.CodingMode=CODING_MODE_2_0
2025-06-23 11:02:21,405 - ConfigConverter - INFO - Skipping already processed parameter: audio_codec=libfaac
2025-06-23 11:02:21,405 - ConfigConverter - INFO - Skipping already processed parameter: audio_volume=100
2025-06-23 11:02:21,405 - ConfigConverter - INFO - Found 1 rules for parameter: loudnorm=-24.0
2025-06-23 11:02:21,405 - ConfigConverter - INFO - Processing rule for loudnorm, value: -24.0
2025-06-23 11:02:21,405 - ConfigConverter - INFO - Mapped parameter: loudnorm=-24.0 → Settings.OutputGroups[0].Outputs[0].AudioDescriptions[0].AudioNormalizationSettings.TargetLkfs=-24.0
2025-06-23 11:02:21,405 - ConfigConverter - INFO - Found 1 rules for parameter: loudnorm_peak=-2.0
2025-06-23 11:02:21,405 - ConfigConverter - INFO - Processing rule for loudnorm_peak, value: -2.0
2025-06-23 11:02:21,405 - ConfigConverter - INFO - Mapped parameter: loudnorm_peak=-2.0 → Settings.OutputGroups[0].Outputs[0].AudioDescriptions[0].AudioNormalizationSettings.TruePeakLimiterThreshold=-2.0
2025-06-23 11:02:21,405 - ConfigConverter - INFO - Found 1 rules for parameter: turbo=no
2025-06-23 11:02:21,405 - ConfigConverter - INFO - Processing rule for turbo, value: no
2025-06-23 11:02:21,406 - ConfigConverter - INFO - Condition evaluation: eq no yes = False
2025-06-23 11:02:21,406 - ConfigConverter - INFO - Source condition evaluation for turbo: False
2025-06-23 11:02:21,406 - ConfigConverter - INFO - Skipping rule for turbo=no due to source condition not matching
2025-06-23 11:02:21,406 - ConfigConverter - INFO - Found 1 rules for parameter: twin_turbo=no
2025-06-23 11:02:21,406 - ConfigConverter - INFO - Processing rule for twin_turbo, value: no
2025-06-23 11:02:21,406 - ConfigConverter - INFO - Condition evaluation: eq no yes = False
2025-06-23 11:02:21,406 - ConfigConverter - INFO - Source condition evaluation for twin_turbo: False
2025-06-23 11:02:21,406 - ConfigConverter - INFO - Skipping rule for twin_turbo=no due to source condition not matching
2025-06-23 11:02:21,406 - ConfigConverter - INFO - Skipping already processed parameter: cbr=no
2025-06-23 11:02:21,406 - ConfigConverter - INFO - Found 1 rules for parameter: hard_cbr=no
2025-06-23 11:02:21,406 - ConfigConverter - INFO - Processing rule for hard_cbr, value: no
2025-06-23 11:02:21,406 - ConfigConverter - INFO - Applying transformation hard_cbr_format to no
2025-06-23 11:02:21,406 - ConfigConverter - INFO - Transformed no using hard_cbr_format to VBR
2025-06-23 11:02:21,406 - ConfigConverter - INFO - Mapped parameter: hard_cbr=no → Settings.OutputGroups[0].Outputs[0].VideoDescription.CodecSettings.H264Settings.RateControlMode=VBR
2025-06-23 11:02:21,406 - ConfigConverter - INFO - Found 1 rules for parameter: deinterlacing=auto
2025-06-23 11:02:21,406 - ConfigConverter - INFO - Processing rule for deinterlacing, value: auto
2025-06-23 11:02:21,406 - ConfigConverter - INFO - Condition evaluation: in auto ['yes', 'auto'] = True
2025-06-23 11:02:21,406 - ConfigConverter - INFO - Source condition evaluation for deinterlacing: True
2025-06-23 11:02:21,406 - ConfigConverter - INFO - Using static value: {}
2025-06-23 11:02:21,406 - ConfigConverter - INFO - Mapped parameter: deinterlacing=auto → Settings.OutputGroups[0].Outputs[0].VideoDescription.VideoPreprocessors.Deinterlacer={}
2025-06-23 11:02:21,406 - ConfigConverter - INFO - Found 2 rules for parameter: video_sync=old
2025-06-23 11:02:21,406 - ConfigConverter - INFO - Processing rule for video_sync, value: old
2025-06-23 11:02:21,406 - ConfigConverter - INFO - Condition evaluation: eq old cfr = False
2025-06-23 11:02:21,406 - ConfigConverter - INFO - Source condition evaluation for video_sync: False
2025-06-23 11:02:21,406 - ConfigConverter - INFO - Skipping rule for video_sync=old due to source condition not matching
2025-06-23 11:02:21,406 - ConfigConverter - INFO - Processing rule for video_sync, value: old
2025-06-23 11:02:21,406 - ConfigConverter - INFO - Condition evaluation: in old ['old', 'passthrough'] = True
2025-06-23 11:02:21,406 - ConfigConverter - INFO - Source condition evaluation for video_sync: True
2025-06-23 11:02:21,406 - ConfigConverter - INFO - Using static value: INITIALIZE_FROM_SOURCE
2025-06-23 11:02:21,406 - ConfigConverter - INFO - Mapped parameter: video_sync=old → Settings.OutputGroups[0].Outputs[0].VideoDescription.CodecSettings.H264Settings.FramerateControl=INITIALIZE_FROM_SOURCE
2025-06-23 11:02:21,406 - ConfigConverter - INFO - Found 1 rules for parameter: apply_timecode=no
2025-06-23 11:02:21,406 - ConfigConverter - INFO - Processing rule for apply_timecode, value: no
2025-06-23 11:02:21,406 - ConfigConverter - INFO - Applying transformation timecode_source_format to no
2025-06-23 11:02:21,406 - ConfigConverter - INFO - Transformed no using timecode_source_format to ZEROBASED
2025-06-23 11:02:21,406 - ConfigConverter - INFO - Mapped parameter: apply_timecode=no → Settings.TimecodeConfig.Source=ZEROBASED
2025-06-23 11:02:21,406 - ConfigConverter - INFO - Skipping already processed parameter: rotate=def
2025-06-23 11:02:21,406 - ConfigConverter - INFO - Skipping already processed parameter: metadata_copy=no
2025-06-23 11:02:21,406 - ConfigConverter - INFO - Skipping already processed parameter: strip_chapters=no
2025-06-23 11:02:21,406 - ConfigConverter - INFO - Skipping already processed parameter: pix_format=yuv420p
2025-06-23 11:02:21,406 - ConfigConverter - INFO - Skipping already processed parameter: encoder=v1
2025-06-23 11:02:21,407 - ConfigConverter - INFO - Skipping already processed parameter: file_extension=mp4
2025-06-23 11:02:21,407 - ConfigConverter - INFO - Found 1 rules for parameter: ftyp=mp42
2025-06-23 11:02:21,407 - ConfigConverter - INFO - Processing rule for ftyp, value: mp42
2025-06-23 11:02:21,407 - ConfigConverter - INFO - Mapped parameter: ftyp=mp42 → Settings.OutputGroups[0].Outputs[0].ContainerSettings.Mp4Settings.Mp4MajorBrand=mp42
2025-06-23 11:02:21,407 - ConfigConverter - INFO - Skipping already processed parameter: hint=no
2025-06-23 11:02:21,407 - ConfigConverter - INFO - Found 1 rules for parameter: set_rotate=0
2025-06-23 11:02:21,407 - ConfigConverter - INFO - Processing rule for set_rotate, value: 0
2025-06-23 11:02:21,407 - ConfigConverter - INFO - Applying transformation rotate_format to 0
2025-06-23 11:02:21,407 - ConfigConverter - INFO - Transformed 0 using rotate_format to DEGREE_0
2025-06-23 11:02:21,407 - ConfigConverter - INFO - Mapped parameter: set_rotate=0 → Settings.Inputs[0].VideoSelector.Rotate=DEGREE_0
2025-06-23 11:02:21,407 - ConfigConverter - INFO - Skipping already processed parameter: copy_nielsen_metadata=no
2025-06-23 11:02:21,407 - ConfigConverter - INFO - Found 1 rules for parameter: force_interlaced=no
2025-06-23 11:02:21,407 - ConfigConverter - INFO - Processing rule for force_interlaced, value: no
2025-06-23 11:02:21,407 - ConfigConverter - INFO - Applying transformation force_interlaced_format to no
2025-06-23 11:02:21,407 - ConfigConverter - INFO - Transformed no using force_interlaced_format to PROGRESSIVE
2025-06-23 11:02:21,407 - ConfigConverter - INFO - Mapped parameter: force_interlaced=no → Settings.OutputGroups[0].Outputs[0].VideoDescription.CodecSettings.H264Settings.InterlaceMode=PROGRESSIVE
2025-06-23 11:02:21,407 - ConfigConverter - INFO - Found 1 rules for parameter: timecode_track=no
2025-06-23 11:02:21,407 - ConfigConverter - INFO - Processing rule for timecode_track, value: no
2025-06-23 11:02:21,407 - ConfigConverter - INFO - Condition evaluation: eq no yes = False
2025-06-23 11:02:21,407 - ConfigConverter - INFO - Source condition evaluation for timecode_track: False
2025-06-23 11:02:21,407 - ConfigConverter - INFO - Skipping rule for timecode_track=no due to source condition not matching
2025-06-23 11:02:21,407 - ConfigConverter - INFO - Skipping already processed parameter: video_only=no
2025-06-23 11:02:21,407 - ConfigConverter - INFO - Found 2 rules for parameter: audio_only=no
2025-06-23 11:02:21,407 - ConfigConverter - INFO - Processing rule for audio_only, value: no
2025-06-23 11:02:21,407 - ConfigConverter - INFO - Condition using source_path output, value: mp4
2025-06-23 11:02:21,407 - ConfigConverter - INFO - Condition evaluation: eq mp4 advanced_hls = False
2025-06-23 11:02:21,407 - ConfigConverter - INFO - Source condition evaluation for audio_only: False
2025-06-23 11:02:21,407 - ConfigConverter - INFO - Skipping rule for audio_only=no due to source condition not matching
2025-06-23 11:02:21,407 - ConfigConverter - INFO - Processing rule for audio_only, value: no
2025-06-23 11:02:21,407 - ConfigConverter - INFO - Condition using source_path output, value: mp4
2025-06-23 11:02:21,407 - ConfigConverter - INFO - Condition evaluation: in mp4 ['advanced_fmp4', 'fmp4_hls'] = False
2025-06-23 11:02:21,407 - ConfigConverter - INFO - Source condition evaluation for audio_only: False
2025-06-23 11:02:21,407 - ConfigConverter - INFO - Skipping rule for audio_only=no due to source condition not matching
2025-06-23 11:02:21,407 - ConfigConverter - INFO - Found 4 rules for parameter: destination=http://test_url.s3.amazonaws.com/encoding.com.output/mock_mock_output_rendition_name_11111_668.mp4?acl=public-read
2025-06-23 11:02:21,407 - ConfigConverter - INFO - Processing rule for destination, value: http://test_url.s3.amazonaws.com/encoding.com.output/mock_mock_output_rendition_name_11111_668.mp4?acl=public-read
2025-06-23 11:02:21,407 - ConfigConverter - INFO - Condition using source_path output, value: mp4
2025-06-23 11:02:21,407 - ConfigConverter - INFO - Condition evaluation: eq mp4 mp4 = True
2025-06-23 11:02:21,407 - ConfigConverter - INFO - Source condition evaluation for destination: True
2025-06-23 11:02:21,407 - ConfigConverter - INFO - Using static value: S3_OUTPUT_URL
2025-06-23 11:02:21,407 - ConfigConverter - INFO - Mapped parameter: destination=http://test_url.s3.amazonaws.com/encoding.com.output/mock_mock_output_rendition_name_11111_668.mp4?acl=public-read → Settings.OutputGroups[0].OutputGroupSettings.FileGroupSettings.Destination=S3_OUTPUT_URL
2025-06-23 11:02:21,408 - ConfigConverter - INFO - Processing rule for destination, value: http://test_url.s3.amazonaws.com/encoding.com.output/mock_mock_output_rendition_name_11111_668.mp4?acl=public-read
2025-06-23 11:02:21,408 - ConfigConverter - INFO - Condition using source_path output, value: mp4
2025-06-23 11:02:21,408 - ConfigConverter - INFO - Condition evaluation: eq mp4 advanced_hls = False
2025-06-23 11:02:21,408 - ConfigConverter - INFO - Source condition evaluation for destination: False
2025-06-23 11:02:21,408 - ConfigConverter - INFO - Skipping rule for destination=http://test_url.s3.amazonaws.com/encoding.com.output/mock_mock_output_rendition_name_11111_668.mp4?acl=public-read due to source condition not matching
2025-06-23 11:02:21,408 - ConfigConverter - INFO - Processing rule for destination, value: http://test_url.s3.amazonaws.com/encoding.com.output/mock_mock_output_rendition_name_11111_668.mp4?acl=public-read
2025-06-23 11:02:21,408 - ConfigConverter - INFO - Condition using source_path output, value: mp4
2025-06-23 11:02:21,408 - ConfigConverter - INFO - Condition evaluation: in mp4 ['advanced_dash', 'mpeg_dash'] = False
2025-06-23 11:02:21,408 - ConfigConverter - INFO - Source condition evaluation for destination: False
2025-06-23 11:02:21,408 - ConfigConverter - INFO - Skipping rule for destination=http://test_url.s3.amazonaws.com/encoding.com.output/mock_mock_output_rendition_name_11111_668.mp4?acl=public-read due to source condition not matching
2025-06-23 11:02:21,408 - ConfigConverter - INFO - Processing rule for destination, value: http://test_url.s3.amazonaws.com/encoding.com.output/mock_mock_output_rendition_name_11111_668.mp4?acl=public-read
2025-06-23 11:02:21,408 - ConfigConverter - INFO - Condition using source_path output, value: mp4
2025-06-23 11:02:21,408 - ConfigConverter - INFO - Condition evaluation: in mp4 ['fmp4_hls', 'advanced_fmp4'] = False
2025-06-23 11:02:21,408 - ConfigConverter - INFO - Source condition evaluation for destination: False
2025-06-23 11:02:21,408 - ConfigConverter - INFO - Skipping rule for destination=http://test_url.s3.amazonaws.com/encoding.com.output/mock_mock_output_rendition_name_11111_668.mp4?acl=public-read due to source condition not matching
2025-06-23 11:02:21,408 - ConfigConverter - INFO - Conversion summary for /home/ec2-user/e2mc_assistant/encoding_profiles/pilot1/mp4/668.xml:
2025-06-23 11:02:21,408 - ConfigConverter - INFO -   - Total parameters: 91
2025-06-23 11:02:21,408 - ConfigConverter - INFO -   - Mapped parameters: 91 (100.0%)
2025-06-23 11:02:21,408 - ConfigConverter - INFO -   - Unmapped parameters: 0 (0.0%)
2025-06-23 11:02:21,408 - ConfigConverter - INFO - Added missing NameModifier: _1280x720_5000000_mc
2025-06-23 11:02:21,408 - ConfigConverter - INFO - Successfully converted /home/ec2-user/e2mc_assistant/encoding_profiles/pilot1/mp4/668.xml to /home/ec2-user/e2mc_assistant/tranformed_mc_profiles/pilot1/mp4/668.json
2025-06-23 11:02:21,409 - ConfigConverter - INFO - Validating /home/ec2-user/e2mc_assistant/tranformed_mc_profiles/pilot1/mp4/668.json against schema /home/ec2-user/e2mc_assistant/utils/mc_config_validator/mc_setting_schema.json
2025-06-23 11:02:21,411 - ConfigConverter - ERROR - Validation failed for /home/ec2-user/e2mc_assistant/tranformed_mc_profiles/pilot1/mp4/668.json. Error log written to /home/ec2-user/e2mc_assistant/tranformed_mc_profiles/pilot1/mp4/668.err
