2025-05-26 02:01:37,390 - ConfigConverter - INFO - Starting conversion of /home/ec2-user/e2mc_assistant/encoding_profiles/pilot1/mp4/977.xml
2025-05-26 02:01:37,391 - ConfigConverter - INFO - Set RateControlMode to VBR because <cbr>=no and <cabr>=no
2025-05-26 02:01:37,391 - ConfigConverter - INFO - Set Bitrate to 3072000 from <bitrate>=3072k
2025-05-26 02:01:37,391 - ConfigConverter - INFO - Set MaxBitrate to 5120000 from <maxrate>=5120k
2025-05-26 02:01:37,391 - ConfigConverter - INFO - Parameter cbr processed by custom rate control handler
2025-05-26 02:01:37,391 - ConfigConverter - INFO - Parameter cabr processed by custom rate control handler
2025-05-26 02:01:37,391 - ConfigConverter - INFO - Parameter bitrate processed by custom rate control handler
2025-05-26 02:01:37,391 - ConfigConverter - INFO - Parameter maxrate processed by custom rate control handler
2025-05-26 02:01:37,391 - ConfigConverter - INFO - Set AudioDescriptions[0].CodecSettings.Codec to AAC from <audio_codec>=libfaac
2025-05-26 02:01:37,391 - ConfigConverter - INFO - Set AudioDescriptions[0].CodecSettings.AacSettings.Bitrate to default value 96000
2025-05-26 02:01:37,391 - ConfigConverter - INFO - Set AudioDescriptions[0].CodecSettings.AacSettings.SampleRate to default value 48000
2025-05-26 02:01:37,391 - ConfigConverter - INFO - Set AudioDescriptions[0].CodecSettings.AacSettings.CodingMode to CODING_MODE_2_0 (default stereo)
2025-05-26 02:01:37,391 - ConfigConverter - INFO - Set AudioDescriptions[0].CodecSettings.AacSettings.Bitrate to 192000 from <audio_bitrate>=192k
2025-05-26 02:01:37,391 - ConfigConverter - INFO - Audio parameters processed by custom audio settings handler
2025-05-26 02:01:37,391 - ConfigConverter - INFO - Mapped parameter: VCodecParameters=None → [DUMMY RULE]
2025-05-26 02:01:37,391 - ConfigConverter - INFO - Mapped parameter: acbr=yes → [DUMMY RULE]
2025-05-26 02:01:37,391 - ConfigConverter - INFO - Mapped parameter: add_audio_only=None → [DUMMY RULE]
2025-05-26 02:01:37,391 - ConfigConverter - INFO - Mapped parameter: clipmode=None → [DUMMY RULE]
2025-05-26 02:01:37,391 - ConfigConverter - INFO - Mapped parameter: closed_captions.cc_extract_before=None → [DUMMY RULE]
2025-05-26 02:01:37,391 - ConfigConverter - INFO - Mapped parameter: closed_captions.direct_copy=None → [DUMMY RULE]
2025-05-26 02:01:37,391 - ConfigConverter - INFO - Mapped parameter: closed_captions.get_from_manifest=None → [DUMMY RULE]
2025-05-26 02:01:37,391 - ConfigConverter - INFO - Mapped parameter: closed_captions.ignore_cc_absence=None → [DUMMY RULE]
2025-05-26 02:01:37,391 - ConfigConverter - INFO - Mapped parameter: closed_captions.role=None → [DUMMY RULE]
2025-05-26 02:01:37,391 - ConfigConverter - INFO - Mapped parameter: closed_captions.vtt_split_segments=None → [DUMMY RULE]
2025-05-26 02:01:37,391 - ConfigConverter - INFO - Mapped parameter: drm=None → [DUMMY RULE]
2025-05-26 02:01:37,391 - ConfigConverter - INFO - Mapped parameter: encoder=None → [DUMMY RULE]
2025-05-26 02:01:37,391 - ConfigConverter - INFO - Mapped parameter: encryption=None → [DUMMY RULE]
2025-05-26 02:01:37,391 - ConfigConverter - INFO - Mapped parameter: hint=None → [DUMMY RULE]
2025-05-26 02:01:37,391 - ConfigConverter - INFO - Mapped parameter: pix_format=None → [DUMMY RULE]
2025-05-26 02:01:37,392 - ConfigConverter - INFO - Mapped parameter: set_video_duration=None → [DUMMY RULE]
2025-05-26 02:01:37,392 - ConfigConverter - INFO - Mapped parameter: strip_chapters=None → [DUMMY RULE]
2025-05-26 02:01:37,392 - ConfigConverter - INFO - Mapped parameter: video_codec_parameters.cmp=None → [DUMMY RULE]
2025-05-26 02:01:37,392 - ConfigConverter - INFO - Mapped parameter: video_codec_parameters.code=None → [DUMMY RULE]
2025-05-26 02:01:37,392 - ConfigConverter - INFO - Mapped parameter: video_codec_parameters.flags=None → [DUMMY RULE]
2025-05-26 02:01:37,392 - ConfigConverter - INFO - Mapped parameter: video_codec_parameters.flags2=None → [DUMMY RULE]
2025-05-26 02:01:37,392 - ConfigConverter - INFO - Mapped parameter: video_codec_parameters.i_qfactor=None → [DUMMY RULE]
2025-05-26 02:01:37,392 - ConfigConverter - INFO - Mapped parameter: video_codec_parameters.mbtree=None → [DUMMY RULE]
2025-05-26 02:01:37,392 - ConfigConverter - INFO - Mapped parameter: video_codec_parameters.me_method=None → [DUMMY RULE]
2025-05-26 02:01:37,392 - ConfigConverter - INFO - Mapped parameter: video_codec_parameters.me_range=None → [DUMMY RULE]
2025-05-26 02:01:37,392 - ConfigConverter - INFO - Mapped parameter: video_codec_parameters.qcomp=None → [DUMMY RULE]
2025-05-26 02:01:37,392 - ConfigConverter - INFO - Mapped parameter: video_codec_parameters.qdiff=None → [DUMMY RULE]
2025-05-26 02:01:37,392 - ConfigConverter - INFO - Mapped parameter: video_codec_parameters.subq=None → [DUMMY RULE]
2025-05-26 02:01:37,392 - ConfigConverter - INFO - Mapped parameter: video_codec_parameters.trellis=None → [DUMMY RULE]
2025-05-26 02:01:37,392 - ConfigConverter - INFO - Mapped parameter: video_codec_parameters.qmax=None → [DUMMY RULE]
2025-05-26 02:01:37,392 - ConfigConverter - INFO - Mapped parameter: video_codec_parameters.qmin=None → [DUMMY RULE]
2025-05-26 02:01:37,392 - ConfigConverter - INFO - Mapped parameter: closed_captions.forced=None → [DUMMY RULE]
2025-05-26 02:01:37,392 - ConfigConverter - INFO - Mapped parameter: file_extension=None → [DUMMY RULE]
2025-05-26 02:01:37,392 - ConfigConverter - INFO - Mapped parameter: rotate=None → [DUMMY RULE]
2025-05-26 02:01:37,392 - ConfigConverter - INFO - Mapped parameter: metadata_copy=None → [DUMMY RULE]
2025-05-26 02:01:37,392 - ConfigConverter - INFO - Mapped parameter: video_codec_parameters.transfer_characteristics=None → [DUMMY RULE]
2025-05-26 02:01:37,392 - ConfigConverter - INFO - Mapped parameter: video_codec_parameters.partitions=None → [DUMMY RULE]
2025-05-26 02:01:37,392 - ConfigConverter - INFO - Mapped parameter: closed_captions.cea_data_field=None → [DUMMY RULE]
2025-05-26 02:01:37,392 - ConfigConverter - INFO - Mapped parameter: loudnorm_range=None → [DUMMY RULE]
2025-05-26 02:01:37,392 - ConfigConverter - INFO - Mapped parameter: video_codec_parameters.level=31 → [DUMMY RULE]
2025-05-26 02:01:37,392 - ConfigConverter - INFO - Mapped parameter: level=None → [DUMMY RULE]
2025-05-26 02:01:37,392 - ConfigConverter - WARNING - Skipping rule for output=mp4 due to source condition not matching
2025-05-26 02:01:37,392 - ConfigConverter - WARNING - Skipping rule for output=mp4 due to source condition not matching
2025-05-26 02:01:37,392 - ConfigConverter - WARNING - Skipping rule for output=mp4 due to source condition not matching
2025-05-26 02:01:37,392 - ConfigConverter - WARNING - Skipping rule for output=mp4 due to source condition not matching
2025-05-26 02:01:37,392 - ConfigConverter - WARNING - Skipping rule for output=mp4 due to source condition not matching
2025-05-26 02:01:37,392 - ConfigConverter - WARNING - Skipping rule for output=mp4 due to source condition not matching
2025-05-26 02:01:37,392 - ConfigConverter - WARNING - Skipping rule for output=mp4 due to source condition not matching
2025-05-26 02:01:37,392 - ConfigConverter - WARNING - Skipping rule for output=mp4 due to source condition not matching
2025-05-26 02:01:37,393 - ConfigConverter - INFO - Mapped parameter: output=mp4 → Settings.OutputGroups[0].OutputGroupSettings.Type=FILE_GROUP_SETTINGS
2025-05-26 02:01:37,393 - ConfigConverter - INFO - Mapped parameter: output=mp4 → Settings.OutputGroups[0].Outputs[0].ContainerSettings.Container=MP4
2025-05-26 02:01:37,393 - ConfigConverter - WARNING - Skipping rule for output=mp4 due to source condition not matching
2025-05-26 02:01:37,393 - ConfigConverter - WARNING - Skipping rule for output=mp4 due to source condition not matching
2025-05-26 02:01:37,393 - ConfigConverter - WARNING - Skipping rule for output=mp4 due to source condition not matching
2025-05-26 02:01:37,393 - ConfigConverter - WARNING - Skipping rule for output=mp4 due to source condition not matching
2025-05-26 02:01:37,393 - ConfigConverter - INFO - Mapped parameter: video_codec=libx264 → Settings.OutputGroups[0].Outputs[0].VideoDescription.CodecSettings.Codec=H_264
2025-05-26 02:01:37,393 - ConfigConverter - INFO - Mapped parameter: keyframe=300 → Settings.OutputGroups[0].Outputs[0].VideoDescription.CodecSettings.H264Settings.GopSize=300
2025-05-26 02:01:37,393 - ConfigConverter - INFO - Mapped parameter: two_pass=no → Settings.OutputGroups[0].Outputs[0].VideoDescription.CodecSettings.H264Settings.QualityTuningLevel=SINGLE_PASS_HQ
2025-05-26 02:01:37,393 - ConfigConverter - INFO - Mapped parameter: hard_cbr=no → Settings.OutputGroups[0].Outputs[0].VideoDescription.CodecSettings.H264Settings.RateControlMode=VBR
2025-05-26 02:01:37,393 - ConfigConverter - INFO - Mapped parameter: video_codec_parameters.profile=main → Settings.OutputGroups[0].Outputs[0].VideoDescription.CodecSettings.H264Settings.CodecProfile=MAIN
2025-05-26 02:01:37,393 - ConfigConverter - INFO - Mapped parameter: video_codec_parameters.refs=4 → Settings.OutputGroups[0].Outputs[0].VideoDescription.CodecSettings.H264Settings.NumberReferenceFrames=4
2025-05-26 02:01:37,393 - ConfigConverter - INFO - Mapped parameter: video_codec_parameters.refs=4 → Settings.OutputGroups[0].Outputs[0].VideoDescription.CodecSettings.H264Settings.NumberReferenceFrames=4
2025-05-26 02:01:37,393 - ConfigConverter - INFO - Mapped parameter: audio_normalization=-23.0 → Settings.OutputGroups[0].Outputs[0].AudioDescriptions[0].AudioNormalizationSettings.TargetLkfs=-23.0
2025-05-26 02:01:37,393 - ConfigConverter - INFO - Mapped parameter: destination=http://test_url.s3.amazonaws.com/encoding.com.output/mock_mock_output_rendition_name_11111_977.mp4?acl=public-read → Settings.OutputGroups[0].OutputGroupSettings.FileGroupSettings.Destination=S3_OUTPUT_URL
2025-05-26 02:01:37,393 - ConfigConverter - INFO - Conversion summary for /home/ec2-user/e2mc_assistant/encoding_profiles/pilot1/mp4/977.xml:
2025-05-26 02:01:37,393 - ConfigConverter - INFO -   - Total parameters: 52
2025-05-26 02:01:37,393 - ConfigConverter - INFO -   - Mapped parameters: 52 (100.0%)
2025-05-26 02:01:37,394 - ConfigConverter - INFO -   - Unmapped parameters: 0 (0.0%)
2025-05-26 02:01:37,394 - ConfigConverter - INFO - Added missing NameModifier: _mc
2025-05-26 02:01:37,394 - ConfigConverter - INFO - Successfully converted /home/ec2-user/e2mc_assistant/encoding_profiles/pilot1/mp4/977.xml to /home/ec2-user/e2mc_assistant/tranformed_mc_profiles/pilot1/mp4/977.json
2025-05-26 02:01:37,395 - ConfigConverter - INFO - Validating /home/ec2-user/e2mc_assistant/tranformed_mc_profiles/pilot1/mp4/977.json against schema /home/ec2-user/e2mc_assistant/utils/mc_config_validator/mc_setting_schema.json
2025-05-26 02:01:37,395 - ConfigConverter - INFO - Validation successful for /home/ec2-user/e2mc_assistant/tranformed_mc_profiles/pilot1/mp4/977.json
2025-05-29 08:52:03,149 - ConfigConverter - INFO - Starting conversion of /home/ec2-user/e2mc_assistant/encoding_profiles/pilot1/mp4/977.xml
2025-05-29 08:52:03,150 - ConfigConverter - INFO - Set RateControlMode to VBR because <cbr>=no and <cabr>=no
2025-05-29 08:52:03,150 - ConfigConverter - INFO - Set Bitrate to 3072000 from <bitrate>=3072k
2025-05-29 08:52:03,150 - ConfigConverter - INFO - Set MaxBitrate to 5120000 from <maxrate>=5120k
2025-05-29 08:52:03,150 - ConfigConverter - INFO - Parameter cbr processed by custom rate control handler
2025-05-29 08:52:03,150 - ConfigConverter - INFO - Parameter cabr processed by custom rate control handler
2025-05-29 08:52:03,150 - ConfigConverter - INFO - Parameter bitrate processed by custom rate control handler
2025-05-29 08:52:03,150 - ConfigConverter - INFO - Parameter maxrate processed by custom rate control handler
2025-05-29 08:52:03,150 - ConfigConverter - INFO - Set AudioDescriptions[0].CodecSettings.Codec to AAC from <audio_codec>=libfaac
2025-05-29 08:52:03,150 - ConfigConverter - INFO - Set AudioDescriptions[0].CodecSettings.AacSettings.Bitrate to default value 96000
2025-05-29 08:52:03,150 - ConfigConverter - INFO - Set AudioDescriptions[0].CodecSettings.AacSettings.SampleRate to default value 48000
2025-05-29 08:52:03,150 - ConfigConverter - INFO - Set AudioDescriptions[0].CodecSettings.AacSettings.CodingMode to CODING_MODE_2_0 (default stereo)
2025-05-29 08:52:03,150 - ConfigConverter - INFO - Set AudioDescriptions[0].CodecSettings.AacSettings.Bitrate to 192000 from <audio_bitrate>=192k
2025-05-29 08:52:03,150 - ConfigConverter - INFO - Audio parameters processed by custom audio settings handler
2025-05-29 08:52:03,151 - ConfigConverter - INFO - Mapped parameter: VCodecParameters=None → [DUMMY RULE]
2025-05-29 08:52:03,151 - ConfigConverter - INFO - Mapped parameter: acbr=yes → [DUMMY RULE]
2025-05-29 08:52:03,151 - ConfigConverter - INFO - Mapped parameter: add_audio_only=None → [DUMMY RULE]
2025-05-29 08:52:03,151 - ConfigConverter - INFO - Mapped parameter: clipmode=None → [DUMMY RULE]
2025-05-29 08:52:03,151 - ConfigConverter - INFO - Mapped parameter: closed_captions.cc_extract_before=None → [DUMMY RULE]
2025-05-29 08:52:03,151 - ConfigConverter - INFO - Mapped parameter: closed_captions.direct_copy=None → [DUMMY RULE]
2025-05-29 08:52:03,151 - ConfigConverter - INFO - Mapped parameter: closed_captions.get_from_manifest=None → [DUMMY RULE]
2025-05-29 08:52:03,151 - ConfigConverter - INFO - Mapped parameter: closed_captions.ignore_cc_absence=None → [DUMMY RULE]
2025-05-29 08:52:03,151 - ConfigConverter - INFO - Mapped parameter: closed_captions.role=None → [DUMMY RULE]
2025-05-29 08:52:03,151 - ConfigConverter - INFO - Mapped parameter: closed_captions.vtt_split_segments=None → [DUMMY RULE]
2025-05-29 08:52:03,151 - ConfigConverter - INFO - Mapped parameter: drm=None → [DUMMY RULE]
2025-05-29 08:52:03,151 - ConfigConverter - INFO - Mapped parameter: encoder=None → [DUMMY RULE]
2025-05-29 08:52:03,151 - ConfigConverter - INFO - Mapped parameter: encryption=None → [DUMMY RULE]
2025-05-29 08:52:03,151 - ConfigConverter - INFO - Mapped parameter: hint=None → [DUMMY RULE]
2025-05-29 08:52:03,151 - ConfigConverter - INFO - Mapped parameter: pix_format=None → [DUMMY RULE]
2025-05-29 08:52:03,151 - ConfigConverter - INFO - Mapped parameter: set_video_duration=None → [DUMMY RULE]
2025-05-29 08:52:03,151 - ConfigConverter - INFO - Mapped parameter: strip_chapters=None → [DUMMY RULE]
2025-05-29 08:52:03,151 - ConfigConverter - INFO - Mapped parameter: video_codec_parameters.cmp=None → [DUMMY RULE]
2025-05-29 08:52:03,151 - ConfigConverter - INFO - Mapped parameter: video_codec_parameters.code=None → [DUMMY RULE]
2025-05-29 08:52:03,151 - ConfigConverter - INFO - Mapped parameter: video_codec_parameters.flags=None → [DUMMY RULE]
2025-05-29 08:52:03,151 - ConfigConverter - INFO - Mapped parameter: video_codec_parameters.flags2=None → [DUMMY RULE]
2025-05-29 08:52:03,151 - ConfigConverter - INFO - Mapped parameter: video_codec_parameters.i_qfactor=None → [DUMMY RULE]
2025-05-29 08:52:03,151 - ConfigConverter - INFO - Mapped parameter: video_codec_parameters.mbtree=None → [DUMMY RULE]
2025-05-29 08:52:03,151 - ConfigConverter - INFO - Mapped parameter: video_codec_parameters.me_method=None → [DUMMY RULE]
2025-05-29 08:52:03,151 - ConfigConverter - INFO - Mapped parameter: video_codec_parameters.me_range=None → [DUMMY RULE]
2025-05-29 08:52:03,151 - ConfigConverter - INFO - Mapped parameter: video_codec_parameters.qcomp=None → [DUMMY RULE]
2025-05-29 08:52:03,151 - ConfigConverter - INFO - Mapped parameter: video_codec_parameters.qdiff=None → [DUMMY RULE]
2025-05-29 08:52:03,151 - ConfigConverter - INFO - Mapped parameter: video_codec_parameters.subq=None → [DUMMY RULE]
2025-05-29 08:52:03,151 - ConfigConverter - INFO - Mapped parameter: video_codec_parameters.trellis=None → [DUMMY RULE]
2025-05-29 08:52:03,151 - ConfigConverter - INFO - Mapped parameter: video_codec_parameters.qmax=None → [DUMMY RULE]
2025-05-29 08:52:03,151 - ConfigConverter - INFO - Mapped parameter: video_codec_parameters.qmin=None → [DUMMY RULE]
2025-05-29 08:52:03,151 - ConfigConverter - INFO - Mapped parameter: closed_captions.forced=None → [DUMMY RULE]
2025-05-29 08:52:03,151 - ConfigConverter - INFO - Mapped parameter: file_extension=None → [DUMMY RULE]
2025-05-29 08:52:03,151 - ConfigConverter - INFO - Mapped parameter: rotate=None → [DUMMY RULE]
2025-05-29 08:52:03,151 - ConfigConverter - INFO - Mapped parameter: metadata_copy=None → [DUMMY RULE]
2025-05-29 08:52:03,151 - ConfigConverter - INFO - Mapped parameter: video_codec_parameters.transfer_characteristics=None → [DUMMY RULE]
2025-05-29 08:52:03,151 - ConfigConverter - INFO - Mapped parameter: video_codec_parameters.partitions=None → [DUMMY RULE]
2025-05-29 08:52:03,151 - ConfigConverter - INFO - Mapped parameter: closed_captions.cea_data_field=None → [DUMMY RULE]
2025-05-29 08:52:03,152 - ConfigConverter - INFO - Mapped parameter: loudnorm_range=None → [DUMMY RULE]
2025-05-29 08:52:03,152 - ConfigConverter - WARNING - Skipping rule for output=mp4 due to source condition not matching
2025-05-29 08:52:03,152 - ConfigConverter - WARNING - Skipping rule for output=mp4 due to source condition not matching
2025-05-29 08:52:03,152 - ConfigConverter - WARNING - Skipping rule for output=mp4 due to source condition not matching
2025-05-29 08:52:03,152 - ConfigConverter - WARNING - Skipping rule for output=mp4 due to source condition not matching
2025-05-29 08:52:03,152 - ConfigConverter - WARNING - Skipping rule for output=mp4 due to source condition not matching
2025-05-29 08:52:03,152 - ConfigConverter - WARNING - Skipping rule for output=mp4 due to source condition not matching
2025-05-29 08:52:03,152 - ConfigConverter - WARNING - Skipping rule for output=mp4 due to source condition not matching
2025-05-29 08:52:03,152 - ConfigConverter - WARNING - Skipping rule for output=mp4 due to source condition not matching
2025-05-29 08:52:03,152 - ConfigConverter - INFO - Mapped parameter: output=mp4 → Settings.OutputGroups[0].OutputGroupSettings.Type=FILE_GROUP_SETTINGS
2025-05-29 08:52:03,152 - ConfigConverter - INFO - Mapped parameter: output=mp4 → Settings.OutputGroups[0].Outputs[0].ContainerSettings.Container=MP4
2025-05-29 08:52:03,152 - ConfigConverter - WARNING - Skipping rule for output=mp4 due to source condition not matching
2025-05-29 08:52:03,152 - ConfigConverter - WARNING - Skipping rule for output=mp4 due to source condition not matching
2025-05-29 08:52:03,152 - ConfigConverter - WARNING - Skipping rule for output=mp4 due to source condition not matching
2025-05-29 08:52:03,152 - ConfigConverter - WARNING - Skipping rule for output=mp4 due to source condition not matching
2025-05-29 08:52:03,152 - ConfigConverter - INFO - Mapped parameter: video_codec=libx264 → Settings.OutputGroups[0].Outputs[0].VideoDescription.CodecSettings.Codec=H_264
2025-05-29 08:52:03,152 - ConfigConverter - INFO - Mapped parameter: keyframe=300 → Settings.OutputGroups[0].Outputs[0].VideoDescription.CodecSettings.H264Settings.GopSize=300
2025-05-29 08:52:03,152 - ConfigConverter - INFO - Mapped parameter: two_pass=no → Settings.OutputGroups[0].Outputs[0].VideoDescription.CodecSettings.H264Settings.QualityTuningLevel=SINGLE_PASS_HQ
2025-05-29 08:52:03,152 - ConfigConverter - INFO - Mapped parameter: hard_cbr=no → Settings.OutputGroups[0].Outputs[0].VideoDescription.CodecSettings.H264Settings.RateControlMode=VBR
2025-05-29 08:52:03,152 - ConfigConverter - INFO - Mapped parameter: video_codec_parameters.profile=main → Settings.OutputGroups[0].Outputs[0].VideoDescription.CodecSettings.H264Settings.CodecProfile=MAIN
2025-05-29 08:52:03,152 - ConfigConverter - INFO - Mapped parameter: video_codec_parameters.level=31 → Settings.OutputGroups[0].Outputs[0].VideoDescription.CodecSettings.H264Settings.CodecLevel=LEVEL_3_1
2025-05-29 08:52:03,152 - ConfigConverter - INFO - Mapped parameter: video_codec_parameters.refs=4 → Settings.OutputGroups[0].Outputs[0].VideoDescription.CodecSettings.H264Settings.NumberReferenceFrames=4
2025-05-29 08:52:03,152 - ConfigConverter - INFO - Mapped parameter: video_codec_parameters.refs=4 → Settings.OutputGroups[0].Outputs[0].VideoDescription.CodecSettings.H264Settings.NumberReferenceFrames=4
2025-05-29 08:52:03,152 - ConfigConverter - INFO - Mapped parameter: audio_normalization=-23.0 → Settings.OutputGroups[0].Outputs[0].AudioDescriptions[0].AudioNormalizationSettings.TargetLkfs=-23.0
2025-05-29 08:52:03,152 - ConfigConverter - INFO - Mapped parameter: destination=http://test_url.s3.amazonaws.com/encoding.com.output/mock_mock_output_rendition_name_11111_977.mp4?acl=public-read → Settings.OutputGroups[0].OutputGroupSettings.FileGroupSettings.Destination=S3_OUTPUT_URL
2025-05-29 08:52:03,152 - ConfigConverter - INFO - Conversion summary for /home/ec2-user/e2mc_assistant/encoding_profiles/pilot1/mp4/977.xml:
2025-05-29 08:52:03,152 - ConfigConverter - INFO -   - Total parameters: 51
2025-05-29 08:52:03,152 - ConfigConverter - INFO -   - Mapped parameters: 51 (100.0%)
2025-05-29 08:52:03,152 - ConfigConverter - INFO -   - Unmapped parameters: 0 (0.0%)
2025-05-29 08:52:03,152 - ConfigConverter - INFO - Added missing NameModifier: _mc
2025-05-29 08:52:03,153 - ConfigConverter - INFO - Successfully converted /home/ec2-user/e2mc_assistant/encoding_profiles/pilot1/mp4/977.xml to /home/ec2-user/e2mc_assistant/tranformed_mc_profiles/pilot1/mp4/977.json
2025-05-29 08:52:03,153 - ConfigConverter - INFO - Validating /home/ec2-user/e2mc_assistant/tranformed_mc_profiles/pilot1/mp4/977.json against schema /home/ec2-user/e2mc_assistant/utils/mc_config_validator/mc_setting_schema.json
2025-05-29 08:52:03,154 - ConfigConverter - INFO - Validation successful for /home/ec2-user/e2mc_assistant/tranformed_mc_profiles/pilot1/mp4/977.json
2025-06-23 11:02:21,144 - ConfigConverter - INFO - Starting conversion of /home/ec2-user/e2mc_assistant/encoding_profiles/pilot1/mp4/977.xml
2025-06-23 11:02:21,145 - ConfigConverter - INFO - Set container to MP4 based on output format: mp4
2025-06-23 11:02:21,146 - ConfigConverter - INFO - Added Mp4Settings to container settings
2025-06-23 11:02:21,146 - ConfigConverter - INFO - Using H264Settings for video_codec=libx264
2025-06-23 11:02:21,146 - ConfigConverter - INFO - Set RateControlMode to VBR because <cbr>=no and <cabr>=no
2025-06-23 11:02:21,146 - ConfigConverter - INFO - Set Bitrate to 3072000 from <bitrate>=3072k
2025-06-23 11:02:21,146 - ConfigConverter - INFO - Set MaxBitrate to 5120000 from <maxrate>=5120k
2025-06-23 11:02:21,146 - ConfigConverter - INFO - Parameter cbr processed by custom rate control handler
2025-06-23 11:02:21,146 - ConfigConverter - INFO - Parameter cabr processed by custom rate control handler
2025-06-23 11:02:21,146 - ConfigConverter - INFO - Parameter bitrate processed by custom rate control handler
2025-06-23 11:02:21,146 - ConfigConverter - INFO - Parameter maxrate processed by custom rate control handler
2025-06-23 11:02:21,146 - ConfigConverter - INFO - Set AudioDescriptions[0].CodecSettings.Codec to AAC from <audio_codec>=libfaac
2025-06-23 11:02:21,146 - ConfigConverter - INFO - Set AudioDescriptions[0].CodecSettings.AacSettings.Bitrate to default value 96000
2025-06-23 11:02:21,146 - ConfigConverter - INFO - Set AudioDescriptions[0].CodecSettings.AacSettings.SampleRate to default value 48000
2025-06-23 11:02:21,146 - ConfigConverter - INFO - Set AudioDescriptions[0].CodecSettings.AacSettings.CodingMode to CODING_MODE_2_0 (default stereo)
2025-06-23 11:02:21,146 - ConfigConverter - INFO - Set AudioDescriptions[0].CodecSettings.AacSettings.Bitrate to 192000 from <audio_bitrate>=192k
2025-06-23 11:02:21,146 - ConfigConverter - INFO - Audio parameters processed by custom audio settings handler
2025-06-23 11:02:21,146 - ConfigConverter - INFO - Mapped parameter: VCodecParameters=None → [DUMMY RULE]
2025-06-23 11:02:21,146 - ConfigConverter - INFO - Mapped parameter: acbr=yes → [DUMMY RULE]
2025-06-23 11:02:21,146 - ConfigConverter - INFO - Mapped parameter: add_audio_only=None → [DUMMY RULE]
2025-06-23 11:02:21,146 - ConfigConverter - INFO - Mapped parameter: clipmode=None → [DUMMY RULE]
2025-06-23 11:02:21,146 - ConfigConverter - INFO - Mapped parameter: closed_captions.cc_extract_before=None → [DUMMY RULE]
2025-06-23 11:02:21,146 - ConfigConverter - INFO - Mapped parameter: closed_captions.direct_copy=None → [DUMMY RULE]
2025-06-23 11:02:21,146 - ConfigConverter - INFO - Mapped parameter: closed_captions.get_from_manifest=None → [DUMMY RULE]
2025-06-23 11:02:21,146 - ConfigConverter - INFO - Mapped parameter: closed_captions.ignore_cc_absence=None → [DUMMY RULE]
2025-06-23 11:02:21,146 - ConfigConverter - INFO - Mapped parameter: closed_captions.role=None → [DUMMY RULE]
2025-06-23 11:02:21,146 - ConfigConverter - INFO - Mapped parameter: closed_captions.vtt_split_segments=None → [DUMMY RULE]
2025-06-23 11:02:21,146 - ConfigConverter - INFO - Mapped parameter: drm=None → [DUMMY RULE]
2025-06-23 11:02:21,146 - ConfigConverter - INFO - Mapped parameter: encoder=None → [DUMMY RULE]
2025-06-23 11:02:21,146 - ConfigConverter - INFO - Mapped parameter: encryption=None → [DUMMY RULE]
2025-06-23 11:02:21,146 - ConfigConverter - INFO - Mapped parameter: hint=None → [DUMMY RULE]
2025-06-23 11:02:21,146 - ConfigConverter - INFO - Mapped parameter: pix_format=None → [DUMMY RULE]
2025-06-23 11:02:21,146 - ConfigConverter - INFO - Mapped parameter: set_video_duration=None → [DUMMY RULE]
2025-06-23 11:02:21,147 - ConfigConverter - INFO - Mapped parameter: strip_chapters=None → [DUMMY RULE]
2025-06-23 11:02:21,147 - ConfigConverter - INFO - Mapped parameter: video_codec_parameters.cmp=None → [DUMMY RULE]
2025-06-23 11:02:21,147 - ConfigConverter - INFO - Mapped parameter: video_codec_parameters.code=None → [DUMMY RULE]
2025-06-23 11:02:21,147 - ConfigConverter - INFO - Mapped parameter: video_codec_parameters.flags=None → [DUMMY RULE]
2025-06-23 11:02:21,147 - ConfigConverter - INFO - Mapped parameter: video_codec_parameters.flags2=None → [DUMMY RULE]
2025-06-23 11:02:21,147 - ConfigConverter - INFO - Mapped parameter: video_codec_parameters.i_qfactor=None → [DUMMY RULE]
2025-06-23 11:02:21,147 - ConfigConverter - INFO - Mapped parameter: video_codec_parameters.mbtree=None → [DUMMY RULE]
2025-06-23 11:02:21,147 - ConfigConverter - INFO - Mapped parameter: video_codec_parameters.me_method=None → [DUMMY RULE]
2025-06-23 11:02:21,147 - ConfigConverter - INFO - Mapped parameter: video_codec_parameters.me_range=None → [DUMMY RULE]
2025-06-23 11:02:21,147 - ConfigConverter - INFO - Mapped parameter: video_codec_parameters.qcomp=None → [DUMMY RULE]
2025-06-23 11:02:21,147 - ConfigConverter - INFO - Mapped parameter: video_codec_parameters.qdiff=None → [DUMMY RULE]
2025-06-23 11:02:21,147 - ConfigConverter - INFO - Mapped parameter: video_codec_parameters.subq=None → [DUMMY RULE]
2025-06-23 11:02:21,147 - ConfigConverter - INFO - Mapped parameter: video_codec_parameters.trellis=None → [DUMMY RULE]
2025-06-23 11:02:21,147 - ConfigConverter - INFO - Mapped parameter: video_codec_parameters.qmax=None → [DUMMY RULE]
2025-06-23 11:02:21,147 - ConfigConverter - INFO - Mapped parameter: video_codec_parameters.qmin=None → [DUMMY RULE]
2025-06-23 11:02:21,147 - ConfigConverter - INFO - Mapped parameter: closed_captions.forced=None → [DUMMY RULE]
2025-06-23 11:02:21,147 - ConfigConverter - INFO - Mapped parameter: file_extension=None → [DUMMY RULE]
2025-06-23 11:02:21,147 - ConfigConverter - INFO - Mapped parameter: rotate=None → [DUMMY RULE]
2025-06-23 11:02:21,147 - ConfigConverter - INFO - Mapped parameter: main_source.type=None → [DUMMY RULE]
2025-06-23 11:02:21,147 - ConfigConverter - INFO - Mapped parameter: playlist_version=None → [DUMMY RULE]
2025-06-23 11:02:21,147 - ConfigConverter - INFO - Mapped parameter: video_only=None → [DUMMY RULE]
2025-06-23 11:02:21,147 - ConfigConverter - INFO - Mapped parameter: closed_captions.cea_data_field=None → [DUMMY RULE]
2025-06-23 11:02:21,147 - ConfigConverter - INFO - Mapped parameter: loudnorm_range=None → [DUMMY RULE]
2025-06-23 11:02:21,147 - ConfigConverter - INFO - Mapped parameter: pack_files=None → [DUMMY RULE]
2025-06-23 11:02:21,147 - ConfigConverter - INFO - Mapped parameter: pack_type=None → [DUMMY RULE]
2025-06-23 11:02:21,147 - ConfigConverter - INFO - Mapped parameter: pack_each_stream=None → [DUMMY RULE]
2025-06-23 11:02:21,147 - ConfigConverter - INFO - Mapped parameter: cmaf_conformant=None → [DUMMY RULE]
2025-06-23 11:02:21,147 - ConfigConverter - INFO - Mapped parameter: manifest.basename=None → [DUMMY RULE]
2025-06-23 11:02:21,147 - ConfigConverter - INFO - Mapped parameter: use_manifest=None → [DUMMY RULE]
2025-06-23 11:02:21,147 - ConfigConverter - INFO - Mapped parameter: use_main_source=None → [DUMMY RULE]
2025-06-23 11:02:21,147 - ConfigConverter - INFO - Mapped parameter: use_alternate_source=None → [DUMMY RULE]
2025-06-23 11:02:21,147 - ConfigConverter - INFO - Mapped parameter: AdditionalCfDestination=None → [DUMMY RULE]
2025-06-23 11:02:21,147 - ConfigConverter - INFO - Mapped parameter: framerate_upper_threshold=None → [DUMMY RULE]
2025-06-23 11:02:21,147 - ConfigConverter - INFO - Mapped parameter: segmenter=None → [DUMMY RULE]
2025-06-23 11:02:21,147 - ConfigConverter - INFO - Mapped parameter: copy_nielsen_metadata=None → [DUMMY RULE]
2025-06-23 11:02:21,148 - ConfigConverter - INFO - Mapped parameter: metadata.copy=None → [DUMMY RULE]
2025-06-23 11:02:21,148 - ConfigConverter - INFO - Mapped parameter: refs=None → [DUMMY RULE]
2025-06-23 11:02:21,148 - ConfigConverter - INFO - Mapped parameter: reduce_structural_overhead=None → [DUMMY RULE]
2025-06-23 11:02:21,148 - ConfigConverter - INFO - Mapped parameter: video_codec_parameters.nal-hrd=None → [DUMMY RULE]
2025-06-23 11:02:21,148 - ConfigConverter - INFO - Mapped parameter: nal-hrd=None → [DUMMY RULE]
2025-06-23 11:02:21,148 - ConfigConverter - INFO - Mapped parameter: timescale=None → [DUMMY RULE]
2025-06-23 11:02:21,148 - ConfigConverter - INFO - Mapped parameter: video_codec_parameters.transfer_characteristics=None → [DUMMY RULE]
2025-06-23 11:02:21,148 - ConfigConverter - INFO - Mapped parameter: audio_volume=None → [DUMMY RULE]
2025-06-23 11:02:21,148 - ConfigConverter - INFO - Mapped parameter: video_codec_parameters.sc_threshold=None → [DUMMY RULE]
2025-06-23 11:02:21,148 - ConfigConverter - INFO - Mapped parameter: metadata_copy=None → [DUMMY RULE]
2025-06-23 11:02:21,148 - ConfigConverter - INFO - Mapped parameter: video_codec_parameters.partitions=None → [DUMMY RULE]
2025-06-23 11:02:21,148 - ConfigConverter - INFO - Skipping already processed parameter: output=mp4
2025-06-23 11:02:21,148 - ConfigConverter - INFO - Found 1 rules for parameter: video_codec=libx264
2025-06-23 11:02:21,148 - ConfigConverter - INFO - Processing rule for video_codec, value: libx264
2025-06-23 11:02:21,148 - ConfigConverter - INFO - Applying transformation video_codec_format to libx264
2025-06-23 11:02:21,148 - ConfigConverter - INFO - Transformed libx264 using video_codec_format to H_264
2025-06-23 11:02:21,148 - ConfigConverter - INFO - Mapped parameter: video_codec=libx264 → Settings.OutputGroups[0].Outputs[0].VideoDescription.CodecSettings.Codec=H_264
2025-06-23 11:02:21,148 - ConfigConverter - INFO - Skipping already processed parameter: bitrate=3072k
2025-06-23 11:02:21,148 - ConfigConverter - INFO - Skipping already processed parameter: maxrate=5120k
2025-06-23 11:02:21,148 - ConfigConverter - INFO - Found 2 rules for parameter: keyframe=300
2025-06-23 11:02:21,148 - ConfigConverter - INFO - Processing rule for keyframe, value: 300
2025-06-23 11:02:21,148 - ConfigConverter - INFO - Condition using source_path video_codec, value: libx264
2025-06-23 11:02:21,148 - ConfigConverter - INFO - Condition evaluation: in libx264 ['mpeg4', 'libx264'] = True
2025-06-23 11:02:21,148 - ConfigConverter - INFO - Source condition evaluation for keyframe: True
2025-06-23 11:02:21,148 - ConfigConverter - INFO - Mapped parameter: keyframe=300 → Settings.OutputGroups[0].Outputs[0].VideoDescription.CodecSettings.H264Settings.GopSize=300
2025-06-23 11:02:21,148 - ConfigConverter - INFO - Using static value: FRAMES
2025-06-23 11:02:21,148 - ConfigConverter - INFO - Mapped parameter: keyframe=300 → Settings.OutputGroups[0].Outputs[0].VideoDescription.CodecSettings.H264Settings.GopSizeUnits=FRAMES
2025-06-23 11:02:21,148 - ConfigConverter - INFO - Processing rule for keyframe, value: 300
2025-06-23 11:02:21,148 - ConfigConverter - INFO - Condition using source_path video_codec, value: libx264
2025-06-23 11:02:21,148 - ConfigConverter - INFO - Condition evaluation: in libx264 ['hevc'] = False
2025-06-23 11:02:21,148 - ConfigConverter - INFO - Source condition evaluation for keyframe: False
2025-06-23 11:02:21,148 - ConfigConverter - INFO - Skipping rule for keyframe=300 due to source condition not matching
2025-06-23 11:02:21,148 - ConfigConverter - INFO - Skipping already processed parameter: cabr=no
2025-06-23 11:02:21,148 - ConfigConverter - INFO - Found 2 rules for parameter: two_pass=no
2025-06-23 11:02:21,148 - ConfigConverter - INFO - Processing rule for two_pass, value: no
2025-06-23 11:02:21,148 - ConfigConverter - INFO - Condition using source_path video_codec, value: libx264
2025-06-23 11:02:21,149 - ConfigConverter - INFO - Condition evaluation: in libx264 ['mpeg4', 'libx264'] = True
2025-06-23 11:02:21,149 - ConfigConverter - INFO - Source condition evaluation for two_pass: True
2025-06-23 11:02:21,149 - ConfigConverter - INFO - Applying transformation two_pass_format to no
2025-06-23 11:02:21,149 - ConfigConverter - INFO - Transformed no using two_pass_format to SINGLE_PASS_HQ
2025-06-23 11:02:21,149 - ConfigConverter - INFO - Mapped parameter: two_pass=no → Settings.OutputGroups[0].Outputs[0].VideoDescription.CodecSettings.H264Settings.QualityTuningLevel=SINGLE_PASS_HQ
2025-06-23 11:02:21,149 - ConfigConverter - INFO - Processing rule for two_pass, value: no
2025-06-23 11:02:21,149 - ConfigConverter - INFO - Condition using source_path video_codec, value: libx264
2025-06-23 11:02:21,149 - ConfigConverter - INFO - Condition evaluation: in libx264 ['libvpx'] = False
2025-06-23 11:02:21,149 - ConfigConverter - INFO - Source condition evaluation for two_pass: False
2025-06-23 11:02:21,149 - ConfigConverter - INFO - Skipping rule for two_pass=no due to source condition not matching
2025-06-23 11:02:21,149 - ConfigConverter - INFO - Skipping already processed parameter: cbr=no
2025-06-23 11:02:21,149 - ConfigConverter - INFO - Found 1 rules for parameter: hard_cbr=no
2025-06-23 11:02:21,149 - ConfigConverter - INFO - Processing rule for hard_cbr, value: no
2025-06-23 11:02:21,149 - ConfigConverter - INFO - Applying transformation hard_cbr_format to no
2025-06-23 11:02:21,149 - ConfigConverter - INFO - Transformed no using hard_cbr_format to VBR
2025-06-23 11:02:21,149 - ConfigConverter - INFO - Mapped parameter: hard_cbr=no → Settings.OutputGroups[0].Outputs[0].VideoDescription.CodecSettings.H264Settings.RateControlMode=VBR
2025-06-23 11:02:21,149 - ConfigConverter - INFO - Found 1 rules for parameter: video_codec_parameters.profile=main
2025-06-23 11:02:21,149 - ConfigConverter - INFO - Processing rule for video_codec_parameters.profile, value: main
2025-06-23 11:02:21,149 - ConfigConverter - INFO - Condition using source_path video_codec, value: None
2025-06-23 11:02:21,149 - ConfigConverter - INFO - Condition evaluation: in None ['mpeg4', 'libx264'] = False
2025-06-23 11:02:21,149 - ConfigConverter - INFO - Source condition evaluation for video_codec_parameters.profile: False
2025-06-23 11:02:21,149 - ConfigConverter - INFO - Skipping rule for video_codec_parameters.profile=main due to source condition not matching
2025-06-23 11:02:21,149 - ConfigConverter - INFO - Found 2 rules for parameter: video_codec_parameters.level=31
2025-06-23 11:02:21,149 - ConfigConverter - INFO - Processing rule for video_codec_parameters.level, value: 31
2025-06-23 11:02:21,149 - ConfigConverter - INFO - Evaluating AND condition with 2 subconditions
2025-06-23 11:02:21,149 - ConfigConverter - INFO - Condition using source_path video_codec, value: None
2025-06-23 11:02:21,149 - ConfigConverter - INFO - Condition evaluation: exists None None = False
2025-06-23 11:02:21,149 - ConfigConverter - INFO - AND condition result: False
2025-06-23 11:02:21,149 - ConfigConverter - INFO - Source condition evaluation for video_codec_parameters.level: False
2025-06-23 11:02:21,149 - ConfigConverter - INFO - Skipping rule for video_codec_parameters.level=31 due to source condition not matching
2025-06-23 11:02:21,149 - ConfigConverter - INFO - Processing rule for video_codec_parameters.level, value: 31
2025-06-23 11:02:21,149 - ConfigConverter - INFO - Evaluating AND condition with 2 subconditions
2025-06-23 11:02:21,149 - ConfigConverter - INFO - Condition using source_path video_codec, value: None
2025-06-23 11:02:21,149 - ConfigConverter - INFO - Condition evaluation: exists None None = False
2025-06-23 11:02:21,149 - ConfigConverter - INFO - AND condition result: False
2025-06-23 11:02:21,149 - ConfigConverter - INFO - Source condition evaluation for video_codec_parameters.level: False
2025-06-23 11:02:21,149 - ConfigConverter - INFO - Skipping rule for video_codec_parameters.level=31 due to source condition not matching
2025-06-23 11:02:21,149 - ConfigConverter - INFO - Found 2 rules for parameter: video_codec_parameters.refs=4
2025-06-23 11:02:21,149 - ConfigConverter - INFO - Processing rule for video_codec_parameters.refs, value: 4
2025-06-23 11:02:21,150 - ConfigConverter - INFO - Mapped parameter: video_codec_parameters.refs=4 → Settings.OutputGroups[0].Outputs[0].VideoDescription.CodecSettings.H264Settings.NumberReferenceFrames=4
2025-06-23 11:02:21,150 - ConfigConverter - INFO - Processing rule for video_codec_parameters.refs, value: 4
2025-06-23 11:02:21,150 - ConfigConverter - INFO - Mapped parameter: video_codec_parameters.refs=4 → Settings.OutputGroups[0].Outputs[0].VideoDescription.CodecSettings.H264Settings.NumberReferenceFrames=4
2025-06-23 11:02:21,150 - ConfigConverter - INFO - Skipping already processed parameter: audio_codec=libfaac
2025-06-23 11:02:21,150 - ConfigConverter - INFO - Skipping already processed parameter: acbr=yes
2025-06-23 11:02:21,150 - ConfigConverter - INFO - Skipping already processed parameter: audio_bitrate=192k
2025-06-23 11:02:21,150 - ConfigConverter - INFO - Found 1 rules for parameter: audio_normalization=-23.0
2025-06-23 11:02:21,150 - ConfigConverter - INFO - Processing rule for audio_normalization, value: -23.0
2025-06-23 11:02:21,150 - ConfigConverter - INFO - Mapped parameter: audio_normalization=-23.0 → Settings.OutputGroups[0].Outputs[0].AudioDescriptions[0].AudioNormalizationSettings.TargetLkfs=-23.0
2025-06-23 11:02:21,150 - ConfigConverter - INFO - Found 4 rules for parameter: destination=http://test_url.s3.amazonaws.com/encoding.com.output/mock_mock_output_rendition_name_11111_977.mp4?acl=public-read
2025-06-23 11:02:21,150 - ConfigConverter - INFO - Processing rule for destination, value: http://test_url.s3.amazonaws.com/encoding.com.output/mock_mock_output_rendition_name_11111_977.mp4?acl=public-read
2025-06-23 11:02:21,150 - ConfigConverter - INFO - Condition using source_path output, value: mp4
2025-06-23 11:02:21,150 - ConfigConverter - INFO - Condition evaluation: eq mp4 mp4 = True
2025-06-23 11:02:21,150 - ConfigConverter - INFO - Source condition evaluation for destination: True
2025-06-23 11:02:21,150 - ConfigConverter - INFO - Using static value: S3_OUTPUT_URL
2025-06-23 11:02:21,150 - ConfigConverter - INFO - Mapped parameter: destination=http://test_url.s3.amazonaws.com/encoding.com.output/mock_mock_output_rendition_name_11111_977.mp4?acl=public-read → Settings.OutputGroups[0].OutputGroupSettings.FileGroupSettings.Destination=S3_OUTPUT_URL
2025-06-23 11:02:21,150 - ConfigConverter - INFO - Processing rule for destination, value: http://test_url.s3.amazonaws.com/encoding.com.output/mock_mock_output_rendition_name_11111_977.mp4?acl=public-read
2025-06-23 11:02:21,150 - ConfigConverter - INFO - Condition using source_path output, value: mp4
2025-06-23 11:02:21,150 - ConfigConverter - INFO - Condition evaluation: eq mp4 advanced_hls = False
2025-06-23 11:02:21,150 - ConfigConverter - INFO - Source condition evaluation for destination: False
2025-06-23 11:02:21,150 - ConfigConverter - INFO - Skipping rule for destination=http://test_url.s3.amazonaws.com/encoding.com.output/mock_mock_output_rendition_name_11111_977.mp4?acl=public-read due to source condition not matching
2025-06-23 11:02:21,150 - ConfigConverter - INFO - Processing rule for destination, value: http://test_url.s3.amazonaws.com/encoding.com.output/mock_mock_output_rendition_name_11111_977.mp4?acl=public-read
2025-06-23 11:02:21,150 - ConfigConverter - INFO - Condition using source_path output, value: mp4
2025-06-23 11:02:21,150 - ConfigConverter - INFO - Condition evaluation: in mp4 ['advanced_dash', 'mpeg_dash'] = False
2025-06-23 11:02:21,150 - ConfigConverter - INFO - Source condition evaluation for destination: False
2025-06-23 11:02:21,150 - ConfigConverter - INFO - Skipping rule for destination=http://test_url.s3.amazonaws.com/encoding.com.output/mock_mock_output_rendition_name_11111_977.mp4?acl=public-read due to source condition not matching
2025-06-23 11:02:21,150 - ConfigConverter - INFO - Processing rule for destination, value: http://test_url.s3.amazonaws.com/encoding.com.output/mock_mock_output_rendition_name_11111_977.mp4?acl=public-read
2025-06-23 11:02:21,150 - ConfigConverter - INFO - Condition using source_path output, value: mp4
2025-06-23 11:02:21,150 - ConfigConverter - INFO - Condition evaluation: in mp4 ['fmp4_hls', 'advanced_fmp4'] = False
2025-06-23 11:02:21,150 - ConfigConverter - INFO - Source condition evaluation for destination: False
2025-06-23 11:02:21,150 - ConfigConverter - INFO - Skipping rule for destination=http://test_url.s3.amazonaws.com/encoding.com.output/mock_mock_output_rendition_name_11111_977.mp4?acl=public-read due to source condition not matching
2025-06-23 11:02:21,150 - ConfigConverter - INFO - Conversion summary for /home/ec2-user/e2mc_assistant/encoding_profiles/pilot1/mp4/977.xml:
2025-06-23 11:02:21,150 - ConfigConverter - INFO -   - Total parameters: 71
2025-06-23 11:02:21,150 - ConfigConverter - INFO -   - Mapped parameters: 71 (100.0%)
2025-06-23 11:02:21,150 - ConfigConverter - INFO -   - Unmapped parameters: 0 (0.0%)
2025-06-23 11:02:21,150 - ConfigConverter - INFO - Added missing NameModifier: _mc
2025-06-23 11:02:21,151 - ConfigConverter - INFO - Successfully converted /home/ec2-user/e2mc_assistant/encoding_profiles/pilot1/mp4/977.xml to /home/ec2-user/e2mc_assistant/tranformed_mc_profiles/pilot1/mp4/977.json
2025-06-23 11:02:21,152 - ConfigConverter - INFO - Validating /home/ec2-user/e2mc_assistant/tranformed_mc_profiles/pilot1/mp4/977.json against schema /home/ec2-user/e2mc_assistant/utils/mc_config_validator/mc_setting_schema.json
2025-06-23 11:02:21,152 - ConfigConverter - INFO - Validation successful for /home/ec2-user/e2mc_assistant/tranformed_mc_profiles/pilot1/mp4/977.json
