MediaConvert job 1748509079456-a18emq failed
Timestamp: 2025-05-29T08:58:09.939021

Job details:
{
  "AccelerationSettings": {
    "Mode": "DISABLED"
  },
  "AccelerationStatus": "NOT_APPLICABLE",
  "Arn": "arn:aws:mediaconvert:us-east-1:935206693453:jobs/1748509079456-a18emq",
  "BillingTagsSource": "JOB",
  "ClientRequestToken": "02c81863-18cb-4c4b-9bd2-520a807b541b",
  "CreatedAt": "2025-05-29 08:57:59+00:00",
  "ErrorCode": 1040,
  "ErrorMessage": "Error initializing encoder for video target [1] [initialization failed: Invalid level specified for the selected resolution.]",
  "Id": "1748509079456-a18emq",
  "Messages": {
    "Info": [],
    "Warning": []
  },
  "Priority": 0,
  "Queue": "arn:aws:mediaconvert:us-east-1:935206693453:queues/Default",
  "Role": "arn:aws:iam::935206693453:role/MediaConvertRole",
  "Settings": {
    "FollowSource": 1,
    "Inputs": [
      {
        "AudioSelectors": {
          "Audio Selector 1": {
            "DefaultSelection": "DEFAULT"
          }
        },
        "FileInput": "s3://fw-mc-test/mp4/977/977_881443963_source.mp4",
        "TimecodeSource": "ZEROBASED",
        "VideoSelector": {}
      }
    ],
    "OutputGroups": [
      {
        "Name": "File Group",
        "OutputGroupSettings": {
          "FileGroupSettings": {
            "Destination": "s3://fw-mc-test/mp4/977/"
          },
          "Type": "FILE_GROUP_SETTINGS"
        },
        "Outputs": [
          {
            "AudioDescriptions": [
              {
                "AudioNormalizationSettings": {
                  "TargetLkfs": -23.0
                },
                "CodecSettings": {
                  "AacSettings": {
                    "Bitrate": 192000,
                    "CodingMode": "CODING_MODE_2_0",
                    "SampleRate": 48000
                  },
                  "Codec": "AAC"
                }
              }
            ],
            "ContainerSettings": {
              "Container": "MP4",
              "Mp4Settings": {}
            },
            "NameModifier": "_mc",
            "VideoDescription": {
              "CodecSettings": {
                "Codec": "H_264",
                "H264Settings": {
                  "Bitrate": 3072000,
                  "CodecLevel": "LEVEL_3_1",
                  "CodecProfile": "MAIN",
                  "GopSize": 300.0,
                  "MaxBitrate": 5120000,
                  "NumberReferenceFrames": 4,
                  "QualityTuningLevel": "SINGLE_PASS_HQ",
                  "RateControlMode": "VBR"
                }
              }
            }
          }
        ]
      }
    ],
    "TimecodeConfig": {
      "Source": "ZEROBASED"
    }
  },
  "Status": "ERROR",
  "StatusUpdateInterval": "SECONDS_60",
  "Timing": {
    "FinishTime": "2025-05-29 08:58:02+00:00",
    "StartTime": "2025-05-29 08:58:00+00:00",
    "SubmitTime": "2025-05-29 08:57:59+00:00"
  },
  "UserMetadata": {}
}

Error message:
Error initializing encoder for video target [1] [initialization failed: Invalid level specified for the selected resolution.]