MediaConvert job 1748428336513-ahm44t failed
Timestamp: 2025-05-28T10:32:26.984693

Job details:
{
  "AccelerationSettings": {
    "Mode": "DISABLED"
  },
  "AccelerationStatus": "NOT_APPLICABLE",
  "Arn": "arn:aws:mediaconvert:us-east-1:935206693453:jobs/1748428336513-ahm44t",
  "BillingTagsSource": "JOB",
  "ClientRequestToken": "334e9b6c-13b9-40a2-969b-343869673570",
  "CreatedAt": "2025-05-28 10:32:16+00:00",
  "ErrorCode": 1076,
  "ErrorMessage": "Demuxer: [ReadPacketData File read failed - end of file hit at length [1382400]. Is file truncated?]",
  "HopDestinations": [],
  "Id": "1748428336513-ahm44t",
  "Messages": {
    "Info": [],
    "Warning": []
  },
  "Priority": 0,
  "Queue": "arn:aws:mediaconvert:us-east-1:935206693453:queues/Default",
  "Role": "arn:aws:iam::935206693453:role/MediaConvertRole",
  "Settings": {
    "Inputs": [
      {
        "AudioSelectors": {
          "Audio Selector 1": {
            "DefaultSelection": "DEFAULT",
            "LanguageCode": "ENG",
            "SelectorType": "LANGUAGE_CODE"
          },
          "Audio Selector 2": {
            "LanguageCode": "ENG",
            "SelectorType": "LANGUAGE_CODE"
          },
          "Audio Selector 3": {
            "LanguageCode": "SPA",
            "SelectorType": "LANGUAGE_CODE"
          },
          "Audio Selector 4": {
            "LanguageCode": "SPA",
            "SelectorType": "LANGUAGE_CODE"
          }
        },
        "FileInput": "s3://fw-mc-test/advanced_fmp4/650/650_804192535_source.mp4",
        "TimecodeSource": "ZEROBASED",
        "VideoSelector": {}
      }
    ],
    "OutputGroups": [
      {
        "CustomName": "advanced_fmp4",
        "Name": "CMAF",
        "OutputGroupSettings": {
          "CmafGroupSettings": {
            "Destination": "s3://fw-mc-test/advanced_fmp4/650/",
            "FragmentLength": 30000,
            "ManifestDurationFormat": "FLOATING_POINT",
            "MinFinalSegmentLength": 1.0,
            "SegmentControl": "SEGMENTED_FILES",
            "SegmentLength": 10,
            "WriteDashManifest": "ENABLED"
          },
          "Type": "CMAF_GROUP_SETTINGS"
        },
        "Outputs": [
          {
            "ContainerSettings": {
              "Container": "CMFC"
            },
            "NameModifier": "_mc_1024_576_1850k",
            "VideoDescription": {
              "CodecSettings": {
                "Codec": "H_264",
                "H264Settings": {
                  "Bitrate": 1850000,
                  "CodecLevel": "LEVEL_3_1",
                  "CodecProfile": "MAIN",
                  "FramerateControl": "SPECIFIED",
                  "FramerateDenominator": 1001,
                  "FramerateNumerator": 30000,
                  "GopSize": 60.0,
                  "GopSizeUnits": "FRAMES",
                  "QualityTuningLevel": "SINGLE_PASS",
                  "RateControlMode": "VBR",
                  "SceneChangeDetect": "DISABLED"
                }
              },
              "Height": 576,
              "Width": 1024
            }
          },
          {
            "ContainerSettings": {
              "Container": "CMFC"
            },
            "NameModifier": "_mc_1920_1080_7830k",
            "VideoDescription": {
              "CodecSettings": {
                "Codec": "H_264",
                "H264Settings": {
                  "Bitrate": 7830000,
                  "CodecLevel": "LEVEL_4",
                  "CodecProfile": "HIGH",
                  "FramerateControl": "SPECIFIED",
                  "FramerateDenominator": 1001,
                  "FramerateNumerator": 30000,
                  "GopSize": 60.0,
                  "GopSizeUnits": "FRAMES",
                  "QualityTuningLevel": "SINGLE_PASS",
                  "RateControlMode": "VBR",
                  "SceneChangeDetect": "DISABLED"
                }
              },
              "Height": 1080,
              "Width": 1920
            }
          },
          {
            "ContainerSettings": {
              "Container": "CMFC"
            },
            "NameModifier": "_mc_1280_720_4830k",
            "VideoDescription": {
              "CodecSettings": {
                "Codec": "H_264",
                "H264Settings": {
                  "Bitrate": 4830000,
                  "CodecLevel": "LEVEL_3_1",
                  "CodecProfile": "HIGH",
                  "FramerateControl": "SPECIFIED",
                  "FramerateDenominator": 1001,
                  "FramerateNumerator": 30000,
                  "GopSize": 60.0,
                  "GopSizeUnits": "FRAMES",
                  "QualityTuningLevel": "SINGLE_PASS",
                  "RateControlMode": "VBR",
                  "SceneChangeDetect": "DISABLED"
                }
              },
              "Height": 720,
              "Width": 1280
            }
          },
          {
            "ContainerSettings": {
              "Container": "CMFC"
            },
            "NameModifier": "_mc_1280_720_3000k",
            "VideoDescription": {
              "CodecSettings": {
                "Codec": "H_264",
                "H264Settings": {
                  "Bitrate": 3000000,
                  "CodecLevel": "LEVEL_3_1",
                  "CodecProfile": "HIGH",
                  "FramerateControl": "SPECIFIED",
                  "FramerateDenominator": 1001,
                  "FramerateNumerator": 30000,
                  "GopSize": 60.0,
                  "GopSizeUnits": "FRAMES",
                  "QualityTuningLevel": "SINGLE_PASS",
                  "RateControlMode": "VBR",
                  "SceneChangeDetect": "DISABLED"
                }
              },
              "Height": 720,
              "Width": 1280
            }
          },
          {
            "ContainerSettings": {
              "Container": "CMFC"
            },
            "NameModifier": "_mc_768_432_860k",
            "VideoDescription": {
              "CodecSettings": {
                "Codec": "H_264",
                "H264Settings": {
                  "Bitrate": 860000,
                  "CodecLevel": "LEVEL_3",
                  "CodecProfile": "MAIN",
                  "FramerateControl": "SPECIFIED",
                  "FramerateDenominator": 1001,
                  "FramerateNumerator": 30000,
                  "GopSize": 60.0,
                  "GopSizeUnits": "FRAMES",
                  "QualityTuningLevel": "SINGLE_PASS",
                  "RateControlMode": "VBR",
                  "SceneChangeDetect": "DISABLED"
                }
              },
              "Height": 432,
              "Width": 768
            }
          },
          {
            "ContainerSettings": {
              "Container": "CMFC"
            },
            "NameModifier": "_mc_512_288_350k",
            "VideoDescription": {
              "CodecSettings": {
                "Codec": "H_264",
                "H264Settings": {
                  "Bitrate": 350000,
                  "CodecLevel": "LEVEL_2_1",
                  "CodecProfile": "MAIN",
                  "FramerateControl": "SPECIFIED",
                  "FramerateDenominator": 1001,
                  "FramerateNumerator": 30000,
                  "GopSize": 60.0,
                  "GopSizeUnits": "FRAMES",
                  "QualityTuningLevel": "SINGLE_PASS",
                  "RateControlMode": "VBR",
                  "SceneChangeDetect": "DISABLED"
                }
              },
              "Height": 288,
              "Width": 512
            }
          },
          {
            "ContainerSettings": {
              "Container": "CMFC"
            },
            "NameModifier": "_mc_256_144_90k",
            "VideoDescription": {
              "CodecSettings": {
                "Codec": "H_264",
                "H264Settings": {
                  "Bitrate": 90000,
                  "CodecLevel": "LEVEL_1_2",
                  "CodecProfile": "MAIN",
                  "FramerateControl": "SPECIFIED",
                  "FramerateDenominator": 1001,
                  "FramerateNumerator": 30000,
                  "GopSize": 60.0,
                  "GopSizeUnits": "FRAMES",
                  "QualityTuningLevel": "SINGLE_PASS",
                  "RateControlMode": "VBR",
                  "SceneChangeDetect": "DISABLED"
                }
              },
              "Height": 144,
              "Width": 256
            }
          },
          {
            "AudioDescriptions": [
              {
                "AudioNormalizationSettings": {
                  "TargetLkfs": -24.0,
                  "TruePeakLimiterThreshold": -2.0
                },
                "AudioSourceName": "Audio Selector 1",
                "CodecSettings": {
                  "Codec": "EAC3",
                  "Eac3Settings": {
                    "Bitrate": 192000,
                    "CodingMode": "CODING_MODE_3_2"
                  }
                }
              }
            ],
            "ContainerSettings": {
              "Container": "CMFC"
            },
            "NameModifier": "_mc_audio_192k"
          },
          {
            "AudioDescriptions": [
              {
                "AudioNormalizationSettings": {
                  "TargetLkfs": -24.0,
                  "TruePeakLimiterThreshold": -2.0
                },
                "AudioSourceName": "Audio Selector 1",
                "CodecSettings": {
                  "AacSettings": {
                    "Bitrate": 96000,
                    "CodingMode": "CODING_MODE_2_0",
                    "SampleRate": 48000
                  },
                  "Codec": "AAC"
                }
              }
            ],
            "ContainerSettings": {
              "Container": "CMFC"
            },
            "NameModifier": "_mc_audio_96k"
          }
        ]
      }
    ],
    "TimecodeConfig": {
      "Source": "ZEROBASED"
    }
  },
  "Status": "ERROR",
  "StatusUpdateInterval": "SECONDS_60",
  "Timing": {
    "FinishTime": "2025-05-28 10:32:19+00:00",
    "StartTime": "2025-05-28 10:32:17+00:00",
    "SubmitTime": "2025-05-28 10:32:16+00:00"
  },
  "UserMetadata": {},
  "Warnings": [
    {
      "Code": 220000,
      "Count": 58
    }
  ]
}

Error message:
Demuxer: [ReadPacketData File read failed - end of file hit at length [1382400]. Is file truncated?]