MediaConvert job 1748003369892-lsewdm failed
Timestamp: 2025-05-23T12:29:40.391983

Job details:
{
  "AccelerationSettings": {
    "Mode": "DISABLED"
  },
  "AccelerationStatus": "NOT_APPLICABLE",
  "Arn": "arn:aws:mediaconvert:us-east-1:935206693453:jobs/1748003369892-lsewdm",
  "BillingTagsSource": "JOB",
  "ClientRequestToken": "a76f1e69-cf9b-413e-a2b1-de5edf92c230",
  "CreatedAt": "2025-05-23 12:29:30+00:00",
  "ErrorCode": 1040,
  "ErrorMessage": "Invalid selector_sequence_id [0] specified for audio_description [1].",
  "Id": "1748003369892-lsewdm",
  "Messages": {
    "Info": [],
    "Warning": []
  },
  "Priority": 0,
  "Queue": "arn:aws:mediaconvert:us-east-1:935206693453:queues/Default",
  "Role": "arn:aws:iam::935206693453:role/MediaConvertRole",
  "Settings": {
    "Inputs": [
      {
        "FileInput": "s3://fw-mc-test/mp4/85/85_881366425_source.mpg"
      }
    ],
    "OutputGroups": [
      {
        "OutputGroupSettings": {
          "FileGroupSettings": {
            "Destination": "s3://fw-mc-test/mp4/85/"
          },
          "Type": "FILE_GROUP_SETTINGS"
        },
        "Outputs": [
          {
            "AudioDescriptions": [
              {
                "CodecSettings": {
                  "AacSettings": {
                    "Bitrate": 96000,
                    "CodingMode": "CODING_MODE_2_0",
                    "SampleRate": 48000
                  },
                  "Codec": "AAC"
                }
              }
            ],
            "ContainerSettings": {
              "Container": "MP4"
            },
            "NameModifier": "_288x162_210000_mc",
            "VideoDescription": {
              "CodecSettings": {
                "Codec": "H_264",
                "H264Settings": {
                  "Bitrate": 210000,
                  "CodecLevel": "LEVEL_3",
                  "CodecProfile": "BASELINE",
                  "EntropyEncoding": "CAVLC",
                  "MaxBitrate": 525000,
                  "NumberBFramesBetweenReferenceFrames": 0,
                  "NumberReferenceFrames": 5,
                  "QualityTuningLevel": "MULTI_PASS_HQ",
                  "RateControlMode": "VBR"
                }
              },
              "Height": 162,
              "Width": 288
            }
          }
        ]
      }
    ]
  },
  "Status": "ERROR",
  "StatusUpdateInterval": "SECONDS_60",
  "Timing": {
    "FinishTime": "2025-05-23 12:29:32+00:00",
    "StartTime": "2025-05-23 12:29:31+00:00",
    "SubmitTime": "2025-05-23 12:29:30+00:00"
  },
  "UserMetadata": {}
}

Error message:
Invalid selector_sequence_id [0] specified for audio_description [1].