Error submitting MediaConvert job for 85
Timestamp: 2025-05-23T12:25:17.014344

Error message: 'FileInput'

Job settings:
{
  "Settings": {
    "OutputGroups": [
      {
        "Outputs": [
          {
            "VideoDescription": {
              "CodecSettings": {
                "H264Settings": {
                  "RateControlMode": "VBR",
                  "Bitrate": 210000,
                  "MaxBitrate": 525000,
                  "QualityTuningLevel": "MULTI_PASS_HQ",
                  "NumberReferenceFrames": 5,
                  "NumberBFramesBetweenReferenceFrames": 0,
                  "EntropyEncoding": "CAVLC",
                  "CodecProfile": "BASELINE",
                  "CodecLevel": "LEVEL_3"
                },
                "Codec": "H_264"
              },
              "Width": 288,
              "Height": 162
            },
            "AudioDescriptions": [
              {
                "CodecSettings": {
                  "Codec": "AAC",
                  "AacSettings": {
                    "Bitrate": 96000,
                    "SampleRate": 48000,
                    "CodingMode": "CODING_MODE_2_0"
                  }
                }
              }
            ],
            "ContainerSettings": {
              "Container": "MP4"
            },
            "NameModifier": "_288x162_210000_mc"
          }
        ],
        "OutputGroupSettings": {
          "Type": "FILE_GROUP_SETTINGS",
          "FileGroupSettings": {
            "Destination": "S3_OUTPUT_URL"
          }
        }
      }
    ],
    "Inputs": [
      {}
    ]
  }
}