Error submitting MediaConvert job for 1002
Timestamp: 2025-05-20T07:01:37.291964

Error message: Parameter validation failed:
Unknown parameter in Settings.OutputGroups[0].Outputs[0].VideoDescription: "ColorSpace", must be one of: AfdSignaling, AntiAlias, ChromaPositionMode, CodecSettings, ColorMetadata, Crop, DropFrameTimecode, FixedAfd, Height, Position, RespondToAfd, ScalingBehavior, Sharpness, TimecodeInsertion, TimecodeTrack, VideoPreprocessors, Width

Job settings:
{
  "Settings": {
    "Inputs": [
      {
        "TimecodeSource": "ZEROBASED",
        "VideoSelector": {},
        "AudioSelectors": {
          "Audio Selector 1": {
            "DefaultSelection": "DEFAULT"
          }
        },
        "FileInput": "s3://fw-mc-test/mp4/1002/1002_552686815_source.mp4"
      }
    ],
    "OutputGroups": [
      {
        "Name": "File Group",
        "OutputGroupSettings": {
          "Type": "FILE_GROUP_SETTINGS",
          "FileGroupSettings": {
            "Destination": "s3://fw-mc-test/mp4/1002/"
          }
        },
        "Outputs": [
          {
            "ContainerSettings": {
              "Container": "MP4",
              "Mp4Settings": {}
            },
            "VideoDescription": {
              "CodecSettings": {
                "H264Settings": {
                  "RateControlMode": "VBR",
                  "Bitrate": 128000,
                  "MaxBitrate": 320000,
                  "FramerateControl": "SPECIFIED",
                  "FramerateNumerator": 25,
                  "FramerateDenominator": 1,
                  "CodecProfile": "BASELINE",
                  "CodecLevel": "LEVEL_1_3"
                },
                "Codec": "H_264"
              },
              "Width": 320,
              "Height": 180,
              "VideoPreprocessors": {
                "ColorCorrector": {
                  "ColorSpaceConversion": "FORCE_709"
                }
              },
              "ColorMetadata": "INSERT",
              "ColorSpace": "REC_709"
            },
            "AudioDescriptions": [
              {
                "CodecSettings": {
                  "Codec": "AAC",
                  "AacSettings": {
                    "Bitrate": 24000,
                    "SampleRate": 48000
                  }
                },
                "AudioNormalizationSettings": {
                  "TargetLkfs": -23.0,
                  "TruePeakLimiterThreshold": -1.5
                }
              }
            ],
            "NameModifier": "_320x180_128000_mc"
          }
        ]
      }
    ],
    "TimecodeConfig": {
      "Source": "ZEROBASED"
    },
    "FollowSource": 1
  },
  "Role": "arn:aws:iam::935206693453:role/MediaConvertRole"
}