Error submitting MediaConvert job for 1058
Timestamp: 2025-06-03T05:31:49.583111

Error message: An error occurred (BadRequestException) when calling the CreateJob operation: /outputGroups/0/outputs/0/videoDescription/codecSettings/h264Settings/codecProfile: Should match all dependencies: See other errors for more details | /outputGroups/0/outputs/0/videoDescription/codecSettings/h264Settings: Should match exactly one schema defined in "oneOf" | /outputGroups/0/outputs/0/videoDescription/codecSettings/h264Settings/numberBFramesBetweenReferenceFrames: Should be less than or equal to 0 | /outputGroups/0/outputs/0/videoDescription/codecSettings/h264Settings/codecProfile: Should be equal to one of the allowed values in ["HIGH","HIGH_10BIT","HIGH_422","HIGH_422_10BIT","MAIN"]

Job settings:
{
  "Settings": {
    "Inputs": [
      {
        "TimecodeSource": "ZEROBASED",
        "VideoSelector": {
          "Rotate": "DEGREE_0"
        },
        "AudioSelectors": {
          "Audio Selector 1": {
            "DefaultSelection": "DEFAULT"
          }
        },
        "FileInput": "s3://fw-mc-test/mp4/1058/1058_840781384_source.mov"
      }
    ],
    "OutputGroups": [
      {
        "Name": "File Group",
        "OutputGroupSettings": {
          "Type": "FILE_GROUP_SETTINGS",
          "FileGroupSettings": {
            "Destination": "s3://fw-mc-test/mp4/1058/"
          }
        },
        "Outputs": [
          {
            "ContainerSettings": {
              "Container": "MP4",
              "Mp4Settings": {
                "Mp4MajorBrand": "mp42"
              }
            },
            "VideoDescription": {
              "CodecSettings": {
                "H264Settings": {
                  "RateControlMode": "VBR",
                  "Bitrate": 500000,
                  "MaxBitrate": 1250000,
                  "CodecProfile": "BASELINE",
                  "EntropyEncoding": "CAVLC",
                  "NumberBFramesBetweenReferenceFrames": 1,
                  "MinIInterval": 25,
                  "SceneChangeDetect": "ENABLED",
                  "Slices": 1,
                  "NumberReferenceFrames": 3,
                  "Softness": 0,
                  "QualityTuningLevel": "MULTI_PASS_HQ",
                  "FramerateControl": "INITIALIZE_FROM_SOURCE",
                  "GopSize": 300
                },
                "Codec": "H_264"
              },
              "Width": 640,
              "Height": 360,
              "ScalingBehavior": "DEFAULT",
              "VideoPreprocessors": {
                "Deinterlacer": {}
              }
            },
            "AudioDescriptions": [
              {
                "CodecSettings": {
                  "Codec": "AAC",
                  "AacSettings": {
                    "Bitrate": 64000,
                    "SampleRate": 44100,
                    "CodingMode": "CODING_MODE_2_0"
                  }
                },
                "AudioNormalizationSettings": {
                  "TargetLkfs": -2.0
                }
              }
            ],
            "NameModifier": "_640x360_500000_mc"
          }
        ]
      }
    ],
    "TimecodeConfig": {
      "Source": "EMBEDDED"
    },
    "FollowSource": 1
  },
  "AccelerationSettings": {
    "Mode": "ENABLED"
  },
  "Role": "arn:aws:iam::935206693453:role/MediaConvertRole"
}