2025-06-03 03:29:24,867 - ConfigConverter - INFO - Starting conversion of /home/ec2-user/e2mc_assistant/encoding_profiles/mp4/1058.xml
2025-06-03 03:29:24,869 - ConfigConverter - INFO - Set RateControlMode to VBR because <cbr>=no and <cabr> doesn't exist
2025-06-03 03:29:24,869 - ConfigConverter - INFO - Set Bitrate to 500000 from <bitrate>=500k
2025-06-03 03:29:24,869 - ConfigConverter - INFO - Setting MaxBitrate to 1250000 (2.5 * Bitrate)
2025-06-03 03:29:24,869 - ConfigConverter - INFO - Parameter cbr processed by custom rate control handler
2025-06-03 03:29:24,869 - ConfigConverter - INFO - Parameter bitrate processed by custom rate control handler
2025-06-03 03:29:24,870 - ConfigConverter - INFO - Set AudioDescriptions[0].CodecSettings.Codec to AAC from <audio_codec>=libfaac
2025-06-03 03:29:24,870 - ConfigConverter - INFO - Set AudioDescriptions[0].CodecSettings.AacSettings.Bitrate to default value 96000
2025-06-03 03:29:24,870 - ConfigConverter - INFO - Set AudioDescriptions[0].CodecSettings.AacSettings.SampleRate to default value 48000
2025-06-03 03:29:24,870 - ConfigConverter - INFO - Set AudioDescriptions[0].CodecSettings.AacSettings.CodingMode to CODING_MODE_2_0 (default stereo)
2025-06-03 03:29:24,870 - ConfigConverter - INFO - Set AudioDescriptions[0].CodecSettings.AacSettings.Bitrate to 64000 from <audio_bitrate>=64k
2025-06-03 03:29:24,870 - ConfigConverter - INFO - Set AudioDescriptions[0].CodecSettings.AacSettings.SampleRate to 44100 from <audio_sample_rate>=44100
2025-06-03 03:29:24,870 - ConfigConverter - INFO - Audio parameters processed by custom audio settings handler
2025-06-03 03:29:24,870 - ConfigConverter - INFO - Mapped parameter: VCodecParameters=None → [DUMMY RULE]
2025-06-03 03:29:24,870 - ConfigConverter - INFO - Mapped parameter: acbr=None → [DUMMY RULE]
2025-06-03 03:29:24,870 - ConfigConverter - INFO - Mapped parameter: add_audio_only=None → [DUMMY RULE]
2025-06-03 03:29:24,871 - ConfigConverter - INFO - Mapped parameter: clipmode=None → [DUMMY RULE]
2025-06-03 03:29:24,871 - ConfigConverter - INFO - Mapped parameter: closed_captions.cc_extract_before=None → [DUMMY RULE]
2025-06-03 03:29:24,871 - ConfigConverter - INFO - Mapped parameter: closed_captions.direct_copy=None → [DUMMY RULE]
2025-06-03 03:29:24,871 - ConfigConverter - INFO - Mapped parameter: closed_captions.get_from_manifest=None → [DUMMY RULE]
2025-06-03 03:29:24,871 - ConfigConverter - INFO - Mapped parameter: closed_captions.ignore_cc_absence=None → [DUMMY RULE]
2025-06-03 03:29:24,871 - ConfigConverter - INFO - Mapped parameter: closed_captions.role=None → [DUMMY RULE]
2025-06-03 03:29:24,871 - ConfigConverter - INFO - Mapped parameter: closed_captions.vtt_split_segments=None → [DUMMY RULE]
2025-06-03 03:29:24,871 - ConfigConverter - INFO - Mapped parameter: drm=no → [DUMMY RULE]
2025-06-03 03:29:24,871 - ConfigConverter - INFO - Mapped parameter: encoder=v1 → [DUMMY RULE]
2025-06-03 03:29:24,871 - ConfigConverter - INFO - Mapped parameter: encryption=no → [DUMMY RULE]
2025-06-03 03:29:24,871 - ConfigConverter - INFO - Mapped parameter: hint=no → [DUMMY RULE]
2025-06-03 03:29:24,871 - ConfigConverter - INFO - Mapped parameter: pix_format=yuv420p → [DUMMY RULE]
2025-06-03 03:29:24,871 - ConfigConverter - INFO - Mapped parameter: set_video_duration=None → [DUMMY RULE]
2025-06-03 03:29:24,871 - ConfigConverter - INFO - Mapped parameter: strip_chapters=no → [DUMMY RULE]
2025-06-03 03:29:24,871 - ConfigConverter - INFO - Mapped parameter: video_codec_parameters.cmp=+chroma → [DUMMY RULE]
2025-06-03 03:29:24,871 - ConfigConverter - INFO - Mapped parameter: video_codec_parameters.code=None → [DUMMY RULE]
2025-06-03 03:29:24,871 - ConfigConverter - INFO - Mapped parameter: video_codec_parameters.flags=+loop → [DUMMY RULE]
2025-06-03 03:29:24,871 - ConfigConverter - INFO - Mapped parameter: video_codec_parameters.flags2=-wpred-dct8x8 → [DUMMY RULE]
2025-06-03 03:29:24,871 - ConfigConverter - INFO - Mapped parameter: video_codec_parameters.i_qfactor=0.71 → [DUMMY RULE]
2025-06-03 03:29:24,871 - ConfigConverter - INFO - Mapped parameter: video_codec_parameters.mbtree=None → [DUMMY RULE]
2025-06-03 03:29:24,871 - ConfigConverter - INFO - Mapped parameter: video_codec_parameters.me_method=hex → [DUMMY RULE]
2025-06-03 03:29:24,871 - ConfigConverter - INFO - Mapped parameter: video_codec_parameters.me_range=16 → [DUMMY RULE]
2025-06-03 03:29:24,871 - ConfigConverter - INFO - Mapped parameter: video_codec_parameters.qcomp=0.6 → [DUMMY RULE]
2025-06-03 03:29:24,871 - ConfigConverter - INFO - Mapped parameter: video_codec_parameters.qdiff=4 → [DUMMY RULE]
2025-06-03 03:29:24,871 - ConfigConverter - INFO - Mapped parameter: video_codec_parameters.subq=7 → [DUMMY RULE]
2025-06-03 03:29:24,871 - ConfigConverter - INFO - Mapped parameter: video_codec_parameters.trellis=1 → [DUMMY RULE]
2025-06-03 03:29:24,871 - ConfigConverter - INFO - Mapped parameter: video_codec_parameters.qmax=51 → [DUMMY RULE]
2025-06-03 03:29:24,871 - ConfigConverter - INFO - Mapped parameter: video_codec_parameters.qmin=10 → [DUMMY RULE]
2025-06-03 03:29:24,871 - ConfigConverter - INFO - Mapped parameter: closed_captions.forced=None → [DUMMY RULE]
2025-06-03 03:29:24,871 - ConfigConverter - INFO - Mapped parameter: file_extension=mp4 → [DUMMY RULE]
2025-06-03 03:29:24,871 - ConfigConverter - INFO - Mapped parameter: rotate=def → [DUMMY RULE]
2025-06-03 03:29:24,871 - ConfigConverter - INFO - Mapped parameter: metadata_copy=no → [DUMMY RULE]
2025-06-03 03:29:24,871 - ConfigConverter - INFO - Mapped parameter: video_codec_parameters.transfer_characteristics=None → [DUMMY RULE]
2025-06-03 03:29:24,872 - ConfigConverter - INFO - Mapped parameter: video_codec_parameters.partitions=+parti8x8+parti4x4+partp8x8+partb8x8 → [DUMMY RULE]
2025-06-03 03:29:24,872 - ConfigConverter - INFO - Mapped parameter: closed_captions.cea_data_field=None → [DUMMY RULE]
2025-06-03 03:29:24,872 - ConfigConverter - INFO - Mapped parameter: loudnorm_range=None → [DUMMY RULE]
2025-06-03 03:29:24,872 - ConfigConverter - WARNING - Skipping rule for output=mp4 due to source condition not matching
2025-06-03 03:29:24,872 - ConfigConverter - WARNING - Skipping rule for output=mp4 due to source condition not matching
2025-06-03 03:29:24,872 - ConfigConverter - WARNING - Skipping rule for output=mp4 due to source condition not matching
2025-06-03 03:29:24,872 - ConfigConverter - WARNING - Skipping rule for output=mp4 due to source condition not matching
2025-06-03 03:29:24,872 - ConfigConverter - WARNING - Skipping rule for output=mp4 due to source condition not matching
2025-06-03 03:29:24,872 - ConfigConverter - WARNING - Skipping rule for output=mp4 due to source condition not matching
2025-06-03 03:29:24,872 - ConfigConverter - WARNING - Skipping rule for output=mp4 due to source condition not matching
2025-06-03 03:29:24,872 - ConfigConverter - WARNING - Skipping rule for output=mp4 due to source condition not matching
2025-06-03 03:29:24,872 - ConfigConverter - INFO - Mapped parameter: output=mp4 → Settings.OutputGroups[0].OutputGroupSettings.Type=FILE_GROUP_SETTINGS
2025-06-03 03:29:24,872 - ConfigConverter - INFO - Mapped parameter: output=mp4 → Settings.OutputGroups[0].Outputs[0].ContainerSettings.Container=MP4
2025-06-03 03:29:24,872 - ConfigConverter - WARNING - Skipping rule for output=mp4 due to source condition not matching
2025-06-03 03:29:24,872 - ConfigConverter - WARNING - Skipping rule for output=mp4 due to source condition not matching
2025-06-03 03:29:24,872 - ConfigConverter - WARNING - Skipping rule for output=mp4 due to source condition not matching
2025-06-03 03:29:24,872 - ConfigConverter - WARNING - Skipping rule for output=mp4 due to source condition not matching
2025-06-03 03:29:24,872 - ConfigConverter - INFO - Mapped parameter: size=640x360 → Settings.OutputGroups[0].Outputs[0].VideoDescription.Width=640
2025-06-03 03:29:24,872 - ConfigConverter - INFO - Mapped parameter: size=640x360 → Settings.OutputGroups[0].Outputs[0].VideoDescription.Height=360
2025-06-03 03:29:24,872 - ConfigConverter - WARNING - Regex pattern (\d+)x0 did not match 640x360 for size
2025-06-03 03:29:24,872 - ConfigConverter - WARNING - Regex pattern (\d+)x0 did not match 640x360 for size
2025-06-03 03:29:24,872 - ConfigConverter - INFO - Mapped parameter: audio_channels_number=2 → Settings.OutputGroups[0].Outputs[0].AudioDescriptions[0].CodecSettings.AacSettings.CodingMode=CODING_MODE_2_0
2025-06-03 03:29:24,872 - ConfigConverter - WARNING - Skipping rule for audio_channels_number=2 due to source condition not matching
2025-06-03 03:29:24,872 - ConfigConverter - INFO - Mapped parameter: downmix_mode=pl2 → Settings.OutputGroups[0].Outputs[0].AudioDescriptions[0].CodecSettings.AacSettings.CodingMode=CODING_MODE_2_0
2025-06-03 03:29:24,872 - ConfigConverter - INFO - Mapped parameter: keep_aspect_ratio=yes → Settings.OutputGroups[0].Outputs[0].VideoDescription.ScalingBehavior=DEFAULT
2025-06-03 03:29:24,872 - ConfigConverter - INFO - Mapped parameter: video_codec=libx264 → Settings.OutputGroups[0].Outputs[0].VideoDescription.CodecSettings.Codec=H_264
2025-06-03 03:29:24,872 - ConfigConverter - INFO - Mapped parameter: profile=baseline → Settings.OutputGroups[0].Outputs[0].VideoDescription.CodecSettings.H264Settings.CodecProfile=BASELINE
2025-06-03 03:29:24,872 - ConfigConverter - INFO - Mapped parameter: profile=baseline → Settings.OutputGroups[0].Outputs[0].VideoDescription.CodecSettings.H264Settings.CodecProfile=BASELINE
2025-06-03 03:29:24,872 - ConfigConverter - INFO - Mapped parameter: profile=baseline → Settings.OutputGroups[0].Outputs[0].VideoDescription.CodecSettings.H264Settings.EntropyEncoding=CAVLC
2025-06-03 03:29:24,872 - ConfigConverter - INFO - Mapped parameter: profile=baseline → Settings.OutputGroups[0].Outputs[0].VideoDescription.CodecSettings.H264Settings.NumberBFramesBetweenReferenceFrames=0
2025-06-03 03:29:24,872 - ConfigConverter - INFO - Mapped parameter: video_codec_parameters.level=30 → Settings.OutputGroups[0].Outputs[0].VideoDescription.CodecSettings.H264Settings.CodecLevel=LEVEL_3
2025-06-03 03:29:24,872 - ConfigConverter - INFO - Mapped parameter: video_codec_parameters.coder=0 → Settings.OutputGroups[0].Outputs[0].VideoDescription.CodecSettings.H264Settings.EntropyEncoding=CABAC
2025-06-03 03:29:24,873 - ConfigConverter - INFO - Mapped parameter: video_codec_parameters.coder=0 → Settings.OutputGroups[0].Outputs[0].VideoDescription.CodecSettings.H264Settings.EntropyEncoding=CAVLC
2025-06-03 03:29:24,873 - ConfigConverter - INFO - Mapped parameter: video_codec_parameters.bf=0 → Settings.OutputGroups[0].Outputs[0].VideoDescription.CodecSettings.H264Settings.NumberBFramesBetweenReferenceFrames=0
2025-06-03 03:29:24,873 - ConfigConverter - INFO - Mapped parameter: video_codec_parameters.keyint_min=25 → Settings.OutputGroups[0].Outputs[0].VideoDescription.CodecSettings.H264Settings.MinIInterval=25
2025-06-03 03:29:24,873 - ConfigConverter - INFO - Mapped parameter: video_codec_parameters.keyint_min=25 → Settings.OutputGroups[0].Outputs[0].VideoDescription.CodecSettings.H264Settings.MinIInterval=25
2025-06-03 03:29:24,873 - ConfigConverter - INFO - Mapped parameter: video_codec_parameters.sc_threshold=40 → Settings.OutputGroups[0].Outputs[0].VideoDescription.CodecSettings.H264Settings.SceneChangeDetect=ENABLED
2025-06-03 03:29:24,873 - ConfigConverter - INFO - Mapped parameter: video_codec_parameters.sc_threshold=40 → Settings.OutputGroups[0].Outputs[0].VideoDescription.CodecSettings.H264Settings.SceneChangeDetect=ENABLED
2025-06-03 03:29:24,873 - ConfigConverter - INFO - Mapped parameter: video_codec_parameters.b_strategy=1 → Settings.OutputGroups[0].Outputs[0].VideoDescription.CodecSettings.H264Settings.NumberBFramesBetweenReferenceFrames=1
2025-06-03 03:29:24,873 - ConfigConverter - INFO - Mapped parameter: video_codec_parameters.b_strategy=1 → Settings.OutputGroups[0].Outputs[0].VideoDescription.CodecSettings.H264Settings.NumberBFramesBetweenReferenceFrames=1
2025-06-03 03:29:24,873 - ConfigConverter - INFO - Mapped parameter: video_codec_parameters.directpred=1 → Settings.OutputGroups[0].Outputs[0].VideoDescription.CodecSettings.H264Settings.Slices=1
2025-06-03 03:29:24,873 - ConfigConverter - INFO - Mapped parameter: video_codec_parameters.refs=3 → Settings.OutputGroups[0].Outputs[0].VideoDescription.CodecSettings.H264Settings.NumberReferenceFrames=3
2025-06-03 03:29:24,873 - ConfigConverter - INFO - Mapped parameter: video_codec_parameters.refs=3 → Settings.OutputGroups[0].Outputs[0].VideoDescription.CodecSettings.H264Settings.NumberReferenceFrames=3
2025-06-03 03:29:24,873 - ConfigConverter - INFO - Mapped parameter: video_codec_parameters.wpredp=0 → Settings.OutputGroups[0].Outputs[0].VideoDescription.CodecSettings.H264Settings.Softness=0
2025-06-03 03:29:24,873 - ConfigConverter - INFO - Mapped parameter: video_codec_parameters.vprofile=baseline → Settings.OutputGroups[0].Outputs[0].VideoDescription.CodecSettings.H264Settings.CodecProfile=BASELINE
2025-06-03 03:29:24,873 - ConfigConverter - INFO - Mapped parameter: two_pass=yes → Settings.OutputGroups[0].Outputs[0].VideoDescription.CodecSettings.H264Settings.QualityTuningLevel=MULTI_PASS_HQ
2025-06-03 03:29:24,873 - ConfigConverter - WARNING - Skipping rule for turbo=no due to source condition not matching
2025-06-03 03:29:24,873 - ConfigConverter - INFO - Mapped parameter: twin_turbo=yes → AccelerationSettings.Mode=ENABLED
2025-06-03 03:29:24,873 - ConfigConverter - INFO - Mapped parameter: hard_cbr=no → Settings.OutputGroups[0].Outputs[0].VideoDescription.CodecSettings.H264Settings.RateControlMode=VBR
2025-06-03 03:29:24,873 - ConfigConverter - INFO - Mapped parameter: deinterlacing=auto → Settings.OutputGroups[0].Outputs[0].VideoDescription.VideoPreprocessors.Deinterlacer={}
2025-06-03 03:29:24,873 - ConfigConverter - WARNING - Skipping rule for video_sync=old due to source condition not matching
2025-06-03 03:29:24,873 - ConfigConverter - INFO - Mapped parameter: video_sync=old → Settings.OutputGroups[0].Outputs[0].VideoDescription.CodecSettings.H264Settings.FramerateControl=INITIALIZE_FROM_SOURCE
2025-06-03 03:29:24,873 - ConfigConverter - INFO - Mapped parameter: keyframe=300 → Settings.OutputGroups[0].Outputs[0].VideoDescription.CodecSettings.H264Settings.GopSize=300
2025-06-03 03:29:24,873 - ConfigConverter - INFO - Mapped parameter: audio_volume=100 → Settings.OutputGroups[0].Outputs[0].AudioDescriptions[0].AudioNormalizationSettings.TargetLkfs=-2.0
2025-06-03 03:29:24,873 - ConfigConverter - INFO - Mapped parameter: copy_timestamps=yes → Settings.TimecodeConfig.Source=EMBEDDED
2025-06-03 03:29:24,873 - ConfigConverter - INFO - Mapped parameter: ftyp=mp42 → Settings.OutputGroups[0].Outputs[0].ContainerSettings.Mp4Settings.Mp4MajorBrand=mp42
2025-06-03 03:29:24,873 - ConfigConverter - INFO - Mapped parameter: set_rotate=0 → Settings.Inputs[0].VideoSelector.Rotate=DEGREE_0
2025-06-03 03:29:24,873 - ConfigConverter - INFO - Mapped parameter: destination=http://test_url.s3.amazonaws.com/encoding.com.output/mock_mock_output_rendition_name_11111_1058.mp4?acl=public-read → Settings.OutputGroups[0].OutputGroupSettings.FileGroupSettings.Destination=S3_OUTPUT_URL
2025-06-03 03:29:24,873 - ConfigConverter - WARNING - Unmapped parameter: output_preset = None
2025-06-03 03:29:24,874 - ConfigConverter - WARNING - Unmapped parameter: protected_public_result = None
2025-06-03 03:29:24,874 - ConfigConverter - WARNING - Unmapped parameter: framerate_upper_threshold = None
2025-06-03 03:29:24,874 - ConfigConverter - WARNING - Unmapped parameter: crop_top = None
2025-06-03 03:29:24,874 - ConfigConverter - WARNING - Unmapped parameter: crop_left = None
2025-06-03 03:29:24,874 - ConfigConverter - WARNING - Unmapped parameter: crop_right = None
2025-06-03 03:29:24,874 - ConfigConverter - WARNING - Unmapped parameter: crop_bottom = None
2025-06-03 03:29:24,874 - ConfigConverter - WARNING - Unmapped parameter: padd_top = None
2025-06-03 03:29:24,874 - ConfigConverter - WARNING - Unmapped parameter: padd_left = None
2025-06-03 03:29:24,874 - ConfigConverter - WARNING - Unmapped parameter: padd_right = None
2025-06-03 03:29:24,874 - ConfigConverter - WARNING - Unmapped parameter: padd_bottom = None
2025-06-03 03:29:24,874 - ConfigConverter - WARNING - Unmapped parameter: minrate = None
2025-06-03 03:29:24,874 - ConfigConverter - WARNING - Unmapped parameter: bufsize = None
2025-06-03 03:29:24,874 - ConfigConverter - WARNING - Unmapped parameter: audio_minrate = None
2025-06-03 03:29:24,874 - ConfigConverter - WARNING - Unmapped parameter: audio_bufsize = None
2025-06-03 03:29:24,874 - ConfigConverter - WARNING - Unmapped parameter: rc_init_occupancy = None
2025-06-03 03:29:24,874 - ConfigConverter - WARNING - Unmapped parameter: start = None
2025-06-03 03:29:24,874 - ConfigConverter - WARNING - Unmapped parameter: finish = None
2025-06-03 03:29:24,874 - ConfigConverter - WARNING - Unmapped parameter: duration = None
2025-06-03 03:29:24,874 - ConfigConverter - WARNING - Unmapped parameter: dmg_alerts = None
2025-06-03 03:29:24,874 - ConfigConverter - WARNING - Unmapped parameter: input_speech = None
2025-06-03 03:29:24,874 - ConfigConverter - WARNING - Unmapped parameter: input_dialnorm = None
2025-06-03 03:29:24,874 - ConfigConverter - WARNING - Unmapped parameter: adjust_gain_for_dialnorm = None
2025-06-03 03:29:24,874 - ConfigConverter - WARNING - Unmapped parameter: dc_repair = None
2025-06-03 03:29:24,874 - ConfigConverter - WARNING - Unmapped parameter: phase_repair = None
2025-06-03 03:29:24,874 - ConfigConverter - WARNING - Unmapped parameter: dmix_center_level = None
2025-06-03 03:29:24,874 - ConfigConverter - WARNING - Unmapped parameter: dmix_center_level_ltrt = None
2025-06-03 03:29:24,874 - ConfigConverter - WARNING - Unmapped parameter: dmix_center_level_loro = None
2025-06-03 03:29:24,874 - ConfigConverter - WARNING - Unmapped parameter: dmix_surround_level = None
2025-06-03 03:29:24,874 - ConfigConverter - WARNING - Unmapped parameter: dmix_surround_level_ltrt = None
2025-06-03 03:29:24,874 - ConfigConverter - WARNING - Unmapped parameter: dmix_surround_level_loro = None
2025-06-03 03:29:24,874 - ConfigConverter - WARNING - Unmapped parameter: noise_reduction = None
2025-06-03 03:29:24,874 - ConfigConverter - WARNING - Unmapped parameter: two_pass_decoding = None
2025-06-03 03:29:24,874 - ConfigConverter - WARNING - Unmapped parameter: force_keyframes = None
2025-06-03 03:29:24,874 - ConfigConverter - WARNING - Unmapped parameter: pan = None
2025-06-03 03:29:24,874 - ConfigConverter - WARNING - Unmapped parameter: encryption_method = aes-128-cbc
2025-06-03 03:29:24,874 - ConfigConverter - WARNING - Unmapped parameter: encryption_iv = None
2025-06-03 03:29:24,874 - ConfigConverter - WARNING - Unmapped parameter: encryption_password = None
2025-06-03 03:29:24,874 - ConfigConverter - WARNING - Unmapped parameter: slices = None
2025-06-03 03:29:24,874 - ConfigConverter - WARNING - Unmapped parameter: audio_stream = None
2025-06-03 03:29:24,874 - ConfigConverter - WARNING - Unmapped parameter: extends = None
2025-06-03 03:29:24,874 - ConfigConverter - WARNING - Unmapped parameter: copy_nielsen_metadata = no
2025-06-03 03:29:24,875 - ConfigConverter - WARNING - Unmapped parameter: drm-content-id = None
2025-06-03 03:29:24,875 - ConfigConverter - WARNING - Unmapped parameter: drm-common-key = None
2025-06-03 03:29:24,875 - ConfigConverter - WARNING - Unmapped parameter: drm-license-server-url = None
2025-06-03 03:29:24,875 - ConfigConverter - WARNING - Unmapped parameter: drm-license-server-cert = None
2025-06-03 03:29:24,875 - ConfigConverter - WARNING - Unmapped parameter: drm-transport-cert = None
2025-06-03 03:29:24,875 - ConfigConverter - WARNING - Unmapped parameter: drm-packager-credential = None
2025-06-03 03:29:24,875 - ConfigConverter - WARNING - Unmapped parameter: drm-credential-pwd = None
2025-06-03 03:29:24,875 - ConfigConverter - WARNING - Unmapped parameter: drm-policy-file = None
2025-06-03 03:29:24,875 - ConfigConverter - INFO - Conversion summary for /home/ec2-user/e2mc_assistant/encoding_profiles/mp4/1058.xml:
2025-06-03 03:29:24,875 - ConfigConverter - INFO -   - Total parameters: 127
2025-06-03 03:29:24,875 - ConfigConverter - INFO -   - Mapped parameters: 77 (60.6%)
2025-06-03 03:29:24,875 - ConfigConverter - INFO -   - Unmapped parameters: 50 (39.4%)
2025-06-03 03:29:24,875 - ConfigConverter - INFO - Added missing NameModifier: _640x360_500000_mc
2025-06-03 03:29:24,875 - ConfigConverter - INFO - Successfully converted /home/ec2-user/e2mc_assistant/encoding_profiles/mp4/1058.xml to /home/ec2-user/e2mc_assistant/tranformed_mc_profiles/mp4/1058.json
2025-06-03 03:29:24,876 - ConfigConverter - INFO - Validating /home/ec2-user/e2mc_assistant/tranformed_mc_profiles/mp4/1058.json against schema /home/ec2-user/e2mc_assistant/utils/mc_config_validator/mc_setting_schema.json
2025-06-03 03:29:24,876 - ConfigConverter - INFO - Validation successful for /home/ec2-user/e2mc_assistant/tranformed_mc_profiles/mp4/1058.json
