MediaConvert job 1748921908202-rgoid0 failed
Timestamp: 2025-06-03T03:38:38.602356

Job details:
{
  "AccelerationSettings": {
    "Mode": "DISABLED"
  },
  "AccelerationStatus": "NOT_APPLICABLE",
  "Arn": "arn:aws:mediaconvert:us-east-1:935206693453:jobs/1748921908202-rgoid0",
  "BillingTagsSource": "JOB",
  "ClientRequestToken": "47c704b0-823f-4438-853c-534a46c03258",
  "CreatedAt": "2025-06-03 03:38:28+00:00",
  "ErrorCode": 1021,
  "ErrorMessage": "No audio frames decoded on [selector-(Audio Selector 1)-track-1-drc]",
  "Id": "1748921908202-rgoid0",
  "Messages": {
    "Info": [],
    "Warning": []
  },
  "Priority": 0,
  "Queue": "arn:aws:mediaconvert:us-east-1:935206693453:queues/Default",
  "RetryCount": 1,
  "Role": "arn:aws:iam::935206693453:role/MediaConvertRole",
  "Settings": {
    "FollowSource": 1,
    "Inputs": [
      {
        "AudioSelectors": {
          "Audio Selector 1": {
            "DefaultSelection": "DEFAULT"
          }
        },
        "FileInput": "s3://fw-mc-test/mp4/110/110_881432621_source.mpg",
        "TimecodeSource": "ZEROBASED",
        "VideoSelector": {}
      }
    ],
    "OutputGroups": [
      {
        "Name": "File Group",
        "OutputGroupSettings": {
          "FileGroupSettings": {
            "Destination": "s3://fw-mc-test/mp4/110/"
          },
          "Type": "FILE_GROUP_SETTINGS"
        },
        "Outputs": [
          {
            "AudioDescriptions": [
              {
                "CodecSettings": {
                  "AacSettings": {
                    "Bitrate": 128000,
                    "CodingMode": "CODING_MODE_2_0",
                    "SampleRate": 48000
                  },
                  "Codec": "AAC"
                }
              }
            ],
            "ContainerSettings": {
              "Container": "MP4",
              "Mp4Settings": {}
            },
            "NameModifier": "_960x540_2200000_mc",
            "VideoDescription": {
              "CodecSettings": {
                "Codec": "H_264",
                "H264Settings": {
                  "Bitrate": 2200000,
                  "CodecLevel": "LEVEL_3_1",
                  "CodecProfile": "HIGH",
                  "FramerateControl": "SPECIFIED",
                  "FramerateDenominator": 1,
                  "FramerateNumerator": 30,
                  "MaxBitrate": 2400000,
                  "NumberReferenceFrames": 3,
                  "RateControlMode": "VBR"
                }
              },
              "Height": 540,
              "VideoPreprocessors": {
                "Deinterlacer": {}
              },
              "Width": 960
            }
          }
        ]
      }
    ],
    "TimecodeConfig": {
      "Source": "ZEROBASED"
    }
  },
  "Status": "ERROR",
  "StatusUpdateInterval": "SECONDS_60",
  "Timing": {
    "FinishTime": "2025-06-03 03:38:37+00:00",
    "StartTime": "2025-06-03 03:38:30+00:00",
    "SubmitTime": "2025-06-03 03:38:28+00:00"
  },
  "UserMetadata": {},
  "Warnings": [
    {
      "Code": 230001,
      "Count": 1
    },
    {
      "Code": 230005,
      "Count": 1
    }
  ]
}

Error message:
No audio frames decoded on [selector-(Audio Selector 1)-track-1-drc]