MediaConvert job 1748002171929-h0glmm failed
Timestamp: 2025-05-23T12:09:42.371980

Job details:
{
  "AccelerationSettings": {
    "Mode": "DISABLED"
  },
  "AccelerationStatus": "NOT_APPLICABLE",
  "Arn": "arn:aws:mediaconvert:us-east-1:935206693453:jobs/1748002171929-h0glmm",
  "BillingTagsSource": "JOB",
  "ClientRequestToken": "22b4cc53-0679-4a1e-bcd3-50a3b1ab1b69",
  "CreatedAt": "2025-05-23 12:09:32+00:00",
  "ErrorCode": 1404,
  "ErrorMessage": "Unable to open input file [s3://fw-mc-test/mp4/13/{SOURCE_S3_URL}]: [Failed probe/open: [Can't read input stream: [Failed to read data: HeadObject failed]]]",
  "Id": "1748002171929-h0glmm",
  "Messages": {
    "Info": [],
    "Warning": []
  },
  "Priority": 0,
  "Queue": "arn:aws:mediaconvert:us-east-1:935206693453:queues/Default",
  "Role": "arn:aws:iam::935206693453:role/MediaConvertRole",
  "Settings": {
    "FollowSource": 1,
    "Inputs": [
      {
        "AudioSelectors": {
          "Audio Selector 1": {
            "DefaultSelection": "DEFAULT"
          }
        },
        "DeblockFilter": "ENABLED",
        "FileInput": "s3://fw-mc-test/mp4/13/{SOURCE_S3_URL}",
        "TimecodeSource": "ZEROBASED",
        "VideoSelector": {}
      }
    ],
    "OutputGroups": [
      {
        "Name": "File Group",
        "OutputGroupSettings": {
          "FileGroupSettings": {
            "Destination": "s3://fw-mc-test/mp4/13/"
          },
          "Type": "FILE_GROUP_SETTINGS"
        },
        "Outputs": [
          {
            "AudioDescriptions": [
              {
                "AudioNormalizationSettings": {
                  "TargetLkfs": -9.5
                },
                "CodecSettings": {
                  "AacSettings": {
                    "Bitrate": 96000,
                    "CodingMode": "CODING_MODE_2_0",
                    "SampleRate": 48000
                  },
                  "Codec": "AAC"
                }
              }
            ],
            "ContainerSettings": {
              "Container": "MP4",
              "Mp4Settings": {}
            },
            "NameModifier": "_640x360_800000_mc",
            "VideoDescription": {
              "CodecSettings": {
                "Codec": "H_264",
                "H264Settings": {
                  "Bitrate": 800000,
                  "CodecLevel": "LEVEL_3",
                  "CodecProfile": "MAIN",
                  "FramerateControl": "SPECIFIED",
                  "FramerateDenominator": 1,
                  "FramerateNumerator": 25,
                  "GopSize": 125.0,
                  "MaxBitrate": 2000000,
                  "MinIInterval": 1,
                  "NumberReferenceFrames": 4,
                  "QualityTuningLevel": "MULTI_PASS_HQ",
                  "RateControlMode": "VBR"
                }
              },
              "Height": 360,
              "ScalingBehavior": "DEFAULT",
              "Width": 640
            }
          }
        ]
      }
    ],
    "TimecodeConfig": {
      "Source": "ZEROBASED"
    }
  },
  "Status": "ERROR",
  "StatusUpdateInterval": "SECONDS_60",
  "Timing": {
    "FinishTime": "2025-05-23 12:09:34+00:00",
    "StartTime": "2025-05-23 12:09:32+00:00",
    "SubmitTime": "2025-05-23 12:09:32+00:00"
  },
  "UserMetadata": {}
}

Error message:
Unable to open input file [s3://fw-mc-test/mp4/13/{SOURCE_S3_URL}]: [Failed probe/open: [Can't read input stream: [Failed to read data: HeadObject failed]]]