Error submitting MediaConvert job for 430
Timestamp: 2025-05-20T07:03:13.531916

Error message: An error occurred (BadRequestException) when calling the CreateJob operation: /outputGroups/0/outputs/0/audioDescriptions/0/codecSettings/aacSettings: sampleRate is a required property

Job settings:
{
  "Settings": {
    "Inputs": [
      {
        "TimecodeSource": "ZEROBASED",
        "VideoSelector": {},
        "AudioSelectors": {
          "Audio Selector 1": {
            "DefaultSelection": "DEFAULT"
          }
        },
        "FileInput": "s3://fw-mc-test/mp4/430/430_882843476_source.mpg",
        "DeblockFilter": "ENABLED"
      }
    ],
    "OutputGroups": [
      {
        "Name": "File Group",
        "OutputGroupSettings": {
          "Type": "FILE_GROUP_SETTINGS",
          "FileGroupSettings": {
            "Destination": "s3://fw-mc-test/mp4/430/"
          }
        },
        "Outputs": [
          {
            "ContainerSettings": {
              "Container": "MP4",
              "Mp4Settings": {}
            },
            "VideoDescription": {
              "CodecSettings": {
                "H264Settings": {
                  "RateControlMode": "CBR",
                  "Bitrate": 6500000,
                  "ParControl": "SPECIFIED",
                  "ParNumerator": 16,
                  "ParDenominator": 9,
                  "FramerateControl": "SPECIFIED",
                  "FramerateNumerator": 30000,
                  "FramerateDenominator": 1001,
                  "CodecProfile": "MAIN",
                  "CodecLevel": "LEVEL_4_1",
                  "NumberReferenceFrames": 3
                },
                "Codec": "H_264"
              },
              "Width": 1920,
              "Height": 1080
            },
            "AudioDescriptions": [
              {
                "CodecSettings": {
                  "Codec": "AC3",
                  "AacSettings": {
                    "Bitrate": 384000,
                    "CodingMode": "CODING_MODE_5_1"
                  }
                }
              }
            ],
            "NameModifier": "_1920x1080_6500000_mc"
          }
        ]
      }
    ],
    "TimecodeConfig": {
      "Source": "ZEROBASED"
    },
    "FollowSource": 1
  },
  "Role": "arn:aws:iam::935206693453:role/MediaConvertRole"
}