MediaConvert job 1748928921312-9ihk7o failed
Timestamp: 2025-06-03T05:35:31.763966

Job details:
{
  "AccelerationSettings": {
    "Mode": "DISABLED"
  },
  "AccelerationStatus": "NOT_APPLICABLE",
  "Arn": "arn:aws:mediaconvert:us-east-1:935206693453:jobs/1748928921312-9ihk7o",
  "BillingTagsSource": "JOB",
  "ClientRequestToken": "c6cc7ab2-f223-4d11-9862-acecf1d97973",
  "CreatedAt": "2025-06-03 05:35:21+00:00",
  "ErrorCode": 1076,
  "ErrorMessage": "Demuxer: [ReadPacketData File read failed - end of file hit at length [1257472]. Is file truncated?]",
  "Id": "1748928921312-9ihk7o",
  "Messages": {
    "Info": [],
    "Warning": []
  },
  "Priority": 0,
  "Queue": "arn:aws:mediaconvert:us-east-1:935206693453:queues/Default",
  "Role": "arn:aws:iam::935206693453:role/MediaConvertRole",
  "Settings": {
    "FollowSource": 1,
    "Inputs": [
      {
        "AudioSelectors": {
          "Audio Selector 1": {
            "DefaultSelection": "DEFAULT"
          }
        },
        "FileInput": "s3://fw-mc-test/mp4/482/482_766791762_source.mp4",
        "TimecodeSource": "ZEROBASED",
        "VideoSelector": {}
      }
    ],
    "OutputGroups": [
      {
        "Name": "File Group",
        "OutputGroupSettings": {
          "FileGroupSettings": {
            "Destination": "s3://fw-mc-test/mp4/482/"
          },
          "Type": "FILE_GROUP_SETTINGS"
        },
        "Outputs": [
          {
            "AudioDescriptions": [
              {
                "CodecSettings": {
                  "AacSettings": {
                    "Bitrate": 96000,
                    "CodingMode": "CODING_MODE_2_0",
                    "SampleRate": 48000
                  },
                  "Codec": "AAC"
                }
              }
            ],
            "ContainerSettings": {
              "Container": "MP4",
              "Mp4Settings": {}
            },
            "NameModifier": "_1920x1080_3000000_mc",
            "VideoDescription": {
              "CodecSettings": {
                "Codec": "H_264",
                "H264Settings": {
                  "Bitrate": 3000000,
                  "MaxBitrate": 7500000,
                  "QualityTuningLevel": "MULTI_PASS_HQ",
                  "RateControlMode": "VBR"
                }
              },
              "Height": 1080,
              "Width": 1920
            }
          }
        ]
      }
    ],
    "TimecodeConfig": {
      "Source": "ZEROBASED"
    }
  },
  "Status": "ERROR",
  "StatusUpdateInterval": "SECONDS_60",
  "Timing": {
    "FinishTime": "2025-06-03 05:35:25+00:00",
    "StartTime": "2025-06-03 05:35:22+00:00",
    "SubmitTime": "2025-06-03 05:35:21+00:00"
  },
  "UserMetadata": {},
  "Warnings": [
    {
      "Code": 220000,
      "Count": 800
    }
  ]
}

Error message:
Demuxer: [ReadPacketData File read failed - end of file hit at length [1257472]. Is file truncated?]