MediaConvert job 1748930311560-i4z5sy failed
Timestamp: 2025-06-03T05:58:42.190494

Job details:
{
  "AccelerationSettings": {
    "Mode": "DISABLED"
  },
  "AccelerationStatus": "NOT_APPLICABLE",
  "Arn": "arn:aws:mediaconvert:us-east-1:935206693453:jobs/1748930311560-i4z5sy",
  "BillingTagsSource": "JOB",
  "ClientRequestToken": "64dfea84-20c9-4d3b-b7dc-fd81b8a2b2e5",
  "CreatedAt": "2025-06-03 05:58:31+00:00",
  "ErrorCode": 1075,
  "ErrorMessage": "Unable to open input file [s3://fw-mc-test/mp4/522/522_881231419_source.mov]: [Failed probe/open: [no moov box found in file]]",
  "Id": "1748930311560-i4z5sy",
  "Messages": {
    "Info": [],
    "Warning": []
  },
  "Priority": 0,
  "Queue": "arn:aws:mediaconvert:us-east-1:935206693453:queues/Default",
  "Role": "arn:aws:iam::935206693453:role/MediaConvertRole",
  "Settings": {
    "FollowSource": 1,
    "Inputs": [
      {
        "AudioSelectors": {
          "Audio Selector 1": {
            "DefaultSelection": "DEFAULT"
          }
        },
        "FileInput": "s3://fw-mc-test/mp4/522/522_881231419_source.mov",
        "TimecodeSource": "ZEROBASED",
        "VideoSelector": {}
      }
    ],
    "OutputGroups": [
      {
        "Name": "File Group",
        "OutputGroupSettings": {
          "FileGroupSettings": {
            "Destination": "s3://fw-mc-test/mp4/522/"
          },
          "Type": "FILE_GROUP_SETTINGS"
        },
        "Outputs": [
          {
            "AudioDescriptions": [
              {
                "AudioNormalizationSettings": {
                  "Algorithm": "ITU_BS_1770_2",
                  "TargetLkfs": -24.0
                },
                "CodecSettings": {
                  "AacSettings": {
                    "Bitrate": 128000,
                    "CodingMode": "CODING_MODE_2_0",
                    "SampleRate": 48000
                  },
                  "Codec": "AAC"
                }
              }
            ],
            "ContainerSettings": {
              "Container": "MP4",
              "Mp4Settings": {}
            },
            "NameModifier": "_854x480_mc",
            "VideoDescription": {
              "CodecSettings": {
                "Codec": "H_264",
                "H264Settings": {
                  "Bitrate": 1500000,
                  "CodecProfile": "MAIN",
                  "FramerateControl": "SPECIFIED",
                  "FramerateDenominator": 1001,
                  "FramerateNumerator": 30000,
                  "NumberReferenceFrames": 4,
                  "RateControlMode": "CBR"
                }
              },
              "Height": 480,
              "VideoPreprocessors": {
                "Deinterlacer": {}
              },
              "Width": 854
            }
          }
        ]
      }
    ],
    "TimecodeConfig": {
      "Source": "ZEROBASED"
    }
  },
  "Status": "ERROR",
  "StatusUpdateInterval": "SECONDS_60",
  "Timing": {
    "FinishTime": "2025-06-03 05:58:34+00:00",
    "StartTime": "2025-06-03 05:58:32+00:00",
    "SubmitTime": "2025-06-03 05:58:31+00:00"
  },
  "UserMetadata": {}
}

Error message:
Unable to open input file [s3://fw-mc-test/mp4/522/522_881231419_source.mov]: [Failed probe/open: [no moov box found in file]]