Error submitting MediaConvert job for 522
Timestamp: 2025-06-03T05:35:32.362237

Error message: An error occurred (BadRequestException) when calling the CreateJob operation: /outputGroups/0/outputs/0/videoDescription/width: Should be less than or equal to 720

Job settings:
{
  "Settings": {
    "Inputs": [
      {
        "TimecodeSource": "ZEROBASED",
        "VideoSelector": {},
        "AudioSelectors": {
          "Audio Selector 1": {
            "DefaultSelection": "DEFAULT"
          }
        },
        "FileInput": "s3://fw-mc-test/mp4/522/522_881231419_source.mov"
      }
    ],
    "OutputGroups": [
      {
        "Name": "File Group",
        "OutputGroupSettings": {
          "Type": "FILE_GROUP_SETTINGS",
          "FileGroupSettings": {
            "Destination": "s3://fw-mc-test/mp4/522/"
          }
        },
        "Outputs": [
          {
            "ContainerSettings": {
              "Container": "MP4",
              "Mp4Settings": {}
            },
            "AudioDescriptions": [
              {
                "CodecSettings": {
                  "Codec": "AAC",
                  "AacSettings": {
                    "Bitrate": 128000,
                    "SampleRate": 48000,
                    "CodingMode": "CODING_MODE_2_0"
                  }
                },
                "AudioNormalizationSettings": {
                  "Algorithm": "ITU_BS_1770_2",
                  "TargetLkfs": -24.0
                }
              }
            ],
            "VideoDescription": {
              "CodecSettings": {
                "H264Settings": {
                  "RateControlMode": "CBR",
                  "Bitrate": 1500000,
                  "FramerateControl": "SPECIFIED",
                  "FramerateNumerator": 30000,
                  "FramerateDenominator": 1001,
                  "CodecProfile": "MAIN",
                  "CodecLevel": "LEVEL_3",
                  "NumberReferenceFrames": 4
                },
                "Codec": "H_264"
              },
              "Width": 854,
              "Height": 480,
              "VideoPreprocessors": {
                "Deinterlacer": {}
              }
            },
            "NameModifier": "_854x480_mc"
          }
        ]
      }
    ],
    "TimecodeConfig": {
      "Source": "ZEROBASED"
    },
    "FollowSource": 1
  },
  "Role": "arn:aws:iam::935206693453:role/MediaConvertRole"
}