MediaConvert job 1747816091561-q2oc0h failed
Timestamp: 2025-05-21T08:28:22.060102

Job details:
{
  "AccelerationSettings": {
    "Mode": "DISABLED"
  },
  "AccelerationStatus": "NOT_APPLICABLE",
  "Arn": "arn:aws:mediaconvert:us-east-1:935206693453:jobs/1747816091561-q2oc0h",
  "BillingTagsSource": "JOB",
  "ClientRequestToken": "4e87d3ee-660a-4bf7-ae1f-d970691bd5e6",
  "CreatedAt": "2025-05-21 08:28:11+00:00",
  "ErrorCode": 1075,
  "ErrorMessage": "Unable to open input file [s3://fw-mc-test/mp4/540/540_882779581_source.mp4]: [Failed probe/open: [no moov box found in file]]",
  "Id": "1747816091561-q2oc0h",
  "Messages": {
    "Info": [],
    "Warning": []
  },
  "Priority": 0,
  "Queue": "arn:aws:mediaconvert:us-east-1:935206693453:queues/Default",
  "Role": "arn:aws:iam::935206693453:role/MediaConvertRole",
  "Settings": {
    "FollowSource": 1,
    "Inputs": [
      {
        "AudioSelectors": {
          "Audio Selector 1": {
            "DefaultSelection": "DEFAULT"
          }
        },
        "DeblockFilter": "ENABLED",
        "FileInput": "s3://fw-mc-test/mp4/540/540_882779581_source.mp4",
        "TimecodeSource": "ZEROBASED",
        "VideoSelector": {}
      }
    ],
    "OutputGroups": [
      {
        "Name": "File Group",
        "OutputGroupSettings": {
          "FileGroupSettings": {
            "Destination": "s3://fw-mc-test/mp4/540/"
          },
          "Type": "FILE_GROUP_SETTINGS"
        },
        "Outputs": [
          {
            "AudioDescriptions": [
              {
                "AudioNormalizationSettings": {
                  "Algorithm": "ITU_BS_1770_2",
                  "TargetLkfs": -24.0
                },
                "CodecSettings": {
                  "AacSettings": {
                    "Bitrate": 96000,
                    "CodingMode": "CODING_MODE_2_0",
                    "SampleRate": 48000
                  },
                  "Codec": "AAC"
                }
              }
            ],
            "ContainerSettings": {
              "Container": "MP4",
              "Mp4Settings": {}
            },
            "NameModifier": "_640x360_500000_mc",
            "VideoDescription": {
              "CodecSettings": {
                "Codec": "H_264",
                "H264Settings": {
                  "Bitrate": 500000,
                  "CodecLevel": "LEVEL_3_1",
                  "CodecProfile": "MAIN",
                  "FramerateControl": "SPECIFIED",
                  "FramerateDenominator": 1,
                  "FramerateNumerator": 30,
                  "MaxBitrate": 510000,
                  "NumberReferenceFrames": 4,
                  "ParControl": "SPECIFIED",
                  "ParDenominator": 9,
                  "ParNumerator": 16,
                  "RateControlMode": "VBR"
                }
              },
              "Height": 360,
              "Width": 640
            }
          }
        ]
      }
    ],
    "TimecodeConfig": {
      "Source": "ZEROBASED"
    }
  },
  "Status": "ERROR",
  "StatusUpdateInterval": "SECONDS_60",
  "Timing": {
    "FinishTime": "2025-05-21 08:28:13+00:00",
    "StartTime": "2025-05-21 08:28:12+00:00",
    "SubmitTime": "2025-05-21 08:28:11+00:00"
  },
  "UserMetadata": {}
}

Error message:
Unable to open input file [s3://fw-mc-test/mp4/540/540_882779581_source.mp4]: [Failed probe/open: [no moov box found in file]]