MediaConvert job 1747816144928-ovxu5h failed
Timestamp: 2025-05-21T08:29:15.447000

Job details:
{
  "AccelerationSettings": {
    "Mode": "DISABLED"
  },
  "AccelerationStatus": "NOT_APPLICABLE",
  "Arn": "arn:aws:mediaconvert:us-east-1:935206693453:jobs/1747816144928-ovxu5h",
  "BillingTagsSource": "JOB",
  "ClientRequestToken": "0a8ccf6c-9590-45ba-bd98-e58e00871986",
  "CreatedAt": "2025-05-21 08:29:05+00:00",
  "ErrorCode": 1076,
  "ErrorMessage": "Demuxer: [ReadPacketData File read failed - end of file hit at length [1212416]. Is file truncated?]",
  "Id": "1747816144928-ovxu5h",
  "Messages": {
    "Info": [],
    "Warning": []
  },
  "Priority": 0,
  "Queue": "arn:aws:mediaconvert:us-east-1:935206693453:queues/Default",
  "Role": "arn:aws:iam::935206693453:role/MediaConvertRole",
  "Settings": {
    "FollowSource": 1,
    "Inputs": [
      {
        "AudioSelectors": {
          "Audio Selector 1": {
            "DefaultSelection": "DEFAULT"
          }
        },
        "DeblockFilter": "ENABLED",
        "FileInput": "s3://fw-mc-test/mp4/559/559_880607761_source.mp4",
        "TimecodeSource": "ZEROBASED",
        "VideoSelector": {}
      }
    ],
    "OutputGroups": [
      {
        "Name": "File Group",
        "OutputGroupSettings": {
          "FileGroupSettings": {
            "Destination": "s3://fw-mc-test/mp4/559/"
          },
          "Type": "FILE_GROUP_SETTINGS"
        },
        "Outputs": [
          {
            "AudioDescriptions": [
              {
                "AudioNormalizationSettings": {
                  "Algorithm": "ITU_BS_1770_2",
                  "TargetLkfs": -24.0
                },
                "CodecSettings": {
                  "AacSettings": {
                    "Bitrate": 128000,
                    "CodingMode": "CODING_MODE_2_0",
                    "SampleRate": 48000
                  },
                  "Codec": "AAC"
                }
              }
            ],
            "ContainerSettings": {
              "Container": "MP4",
              "Mp4Settings": {}
            },
            "NameModifier": "_640x360_5000000_mc",
            "VideoDescription": {
              "CodecSettings": {
                "Codec": "H_264",
                "H264Settings": {
                  "Bitrate": 5000000,
                  "CodecLevel": "LEVEL_3_1",
                  "CodecProfile": "MAIN",
                  "FramerateControl": "SPECIFIED",
                  "FramerateDenominator": 1,
                  "FramerateNumerator": 25,
                  "NumberReferenceFrames": 4,
                  "ParControl": "SPECIFIED",
                  "ParDenominator": 9,
                  "ParNumerator": 16,
                  "RateControlMode": "CBR"
                }
              },
              "Height": 360,
              "Width": 640
            }
          }
        ]
      }
    ],
    "TimecodeConfig": {
      "Source": "ZEROBASED"
    }
  },
  "Status": "ERROR",
  "StatusUpdateInterval": "SECONDS_60",
  "Timing": {
    "FinishTime": "2025-05-21 08:29:08+00:00",
    "StartTime": "2025-05-21 08:29:05+00:00",
    "SubmitTime": "2025-05-21 08:29:05+00:00"
  },
  "UserMetadata": {},
  "Warnings": [
    {
      "Code": 220000,
      "Count": 41
    },
    {
      "Code": 230001,
      "Count": 1
    },
    {
      "Code": 230005,
      "Count": 1
    }
  ]
}

Error message:
Demuxer: [ReadPacketData File read failed - end of file hit at length [1212416]. Is file truncated?]