Error submitting MediaConvert job for 559
Timestamp: 2025-05-20T07:05:34.990172

Error message: An error occurred (BadRequestException) when calling the CreateJob operation: /outputGroups/0/outputs/0/audioDescriptions/0/codecSettings/aacSettings: sampleRate is a required property

Job settings:
{
  "Settings": {
    "Inputs": [
      {
        "TimecodeSource": "ZEROBASED",
        "VideoSelector": {},
        "AudioSelectors": {
          "Audio Selector 1": {
            "DefaultSelection": "DEFAULT"
          }
        },
        "FileInput": "s3://fw-mc-test/mp4/559/559_880607761_source.mp4",
        "DeblockFilter": "ENABLED"
      }
    ],
    "OutputGroups": [
      {
        "Name": "File Group",
        "OutputGroupSettings": {
          "Type": "FILE_GROUP_SETTINGS",
          "FileGroupSettings": {
            "Destination": "s3://fw-mc-test/mp4/559/"
          }
        },
        "Outputs": [
          {
            "ContainerSettings": {
              "Container": "MP4",
              "Mp4Settings": {}
            },
            "VideoDescription": {
              "CodecSettings": {
                "H264Settings": {
                  "RateControlMode": "CBR",
                  "Bitrate": 5000000,
                  "ParControl": "SPECIFIED",
                  "ParNumerator": 16,
                  "ParDenominator": 9,
                  "FramerateControl": "SPECIFIED",
                  "FramerateNumerator": 25,
                  "FramerateDenominator": 1,
                  "CodecProfile": "MAIN",
                  "CodecLevel": "LEVEL_3_1",
                  "NumberReferenceFrames": 4
                },
                "Codec": "H_264"
              },
              "Width": 640,
              "Height": 360
            },
            "AudioDescriptions": [
              {
                "CodecSettings": {
                  "Codec": "AAC",
                  "AacSettings": {
                    "Bitrate": 128000,
                    "CodingMode": "CODING_MODE_2_0"
                  }
                },
                "AudioNormalizationSettings": {
                  "Algorithm": "ITU_BS_1770_2",
                  "TargetLkfs": -24.0
                }
              }
            ],
            "NameModifier": "_640x360_5000000_mc"
          }
        ]
      }
    ],
    "TimecodeConfig": {
      "Source": "ZEROBASED"
    },
    "FollowSource": 1
  },
  "Role": "arn:aws:iam::935206693453:role/MediaConvertRole"
}