2025-06-03 03:29:26,482 - ConfigConverter - INFO - Starting conversion of /home/ec2-user/e2mc_assistant/encoding_profiles/mp4/579.xml
2025-06-03 03:29:26,483 - ConfigConverter - INFO - Set RateControlMode to CBR because <cbr>=yes
2025-06-03 03:29:26,483 - ConfigConverter - INFO - Set Bitrate to 900000 from <bitrate>=900k
2025-06-03 03:29:26,483 - ConfigConverter - INFO - Parameter cbr processed by custom rate control handler
2025-06-03 03:29:26,483 - ConfigConverter - INFO - Parameter bitrate processed by custom rate control handler
2025-06-03 03:29:26,484 - ConfigConverter - INFO - Set AudioDescriptions[0].CodecSettings.Codec to AAC from <audio_codec>=dolby_aac
2025-06-03 03:29:26,484 - ConfigConverter - INFO - Set AudioDescriptions[0].CodecSettings.AacSettings.Bitrate to default value 96000
2025-06-03 03:29:26,484 - ConfigConverter - INFO - Set AudioDescriptions[0].CodecSettings.AacSettings.SampleRate to default value 48000
2025-06-03 03:29:26,484 - ConfigConverter - INFO - Set AudioDescriptions[0].CodecSettings.AacSettings.CodingMode to CODING_MODE_2_0 (default stereo)
2025-06-03 03:29:26,484 - ConfigConverter - INFO - Set AudioDescriptions[0].CodecSettings.AacSettings.Bitrate to 56000 from <audio_bitrate>=56k
2025-06-03 03:29:26,484 - ConfigConverter - INFO - Set AudioDescriptions[0].CodecSettings.AacSettings.SampleRate to 44100 from <audio_sample_rate>=44100
2025-06-03 03:29:26,484 - ConfigConverter - INFO - Audio parameters processed by custom audio settings handler
2025-06-03 03:29:26,484 - ConfigConverter - INFO - Mapped parameter: VCodecParameters=None → [DUMMY RULE]
2025-06-03 03:29:26,484 - ConfigConverter - INFO - Mapped parameter: acbr=None → [DUMMY RULE]
2025-06-03 03:29:26,484 - ConfigConverter - INFO - Mapped parameter: add_audio_only=None → [DUMMY RULE]
2025-06-03 03:29:26,484 - ConfigConverter - INFO - Mapped parameter: clipmode=None → [DUMMY RULE]
2025-06-03 03:29:26,484 - ConfigConverter - INFO - Mapped parameter: closed_captions.cc_extract_before=None → [DUMMY RULE]
2025-06-03 03:29:26,484 - ConfigConverter - INFO - Mapped parameter: closed_captions.direct_copy=None → [DUMMY RULE]
2025-06-03 03:29:26,484 - ConfigConverter - INFO - Mapped parameter: closed_captions.get_from_manifest=None → [DUMMY RULE]
2025-06-03 03:29:26,484 - ConfigConverter - INFO - Mapped parameter: closed_captions.ignore_cc_absence=None → [DUMMY RULE]
2025-06-03 03:29:26,484 - ConfigConverter - INFO - Mapped parameter: closed_captions.role=None → [DUMMY RULE]
2025-06-03 03:29:26,484 - ConfigConverter - INFO - Mapped parameter: closed_captions.vtt_split_segments=None → [DUMMY RULE]
2025-06-03 03:29:26,484 - ConfigConverter - INFO - Mapped parameter: drm=no → [DUMMY RULE]
2025-06-03 03:29:26,484 - ConfigConverter - INFO - Mapped parameter: encoder=v1 → [DUMMY RULE]
2025-06-03 03:29:26,484 - ConfigConverter - INFO - Mapped parameter: encryption=no → [DUMMY RULE]
2025-06-03 03:29:26,484 - ConfigConverter - INFO - Mapped parameter: hint=no → [DUMMY RULE]
2025-06-03 03:29:26,484 - ConfigConverter - INFO - Mapped parameter: pix_format=yuv420p → [DUMMY RULE]
2025-06-03 03:29:26,484 - ConfigConverter - INFO - Mapped parameter: set_video_duration=None → [DUMMY RULE]
2025-06-03 03:29:26,485 - ConfigConverter - INFO - Mapped parameter: strip_chapters=no → [DUMMY RULE]
2025-06-03 03:29:26,485 - ConfigConverter - INFO - Mapped parameter: video_codec_parameters.cmp=+chroma → [DUMMY RULE]
2025-06-03 03:29:26,485 - ConfigConverter - INFO - Mapped parameter: video_codec_parameters.code=1 → [DUMMY RULE]
2025-06-03 03:29:26,485 - ConfigConverter - INFO - Mapped parameter: video_codec_parameters.flags=+loop → [DUMMY RULE]
2025-06-03 03:29:26,485 - ConfigConverter - INFO - Mapped parameter: video_codec_parameters.flags2=-bpyramid+fastpskip-dct8x8 → [DUMMY RULE]
2025-06-03 03:29:26,485 - ConfigConverter - INFO - Mapped parameter: video_codec_parameters.i_qfactor=0.71 → [DUMMY RULE]
2025-06-03 03:29:26,485 - ConfigConverter - INFO - Mapped parameter: video_codec_parameters.mbtree=None → [DUMMY RULE]
2025-06-03 03:29:26,485 - ConfigConverter - INFO - Mapped parameter: video_codec_parameters.me_method=hex → [DUMMY RULE]
2025-06-03 03:29:26,485 - ConfigConverter - INFO - Mapped parameter: video_codec_parameters.me_range=16 → [DUMMY RULE]
2025-06-03 03:29:26,485 - ConfigConverter - INFO - Mapped parameter: video_codec_parameters.qcomp=0.6 → [DUMMY RULE]
2025-06-03 03:29:26,485 - ConfigConverter - INFO - Mapped parameter: video_codec_parameters.qdiff=4 → [DUMMY RULE]
2025-06-03 03:29:26,485 - ConfigConverter - INFO - Mapped parameter: video_codec_parameters.subq=6 → [DUMMY RULE]
2025-06-03 03:29:26,486 - ConfigConverter - INFO - Mapped parameter: video_codec_parameters.trellis=None → [DUMMY RULE]
2025-06-03 03:29:26,486 - ConfigConverter - INFO - Mapped parameter: video_codec_parameters.qmax=51 → [DUMMY RULE]
2025-06-03 03:29:26,486 - ConfigConverter - INFO - Mapped parameter: video_codec_parameters.qmin=10 → [DUMMY RULE]
2025-06-03 03:29:26,486 - ConfigConverter - INFO - Mapped parameter: closed_captions.forced=None → [DUMMY RULE]
2025-06-03 03:29:26,486 - ConfigConverter - INFO - Mapped parameter: file_extension=mp4 → [DUMMY RULE]
2025-06-03 03:29:26,486 - ConfigConverter - INFO - Mapped parameter: rotate=def → [DUMMY RULE]
2025-06-03 03:29:26,486 - ConfigConverter - INFO - Mapped parameter: metadata_copy=no → [DUMMY RULE]
2025-06-03 03:29:26,486 - ConfigConverter - INFO - Mapped parameter: video_codec_parameters.transfer_characteristics=None → [DUMMY RULE]
2025-06-03 03:29:26,486 - ConfigConverter - INFO - Mapped parameter: video_codec_parameters.partitions=+parti8x8+parti4x4+partp8x8+partb8x8 → [DUMMY RULE]
2025-06-03 03:29:26,486 - ConfigConverter - INFO - Mapped parameter: closed_captions.cea_data_field=None → [DUMMY RULE]
2025-06-03 03:29:26,487 - ConfigConverter - INFO - Mapped parameter: loudnorm_range=None → [DUMMY RULE]
2025-06-03 03:29:26,487 - ConfigConverter - WARNING - Skipping rule for output=mp4 due to source condition not matching
2025-06-03 03:29:26,487 - ConfigConverter - WARNING - Skipping rule for output=mp4 due to source condition not matching
2025-06-03 03:29:26,487 - ConfigConverter - WARNING - Skipping rule for output=mp4 due to source condition not matching
2025-06-03 03:29:26,487 - ConfigConverter - WARNING - Skipping rule for output=mp4 due to source condition not matching
2025-06-03 03:29:26,487 - ConfigConverter - WARNING - Skipping rule for output=mp4 due to source condition not matching
2025-06-03 03:29:26,487 - ConfigConverter - WARNING - Skipping rule for output=mp4 due to source condition not matching
2025-06-03 03:29:26,487 - ConfigConverter - WARNING - Skipping rule for output=mp4 due to source condition not matching
2025-06-03 03:29:26,487 - ConfigConverter - WARNING - Skipping rule for output=mp4 due to source condition not matching
2025-06-03 03:29:26,487 - ConfigConverter - INFO - Mapped parameter: output=mp4 → Settings.OutputGroups[0].OutputGroupSettings.Type=FILE_GROUP_SETTINGS
2025-06-03 03:29:26,487 - ConfigConverter - INFO - Mapped parameter: output=mp4 → Settings.OutputGroups[0].Outputs[0].ContainerSettings.Container=MP4
2025-06-03 03:29:26,487 - ConfigConverter - WARNING - Skipping rule for output=mp4 due to source condition not matching
2025-06-03 03:29:26,487 - ConfigConverter - WARNING - Skipping rule for output=mp4 due to source condition not matching
2025-06-03 03:29:26,487 - ConfigConverter - WARNING - Skipping rule for output=mp4 due to source condition not matching
2025-06-03 03:29:26,487 - ConfigConverter - WARNING - Skipping rule for output=mp4 due to source condition not matching
2025-06-03 03:29:26,487 - ConfigConverter - INFO - Mapped parameter: size=640x360 → Settings.OutputGroups[0].Outputs[0].VideoDescription.Width=640
2025-06-03 03:29:26,487 - ConfigConverter - INFO - Mapped parameter: size=640x360 → Settings.OutputGroups[0].Outputs[0].VideoDescription.Height=360
2025-06-03 03:29:26,488 - ConfigConverter - WARNING - Regex pattern (\d+)x0 did not match 640x360 for size
2025-06-03 03:29:26,488 - ConfigConverter - WARNING - Regex pattern (\d+)x0 did not match 640x360 for size
2025-06-03 03:29:26,488 - ConfigConverter - INFO - Mapped parameter: audio_channels_number=2 → Settings.OutputGroups[0].Outputs[0].AudioDescriptions[0].CodecSettings.AacSettings.CodingMode=CODING_MODE_2_0
2025-06-03 03:29:26,488 - ConfigConverter - WARNING - Skipping rule for audio_channels_number=2 due to source condition not matching
2025-06-03 03:29:26,488 - ConfigConverter - INFO - Mapped parameter: downmix_mode=pl2 → Settings.OutputGroups[0].Outputs[0].AudioDescriptions[0].CodecSettings.AacSettings.CodingMode=CODING_MODE_2_0
2025-06-03 03:29:26,488 - ConfigConverter - WARNING - Skipping rule for framerate=29.97 due to source condition not matching
2025-06-03 03:29:26,488 - ConfigConverter - INFO - Mapped parameter: framerate=29.97 → Settings.OutputGroups[0].Outputs[0].VideoDescription.CodecSettings.H264Settings.FramerateControl=SPECIFIED
2025-06-03 03:29:26,488 - ConfigConverter - INFO - Mapped parameter: framerate=29.97 → Settings.OutputGroups[0].Outputs[0].VideoDescription.CodecSettings.H264Settings.FramerateNumerator=30000
2025-06-03 03:29:26,488 - ConfigConverter - INFO - Mapped parameter: framerate=29.97 → Settings.OutputGroups[0].Outputs[0].VideoDescription.CodecSettings.H264Settings.FramerateDenominator=1001
2025-06-03 03:29:26,488 - ConfigConverter - WARNING - Skipping rule for framerate=29.97 due to source condition not matching
2025-06-03 03:29:26,488 - ConfigConverter - WARNING - Skipping rule for framerate=29.97 due to source condition not matching
2025-06-03 03:29:26,488 - ConfigConverter - WARNING - Skipping rule for framerate=29.97 due to source condition not matching
2025-06-03 03:29:26,488 - ConfigConverter - WARNING - Skipping rule for framerate=29.97 due to source condition not matching
2025-06-03 03:29:26,488 - ConfigConverter - INFO - Mapped parameter: keep_aspect_ratio=yes → Settings.OutputGroups[0].Outputs[0].VideoDescription.ScalingBehavior=DEFAULT
2025-06-03 03:29:26,488 - ConfigConverter - INFO - Mapped parameter: video_codec=libx264 → Settings.OutputGroups[0].Outputs[0].VideoDescription.CodecSettings.Codec=H_264
2025-06-03 03:29:26,488 - ConfigConverter - INFO - Mapped parameter: profile=main → Settings.OutputGroups[0].Outputs[0].VideoDescription.CodecSettings.H264Settings.CodecProfile=MAIN
2025-06-03 03:29:26,488 - ConfigConverter - WARNING - Skipping rule for profile=main due to source condition not matching
2025-06-03 03:29:26,488 - ConfigConverter - INFO - Mapped parameter: video_codec_parameters.sc_threshold=40 → Settings.OutputGroups[0].Outputs[0].VideoDescription.CodecSettings.H264Settings.SceneChangeDetect=ENABLED
2025-06-03 03:29:26,488 - ConfigConverter - INFO - Mapped parameter: video_codec_parameters.sc_threshold=40 → Settings.OutputGroups[0].Outputs[0].VideoDescription.CodecSettings.H264Settings.SceneChangeDetect=ENABLED
2025-06-03 03:29:26,489 - ConfigConverter - INFO - Mapped parameter: video_codec_parameters.level=30 → Settings.OutputGroups[0].Outputs[0].VideoDescription.CodecSettings.H264Settings.CodecLevel=LEVEL_3
2025-06-03 03:29:26,489 - ConfigConverter - INFO - Mapped parameter: video_codec_parameters.refs=3 → Settings.OutputGroups[0].Outputs[0].VideoDescription.CodecSettings.H264Settings.NumberReferenceFrames=3
2025-06-03 03:29:26,489 - ConfigConverter - INFO - Mapped parameter: video_codec_parameters.refs=3 → Settings.OutputGroups[0].Outputs[0].VideoDescription.CodecSettings.H264Settings.NumberReferenceFrames=3
2025-06-03 03:29:26,489 - ConfigConverter - INFO - Mapped parameter: video_codec_parameters.keyint_min=25 → Settings.OutputGroups[0].Outputs[0].VideoDescription.CodecSettings.H264Settings.MinIInterval=25
2025-06-03 03:29:26,489 - ConfigConverter - INFO - Mapped parameter: video_codec_parameters.keyint_min=25 → Settings.OutputGroups[0].Outputs[0].VideoDescription.CodecSettings.H264Settings.MinIInterval=25
2025-06-03 03:29:26,489 - ConfigConverter - INFO - Mapped parameter: video_codec_parameters.b_strategy=1 → Settings.OutputGroups[0].Outputs[0].VideoDescription.CodecSettings.H264Settings.NumberBFramesBetweenReferenceFrames=1
2025-06-03 03:29:26,489 - ConfigConverter - INFO - Mapped parameter: video_codec_parameters.b_strategy=1 → Settings.OutputGroups[0].Outputs[0].VideoDescription.CodecSettings.H264Settings.NumberBFramesBetweenReferenceFrames=1
2025-06-03 03:29:26,489 - ConfigConverter - INFO - Mapped parameter: video_codec_parameters.directpred=1 → Settings.OutputGroups[0].Outputs[0].VideoDescription.CodecSettings.H264Settings.Slices=1
2025-06-03 03:29:26,489 - ConfigConverter - INFO - Mapped parameter: video_codec_parameters.vprofile=main → Settings.OutputGroups[0].Outputs[0].VideoDescription.CodecSettings.H264Settings.CodecProfile=MAIN
2025-06-03 03:29:26,489 - ConfigConverter - INFO - Mapped parameter: two_pass=no → Settings.OutputGroups[0].Outputs[0].VideoDescription.CodecSettings.H264Settings.QualityTuningLevel=SINGLE_PASS_HQ
2025-06-03 03:29:26,489 - ConfigConverter - WARNING - Skipping rule for turbo=no due to source condition not matching
2025-06-03 03:29:26,489 - ConfigConverter - WARNING - Skipping rule for twin_turbo=no due to source condition not matching
2025-06-03 03:29:26,489 - ConfigConverter - INFO - Mapped parameter: hard_cbr=yes → Settings.OutputGroups[0].Outputs[0].VideoDescription.CodecSettings.H264Settings.RateControlMode=CBR
2025-06-03 03:29:26,489 - ConfigConverter - INFO - Mapped parameter: deinterlacing=auto → Settings.OutputGroups[0].Outputs[0].VideoDescription.VideoPreprocessors.Deinterlacer={}
2025-06-03 03:29:26,489 - ConfigConverter - WARNING - Skipping rule for video_sync=old due to source condition not matching
2025-06-03 03:29:26,489 - ConfigConverter - INFO - Mapped parameter: video_sync=old → Settings.OutputGroups[0].Outputs[0].VideoDescription.CodecSettings.H264Settings.FramerateControl=INITIALIZE_FROM_SOURCE
2025-06-03 03:29:26,489 - ConfigConverter - INFO - Mapped parameter: keyframe=60 → Settings.OutputGroups[0].Outputs[0].VideoDescription.CodecSettings.H264Settings.GopSize=60
2025-06-03 03:29:26,489 - ConfigConverter - INFO - Mapped parameter: apply_timecode=no → Settings.TimecodeConfig.Source=ZEROBASED
2025-06-03 03:29:26,490 - ConfigConverter - INFO - Mapped parameter: audio_volume=100 → Settings.OutputGroups[0].Outputs[0].AudioDescriptions[0].AudioNormalizationSettings.TargetLkfs=-2.0
2025-06-03 03:29:26,490 - ConfigConverter - INFO - Mapped parameter: copy_timestamps=yes → Settings.TimecodeConfig.Source=EMBEDDED
2025-06-03 03:29:26,490 - ConfigConverter - INFO - Mapped parameter: ftyp=mp42 → Settings.OutputGroups[0].Outputs[0].ContainerSettings.Mp4Settings.Mp4MajorBrand=mp42
2025-06-03 03:29:26,490 - ConfigConverter - INFO - Mapped parameter: set_rotate=0 → Settings.Inputs[0].VideoSelector.Rotate=DEGREE_0
2025-06-03 03:29:26,490 - ConfigConverter - INFO - Mapped parameter: force_interlaced=no → Settings.OutputGroups[0].Outputs[0].VideoDescription.CodecSettings.H264Settings.InterlaceMode=PROGRESSIVE
2025-06-03 03:29:26,490 - ConfigConverter - WARNING - Skipping rule for timecode_track=no due to source condition not matching
2025-06-03 03:29:26,490 - ConfigConverter - INFO - Mapped parameter: destination=http://test_url.s3.amazonaws.com/encoding.com.output/mock_mock_output_rendition_name_11111_579.mp4?acl=public-read → Settings.OutputGroups[0].OutputGroupSettings.FileGroupSettings.Destination=S3_OUTPUT_URL
2025-06-03 03:29:26,490 - ConfigConverter - WARNING - Unmapped parameter: encryption_method = aes-128-cbc
2025-06-03 03:29:26,490 - ConfigConverter - WARNING - Unmapped parameter: copy_nielsen_metadata = no
2025-06-03 03:29:26,490 - ConfigConverter - INFO - Conversion summary for /home/ec2-user/e2mc_assistant/encoding_profiles/mp4/579.xml:
2025-06-03 03:29:26,490 - ConfigConverter - INFO -   - Total parameters: 76
2025-06-03 03:29:26,490 - ConfigConverter - INFO -   - Mapped parameters: 74 (97.4%)
2025-06-03 03:29:26,490 - ConfigConverter - INFO -   - Unmapped parameters: 2 (2.6%)
2025-06-03 03:29:26,490 - ConfigConverter - INFO - Added missing NameModifier: _640x360_900000_mc
2025-06-03 03:29:26,491 - ConfigConverter - INFO - Successfully converted /home/ec2-user/e2mc_assistant/encoding_profiles/mp4/579.xml to /home/ec2-user/e2mc_assistant/tranformed_mc_profiles/mp4/579.json
2025-06-03 03:29:26,492 - ConfigConverter - INFO - Validating /home/ec2-user/e2mc_assistant/tranformed_mc_profiles/mp4/579.json against schema /home/ec2-user/e2mc_assistant/utils/mc_config_validator/mc_setting_schema.json
2025-06-03 03:29:26,493 - ConfigConverter - INFO - Validation successful for /home/ec2-user/e2mc_assistant/tranformed_mc_profiles/mp4/579.json
