Error submitting MediaConvert job for 58
Timestamp: 2025-05-20T07:06:07.077754

Error message: An error occurred (BadRequestException) when calling the CreateJob operation: /outputGroups/0/outputs/0/videoDescription/codecSettings/h264Settings/codecProfile: Should match all dependencies: See other errors for more details | /outputGroups/0/outputs/0/videoDescription/codecSettings/h264Settings: Should match exactly one schema defined in "oneOf" | /outputGroups/0/outputs/0/videoDescription/codecSettings/h264Settings: entropyEncoding is a required property | /outputGroups/0/outputs/0/videoDescription/codecSettings/h264Settings/codecProfile: Should be equal to one of the allowed values in ["HIGH","HIGH_10BIT","HIGH_422","HIGH_422_10BIT","MAIN"]

Job settings:
{
  "Settings": {
    "Inputs": [
      {
        "TimecodeSource": "ZEROBASED",
        "VideoSelector": {},
        "AudioSelectors": {
          "Audio Selector 1": {
            "DefaultSelection": "DEFAULT"
          }
        },
        "FileInput": "s3://fw-mc-test/mp4/58/58_879479139_source.mp4",
        "DeblockFilter": "ENABLED"
      }
    ],
    "OutputGroups": [
      {
        "Name": "File Group",
        "OutputGroupSettings": {
          "Type": "FILE_GROUP_SETTINGS",
          "FileGroupSettings": {
            "Destination": "s3://fw-mc-test/mp4/58/"
          }
        },
        "Outputs": [
          {
            "ContainerSettings": {
              "Container": "MP4",
              "Mp4Settings": {}
            },
            "VideoDescription": {
              "CodecSettings": {
                "H264Settings": {
                  "RateControlMode": "VBR",
                  "Bitrate": 1300000,
                  "MaxBitrate": 1690000,
                  "ParControl": "SPECIFIED",
                  "ParNumerator": 16,
                  "ParDenominator": 9,
                  "FramerateControl": "SPECIFIED",
                  "FramerateNumerator": 30,
                  "FramerateDenominator": 1,
                  "CodecProfile": "BASELINE",
                  "CodecLevel": "LEVEL_3",
                  "NumberReferenceFrames": 4
                },
                "Codec": "H_264"
              },
              "Width": 768,
              "Height": 432
            },
            "AudioDescriptions": [
              {
                "CodecSettings": {
                  "Codec": "AAC",
                  "AacSettings": {
                    "Bitrate": 128000,
                    "CodingMode": "CODING_MODE_2_0"
                  }
                }
              }
            ],
            "NameModifier": "_768x432_1300000_mc"
          }
        ]
      }
    ],
    "TimecodeConfig": {
      "Source": "ZEROBASED"
    },
    "FollowSource": 1
  },
  "Role": "arn:aws:iam::935206693453:role/MediaConvertRole"
}