Error submitting MediaConvert job for 683
Timestamp: 2025-05-20T07:06:08.585772

Error message: An error occurred (BadRequestException) when calling the CreateJob operation: /outputGroups/0/outputs/0/audioDescriptions/0/codecSettings: codec is a required property

Job settings:
{
  "Settings": {
    "Inputs": [
      {
        "TimecodeSource": "ZEROBASED",
        "VideoSelector": {},
        "AudioSelectors": {
          "Audio Selector 1": {
            "DefaultSelection": "DEFAULT"
          }
        },
        "FileInput": "s3://fw-mc-test/mp4/683/683_874295311_source.mp4"
      }
    ],
    "OutputGroups": [
      {
        "Name": "File Group",
        "OutputGroupSettings": {
          "Type": "FILE_GROUP_SETTINGS",
          "FileGroupSettings": {
            "Destination": "s3://fw-mc-test/mp4/683/"
          }
        },
        "Outputs": [
          {
            "ContainerSettings": {
              "Container": "MP4",
              "Mp4Settings": {}
            },
            "VideoDescription": {
              "CodecSettings": {
                "H264Settings": {
                  "RateControlMode": "VBR",
                  "Bitrate": 5000000,
                  "MaxBitrate": 12500000,
                  "FramerateControl": "SPECIFIED",
                  "FramerateNumerator": 25,
                  "FramerateDenominator": 1,
                  "QualityTuningLevel": "MULTI_PASS_HQ"
                },
                "Codec": "H_264"
              },
              "Width": 1920,
              "Height": 1080
            },
            "AudioDescriptions": [
              {
                "CodecSettings": {
                  "AacSettings": {
                    "Bitrate": 192000,
                    "CodingMode": "CODING_MODE_2_0",
                    "SampleRate": 48000
                  },
                  "Ac3Settings": {
                    "Dialnorm": 1
                  }
                },
                "AudioNormalizationSettings": {
                  "TargetLkfs": -23.0,
                  "TruePeakLimiterThreshold": -1.0
                }
              }
            ],
            "NameModifier": "_1920x1080_5000000_mc"
          }
        ]
      }
    ],
    "TimecodeConfig": {
      "Source": "ZEROBASED"
    },
    "FollowSource": 1
  },
  "Role": "arn:aws:iam::935206693453:role/MediaConvertRole"
}