MediaConvert job 1748928986403-yad85k failed
Timestamp: 2025-06-03T05:36:36.778296

Job details:
{
  "AccelerationSettings": {
    "Mode": "DISABLED"
  },
  "AccelerationStatus": "NOT_APPLICABLE",
  "Arn": "arn:aws:mediaconvert:us-east-1:935206693453:jobs/1748928986403-yad85k",
  "BillingTagsSource": "JOB",
  "ClientRequestToken": "834657a2-a57b-469a-906f-d31832140cdd",
  "CreatedAt": "2025-06-03 05:36:26+00:00",
  "ErrorCode": 1010,
  "ErrorMessage": "Unable to open input file [s3://fw-mc-test/mp4/772/772_881139239_source.mp4]: [Failed probe/open: [No parser found for container]]",
  "Id": "1748928986403-yad85k",
  "Messages": {
    "Info": [],
    "Warning": []
  },
  "Priority": 0,
  "Queue": "arn:aws:mediaconvert:us-east-1:935206693453:queues/Default",
  "Role": "arn:aws:iam::935206693453:role/MediaConvertRole",
  "Settings": {
    "FollowSource": 1,
    "Inputs": [
      {
        "AudioSelectors": {
          "Audio Selector 1": {
            "DefaultSelection": "DEFAULT"
          }
        },
        "FileInput": "s3://fw-mc-test/mp4/772/772_881139239_source.mp4",
        "TimecodeSource": "ZEROBASED",
        "VideoSelector": {}
      }
    ],
    "OutputGroups": [
      {
        "Name": "File Group",
        "OutputGroupSettings": {
          "FileGroupSettings": {
            "Destination": "s3://fw-mc-test/mp4/772/"
          },
          "Type": "FILE_GROUP_SETTINGS"
        },
        "Outputs": [
          {
            "AudioDescriptions": [
              {
                "AudioNormalizationSettings": {
                  "TargetLkfs": -23.0,
                  "TruePeakLimiterThreshold": -1.0
                },
                "CodecSettings": {
                  "AacSettings": {
                    "Bitrate": 160000,
                    "CodingMode": "CODING_MODE_2_0",
                    "SampleRate": 48000
                  },
                  "Codec": "AAC"
                }
              }
            ],
            "ContainerSettings": {
              "Container": "MP4",
              "Mp4Settings": {}
            },
            "NameModifier": "_1920x1080_6000000_mc",
            "VideoDescription": {
              "CodecSettings": {
                "Codec": "H_264",
                "H264Settings": {
                  "Bitrate": 6000000,
                  "CodecProfile": "MAIN",
                  "FramerateControl": "SPECIFIED",
                  "FramerateDenominator": 1,
                  "FramerateNumerator": 25,
                  "GopSize": 50.0,
                  "MaxBitrate": 15000000,
                  "QualityTuningLevel": "MULTI_PASS_HQ",
                  "RateControlMode": "VBR"
                }
              },
              "Height": 1080,
              "Width": 1920
            }
          }
        ]
      }
    ],
    "TimecodeConfig": {
      "Source": "ZEROBASED"
    }
  },
  "Status": "ERROR",
  "StatusUpdateInterval": "SECONDS_60",
  "Timing": {
    "FinishTime": "2025-06-03 05:36:29+00:00",
    "StartTime": "2025-06-03 05:36:27+00:00",
    "SubmitTime": "2025-06-03 05:36:26+00:00"
  },
  "UserMetadata": {}
}

Error message:
Unable to open input file [s3://fw-mc-test/mp4/772/772_881139239_source.mp4]: [Failed probe/open: [No parser found for container]]