MediaConvert job 1748929029687-snx1cy failed
Timestamp: 2025-06-03T05:37:20.289439

Job details:
{
  "AccelerationSettings": {
    "Mode": "DISABLED"
  },
  "AccelerationStatus": "NOT_APPLICABLE",
  "Arn": "arn:aws:mediaconvert:us-east-1:935206693453:jobs/1748929029687-snx1cy",
  "BillingTagsSource": "JOB",
  "ClientRequestToken": "e81fea19-de5e-410c-a499-1d4a97428abb",
  "CreatedAt": "2025-06-03 05:37:09+00:00",
  "ErrorCode": 1075,
  "ErrorMessage": "Unable to open input file [s3://fw-mc-test/mp4/802/802_647198734_source.mp4]: [Failed probe/open: [no moov box found in file]]",
  "Id": "1748929029687-snx1cy",
  "Messages": {
    "Info": [],
    "Warning": []
  },
  "Priority": 0,
  "Queue": "arn:aws:mediaconvert:us-east-1:935206693453:queues/Default",
  "Role": "arn:aws:iam::935206693453:role/MediaConvertRole",
  "Settings": {
    "FollowSource": 1,
    "Inputs": [
      {
        "AudioSelectors": {
          "Audio Selector 1": {
            "DefaultSelection": "DEFAULT"
          }
        },
        "FileInput": "s3://fw-mc-test/mp4/802/802_647198734_source.mp4",
        "TimecodeSource": "ZEROBASED",
        "VideoSelector": {}
      }
    ],
    "OutputGroups": [
      {
        "Name": "File Group",
        "OutputGroupSettings": {
          "FileGroupSettings": {
            "Destination": "s3://fw-mc-test/mp4/802/"
          },
          "Type": "FILE_GROUP_SETTINGS"
        },
        "Outputs": [
          {
            "AudioDescriptions": [
              {
                "AudioNormalizationSettings": {
                  "TargetLkfs": -9.5
                },
                "CodecSettings": {
                  "AacSettings": {
                    "Bitrate": 96000,
                    "CodingMode": "CODING_MODE_2_0",
                    "SampleRate": 48000
                  },
                  "Codec": "AAC"
                }
              }
            ],
            "ContainerSettings": {
              "Container": "MP4",
              "Mp4Settings": {}
            },
            "NameModifier": "_1024x576_1100000_mc",
            "VideoDescription": {
              "CodecSettings": {
                "Codec": "H_264",
                "H264Settings": {
                  "Bitrate": 1100000,
                  "CodecProfile": "MAIN",
                  "FramerateControl": "SPECIFIED",
                  "FramerateDenominator": 1,
                  "FramerateNumerator": 25,
                  "GopSize": 125.0,
                  "MaxBitrate": 2750000,
                  "MinIInterval": 1,
                  "NumberReferenceFrames": 4,
                  "QualityTuningLevel": "MULTI_PASS_HQ",
                  "RateControlMode": "VBR"
                }
              },
              "Height": 576,
              "ScalingBehavior": "DEFAULT",
              "VideoPreprocessors": {
                "Deinterlacer": {}
              },
              "Width": 1024
            }
          }
        ]
      }
    ],
    "TimecodeConfig": {
      "Source": "ZEROBASED"
    }
  },
  "Status": "ERROR",
  "StatusUpdateInterval": "SECONDS_60",
  "Timing": {
    "FinishTime": "2025-06-03 05:37:11+00:00",
    "StartTime": "2025-06-03 05:37:10+00:00",
    "SubmitTime": "2025-06-03 05:37:09+00:00"
  },
  "UserMetadata": {}
}

Error message:
Unable to open input file [s3://fw-mc-test/mp4/802/802_647198734_source.mp4]: [Failed probe/open: [no moov box found in file]]