Error submitting MediaConvert job for 816
Timestamp: 2025-05-20T07:07:18.007135

Error message: An error occurred (BadRequestException) when calling the CreateJob operation: /outputGroups/0/outputs/0/videoDescription/width: Should be less than or equal to 1808

Job settings:
{
  "Settings": {
    "Inputs": [
      {
        "TimecodeSource": "ZEROBASED",
        "VideoSelector": {},
        "AudioSelectors": {
          "Audio Selector 1": {
            "DefaultSelection": "DEFAULT"
          }
        },
        "FileInput": "s3://fw-mc-test/mp4/816/816_881463062_source.mpg",
        "DeblockFilter": "ENABLED"
      }
    ],
    "OutputGroups": [
      {
        "Name": "File Group",
        "OutputGroupSettings": {
          "Type": "FILE_GROUP_SETTINGS",
          "FileGroupSettings": {
            "Destination": "s3://fw-mc-test/mp4/816/"
          }
        },
        "Outputs": [
          {
            "ContainerSettings": {
              "Container": "MP4",
              "Mp4Settings": {}
            },
            "VideoDescription": {
              "CodecSettings": {
                "H264Settings": {
                  "RateControlMode": "VBR",
                  "Bitrate": 30000000,
                  "MaxBitrate": 75000000,
                  "ParControl": "SPECIFIED",
                  "ParNumerator": 16,
                  "ParDenominator": 9,
                  "FramerateControl": "SPECIFIED",
                  "FramerateNumerator": 30000,
                  "FramerateDenominator": 1001,
                  "CodecProfile": "MAIN",
                  "CodecLevel": "LEVEL_3",
                  "NumberReferenceFrames": 4
                },
                "Codec": "H_264"
              },
              "Width": 1920,
              "Height": 1080
            },
            "AudioDescriptions": [
              {
                "CodecSettings": {
                  "Codec": "AAC",
                  "AacSettings": {
                    "Bitrate": 192000,
                    "CodingMode": "CODING_MODE_2_0"
                  }
                },
                "AudioNormalizationSettings": {
                  "Algorithm": "ITU_BS_1770_2",
                  "TargetLkfs": -24.0
                }
              }
            ],
            "NameModifier": "_1920x1080_30000000_mc"
          }
        ]
      }
    ],
    "TimecodeConfig": {
      "Source": "ZEROBASED"
    },
    "FollowSource": 1
  },
  "Role": "arn:aws:iam::935206693453:role/MediaConvertRole"
}