Error submitting MediaConvert job for 846
Timestamp: 2025-05-20T07:07:20.312067

Error message: An error occurred (BadRequestException) when calling the CreateJob operation: /outputGroups/0/outputs/0/videoDescription/codecSettings/h264Settings: Your job contains values for the following settings that are incompatible: Rate control mode, Bitrate, and Max bitrate. Adjust your settings and resubmit your job. Some valid combinations of settings are these: Set Rate control mode to QVBR, specify a value for Max bitrate, and don't specify a value for Bitrate. Or, set Rate control mode to CBR, specify a value for Bitrate, and don't specify a value for Max bitrate.

Job settings:
{
  "Settings": {
    "Inputs": [
      {
        "TimecodeSource": "ZEROBASED",
        "VideoSelector": {},
        "AudioSelectors": {
          "Audio Selector 1": {
            "DefaultSelection": "DEFAULT"
          }
        },
        "FileInput": "s3://fw-mc-test/mp4/846/846_774882365_source.mp4",
        "DeblockFilter": "DISABLED"
      }
    ],
    "OutputGroups": [
      {
        "Name": "File Group",
        "OutputGroupSettings": {
          "Type": "FILE_GROUP_SETTINGS",
          "FileGroupSettings": {
            "Destination": "s3://fw-mc-test/mp4/846/"
          }
        },
        "Outputs": [
          {
            "ContainerSettings": {
              "Container": "MP4",
              "Mp4Settings": {}
            },
            "VideoDescription": {
              "Width": 320,
              "Height": 240,
              "ScalingBehavior": "DEFAULT",
              "CodecSettings": {
                "Codec": "H_264",
                "H264Settings": {
                  "CodecProfile": "MAIN",
                  "QualityTuningLevel": "SINGLE_PASS_HQ",
                  "GopSize": 300
                }
              }
            },
            "AudioDescriptions": [
              {
                "CodecSettings": {
                  "AacSettings": {
                    "Bitrate": 64000,
                    "CodingMode": "CODING_MODE_2_0"
                  },
                  "Codec": "AAC"
                },
                "AudioNormalizationSettings": {
                  "TargetLkfs": 24.73
                }
              }
            ],
            "NameModifier": "_320x240_mc"
          }
        ]
      }
    ],
    "TimecodeConfig": {
      "Source": "ZEROBASED"
    },
    "FollowSource": 1
  },
  "Role": "arn:aws:iam::935206693453:role/MediaConvertRole"
}