Error submitting MediaConvert job for 87
Timestamp: 2025-05-20T07:07:44.092439

Error message: An error occurred (BadRequestException) when calling the CreateJob operation: /outputGroups/0/outputs/0/videoDescription/codecSettings/h264Settings/codecProfile: Should match all dependencies: See other errors for more details | /outputGroups/0/outputs/0/videoDescription/codecSettings/h264Settings: Should match exactly one schema defined in "oneOf" | /outputGroups/0/outputs/0/videoDescription/codecSettings/h264Settings/entropyEncoding: Must be CAVLC | /outputGroups/0/outputs/0/videoDescription/codecSettings/h264Settings/codecProfile: Should be equal to one of the allowed values in ["HIGH","HIGH_10BIT","HIGH_422","HIGH_422_10BIT","MAIN"]

Job settings:
{
  "Settings": {
    "Inputs": [
      {
        "TimecodeSource": "ZEROBASED",
        "VideoSelector": {},
        "AudioSelectors": {
          "Audio Selector 1": {
            "DefaultSelection": "DEFAULT"
          }
        },
        "FileInput": "s3://fw-mc-test/mp4/87/87_881366426_source.mpg"
      }
    ],
    "OutputGroups": [
      {
        "Name": "File Group",
        "OutputGroupSettings": {
          "Type": "FILE_GROUP_SETTINGS",
          "FileGroupSettings": {
            "Destination": "s3://fw-mc-test/mp4/87/"
          }
        },
        "Outputs": [
          {
            "ContainerSettings": {
              "Container": "MP4",
              "Mp4Settings": {}
            },
            "VideoDescription": {
              "CodecSettings": {
                "H264Settings": {
                  "RateControlMode": "VBR",
                  "Bitrate": 354000,
                  "MaxBitrate": 885000,
                  "QualityTuningLevel": "MULTI_PASS_HQ",
                  "NumberReferenceFrames": 5,
                  "NumberBFramesBetweenReferenceFrames": 0,
                  "EntropyEncoding": "CABAC",
                  "CodecProfile": "BASELINE",
                  "CodecLevel": "LEVEL_3"
                },
                "Codec": "H_264"
              },
              "Width": 384,
              "Height": 216
            },
            "AudioDescriptions": [
              {
                "CodecSettings": {
                  "Codec": "AAC",
                  "AacSettings": {
                    "Bitrate": 128000,
                    "CodingMode": "CODING_MODE_2_0",
                    "SampleRate": 48000
                  }
                }
              }
            ],
            "NameModifier": "_384x216_354000_mc"
          }
        ]
      }
    ],
    "TimecodeConfig": {
      "Source": "ZEROBASED"
    },
    "FollowSource": 1
  },
  "Role": "arn:aws:iam::935206693453:role/MediaConvertRole"
}