Error submitting MediaConvert job for 913
Timestamp: 2025-06-03T11:55:15.192872

Error message: An error occurred (BadRequestException) when calling the CreateJob operation: /outputGroups/0/outputs/0/captionDescriptions/0/destinationSettings/burninDestinationSettings: Should match all dependencies: See other errors for more details | /outputGroups/0/outputs/0/captionDescriptions/0/destinationSettings/destinationType: Must be BURN_IN

Job settings:
{
  "Settings": {
    "Inputs": [
      {
        "TimecodeSource": "ZEROBASED",
        "VideoSelector": {},
        "AudioSelectors": {
          "Audio Selector 1": {
            "DefaultSelection": "DEFAULT"
          }
        },
        "CaptionSelectors": {
          "Captions Selector 1": {
            "SourceSettings": {
              "SourceType": "EMBEDDED",
              "EmbeddedSourceSettings": {}
            }
          }
        },
        "FileInput": "s3://fw-mc-test/mp4/913/913_591427604_source.mp4"
      }
    ],
    "OutputGroups": [
      {
        "Name": "File Group",
        "OutputGroupSettings": {
          "Type": "FILE_GROUP_SETTINGS",
          "FileGroupSettings": {
            "Destination": "s3://fw-mc-test/mp4/913/"
          }
        },
        "Outputs": [
          {
            "ContainerSettings": {
              "Container": "MP4",
              "Mp4Settings": {}
            },
            "VideoDescription": {
              "CodecSettings": {
                "H264Settings": {
                  "RateControlMode": "VBR",
                  "Bitrate": 1100000,
                  "MaxBitrate": 2750000,
                  "GopSize": 125,
                  "FramerateControl": "SPECIFIED",
                  "FramerateNumerator": 25,
                  "FramerateDenominator": 1,
                  "QualityTuningLevel": "MULTI_PASS_HQ",
                  "MinIInterval": 1,
                  "NumberReferenceFrames": 4,
                  "CodecProfile": "MAIN"
                },
                "Codec": "H_264"
              },
              "Width": 1024,
              "Height": 576,
              "ScalingBehavior": "DEFAULT",
              "VideoPreprocessors": {
                "Deinterlacer": {}
              }
            },
            "AudioDescriptions": [
              {
                "CodecSettings": {
                  "Codec": "AAC",
                  "AacSettings": {
                    "Bitrate": 128000,
                    "SampleRate": 48000,
                    "CodingMode": "CODING_MODE_2_0"
                  }
                },
                "AudioNormalizationSettings": {
                  "TargetLkfs": -9.5
                }
              }
            ],
            "CaptionDescriptions": [
              {
                "DestinationSettings": {
                  "DestinationType": "EMBEDDED",
                  "BurninDestinationSettings": {
                    "FontSize": 16,
                    "BackgroundOpacity": 255
                  }
                },
                "CaptionSelectorName": "Captions Selector 1"
              }
            ],
            "NameModifier": "_1024x576_1100000_mc"
          }
        ]
      }
    ],
    "TimecodeConfig": {
      "Source": "ZEROBASED"
    },
    "FollowSource": 1
  },
  "Role": "arn:aws:iam::935206693453:role/MediaConvertRole"
}