2025-06-03 03:29:28,376 - ConfigConverter - INFO - Starting conversion of /home/ec2-user/e2mc_assistant/encoding_profiles/mp4/935.xml
2025-06-03 03:29:28,377 - ConfigConverter - INFO - Set RateControlMode to VBR because <cbr> doesn't exist and <maxrate> doesn't exist
2025-06-03 03:29:28,377 - ConfigConverter - INFO - Set Bitrate to 1960000 from <bitrate>=1960k
2025-06-03 03:29:28,377 - ConfigConverter - INFO - Setting MaxBitrate to 4900000 (2.5 * Bitrate)
2025-06-03 03:29:28,377 - ConfigConverter - INFO - Parameter bitrate processed by custom rate control handler
2025-06-03 03:29:28,377 - ConfigConverter - INFO - Set AudioDescriptions[0].CodecSettings.Codec to AAC from <audio_codec>=libfaac
2025-06-03 03:29:28,377 - ConfigConverter - INFO - Set AudioDescriptions[0].CodecSettings.AacSettings.Bitrate to default value 96000
2025-06-03 03:29:28,377 - ConfigConverter - INFO - Set AudioDescriptions[0].CodecSettings.AacSettings.SampleRate to default value 48000
2025-06-03 03:29:28,377 - ConfigConverter - INFO - Set AudioDescriptions[0].CodecSettings.AacSettings.CodingMode to CODING_MODE_2_0 (default stereo)
2025-06-03 03:29:28,377 - ConfigConverter - INFO - Set AudioDescriptions[0].CodecSettings.AacSettings.Bitrate to 128000 from <audio_bitrate>=128k
2025-06-03 03:29:28,377 - ConfigConverter - INFO - Set AudioDescriptions[0].CodecSettings.AacSettings.SampleRate to 48000 from <audio_sample_rate>=48000
2025-06-03 03:29:28,377 - ConfigConverter - INFO - Audio parameters processed by custom audio settings handler
2025-06-03 03:29:28,377 - ConfigConverter - INFO - Mapped parameter: VCodecParameters=None → [DUMMY RULE]
2025-06-03 03:29:28,377 - ConfigConverter - INFO - Mapped parameter: acbr=None → [DUMMY RULE]
2025-06-03 03:29:28,377 - ConfigConverter - INFO - Mapped parameter: add_audio_only=None → [DUMMY RULE]
2025-06-03 03:29:28,377 - ConfigConverter - INFO - Mapped parameter: clipmode=None → [DUMMY RULE]
2025-06-03 03:29:28,377 - ConfigConverter - INFO - Mapped parameter: closed_captions.cc_extract_before=None → [DUMMY RULE]
2025-06-03 03:29:28,378 - ConfigConverter - INFO - Mapped parameter: closed_captions.direct_copy=None → [DUMMY RULE]
2025-06-03 03:29:28,378 - ConfigConverter - INFO - Mapped parameter: closed_captions.get_from_manifest=None → [DUMMY RULE]
2025-06-03 03:29:28,378 - ConfigConverter - INFO - Mapped parameter: closed_captions.ignore_cc_absence=None → [DUMMY RULE]
2025-06-03 03:29:28,561 - ConfigConverter - INFO - Mapped parameter: closed_captions.role=None → [DUMMY RULE]
2025-06-03 03:29:28,561 - ConfigConverter - INFO - Mapped parameter: closed_captions.vtt_split_segments=None → [DUMMY RULE]
2025-06-03 03:29:28,561 - ConfigConverter - INFO - Mapped parameter: drm=None → [DUMMY RULE]
2025-06-03 03:29:28,561 - ConfigConverter - INFO - Mapped parameter: encoder=edc1 → [DUMMY RULE]
2025-06-03 03:29:28,561 - ConfigConverter - INFO - Mapped parameter: encryption=None → [DUMMY RULE]
2025-06-03 03:29:28,561 - ConfigConverter - INFO - Mapped parameter: hint=None → [DUMMY RULE]
2025-06-03 03:29:28,561 - ConfigConverter - INFO - Mapped parameter: pix_format=None → [DUMMY RULE]
2025-06-03 03:29:28,561 - ConfigConverter - INFO - Mapped parameter: set_video_duration=yes → [DUMMY RULE]
2025-06-03 03:29:28,561 - ConfigConverter - INFO - Mapped parameter: strip_chapters=None → [DUMMY RULE]
2025-06-03 03:29:28,561 - ConfigConverter - INFO - Mapped parameter: video_codec_parameters.cmp=None → [DUMMY RULE]
2025-06-03 03:29:28,561 - ConfigConverter - INFO - Mapped parameter: video_codec_parameters.code=None → [DUMMY RULE]
2025-06-03 03:29:28,561 - ConfigConverter - INFO - Mapped parameter: video_codec_parameters.flags=None → [DUMMY RULE]
2025-06-03 03:29:28,561 - ConfigConverter - INFO - Mapped parameter: video_codec_parameters.flags2=None → [DUMMY RULE]
2025-06-03 03:29:28,561 - ConfigConverter - INFO - Mapped parameter: video_codec_parameters.i_qfactor=None → [DUMMY RULE]
2025-06-03 03:29:28,561 - ConfigConverter - INFO - Mapped parameter: video_codec_parameters.mbtree=None → [DUMMY RULE]
2025-06-03 03:29:28,561 - ConfigConverter - INFO - Mapped parameter: video_codec_parameters.me_method=None → [DUMMY RULE]
2025-06-03 03:29:28,562 - ConfigConverter - INFO - Mapped parameter: video_codec_parameters.me_range=None → [DUMMY RULE]
2025-06-03 03:29:28,562 - ConfigConverter - INFO - Mapped parameter: video_codec_parameters.qcomp=None → [DUMMY RULE]
2025-06-03 03:29:28,562 - ConfigConverter - INFO - Mapped parameter: video_codec_parameters.qdiff=None → [DUMMY RULE]
2025-06-03 03:29:28,562 - ConfigConverter - INFO - Mapped parameter: video_codec_parameters.subq=None → [DUMMY RULE]
2025-06-03 03:29:28,562 - ConfigConverter - INFO - Mapped parameter: video_codec_parameters.trellis=None → [DUMMY RULE]
2025-06-03 03:29:28,562 - ConfigConverter - INFO - Mapped parameter: video_codec_parameters.qmax=None → [DUMMY RULE]
2025-06-03 03:29:28,562 - ConfigConverter - INFO - Mapped parameter: video_codec_parameters.qmin=None → [DUMMY RULE]
2025-06-03 03:29:28,562 - ConfigConverter - INFO - Mapped parameter: closed_captions.forced=None → [DUMMY RULE]
2025-06-03 03:29:28,562 - ConfigConverter - INFO - Mapped parameter: file_extension=None → [DUMMY RULE]
2025-06-03 03:29:28,562 - ConfigConverter - INFO - Mapped parameter: rotate=None → [DUMMY RULE]
2025-06-03 03:29:28,562 - ConfigConverter - INFO - Mapped parameter: metadata_copy=None → [DUMMY RULE]
2025-06-03 03:29:28,562 - ConfigConverter - INFO - Mapped parameter: video_codec_parameters.transfer_characteristics=None → [DUMMY RULE]
2025-06-03 03:29:28,562 - ConfigConverter - INFO - Mapped parameter: video_codec_parameters.partitions=None → [DUMMY RULE]
2025-06-03 03:29:28,562 - ConfigConverter - INFO - Mapped parameter: closed_captions.cea_data_field=None → [DUMMY RULE]
2025-06-03 03:29:28,562 - ConfigConverter - INFO - Mapped parameter: loudnorm_range=11 → [DUMMY RULE]
2025-06-03 03:29:28,562 - ConfigConverter - WARNING - Skipping rule for output=mp4 due to source condition not matching
2025-06-03 03:29:28,562 - ConfigConverter - WARNING - Skipping rule for output=mp4 due to source condition not matching
2025-06-03 03:29:28,562 - ConfigConverter - WARNING - Skipping rule for output=mp4 due to source condition not matching
2025-06-03 03:29:28,562 - ConfigConverter - WARNING - Skipping rule for output=mp4 due to source condition not matching
2025-06-03 03:29:28,562 - ConfigConverter - WARNING - Skipping rule for output=mp4 due to source condition not matching
2025-06-03 03:29:28,562 - ConfigConverter - WARNING - Skipping rule for output=mp4 due to source condition not matching
2025-06-03 03:29:28,562 - ConfigConverter - WARNING - Skipping rule for output=mp4 due to source condition not matching
2025-06-03 03:29:28,562 - ConfigConverter - WARNING - Skipping rule for output=mp4 due to source condition not matching
2025-06-03 03:29:28,562 - ConfigConverter - INFO - Mapped parameter: output=mp4 → Settings.OutputGroups[0].OutputGroupSettings.Type=FILE_GROUP_SETTINGS
2025-06-03 03:29:28,562 - ConfigConverter - INFO - Mapped parameter: output=mp4 → Settings.OutputGroups[0].Outputs[0].ContainerSettings.Container=MP4
2025-06-03 03:29:28,562 - ConfigConverter - WARNING - Skipping rule for output=mp4 due to source condition not matching
2025-06-03 03:29:28,562 - ConfigConverter - WARNING - Skipping rule for output=mp4 due to source condition not matching
2025-06-03 03:29:28,562 - ConfigConverter - WARNING - Skipping rule for output=mp4 due to source condition not matching
2025-06-03 03:29:28,562 - ConfigConverter - WARNING - Skipping rule for output=mp4 due to source condition not matching
2025-06-03 03:29:28,562 - ConfigConverter - INFO - Mapped parameter: video_codec=libx264 → Settings.OutputGroups[0].Outputs[0].VideoDescription.CodecSettings.Codec=H_264
2025-06-03 03:29:28,562 - ConfigConverter - WARNING - Skipping rule for framerate=25 due to source condition not matching
2025-06-03 03:29:28,562 - ConfigConverter - WARNING - Skipping rule for framerate=25 due to source condition not matching
2025-06-03 03:29:28,562 - ConfigConverter - WARNING - Skipping rule for framerate=25 due to source condition not matching
2025-06-03 03:29:28,562 - ConfigConverter - INFO - Mapped parameter: framerate=25 → Settings.OutputGroups[0].Outputs[0].VideoDescription.CodecSettings.H264Settings.FramerateControl=SPECIFIED
2025-06-03 03:29:28,563 - ConfigConverter - INFO - Mapped parameter: framerate=25 → Settings.OutputGroups[0].Outputs[0].VideoDescription.CodecSettings.H264Settings.FramerateNumerator=25
2025-06-03 03:29:28,563 - ConfigConverter - INFO - Mapped parameter: framerate=25 → Settings.OutputGroups[0].Outputs[0].VideoDescription.CodecSettings.H264Settings.FramerateDenominator=1
2025-06-03 03:29:28,563 - ConfigConverter - WARNING - Skipping rule for framerate=25 due to source condition not matching
2025-06-03 03:29:28,563 - ConfigConverter - WARNING - Skipping rule for framerate=25 due to source condition not matching
2025-06-03 03:29:28,563 - ConfigConverter - INFO - Mapped parameter: profile=main → Settings.OutputGroups[0].Outputs[0].VideoDescription.CodecSettings.H264Settings.CodecProfile=MAIN
2025-06-03 03:29:28,563 - ConfigConverter - WARNING - Skipping rule for profile=main due to source condition not matching
2025-06-03 03:29:28,563 - ConfigConverter - INFO - Mapped parameter: size=1280x720 → Settings.OutputGroups[0].Outputs[0].VideoDescription.Width=1280
2025-06-03 03:29:28,563 - ConfigConverter - INFO - Mapped parameter: size=1280x720 → Settings.OutputGroups[0].Outputs[0].VideoDescription.Height=720
2025-06-03 03:29:28,563 - ConfigConverter - WARNING - Regex pattern (\d+)x0 did not match 1280x720 for size
2025-06-03 03:29:28,563 - ConfigConverter - WARNING - Regex pattern (\d+)x0 did not match 1280x720 for size
2025-06-03 03:29:28,563 - ConfigConverter - INFO - Mapped parameter: loudnorm=-23.0 → Settings.OutputGroups[0].Outputs[0].AudioDescriptions[0].AudioNormalizationSettings.TargetLkfs=-23.0
2025-06-03 03:29:28,563 - ConfigConverter - INFO - Mapped parameter: loudnorm_peak=-1.5 → Settings.OutputGroups[0].Outputs[0].AudioDescriptions[0].AudioNormalizationSettings.TruePeakLimiterThreshold=-1.5
2025-06-03 03:29:28,563 - ConfigConverter - INFO - Mapped parameter: video_codec_parameters.colorprim=bt709 → Settings.OutputGroups[0].Outputs[0].VideoDescription.VideoPreprocessors.ColorCorrector.ColorSpaceConversion=FORCE_709
2025-06-03 03:29:28,563 - ConfigConverter - INFO - Mapped parameter: video_codec_parameters.transfer=bt709 → Settings.OutputGroups[0].Outputs[0].VideoDescription.VideoPreprocessors.ColorCorrector.ColorSpaceConversion=FORCE_709
2025-06-03 03:29:28,563 - ConfigConverter - INFO - Mapped parameter: video_codec_parameters.colormatrix=bt709 → Settings.OutputGroups[0].Outputs[0].VideoDescription.VideoPreprocessors.ColorCorrector.ColorSpaceConversion=FORCE_709
2025-06-03 03:29:28,563 - ConfigConverter - INFO - Mapped parameter: video_codec_parameters.level=31 → Settings.OutputGroups[0].Outputs[0].VideoDescription.CodecSettings.H264Settings.CodecLevel=LEVEL_3_1
2025-06-03 03:29:28,563 - ConfigConverter - WARNING - Skipping rule for video_sync=passthrough due to source condition not matching
2025-06-03 03:29:28,563 - ConfigConverter - INFO - Mapped parameter: video_sync=passthrough → Settings.OutputGroups[0].Outputs[0].VideoDescription.CodecSettings.H264Settings.FramerateControl=INITIALIZE_FROM_SOURCE
2025-06-03 03:29:28,563 - ConfigConverter - INFO - Mapped parameter: destination=http://test_url.s3.amazonaws.com/encoding.com.output/mock_mock_output_rendition_name_11111_935.mp4?acl=public-read → Settings.OutputGroups[0].OutputGroupSettings.FileGroupSettings.Destination=S3_OUTPUT_URL
2025-06-03 03:29:28,563 - ConfigConverter - INFO - Conversion summary for /home/ec2-user/e2mc_assistant/encoding_profiles/mp4/935.xml:
2025-06-03 03:29:28,563 - ConfigConverter - INFO -   - Total parameters: 56
2025-06-03 03:29:28,563 - ConfigConverter - INFO -   - Mapped parameters: 56 (100.0%)
2025-06-03 03:29:28,563 - ConfigConverter - INFO -   - Unmapped parameters: 0 (0.0%)
2025-06-03 03:29:28,563 - ConfigConverter - INFO - Added missing NameModifier: _1280x720_1960000_mc
2025-06-03 03:29:28,564 - ConfigConverter - INFO - Successfully converted /home/ec2-user/e2mc_assistant/encoding_profiles/mp4/935.xml to /home/ec2-user/e2mc_assistant/tranformed_mc_profiles/mp4/935.json
2025-06-03 03:29:28,565 - ConfigConverter - INFO - Validating /home/ec2-user/e2mc_assistant/tranformed_mc_profiles/mp4/935.json against schema /home/ec2-user/e2mc_assistant/utils/mc_config_validator/mc_setting_schema.json
2025-06-03 03:29:28,566 - ConfigConverter - INFO - Validation successful for /home/ec2-user/e2mc_assistant/tranformed_mc_profiles/mp4/935.json
