Error submitting MediaConvert job for 958
Timestamp: 2025-06-03T04:02:01.092864

Error message: An error occurred (BadRequestException) when calling the CreateJob operation: /outputGroups/0/outputs/0/audioDescriptions/0/codecSettings/aacSettings/bitrate: You specified a value for Bitrate that is not valid with the combination of Profile LC, Coding mode CODING_MODE_2_0, and Sample rate 48000 you selected. Specify a bitrate in the range of 64000-576000, and resubmit your job For a list of supported bitrates, see: https://docs.aws.amazon.com/mediaconvert/latest/ug/aac-support.html

Job settings:
{
  "Settings": {
    "Inputs": [
      {
        "TimecodeSource": "ZEROBASED",
        "VideoSelector": {},
        "AudioSelectors": {
          "Audio Selector 1": {
            "DefaultSelection": "DEFAULT"
          }
        },
        "FileInput": "s3://fw-mc-test/mp4/958/958_847855032_source.mp4"
      }
    ],
    "OutputGroups": [
      {
        "Name": "File Group",
        "OutputGroupSettings": {
          "Type": "FILE_GROUP_SETTINGS",
          "FileGroupSettings": {
            "Destination": "s3://fw-mc-test/mp4/958/"
          }
        },
        "Outputs": [
          {
            "ContainerSettings": {
              "Container": "MP4",
              "Mp4Settings": {}
            },
            "VideoDescription": {
              "CodecSettings": {
                "H264Settings": {
                  "RateControlMode": "VBR",
                  "Bitrate": 200000,
                  "MaxBitrate": 500000,
                  "FramerateControl": "SPECIFIED",
                  "FramerateNumerator": 25,
                  "FramerateDenominator": 1,
                  "CodecProfile": "BASELINE",
                  "EntropyEncoding": "CAVLC",
                  "NumberBFramesBetweenReferenceFrames": 0
                },
                "Codec": "H_264"
              },
              "Width": 640,
              "Height": 360
            },
            "AudioDescriptions": [
              {
                "CodecSettings": {
                  "Codec": "AAC",
                  "AacSettings": {
                    "Bitrate": 32000,
                    "SampleRate": 48000,
                    "CodingMode": "CODING_MODE_2_0"
                  }
                }
              }
            ],
            "NameModifier": "_640x360_200000_mc"
          }
        ]
      }
    ],
    "TimecodeConfig": {
      "Source": "ZEROBASED"
    },
    "FollowSource": 1
  },
  "Role": "arn:aws:iam::935206693453:role/MediaConvertRole"
}