Error submitting MediaConvert job for 977
Timestamp: 2025-05-20T07:09:27.556400

Error message: An error occurred (BadRequestException) when calling the CreateJob operation: /outputGroups/0/outputs/0/audioDescriptions/0/codecSettings/aacSettings: codingMode is a required property

Job settings:
{
  "Settings": {
    "Inputs": [
      {
        "TimecodeSource": "ZEROBASED",
        "VideoSelector": {},
        "AudioSelectors": {
          "Audio Selector 1": {
            "DefaultSelection": "DEFAULT"
          }
        },
        "FileInput": "s3://fw-mc-test/mp4/977/977_881443963_source.mp4"
      }
    ],
    "OutputGroups": [
      {
        "Name": "File Group",
        "OutputGroupSettings": {
          "Type": "FILE_GROUP_SETTINGS",
          "FileGroupSettings": {
            "Destination": "s3://fw-mc-test/mp4/977/"
          }
        },
        "Outputs": [
          {
            "ContainerSettings": {
              "Container": "MP4",
              "Mp4Settings": {}
            },
            "VideoDescription": {
              "CodecSettings": {
                "H264Settings": {
                  "RateControlMode": "VBR",
                  "Bitrate": 3072000,
                  "MaxBitrate": 5120000,
                  "GopSize": 300,
                  "QualityTuningLevel": "SINGLE_PASS_HQ",
                  "CodecProfile": "MAIN",
                  "CodecLevel": "LEVEL_3_1",
                  "NumberReferenceFrames": 4
                },
                "Codec": "H_264"
              }
            },
            "AudioDescriptions": [
              {
                "CodecSettings": {
                  "Codec": "AAC",
                  "AacSettings": {
                    "Bitrate": 192000
                  }
                },
                "AudioNormalizationSettings": {
                  "TargetLkfs": -23.0
                }
              }
            ],
            "NameModifier": "_mc"
          }
        ]
      }
    ],
    "TimecodeConfig": {
      "Source": "ZEROBASED"
    },
    "FollowSource": 1
  },
  "Role": "arn:aws:iam::935206693453:role/MediaConvertRole"
}