MediaConvert job 1747816859971-bwvwb7 failed
Timestamp: 2025-05-21T08:41:10.544372

Job details:
{
  "AccelerationSettings": {
    "Mode": "DISABLED"
  },
  "AccelerationStatus": "NOT_APPLICABLE",
  "Arn": "arn:aws:mediaconvert:us-east-1:935206693453:jobs/1747816859971-bwvwb7",
  "BillingTagsSource": "JOB",
  "ClientRequestToken": "cfd59a90-f03a-4a15-9b5f-2b096aaa2d7e",
  "CreatedAt": "2025-05-21 08:41:00+00:00",
  "ErrorCode": 1040,
  "ErrorMessage": "Error initializing encoder for video target [1] [initialization failed: Invalid level specified for the selected resolution.]",
  "Id": "1747816859971-bwvwb7",
  "Messages": {
    "Info": [],
    "Warning": []
  },
  "Priority": 0,
  "Queue": "arn:aws:mediaconvert:us-east-1:935206693453:queues/Default",
  "Role": "arn:aws:iam::935206693453:role/MediaConvertRole",
  "Settings": {
    "FollowSource": 1,
    "Inputs": [
      {
        "AudioSelectors": {
          "Audio Selector 1": {
            "DefaultSelection": "DEFAULT"
          }
        },
        "FileInput": "s3://fw-mc-test/mp4/977/977_881443963_source.mp4",
        "TimecodeSource": "ZEROBASED",
        "VideoSelector": {}
      }
    ],
    "OutputGroups": [
      {
        "Name": "File Group",
        "OutputGroupSettings": {
          "FileGroupSettings": {
            "Destination": "s3://fw-mc-test/mp4/977/"
          },
          "Type": "FILE_GROUP_SETTINGS"
        },
        "Outputs": [
          {
            "AudioDescriptions": [
              {
                "AudioNormalizationSettings": {
                  "TargetLkfs": -23.0
                },
                "CodecSettings": {
                  "AacSettings": {
                    "Bitrate": 192000,
                    "CodingMode": "CODING_MODE_2_0",
                    "SampleRate": 48000
                  },
                  "Codec": "AAC"
                }
              }
            ],
            "ContainerSettings": {
              "Container": "MP4",
              "Mp4Settings": {}
            },
            "NameModifier": "_mc",
            "VideoDescription": {
              "CodecSettings": {
                "Codec": "H_264",
                "H264Settings": {
                  "Bitrate": 3072000,
                  "CodecLevel": "LEVEL_3_1",
                  "CodecProfile": "MAIN",
                  "GopSize": 300.0,
                  "MaxBitrate": 5120000,
                  "NumberReferenceFrames": 4,
                  "QualityTuningLevel": "SINGLE_PASS_HQ",
                  "RateControlMode": "VBR"
                }
              }
            }
          }
        ]
      }
    ],
    "TimecodeConfig": {
      "Source": "ZEROBASED"
    }
  },
  "Status": "ERROR",
  "StatusUpdateInterval": "SECONDS_60",
  "Timing": {
    "FinishTime": "2025-05-21 08:41:03+00:00",
    "StartTime": "2025-05-21 08:41:00+00:00",
    "SubmitTime": "2025-05-21 08:41:00+00:00"
  },
  "UserMetadata": {}
}

Error message:
Error initializing encoder for video target [1] [initialization failed: Invalid level specified for the selected resolution.]