2025-06-03 03:29:29,027 - ConfigConverter - INFO - Starting conversion of /home/ec2-user/e2mc_assistant/encoding_profiles/mp4/991.xml
2025-06-03 03:29:29,028 - ConfigConverter - INFO - Set RateControlMode to VBR because <cbr> doesn't exist and <maxrate> doesn't exist
2025-06-03 03:29:29,028 - ConfigConverter - INFO - Set Bitrate to 4000000 from <bitrate>=4000k
2025-06-03 03:29:29,028 - ConfigConverter - INFO - Setting MaxBitrate to 10000000 (2.5 * Bitrate)
2025-06-03 03:29:29,028 - ConfigConverter - INFO - Parameter bitrate processed by custom rate control handler
2025-06-03 03:29:29,028 - ConfigConverter - INFO - Set AudioDescriptions[0].CodecSettings.Codec to AAC (default because <audio_codec> not specified)
2025-06-03 03:29:29,028 - ConfigConverter - INFO - Set AudioDescriptions[0].CodecSettings.AacSettings.Bitrate to default value 96000
2025-06-03 03:29:29,028 - ConfigConverter - INFO - Set AudioDescriptions[0].CodecSettings.AacSettings.SampleRate to default value 48000
2025-06-03 03:29:29,028 - ConfigConverter - INFO - Set AudioDescriptions[0].CodecSettings.AacSettings.CodingMode to CODING_MODE_2_0 (default stereo)
2025-06-03 03:29:29,028 - ConfigConverter - INFO - Set AudioDescriptions[0].CodecSettings.AacSettings.Bitrate to 128000 from <audio_bitrate>=128k
2025-06-03 03:29:29,028 - ConfigConverter - INFO - Audio parameters processed by custom audio settings handler
2025-06-03 03:29:29,028 - ConfigConverter - INFO - Set Settings.OutputGroups[0].Outputs[0].VideoDescription.CodecSettings.Codec to H_264 (default because <video_codec> not specified)
2025-06-03 03:29:29,028 - ConfigConverter - INFO - Video codec parameters processed by custom video codec handler
2025-06-03 03:29:29,029 - ConfigConverter - INFO - Mapped parameter: VCodecParameters=None → [DUMMY RULE]
2025-06-03 03:29:29,029 - ConfigConverter - INFO - Mapped parameter: acbr=None → [DUMMY RULE]
2025-06-03 03:29:29,029 - ConfigConverter - INFO - Mapped parameter: add_audio_only=None → [DUMMY RULE]
2025-06-03 03:29:29,029 - ConfigConverter - INFO - Mapped parameter: clipmode=None → [DUMMY RULE]
2025-06-03 03:29:29,029 - ConfigConverter - INFO - Mapped parameter: closed_captions.cc_extract_before=None → [DUMMY RULE]
2025-06-03 03:29:29,029 - ConfigConverter - INFO - Mapped parameter: closed_captions.direct_copy=None → [DUMMY RULE]
2025-06-03 03:29:29,029 - ConfigConverter - INFO - Mapped parameter: closed_captions.get_from_manifest=None → [DUMMY RULE]
2025-06-03 03:29:29,029 - ConfigConverter - INFO - Mapped parameter: closed_captions.ignore_cc_absence=None → [DUMMY RULE]
2025-06-03 03:29:29,029 - ConfigConverter - INFO - Mapped parameter: closed_captions.role=None → [DUMMY RULE]
2025-06-03 03:29:29,029 - ConfigConverter - INFO - Mapped parameter: closed_captions.vtt_split_segments=None → [DUMMY RULE]
2025-06-03 03:29:29,029 - ConfigConverter - INFO - Mapped parameter: drm=None → [DUMMY RULE]
2025-06-03 03:29:29,029 - ConfigConverter - INFO - Mapped parameter: encoder=None → [DUMMY RULE]
2025-06-03 03:29:29,029 - ConfigConverter - INFO - Mapped parameter: encryption=None → [DUMMY RULE]
2025-06-03 03:29:29,029 - ConfigConverter - INFO - Mapped parameter: hint=None → [DUMMY RULE]
2025-06-03 03:29:29,029 - ConfigConverter - INFO - Mapped parameter: pix_format=None → [DUMMY RULE]
2025-06-03 03:29:29,029 - ConfigConverter - INFO - Mapped parameter: set_video_duration=None → [DUMMY RULE]
2025-06-03 03:29:29,029 - ConfigConverter - INFO - Mapped parameter: strip_chapters=None → [DUMMY RULE]
2025-06-03 03:29:29,029 - ConfigConverter - INFO - Mapped parameter: video_codec_parameters.cmp=None → [DUMMY RULE]
2025-06-03 03:29:29,029 - ConfigConverter - INFO - Mapped parameter: video_codec_parameters.code=None → [DUMMY RULE]
2025-06-03 03:29:29,029 - ConfigConverter - INFO - Mapped parameter: video_codec_parameters.flags=None → [DUMMY RULE]
2025-06-03 03:29:29,029 - ConfigConverter - INFO - Mapped parameter: video_codec_parameters.flags2=None → [DUMMY RULE]
2025-06-03 03:29:29,029 - ConfigConverter - INFO - Mapped parameter: video_codec_parameters.i_qfactor=None → [DUMMY RULE]
2025-06-03 03:29:29,029 - ConfigConverter - INFO - Mapped parameter: video_codec_parameters.mbtree=None → [DUMMY RULE]
2025-06-03 03:29:29,029 - ConfigConverter - INFO - Mapped parameter: video_codec_parameters.me_method=None → [DUMMY RULE]
2025-06-03 03:29:29,029 - ConfigConverter - INFO - Mapped parameter: video_codec_parameters.me_range=None → [DUMMY RULE]
2025-06-03 03:29:29,029 - ConfigConverter - INFO - Mapped parameter: video_codec_parameters.qcomp=None → [DUMMY RULE]
2025-06-03 03:29:29,029 - ConfigConverter - INFO - Mapped parameter: video_codec_parameters.qdiff=None → [DUMMY RULE]
2025-06-03 03:29:29,029 - ConfigConverter - INFO - Mapped parameter: video_codec_parameters.subq=None → [DUMMY RULE]
2025-06-03 03:29:29,029 - ConfigConverter - INFO - Mapped parameter: video_codec_parameters.trellis=None → [DUMMY RULE]
2025-06-03 03:29:29,029 - ConfigConverter - INFO - Mapped parameter: video_codec_parameters.qmax=None → [DUMMY RULE]
2025-06-03 03:29:29,029 - ConfigConverter - INFO - Mapped parameter: video_codec_parameters.qmin=None → [DUMMY RULE]
2025-06-03 03:29:29,029 - ConfigConverter - INFO - Mapped parameter: closed_captions.forced=None → [DUMMY RULE]
2025-06-03 03:29:29,029 - ConfigConverter - INFO - Mapped parameter: file_extension=None → [DUMMY RULE]
2025-06-03 03:29:29,029 - ConfigConverter - INFO - Mapped parameter: rotate=None → [DUMMY RULE]
2025-06-03 03:29:29,029 - ConfigConverter - INFO - Mapped parameter: metadata_copy=None → [DUMMY RULE]
2025-06-03 03:29:29,029 - ConfigConverter - INFO - Mapped parameter: video_codec_parameters.transfer_characteristics=None → [DUMMY RULE]
2025-06-03 03:29:29,029 - ConfigConverter - INFO - Mapped parameter: video_codec_parameters.partitions=None → [DUMMY RULE]
2025-06-03 03:29:29,029 - ConfigConverter - INFO - Mapped parameter: closed_captions.cea_data_field=None → [DUMMY RULE]
2025-06-03 03:29:29,030 - ConfigConverter - INFO - Mapped parameter: loudnorm_range=None → [DUMMY RULE]
2025-06-03 03:29:29,030 - ConfigConverter - WARNING - Skipping rule for output=mp4 due to source condition not matching
2025-06-03 03:29:29,030 - ConfigConverter - WARNING - Skipping rule for output=mp4 due to source condition not matching
2025-06-03 03:29:29,030 - ConfigConverter - WARNING - Skipping rule for output=mp4 due to source condition not matching
2025-06-03 03:29:29,030 - ConfigConverter - WARNING - Skipping rule for output=mp4 due to source condition not matching
2025-06-03 03:29:29,030 - ConfigConverter - WARNING - Skipping rule for output=mp4 due to source condition not matching
2025-06-03 03:29:29,030 - ConfigConverter - WARNING - Skipping rule for output=mp4 due to source condition not matching
2025-06-03 03:29:29,030 - ConfigConverter - WARNING - Skipping rule for output=mp4 due to source condition not matching
2025-06-03 03:29:29,030 - ConfigConverter - WARNING - Skipping rule for output=mp4 due to source condition not matching
2025-06-03 03:29:29,030 - ConfigConverter - INFO - Mapped parameter: output=mp4 → Settings.OutputGroups[0].OutputGroupSettings.Type=FILE_GROUP_SETTINGS
2025-06-03 03:29:29,030 - ConfigConverter - INFO - Mapped parameter: output=mp4 → Settings.OutputGroups[0].Outputs[0].ContainerSettings.Container=MP4
2025-06-03 03:29:29,030 - ConfigConverter - WARNING - Skipping rule for output=mp4 due to source condition not matching
2025-06-03 03:29:29,030 - ConfigConverter - WARNING - Skipping rule for output=mp4 due to source condition not matching
2025-06-03 03:29:29,030 - ConfigConverter - WARNING - Skipping rule for output=mp4 due to source condition not matching
2025-06-03 03:29:29,030 - ConfigConverter - WARNING - Skipping rule for output=mp4 due to source condition not matching
2025-06-03 03:29:29,030 - ConfigConverter - INFO - Mapped parameter: size=1920x1080 → Settings.OutputGroups[0].Outputs[0].VideoDescription.Width=1920
2025-06-03 03:29:29,030 - ConfigConverter - INFO - Mapped parameter: size=1920x1080 → Settings.OutputGroups[0].Outputs[0].VideoDescription.Height=1080
2025-06-03 03:29:29,030 - ConfigConverter - WARNING - Regex pattern (\d+)x0 did not match 1920x1080 for size
2025-06-03 03:29:29,030 - ConfigConverter - WARNING - Regex pattern (\d+)x0 did not match 1920x1080 for size
2025-06-03 03:29:29,030 - ConfigConverter - INFO - Mapped parameter: destination=http://test_url.s3.amazonaws.com/encoding.com.output/mock_mock_output_rendition_name_11111_991.mp4?acl=public-read → Settings.OutputGroups[0].OutputGroupSettings.FileGroupSettings.Destination=S3_OUTPUT_URL
2025-06-03 03:29:29,030 - ConfigConverter - INFO - Conversion summary for /home/ec2-user/e2mc_assistant/encoding_profiles/mp4/991.xml:
2025-06-03 03:29:29,030 - ConfigConverter - INFO -   - Total parameters: 44
2025-06-03 03:29:29,030 - ConfigConverter - INFO -   - Mapped parameters: 44 (100.0%)
2025-06-03 03:29:29,030 - ConfigConverter - INFO -   - Unmapped parameters: 0 (0.0%)
2025-06-03 03:29:29,030 - ConfigConverter - INFO - Added missing NameModifier: _1920x1080_4000000_mc
2025-06-03 03:29:29,030 - ConfigConverter - INFO - Successfully converted /home/ec2-user/e2mc_assistant/encoding_profiles/mp4/991.xml to /home/ec2-user/e2mc_assistant/tranformed_mc_profiles/mp4/991.json
2025-06-03 03:29:29,031 - ConfigConverter - INFO - Validating /home/ec2-user/e2mc_assistant/tranformed_mc_profiles/mp4/991.json against schema /home/ec2-user/e2mc_assistant/utils/mc_config_validator/mc_setting_schema.json
2025-06-03 03:29:29,032 - ConfigConverter - INFO - Validation successful for /home/ec2-user/e2mc_assistant/tranformed_mc_profiles/mp4/991.json
