Error submitting MediaConvert job for 1043
Timestamp: 2025-10-09T09:04:48.500248

Error message: An error occurred (BadRequestException) when calling the CreateJob operation: /outputGroups/0/outputs/0/captionDescriptions/0/destinationSettings/burninDestinationSettings: Should match all dependencies: See other errors for more details | /outputGroups/0/outputs/0/captionDescriptions/0/destinationSettings/destinationType: Must be BURN_IN

Job settings:
{
  "Settings": {
    "Inputs": [
      {
        "TimecodeSource": "ZEROBASED",
        "VideoSelector": {},
        "AudioSelectors": {
          "Audio Selector 1": {
            "DefaultSelection": "DEFAULT"
          }
        },
        "FileInput": "s3://fw-mc-test/advanced_hls/1043/1043_882685160_source.mp4"
      }
    ],
    "OutputGroups": [
      {
        "Name": "e2mc test",
        "OutputGroupSettings": {
          "Type": "HLS_GROUP_SETTINGS",
          "HlsGroupSettings": {
            "SegmentLength": 6,
            "MinSegmentLength": 0,
            "ManifestDurationFormat": "FLOATING_POINT",
            "Destination": "s3://fw-mc-test/advanced_hls/1043/"
          }
        },
        "Outputs": [
          {
            "ContainerSettings": {
              "Container": "M3U8",
              "M3u8Settings": {}
            },
            "VideoDescription": {
              "CodecSettings": {
                "Codec": "H_264",
                "H264Settings": {
                  "RateControlMode": "VBR",
                  "Bitrate": 5000000,
                  "MaxBitrate": 12500000,
                  "CodecProfile": "HIGH",
                  "HrdBufferSize": 10000000,
                  "GopSize": 50,
                  "GopSizeUnits": "FRAMES",
                  "FramerateControl": "SPECIFIED",
                  "FramerateNumerator": 25,
                  "FramerateDenominator": 1,
                  "ParControl": "SPECIFIED",
                  "ParNumerator": 1,
                  "ParDenominator": 1,
                  "QualityTuningLevel": "MULTI_PASS_HQ",
                  "MinIInterval": 5,
                  "CodecLevel": "LEVEL_4_1",
                  "NumberBFramesBetweenReferenceFrames": 2
                }
              },
              "Width": 1920,
              "Height": 1080,
              "ScalingBehavior": "DEFAULT",
              "VideoPreprocessors": {
                "Deinterlacer": {}
              }
            },
            "NameModifier": "_1920x1080_5000K",
            "CaptionDescriptions": [
              {
                "DestinationSettings": {
                  "DestinationType": "EMBEDDED",
                  "BurninDestinationSettings": {
                    "FontSize": 16,
                    "BackgroundOpacity": 255
                  }
                }
              }
            ]
          },
          {
            "ContainerSettings": {
              "Container": "M3U8",
              "M3u8Settings": {}
            },
            "VideoDescription": {
              "CodecSettings": {
                "Codec": "H_264",
                "H264Settings": {
                  "RateControlMode": "VBR",
                  "Bitrate": 3000000,
                  "MaxBitrate": 7500000,
                  "CodecProfile": "HIGH",
                  "HrdBufferSize": 6000000,
                  "GopSize": 50,
                  "GopSizeUnits": "FRAMES",
                  "FramerateControl": "SPECIFIED",
                  "FramerateNumerator": 25,
                  "FramerateDenominator": 1,
                  "ParControl": "SPECIFIED",
                  "ParNumerator": 1,
                  "ParDenominator": 1,
                  "QualityTuningLevel": "MULTI_PASS_HQ",
                  "MinIInterval": 5,
                  "CodecLevel": "LEVEL_4_1",
                  "NumberBFramesBetweenReferenceFrames": 2
                }
              },
              "Width": 1920,
              "Height": 1080,
              "ScalingBehavior": "DEFAULT",
              "VideoPreprocessors": {
                "Deinterlacer": {}
              }
            },
            "NameModifier": "_1920x1080_3000K"
          },
          {
            "ContainerSettings": {
              "Container": "M3U8",
              "M3u8Settings": {}
            },
            "VideoDescription": {
              "CodecSettings": {
                "Codec": "H_264",
                "H264Settings": {
                  "RateControlMode": "VBR",
                  "Bitrate": 2000000,
                  "MaxBitrate": 5000000,
                  "CodecProfile": "HIGH",
                  "HrdBufferSize": 4000000,
                  "GopSize": 50,
                  "GopSizeUnits": "FRAMES",
                  "FramerateControl": "SPECIFIED",
                  "FramerateNumerator": 25,
                  "FramerateDenominator": 1,
                  "ParControl": "SPECIFIED",
                  "ParNumerator": 1,
                  "ParDenominator": 1,
                  "QualityTuningLevel": "MULTI_PASS_HQ",
                  "MinIInterval": 5,
                  "CodecLevel": "LEVEL_4_1",
                  "NumberBFramesBetweenReferenceFrames": 2
                }
              },
              "Width": 1280,
              "Height": 720,
              "ScalingBehavior": "DEFAULT",
              "VideoPreprocessors": {
                "Deinterlacer": {}
              }
            },
            "NameModifier": "_1280x720_2000K"
          },
          {
            "ContainerSettings": {
              "Container": "M3U8",
              "M3u8Settings": {}
            },
            "VideoDescription": {
              "CodecSettings": {
                "Codec": "H_264",
                "H264Settings": {
                  "RateControlMode": "VBR",
                  "Bitrate": 1200000,
                  "MaxBitrate": 3000000,
                  "CodecProfile": "HIGH",
                  "HrdBufferSize": 1400000,
                  "GopSize": 50,
                  "GopSizeUnits": "FRAMES",
                  "FramerateControl": "SPECIFIED",
                  "FramerateNumerator": 25,
                  "FramerateDenominator": 1,
                  "ParControl": "SPECIFIED",
                  "ParNumerator": 1,
                  "ParDenominator": 1,
                  "QualityTuningLevel": "MULTI_PASS_HQ",
                  "MinIInterval": 5,
                  "CodecLevel": "LEVEL_4_1",
                  "NumberBFramesBetweenReferenceFrames": 2
                }
              },
              "Width": 1024,
              "Height": 576,
              "ScalingBehavior": "DEFAULT",
              "VideoPreprocessors": {
                "Deinterlacer": {}
              }
            },
            "NameModifier": "_1024x576_1200K"
          },
          {
            "ContainerSettings": {
              "Container": "M3U8",
              "M3u8Settings": {}
            },
            "VideoDescription": {
              "CodecSettings": {
                "Codec": "H_264",
                "H264Settings": {
                  "RateControlMode": "VBR",
                  "Bitrate": 500000,
                  "MaxBitrate": 1250000,
                  "CodecProfile": "BASELINE",
                  "EntropyEncoding": "CAVLC",
                  "NumberBFramesBetweenReferenceFrames": 0,
                  "HrdBufferSize": 1000000,
                  "GopSize": 50,
                  "GopSizeUnits": "FRAMES",
                  "FramerateControl": "SPECIFIED",
                  "FramerateNumerator": 25,
                  "FramerateDenominator": 1,
                  "ParControl": "SPECIFIED",
                  "ParNumerator": 1,
                  "ParDenominator": 1,
                  "QualityTuningLevel": "MULTI_PASS_HQ",
                  "MinIInterval": 5,
                  "CodecLevel": "LEVEL_3"
                }
              },
              "Width": 512,
              "Height": 288,
              "ScalingBehavior": "DEFAULT",
              "VideoPreprocessors": {
                "Deinterlacer": {}
              }
            },
            "NameModifier": "_512x288_500K"
          },
          {
            "ContainerSettings": {
              "Container": "M3U8",
              "M3u8Settings": {}
            },
            "VideoDescription": {
              "CodecSettings": {
                "Codec": "H_264",
                "H264Settings": {
                  "RateControlMode": "VBR",
                  "Bitrate": 300000,
                  "MaxBitrate": 750000,
                  "CodecProfile": "BASELINE",
                  "EntropyEncoding": "CAVLC",
                  "NumberBFramesBetweenReferenceFrames": 0,
                  "HrdBufferSize": 600000,
                  "GopSize": 50,
                  "GopSizeUnits": "FRAMES",
                  "FramerateControl": "SPECIFIED",
                  "FramerateNumerator": 25,
                  "FramerateDenominator": 1,
                  "ParControl": "SPECIFIED",
                  "ParNumerator": 1,
                  "ParDenominator": 1,
                  "QualityTuningLevel": "MULTI_PASS_HQ",
                  "MinIInterval": 5,
                  "CodecLevel": "LEVEL_3"
                }
              },
              "Width": 256,
              "Height": 144,
              "ScalingBehavior": "DEFAULT",
              "VideoPreprocessors": {
                "Deinterlacer": {}
              }
            },
            "NameModifier": "_256x144_300K"
          },
          {
            "ContainerSettings": {
              "Container": "M3U8",
              "M3u8Settings": {}
            },
            "AudioDescriptions": [
              {
                "CodecSettings": {
                  "Codec": "AAC",
                  "AacSettings": {
                    "Bitrate": 128000,
                    "SampleRate": 48000,
                    "CodingMode": "CODING_MODE_2_0"
                  }
                }
              }
            ],
            "NameModifier": "_audio_128K_aac_stereo",
            "OutputSettings": {
              "HlsSettings": {
                "AudioTrackType": "AUDIO_ONLY_VARIANT_STREAM"
              }
            }
          }
        ]
      }
    ],
    "TimecodeConfig": {
      "Source": "ZEROBASED"
    },
    "FollowSource": 1
  },
  "AccelerationSettings": {
    "Mode": "DISABLED"
  },
  "Role": "arn:aws:iam::935206693453:role/MediaConvertRole"
}