Error submitting MediaConvert job for 254
Timestamp: 2025-06-20T02:31:58.793921

Error message: An error occurred (BadRequestException) when calling the CreateJob operation: /outputGroups/0/outputs/5/audioDescriptions/0/codecSettings/aacSettings/bitrate: You specified a value for Bitrate that is not valid with the combination of Profile LC, Coding mode CODING_MODE_2_0, and Sample rate 48000 you selected. Specify a bitrate in the range of 64000-576000, and resubmit your job For a list of supported bitrates, see: https://docs.aws.amazon.com/mediaconvert/latest/ug/aac-support.html

Job settings:
{
  "Settings": {
    "Inputs": [
      {
        "TimecodeSource": "ZEROBASED",
        "VideoSelector": {},
        "AudioSelectors": {
          "Audio Selector 1": {
            "DefaultSelection": "DEFAULT"
          }
        },
        "FileInput": "s3://fw-mc-test/advanced_hls/254/254_881392275_source.mpg"
      }
    ],
    "OutputGroups": [
      {
        "Name": "e2mc test",
        "OutputGroupSettings": {
          "Type": "HLS_GROUP_SETTINGS",
          "HlsGroupSettings": {
            "SegmentLength": 4,
            "MinSegmentLength": 0,
            "Destination": "s3://fw-mc-test/advanced_hls/254/"
          }
        },
        "Outputs": [
          {
            "ContainerSettings": {
              "Container": "M3U8",
              "M3u8Settings": {}
            },
            "VideoDescription": {
              "CodecSettings": {
                "Codec": "H_264",
                "H264Settings": {
                  "RateControlMode": "VBR",
                  "Bitrate": 4246000,
                  "MaxBitrate": 10615000,
                  "QualityTuningLevel": "MULTI_PASS_HQ",
                  "FramerateControl": "SPECIFIED",
                  "FramerateNumerator": 30000,
                  "FramerateDenominator": 1001,
                  "GopSize": 30,
                  "GopSizeUnits": "FRAMES",
                  "CodecProfile": "MAIN"
                }
              },
              "VideoPreprocessors": {
                "Deinterlacer": {}
              },
              "ScalingBehavior": "DEFAULT",
              "Width": 1280
            },
            "AudioDescriptions": [
              {
                "CodecSettings": {
                  "Codec": "AAC",
                  "AacSettings": {
                    "Bitrate": 96000,
                    "SampleRate": 48000,
                    "CodingMode": "CODING_MODE_2_0"
                  }
                },
                "AudioNormalizationSettings": {
                  "Algorithm": "ITU_BS_1770_2",
                  "TargetLkfs": -23.0,
                  "TruePeakLimiterThreshold": -1.0
                }
              }
            ],
            "NameModifier": "_1280x0_4246K_audio_96K_aac_stereo"
          },
          {
            "ContainerSettings": {
              "Container": "M3U8",
              "M3u8Settings": {}
            },
            "VideoDescription": {
              "CodecSettings": {
                "Codec": "H_264",
                "H264Settings": {
                  "RateControlMode": "VBR",
                  "Bitrate": 3236000,
                  "MaxBitrate": 8090000,
                  "QualityTuningLevel": "MULTI_PASS_HQ",
                  "FramerateControl": "SPECIFIED",
                  "FramerateNumerator": 30000,
                  "FramerateDenominator": 1001,
                  "GopSize": 30,
                  "GopSizeUnits": "FRAMES",
                  "CodecProfile": "MAIN"
                }
              },
              "VideoPreprocessors": {
                "Deinterlacer": {}
              },
              "ScalingBehavior": "DEFAULT",
              "Width": 1280
            },
            "AudioDescriptions": [
              {
                "CodecSettings": {
                  "Codec": "AAC",
                  "AacSettings": {
                    "Bitrate": 96000,
                    "SampleRate": 48000,
                    "CodingMode": "CODING_MODE_2_0"
                  }
                },
                "AudioNormalizationSettings": {
                  "Algorithm": "ITU_BS_1770_2",
                  "TargetLkfs": -23.0,
                  "TruePeakLimiterThreshold": -1.0
                }
              }
            ],
            "NameModifier": "_1280x0_3236K_audio_96K_aac_stereo"
          },
          {
            "ContainerSettings": {
              "Container": "M3U8",
              "M3u8Settings": {}
            },
            "VideoDescription": {
              "CodecSettings": {
                "Codec": "H_264",
                "H264Settings": {
                  "RateControlMode": "VBR",
                  "Bitrate": 1936000,
                  "MaxBitrate": 4840000,
                  "QualityTuningLevel": "MULTI_PASS_HQ",
                  "FramerateControl": "SPECIFIED",
                  "FramerateNumerator": 30000,
                  "FramerateDenominator": 1001,
                  "GopSize": 30,
                  "GopSizeUnits": "FRAMES",
                  "CodecProfile": "MAIN"
                }
              },
              "VideoPreprocessors": {
                "Deinterlacer": {}
              },
              "ScalingBehavior": "DEFAULT",
              "Width": 896
            },
            "AudioDescriptions": [
              {
                "CodecSettings": {
                  "Codec": "AAC",
                  "AacSettings": {
                    "Bitrate": 64000,
                    "SampleRate": 48000,
                    "CodingMode": "CODING_MODE_2_0"
                  }
                },
                "AudioNormalizationSettings": {
                  "Algorithm": "ITU_BS_1770_2",
                  "TargetLkfs": -23.0,
                  "TruePeakLimiterThreshold": -1.0
                }
              }
            ],
            "NameModifier": "_896x0_1936K_audio_64K_aac_stereo"
          },
          {
            "ContainerSettings": {
              "Container": "M3U8",
              "M3u8Settings": {}
            },
            "VideoDescription": {
              "CodecSettings": {
                "Codec": "H_264",
                "H264Settings": {
                  "RateControlMode": "VBR",
                  "Bitrate": 936000,
                  "MaxBitrate": 2340000,
                  "QualityTuningLevel": "MULTI_PASS_HQ",
                  "FramerateControl": "SPECIFIED",
                  "FramerateNumerator": 30000,
                  "FramerateDenominator": 1001,
                  "GopSize": 30,
                  "GopSizeUnits": "FRAMES",
                  "CodecProfile": "MAIN"
                }
              },
              "VideoPreprocessors": {
                "Deinterlacer": {}
              },
              "ScalingBehavior": "DEFAULT",
              "Width": 768
            },
            "AudioDescriptions": [
              {
                "CodecSettings": {
                  "Codec": "AAC",
                  "AacSettings": {
                    "Bitrate": 64000,
                    "SampleRate": 48000,
                    "CodingMode": "CODING_MODE_2_0"
                  }
                },
                "AudioNormalizationSettings": {
                  "Algorithm": "ITU_BS_1770_2",
                  "TargetLkfs": -23.0,
                  "TruePeakLimiterThreshold": -1.0
                }
              }
            ],
            "NameModifier": "_768x0_936K_audio_64K_aac_stereo"
          },
          {
            "ContainerSettings": {
              "Container": "M3U8",
              "M3u8Settings": {}
            },
            "VideoDescription": {
              "CodecSettings": {
                "Codec": "H_264",
                "H264Settings": {
                  "RateControlMode": "VBR",
                  "Bitrate": 552000,
                  "MaxBitrate": 1380000,
                  "QualityTuningLevel": "MULTI_PASS_HQ",
                  "FramerateControl": "SPECIFIED",
                  "FramerateNumerator": 30000,
                  "FramerateDenominator": 1001,
                  "GopSize": 30,
                  "GopSizeUnits": "FRAMES",
                  "CodecProfile": "MAIN"
                }
              },
              "VideoPreprocessors": {
                "Deinterlacer": {}
              },
              "ScalingBehavior": "DEFAULT",
              "Width": 512
            },
            "AudioDescriptions": [
              {
                "CodecSettings": {
                  "Codec": "AAC",
                  "AacSettings": {
                    "Bitrate": 64000,
                    "SampleRate": 48000,
                    "CodingMode": "CODING_MODE_2_0"
                  }
                },
                "AudioNormalizationSettings": {
                  "Algorithm": "ITU_BS_1770_2",
                  "TargetLkfs": -23.0,
                  "TruePeakLimiterThreshold": -1.0
                }
              }
            ],
            "NameModifier": "_512x0_552K_audio_64K_aac_stereo"
          },
          {
            "ContainerSettings": {
              "Container": "M3U8",
              "M3u8Settings": {}
            },
            "VideoDescription": {
              "CodecSettings": {
                "Codec": "H_264",
                "H264Settings": {
                  "RateControlMode": "VBR",
                  "Bitrate": 152000,
                  "MaxBitrate": 380000,
                  "QualityTuningLevel": "MULTI_PASS_HQ",
                  "FramerateControl": "SPECIFIED",
                  "FramerateNumerator": 30000,
                  "FramerateDenominator": 1001,
                  "GopSize": 30,
                  "GopSizeUnits": "FRAMES",
                  "CodecProfile": "MAIN"
                }
              },
              "VideoPreprocessors": {
                "Deinterlacer": {}
              },
              "ScalingBehavior": "DEFAULT",
              "Width": 320
            },
            "AudioDescriptions": [
              {
                "CodecSettings": {
                  "Codec": "AAC",
                  "AacSettings": {
                    "Bitrate": 48000,
                    "SampleRate": 48000,
                    "CodingMode": "CODING_MODE_2_0"
                  }
                },
                "AudioNormalizationSettings": {
                  "Algorithm": "ITU_BS_1770_2",
                  "TargetLkfs": -23.0,
                  "TruePeakLimiterThreshold": -1.0
                }
              }
            ],
            "NameModifier": "_320x0_152K_audio_48K_aac_stereo"
          },
          {
            "ContainerSettings": {
              "Container": "M3U8",
              "M3u8Settings": {}
            },
            "VideoDescription": {
              "CodecSettings": {
                "Codec": "H_264",
                "H264Settings": {
                  "RateControlMode": "VBR",
                  "Bitrate": 96000,
                  "MaxBitrate": 240000,
                  "QualityTuningLevel": "MULTI_PASS_HQ",
                  "FramerateControl": "SPECIFIED",
                  "FramerateNumerator": 30000,
                  "FramerateDenominator": 1001,
                  "GopSize": 30,
                  "GopSizeUnits": "FRAMES",
                  "CodecProfile": "MAIN"
                }
              },
              "VideoPreprocessors": {
                "Deinterlacer": {}
              },
              "ScalingBehavior": "DEFAULT",
              "Width": 320
            },
            "AudioDescriptions": [
              {
                "CodecSettings": {
                  "Codec": "AAC",
                  "AacSettings": {
                    "Bitrate": 48000,
                    "SampleRate": 48000,
                    "CodingMode": "CODING_MODE_2_0"
                  }
                },
                "AudioNormalizationSettings": {
                  "Algorithm": "ITU_BS_1770_2",
                  "TargetLkfs": -23.0,
                  "TruePeakLimiterThreshold": -1.0
                }
              }
            ],
            "NameModifier": "_320x0_96K_audio_48K_aac_stereo"
          },
          {
            "ContainerSettings": {
              "Container": "M3U8",
              "M3u8Settings": {}
            },
            "AudioDescriptions": [
              {
                "CodecSettings": {
                  "Codec": "AAC",
                  "AacSettings": {
                    "Bitrate": 48000,
                    "SampleRate": 48000,
                    "CodingMode": "CODING_MODE_2_0"
                  }
                },
                "AudioNormalizationSettings": {
                  "Algorithm": "ITU_BS_1770_2",
                  "TargetLkfs": -23.0,
                  "TruePeakLimiterThreshold": -1.0
                }
              }
            ],
            "NameModifier": "_audio_48K_aac_stereo",
            "OutputSettings": {
              "HlsSettings": {
                "AudioTrackType": "AUDIO_ONLY_VARIANT_STREAM"
              }
            }
          }
        ]
      }
    ],
    "TimecodeConfig": {
      "Source": "ZEROBASED"
    },
    "FollowSource": 1
  },
  "AccelerationSettings": {
    "Mode": "PREFERRED"
  },
  "Role": "arn:aws:iam::935206693453:role/MediaConvertRole"
}