MediaConvert job 1750386742181-js40fk failed
Timestamp: 2025-06-20T02:32:32.688620

Job details:
{
  "AccelerationSettings": {
    "Mode": "DISABLED"
  },
  "AccelerationStatus": "NOT_APPLICABLE",
  "Arn": "arn:aws:mediaconvert:us-east-1:935206693453:jobs/1750386742181-js40fk",
  "BillingTagsSource": "JOB",
  "ClientRequestToken": "853c4b9e-fd51-4191-acbb-8eb4554cfca2",
  "CreatedAt": "2025-06-20 02:32:22+00:00",
  "ErrorCode": 1040,
  "ErrorMessage": "Duplicate output paths [s3://fw-mc-test/advanced_hls/487/487_879546997_source_416x240_140K_audio_64K_aac_stereo.m3u8] found in input job.",
  "Id": "1750386742181-js40fk",
  "Messages": {
    "Info": [],
    "Warning": []
  },
  "Priority": 0,
  "Queue": "arn:aws:mediaconvert:us-east-1:935206693453:queues/Default",
  "Role": "arn:aws:iam::935206693453:role/MediaConvertRole",
  "Settings": {
    "FollowSource": 1,
    "Inputs": [
      {
        "AudioSelectors": {
          "Audio Selector 1": {
            "DefaultSelection": "DEFAULT"
          }
        },
        "FileInput": "s3://fw-mc-test/advanced_hls/487/487_879546997_source.mp4",
        "TimecodeSource": "ZEROBASED",
        "VideoSelector": {}
      }
    ],
    "OutputGroups": [
      {
        "Name": "e2mc test",
        "OutputGroupSettings": {
          "HlsGroupSettings": {
            "Destination": "s3://fw-mc-test/advanced_hls/487/",
            "ManifestDurationFormat": "FLOATING_POINT",
            "MinSegmentLength": 0,
            "SegmentLength": 10
          },
          "Type": "HLS_GROUP_SETTINGS"
        },
        "Outputs": [
          {
            "AudioDescriptions": [
              {
                "CodecSettings": {
                  "AacSettings": {
                    "Bitrate": 64000,
                    "CodingMode": "CODING_MODE_2_0",
                    "SampleRate": 44100
                  },
                  "Codec": "AAC"
                }
              }
            ],
            "ContainerSettings": {
              "Container": "M3U8",
              "M3u8Settings": {}
            },
            "NameModifier": "_416x240_360K_audio_64K_aac_stereo",
            "VideoDescription": {
              "CodecSettings": {
                "Codec": "H_264",
                "H264Settings": {
                  "Bitrate": 360000,
                  "CodecProfile": "BASELINE",
                  "EntropyEncoding": "CAVLC",
                  "MaxBitrate": 900000,
                  "NumberBFramesBetweenReferenceFrames": 0,
                  "RateControlMode": "VBR"
                }
              },
              "Height": 240,
              "VideoPreprocessors": {
                "Deinterlacer": {}
              },
              "Width": 416
            }
          },
          {
            "AudioDescriptions": [
              {
                "CodecSettings": {
                  "AacSettings": {
                    "Bitrate": 64000,
                    "CodingMode": "CODING_MODE_2_0",
                    "SampleRate": 44100
                  },
                  "Codec": "AAC"
                }
              }
            ],
            "ContainerSettings": {
              "Container": "M3U8",
              "M3u8Settings": {}
            },
            "NameModifier": "_416x240_140K_audio_64K_aac_stereo",
            "VideoDescription": {
              "CodecSettings": {
                "Codec": "H_264",
                "H264Settings": {
                  "Bitrate": 140000,
                  "CodecProfile": "BASELINE",
                  "EntropyEncoding": "CAVLC",
                  "MaxBitrate": 350000,
                  "NumberBFramesBetweenReferenceFrames": 0,
                  "RateControlMode": "VBR"
                }
              },
              "Height": 240,
              "VideoPreprocessors": {
                "Deinterlacer": {}
              },
              "Width": 416
            }
          },
          {
            "AudioDescriptions": [
              {
                "CodecSettings": {
                  "AacSettings": {
                    "Bitrate": 64000,
                    "CodingMode": "CODING_MODE_2_0",
                    "SampleRate": 44100
                  },
                  "Codec": "AAC"
                }
              }
            ],
            "ContainerSettings": {
              "Container": "M3U8",
              "M3u8Settings": {}
            },
            "NameModifier": "_416x240_140K_audio_64K_aac_stereo",
            "VideoDescription": {
              "CodecSettings": {
                "Codec": "H_264",
                "H264Settings": {
                  "Bitrate": 140000,
                  "CodecProfile": "BASELINE",
                  "EntropyEncoding": "CAVLC",
                  "MaxBitrate": 350000,
                  "NumberBFramesBetweenReferenceFrames": 0,
                  "RateControlMode": "VBR"
                }
              },
              "Height": 240,
              "VideoPreprocessors": {
                "Deinterlacer": {}
              },
              "Width": 416
            }
          },
          {
            "AudioDescriptions": [
              {
                "CodecSettings": {
                  "AacSettings": {
                    "Bitrate": 64000,
                    "CodingMode": "CODING_MODE_2_0",
                    "SampleRate": 44100
                  },
                  "Codec": "AAC"
                }
              }
            ],
            "ContainerSettings": {
              "Container": "M3U8",
              "M3u8Settings": {}
            },
            "NameModifier": "_640x360_750K_audio_64K_aac_stereo",
            "VideoDescription": {
              "CodecSettings": {
                "Codec": "H_264",
                "H264Settings": {
                  "Bitrate": 750000,
                  "CodecProfile": "BASELINE",
                  "EntropyEncoding": "CAVLC",
                  "MaxBitrate": 1875000,
                  "NumberBFramesBetweenReferenceFrames": 0,
                  "RateControlMode": "VBR"
                }
              },
              "Height": 360,
              "VideoPreprocessors": {
                "Deinterlacer": {}
              },
              "Width": 640
            }
          },
          {
            "AudioDescriptions": [
              {
                "CodecSettings": {
                  "AacSettings": {
                    "Bitrate": 64000,
                    "CodingMode": "CODING_MODE_2_0",
                    "SampleRate": 44100
                  },
                  "Codec": "AAC"
                }
              }
            ],
            "ContainerSettings": {
              "Container": "M3U8",
              "M3u8Settings": {}
            },
            "NameModifier": "_768x432_1450K_audio_64K_aac_stereo",
            "VideoDescription": {
              "CodecSettings": {
                "Codec": "H_264",
                "H264Settings": {
                  "Bitrate": 1450000,
                  "CodecProfile": "MAIN",
                  "MaxBitrate": 3625000,
                  "RateControlMode": "VBR"
                }
              },
              "Height": 432,
              "VideoPreprocessors": {
                "Deinterlacer": {}
              },
              "Width": 768
            }
          },
          {
            "AudioDescriptions": [
              {
                "CodecSettings": {
                  "AacSettings": {
                    "Bitrate": 96000,
                    "CodingMode": "CODING_MODE_2_0",
                    "SampleRate": 44100
                  },
                  "Codec": "AAC"
                }
              }
            ],
            "ContainerSettings": {
              "Container": "M3U8",
              "M3u8Settings": {}
            },
            "NameModifier": "_960x540_2436K_audio_96K_aac_stereo",
            "VideoDescription": {
              "CodecSettings": {
                "Codec": "H_264",
                "H264Settings": {
                  "Bitrate": 2436000,
                  "CodecProfile": "MAIN",
                  "MaxBitrate": 6090000,
                  "RateControlMode": "VBR"
                }
              },
              "Height": 540,
              "VideoPreprocessors": {
                "Deinterlacer": {}
              },
              "Width": 960
            }
          },
          {
            "AudioDescriptions": [
              {
                "CodecSettings": {
                  "AacSettings": {
                    "Bitrate": 96000,
                    "CodingMode": "CODING_MODE_2_0",
                    "SampleRate": 44100
                  },
                  "Codec": "AAC"
                }
              }
            ],
            "ContainerSettings": {
              "Container": "M3U8",
              "M3u8Settings": {}
            },
            "NameModifier": "_audio_7_aac_stereo",
            "OutputSettings": {
              "HlsSettings": {
                "AudioTrackType": "AUDIO_ONLY_VARIANT_STREAM"
              }
            }
          }
        ]
      }
    ],
    "TimecodeConfig": {
      "Source": "ZEROBASED"
    }
  },
  "Status": "ERROR",
  "StatusUpdateInterval": "SECONDS_60",
  "Timing": {
    "FinishTime": "2025-06-20 02:32:25+00:00",
    "StartTime": "2025-06-20 02:32:23+00:00",
    "SubmitTime": "2025-06-20 02:32:22+00:00"
  },
  "UserMetadata": {}
}

Error message:
Duplicate output paths [s3://fw-mc-test/advanced_hls/487/487_879546997_source_416x240_140K_audio_64K_aac_stereo.m3u8] found in input job.