Error submitting MediaConvert job for 525
Timestamp: 2025-06-20T02:32:54.752943

Error message: An error occurred (BadRequestException) when calling the CreateJob operation: /outputGroups/0/outputs/0/videoDescription/codecSettings/h265Settings: Your job contains values for the following settings that are incompatible: Rate control mode, Bitrate, and Max bitrate. Adjust your settings and resubmit your job. Some valid combinations of settings are these: Set Rate control mode to QVBR, specify a value for Max bitrate, and don't specify a value for Bitrate. Or, set Rate control mode to CBR, specify a value for Bitrate, and don't specify a value for Max bitrate.

Job settings:
{
  "Settings": {
    "Inputs": [
      {
        "TimecodeSource": "ZEROBASED",
        "VideoSelector": {},
        "AudioSelectors": {
          "Audio Selector 1": {
            "DefaultSelection": "DEFAULT"
          }
        },
        "FileInput": "s3://fw-mc-test/advanced_hls/525/525_882913158_source.mp4"
      }
    ],
    "OutputGroups": [
      {
        "Name": "e2mc test",
        "OutputGroupSettings": {
          "Type": "HLS_GROUP_SETTINGS",
          "HlsGroupSettings": {
            "SegmentLength": 2,
            "MinSegmentLength": 0,
            "ManifestDurationFormat": "FLOATING_POINT",
            "Destination": "s3://fw-mc-test/advanced_hls/525/"
          }
        },
        "Outputs": [
          {
            "ContainerSettings": {
              "Container": "M3U8",
              "M3u8Settings": {}
            },
            "VideoDescription": {
              "CodecSettings": {
                "Codec": "H_264",
                "H264Settings": {
                  "RateControlMode": "CBR",
                  "Bitrate": 180000,
                  "QualityTuningLevel": "MULTI_PASS_HQ",
                  "FramerateControl": "SPECIFIED",
                  "FramerateNumerator": 30,
                  "FramerateDenominator": 1,
                  "CodecProfile": "MAIN"
                },
                "H265Settings": {
                  "GopSize": 30,
                  "GopSizeUnits": "FRAMES"
                }
              },
              "VideoPreprocessors": {
                "Deinterlacer": {}
              },
              "ScalingBehavior": "DEFAULT",
              "Width": 320,
              "Height": 180
            },
            "AudioDescriptions": [
              {
                "CodecSettings": {
                  "Codec": "AAC",
                  "AacSettings": {
                    "Bitrate": 96000,
                    "SampleRate": 48000,
                    "CodingMode": "CODING_MODE_2_0"
                  }
                },
                "AudioNormalizationSettings": {
                  "Algorithm": "ITU_BS_1770_1",
                  "TargetLkfs": -24.0
                }
              }
            ],
            "NameModifier": "_320x180_180K_audio_96K_aac_stereo"
          },
          {
            "ContainerSettings": {
              "Container": "M3U8",
              "M3u8Settings": {}
            },
            "VideoDescription": {
              "CodecSettings": {
                "Codec": "H_264",
                "H264Settings": {
                  "RateControlMode": "CBR",
                  "Bitrate": 270000,
                  "QualityTuningLevel": "MULTI_PASS_HQ",
                  "FramerateControl": "SPECIFIED",
                  "FramerateNumerator": 30,
                  "FramerateDenominator": 1,
                  "CodecProfile": "MAIN"
                },
                "H265Settings": {
                  "GopSize": 30,
                  "GopSizeUnits": "FRAMES"
                }
              },
              "VideoPreprocessors": {
                "Deinterlacer": {}
              },
              "ScalingBehavior": "DEFAULT",
              "Width": 320,
              "Height": 180
            },
            "AudioDescriptions": [
              {
                "CodecSettings": {
                  "Codec": "AAC",
                  "AacSettings": {
                    "Bitrate": 96000,
                    "SampleRate": 48000,
                    "CodingMode": "CODING_MODE_2_0"
                  }
                },
                "AudioNormalizationSettings": {
                  "Algorithm": "ITU_BS_1770_1",
                  "TargetLkfs": -24.0
                }
              }
            ],
            "NameModifier": "_320x180_270K_audio_96K_aac_stereo"
          },
          {
            "ContainerSettings": {
              "Container": "M3U8",
              "M3u8Settings": {}
            },
            "VideoDescription": {
              "CodecSettings": {
                "Codec": "H_264",
                "H264Settings": {
                  "RateControlMode": "CBR",
                  "Bitrate": 450000,
                  "QualityTuningLevel": "MULTI_PASS_HQ",
                  "FramerateControl": "SPECIFIED",
                  "FramerateNumerator": 30,
                  "FramerateDenominator": 1,
                  "CodecProfile": "MAIN"
                },
                "H265Settings": {
                  "GopSize": 30,
                  "GopSizeUnits": "FRAMES"
                }
              },
              "VideoPreprocessors": {
                "Deinterlacer": {}
              },
              "ScalingBehavior": "DEFAULT",
              "Width": 512,
              "Height": 288
            },
            "AudioDescriptions": [
              {
                "CodecSettings": {
                  "Codec": "AAC",
                  "AacSettings": {
                    "Bitrate": 96000,
                    "SampleRate": 48000,
                    "CodingMode": "CODING_MODE_2_0"
                  }
                },
                "AudioNormalizationSettings": {
                  "Algorithm": "ITU_BS_1770_1",
                  "TargetLkfs": -24.0
                }
              }
            ],
            "NameModifier": "_512x288_450K_audio_96K_aac_stereo"
          },
          {
            "ContainerSettings": {
              "Container": "M3U8",
              "M3u8Settings": {}
            },
            "VideoDescription": {
              "CodecSettings": {
                "Codec": "H_264",
                "H264Settings": {
                  "RateControlMode": "CBR",
                  "Bitrate": 675000,
                  "QualityTuningLevel": "MULTI_PASS_HQ",
                  "FramerateControl": "SPECIFIED",
                  "FramerateNumerator": 30,
                  "FramerateDenominator": 1,
                  "CodecProfile": "MAIN"
                },
                "H265Settings": {
                  "GopSize": 30,
                  "GopSizeUnits": "FRAMES"
                }
              },
              "VideoPreprocessors": {
                "Deinterlacer": {}
              },
              "ScalingBehavior": "DEFAULT",
              "Width": 640,
              "Height": 360
            },
            "AudioDescriptions": [
              {
                "CodecSettings": {
                  "Codec": "AAC",
                  "AacSettings": {
                    "Bitrate": 96000,
                    "SampleRate": 48000,
                    "CodingMode": "CODING_MODE_2_0"
                  }
                },
                "AudioNormalizationSettings": {
                  "Algorithm": "ITU_BS_1770_1",
                  "TargetLkfs": -24.0
                }
              }
            ],
            "NameModifier": "_640x360_675K_audio_96K_aac_stereo"
          },
          {
            "ContainerSettings": {
              "Container": "M3U8",
              "M3u8Settings": {}
            },
            "VideoDescription": {
              "CodecSettings": {
                "Codec": "H_264",
                "H264Settings": {
                  "RateControlMode": "CBR",
                  "Bitrate": 1080000,
                  "QualityTuningLevel": "MULTI_PASS_HQ",
                  "FramerateControl": "SPECIFIED",
                  "FramerateNumerator": 30,
                  "FramerateDenominator": 1,
                  "CodecProfile": "MAIN"
                },
                "H265Settings": {
                  "GopSize": 30,
                  "GopSizeUnits": "FRAMES"
                }
              },
              "VideoPreprocessors": {
                "Deinterlacer": {}
              },
              "ScalingBehavior": "DEFAULT",
              "Width": 768,
              "Height": 432
            },
            "AudioDescriptions": [
              {
                "CodecSettings": {
                  "Codec": "AAC",
                  "AacSettings": {
                    "Bitrate": 96000,
                    "SampleRate": 48000,
                    "CodingMode": "CODING_MODE_2_0"
                  }
                },
                "AudioNormalizationSettings": {
                  "Algorithm": "ITU_BS_1770_1",
                  "TargetLkfs": -24.0
                }
              }
            ],
            "NameModifier": "_768x432_1080K_audio_96K_aac_stereo"
          },
          {
            "ContainerSettings": {
              "Container": "M3U8",
              "M3u8Settings": {}
            },
            "VideoDescription": {
              "CodecSettings": {
                "Codec": "H_264",
                "H264Settings": {
                  "RateControlMode": "CBR",
                  "Bitrate": 1800000,
                  "QualityTuningLevel": "MULTI_PASS_HQ",
                  "FramerateControl": "SPECIFIED",
                  "FramerateNumerator": 30,
                  "FramerateDenominator": 1,
                  "CodecProfile": "MAIN"
                },
                "H265Settings": {
                  "GopSize": 30,
                  "GopSizeUnits": "FRAMES"
                }
              },
              "VideoPreprocessors": {
                "Deinterlacer": {}
              },
              "ScalingBehavior": "DEFAULT",
              "Width": 1280,
              "Height": 720
            },
            "AudioDescriptions": [
              {
                "CodecSettings": {
                  "Codec": "AAC",
                  "AacSettings": {
                    "Bitrate": 96000,
                    "SampleRate": 48000,
                    "CodingMode": "CODING_MODE_2_0"
                  }
                },
                "AudioNormalizationSettings": {
                  "Algorithm": "ITU_BS_1770_1",
                  "TargetLkfs": -24.0
                }
              }
            ],
            "NameModifier": "_1280x720_1800K_audio_96K_aac_stereo"
          }
        ]
      }
    ],
    "TimecodeConfig": {
      "Source": "ZEROBASED"
    },
    "FollowSource": 1
  },
  "AccelerationSettings": {
    "Mode": "PREFERRED"
  },
  "Role": "arn:aws:iam::935206693453:role/MediaConvertRole"
}