Error submitting MediaConvert job for 892
Timestamp: 2025-06-20T06:10:22.282347

Error message: An error occurred (BadRequestException) when calling the CreateJob operation: /outputGroups/0/outputs/0/audioDescriptions/0/codecSettings/aacSettings: sampleRate is a required property

Job settings:
{
  "Settings": {
    "Inputs": [
      {
        "TimecodeSource": "ZEROBASED",
        "VideoSelector": {
          "Rotate": "AUTO"
        },
        "AudioSelectors": {
          "Audio Selector 1": {
            "DefaultSelection": "DEFAULT"
          }
        },
        "FileInput": "s3://fw-mc-test/advanced_hls/892/892_700977375_source.mpg"
      }
    ],
    "OutputGroups": [
      {
        "Name": "e2mc test",
        "OutputGroupSettings": {
          "Type": "HLS_GROUP_SETTINGS",
          "HlsGroupSettings": {
            "SegmentLength": 6,
            "MinSegmentLength": 0,
            "Destination": "s3://fw-mc-test/advanced_hls/892/"
          }
        },
        "Outputs": [
          {
            "ContainerSettings": {
              "Container": "M3U8",
              "M3u8Settings": {}
            },
            "VideoDescription": {
              "CodecSettings": {
                "Codec": "H_264",
                "H264Settings": {
                  "RateControlMode": "VBR",
                  "Bitrate": 150000,
                  "MaxBitrate": 375000,
                  "FramerateControl": "SPECIFIED",
                  "FramerateNumerator": 30,
                  "FramerateDenominator": 1,
                  "ParControl": "SPECIFIED",
                  "ParNumerator": 1,
                  "ParDenominator": 1,
                  "QualityTuningLevel": "MULTI_PASS_HQ"
                }
              },
              "Width": 402,
              "Height": 226,
              "ScalingBehavior": "DEFAULT",
              "VideoPreprocessors": {
                "Deinterlacer": {}
              }
            },
            "NameModifier": "_402x226_150K",
            "AudioDescriptions": [
              {
                "CodecSettings": {
                  "AacSettings": {
                    "Bitrate": 128000,
                    "CodingMode": "CODING_MODE_2_0"
                  },
                  "Codec": "AAC"
                },
                "AudioNormalizationSettings": {
                  "Algorithm": "ITU_BS_1770_2",
                  "TargetLkfs": -24.0
                }
              }
            ]
          },
          {
            "ContainerSettings": {
              "Container": "M3U8",
              "M3u8Settings": {}
            },
            "VideoDescription": {
              "CodecSettings": {
                "Codec": "H_264",
                "H264Settings": {
                  "RateControlMode": "VBR",
                  "Bitrate": 225000,
                  "MaxBitrate": 562500,
                  "FramerateControl": "SPECIFIED",
                  "FramerateNumerator": 30,
                  "FramerateDenominator": 1,
                  "ParControl": "SPECIFIED",
                  "ParNumerator": 1,
                  "ParDenominator": 1,
                  "QualityTuningLevel": "MULTI_PASS_HQ"
                }
              },
              "Width": 402,
              "Height": 226
            },
            "NameModifier": "_402x226_225K",
            "AudioDescriptions": [
              {
                "CodecSettings": {
                  "AacSettings": {
                    "Bitrate": 128000,
                    "CodingMode": "CODING_MODE_2_0"
                  },
                  "Codec": "AAC"
                },
                "AudioNormalizationSettings": {
                  "Algorithm": "ITU_BS_1770_2",
                  "TargetLkfs": -24.0
                }
              }
            ]
          },
          {
            "ContainerSettings": {
              "Container": "M3U8",
              "M3u8Settings": {}
            },
            "VideoDescription": {
              "CodecSettings": {
                "Codec": "H_264",
                "H264Settings": {
                  "RateControlMode": "VBR",
                  "Bitrate": 300000,
                  "MaxBitrate": 750000,
                  "FramerateControl": "SPECIFIED",
                  "FramerateNumerator": 30,
                  "FramerateDenominator": 1,
                  "ParControl": "SPECIFIED",
                  "ParNumerator": 1,
                  "ParDenominator": 1,
                  "QualityTuningLevel": "MULTI_PASS_HQ"
                }
              },
              "Width": 480,
              "Height": 270
            },
            "NameModifier": "_480x270_300K",
            "AudioDescriptions": [
              {
                "CodecSettings": {
                  "AacSettings": {
                    "Bitrate": 128000,
                    "CodingMode": "CODING_MODE_2_0"
                  },
                  "Codec": "AAC"
                },
                "AudioNormalizationSettings": {
                  "Algorithm": "ITU_BS_1770_2",
                  "TargetLkfs": -24.0
                }
              }
            ]
          },
          {
            "ContainerSettings": {
              "Container": "M3U8",
              "M3u8Settings": {}
            },
            "VideoDescription": {
              "CodecSettings": {
                "Codec": "H_264",
                "H264Settings": {
                  "RateControlMode": "VBR",
                  "Bitrate": 500000,
                  "MaxBitrate": 1250000,
                  "FramerateControl": "SPECIFIED",
                  "FramerateNumerator": 30,
                  "FramerateDenominator": 1,
                  "ParControl": "SPECIFIED",
                  "ParNumerator": 1,
                  "ParDenominator": 1,
                  "QualityTuningLevel": "MULTI_PASS_HQ"
                }
              },
              "Width": 480,
              "Height": 270
            },
            "NameModifier": "_480x270_500K",
            "AudioDescriptions": [
              {
                "CodecSettings": {
                  "AacSettings": {
                    "Bitrate": 128000,
                    "CodingMode": "CODING_MODE_2_0"
                  },
                  "Codec": "AAC"
                },
                "AudioNormalizationSettings": {
                  "Algorithm": "ITU_BS_1770_2",
                  "TargetLkfs": -24.0
                }
              }
            ]
          },
          {
            "ContainerSettings": {
              "Container": "M3U8",
              "M3u8Settings": {}
            },
            "VideoDescription": {
              "CodecSettings": {
                "Codec": "H_264",
                "H264Settings": {
                  "RateControlMode": "VBR",
                  "Bitrate": 800000,
                  "MaxBitrate": 2000000,
                  "FramerateControl": "SPECIFIED",
                  "FramerateNumerator": 30,
                  "FramerateDenominator": 1,
                  "ParControl": "SPECIFIED",
                  "ParNumerator": 1,
                  "ParDenominator": 1,
                  "QualityTuningLevel": "MULTI_PASS_HQ"
                }
              },
              "Width": 640,
              "Height": 360
            },
            "NameModifier": "_640x360_800K",
            "AudioDescriptions": [
              {
                "CodecSettings": {
                  "AacSettings": {
                    "Bitrate": 128000,
                    "CodingMode": "CODING_MODE_2_0"
                  },
                  "Codec": "AAC"
                },
                "AudioNormalizationSettings": {
                  "Algorithm": "ITU_BS_1770_2",
                  "TargetLkfs": -24.0
                }
              }
            ]
          },
          {
            "ContainerSettings": {
              "Container": "M3U8",
              "M3u8Settings": {}
            },
            "VideoDescription": {
              "CodecSettings": {
                "Codec": "H_264",
                "H264Settings": {
                  "RateControlMode": "VBR",
                  "Bitrate": 1300000,
                  "MaxBitrate": 3250000,
                  "FramerateControl": "SPECIFIED",
                  "FramerateNumerator": 30,
                  "FramerateDenominator": 1,
                  "ParControl": "SPECIFIED",
                  "ParNumerator": 1,
                  "ParDenominator": 1,
                  "QualityTuningLevel": "MULTI_PASS_HQ"
                }
              },
              "Width": 1024,
              "Height": 576
            },
            "NameModifier": "_1024x576_1300K",
            "AudioDescriptions": [
              {
                "CodecSettings": {
                  "AacSettings": {
                    "Bitrate": 128000,
                    "CodingMode": "CODING_MODE_2_0"
                  },
                  "Codec": "AAC"
                },
                "AudioNormalizationSettings": {
                  "Algorithm": "ITU_BS_1770_2",
                  "TargetLkfs": -24.0
                }
              }
            ]
          },
          {
            "ContainerSettings": {
              "Container": "M3U8",
              "M3u8Settings": {}
            },
            "VideoDescription": {
              "CodecSettings": {
                "Codec": "H_264",
                "H264Settings": {
                  "RateControlMode": "VBR",
                  "Bitrate": 1800000,
                  "MaxBitrate": 4500000,
                  "FramerateControl": "SPECIFIED",
                  "FramerateNumerator": 30,
                  "FramerateDenominator": 1,
                  "ParControl": "SPECIFIED",
                  "ParNumerator": 1,
                  "ParDenominator": 1,
                  "QualityTuningLevel": "MULTI_PASS_HQ"
                }
              },
              "Width": 1280,
              "Height": 720
            },
            "NameModifier": "_1280x720_1800K",
            "AudioDescriptions": [
              {
                "CodecSettings": {
                  "AacSettings": {
                    "Bitrate": 128000,
                    "CodingMode": "CODING_MODE_2_0"
                  },
                  "Codec": "AAC"
                },
                "AudioNormalizationSettings": {
                  "Algorithm": "ITU_BS_1770_2",
                  "TargetLkfs": -24.0
                }
              }
            ]
          },
          {
            "ContainerSettings": {
              "Container": "M3U8",
              "M3u8Settings": {}
            },
            "VideoDescription": {
              "CodecSettings": {
                "Codec": "H_264",
                "H264Settings": {
                  "RateControlMode": "VBR",
                  "Bitrate": 2500000,
                  "MaxBitrate": 6250000,
                  "FramerateControl": "SPECIFIED",
                  "FramerateNumerator": 30,
                  "FramerateDenominator": 1,
                  "ParControl": "SPECIFIED",
                  "ParNumerator": 1,
                  "ParDenominator": 1,
                  "QualityTuningLevel": "MULTI_PASS_HQ"
                }
              },
              "Width": 1280,
              "Height": 720
            },
            "NameModifier": "_1280x720_2500K",
            "AudioDescriptions": [
              {
                "CodecSettings": {
                  "AacSettings": {
                    "Bitrate": 128000,
                    "CodingMode": "CODING_MODE_2_0"
                  },
                  "Codec": "AAC"
                },
                "AudioNormalizationSettings": {
                  "Algorithm": "ITU_BS_1770_2",
                  "TargetLkfs": -24.0
                }
              }
            ]
          },
          {
            "ContainerSettings": {
              "Container": "M3U8",
              "M3u8Settings": {}
            },
            "VideoDescription": {
              "CodecSettings": {
                "Codec": "H_264",
                "H264Settings": {
                  "RateControlMode": "VBR",
                  "Bitrate": 3400000,
                  "MaxBitrate": 8500000,
                  "FramerateControl": "SPECIFIED",
                  "FramerateNumerator": 30,
                  "FramerateDenominator": 1,
                  "ParControl": "SPECIFIED",
                  "ParNumerator": 1,
                  "ParDenominator": 1,
                  "QualityTuningLevel": "MULTI_PASS_HQ"
                }
              },
              "Width": 1280,
              "Height": 720
            },
            "NameModifier": "_1280x720_3400K",
            "AudioDescriptions": [
              {
                "CodecSettings": {
                  "AacSettings": {
                    "Bitrate": 128000,
                    "CodingMode": "CODING_MODE_2_0"
                  },
                  "Codec": "AAC"
                },
                "AudioNormalizationSettings": {
                  "Algorithm": "ITU_BS_1770_2",
                  "TargetLkfs": -24.0
                }
              }
            ]
          },
          {
            "ContainerSettings": {
              "Container": "M3U8",
              "M3u8Settings": {}
            },
            "VideoDescription": {
              "CodecSettings": {
                "Codec": "H_264",
                "H264Settings": {
                  "RateControlMode": "VBR",
                  "Bitrate": 4500000,
                  "MaxBitrate": 11250000,
                  "FramerateControl": "SPECIFIED",
                  "FramerateNumerator": 30,
                  "FramerateDenominator": 1,
                  "ParControl": "SPECIFIED",
                  "ParNumerator": 1,
                  "ParDenominator": 1,
                  "QualityTuningLevel": "MULTI_PASS_HQ"
                }
              },
              "Width": 1280,
              "Height": 720
            },
            "NameModifier": "_1280x720_4500K",
            "AudioDescriptions": [
              {
                "CodecSettings": {
                  "AacSettings": {
                    "Bitrate": 128000,
                    "CodingMode": "CODING_MODE_2_0"
                  },
                  "Codec": "AAC"
                },
                "AudioNormalizationSettings": {
                  "Algorithm": "ITU_BS_1770_2",
                  "TargetLkfs": -24.0
                }
              }
            ]
          }
        ]
      }
    ],
    "TimecodeConfig": {
      "Source": "ZEROBASED"
    },
    "FollowSource": 1
  },
  "Role": "arn:aws:iam::935206693453:role/MediaConvertRole"
}