2025-06-17 07:53:40,740 - ConfigConverter - INFO - Starting conversion of /home/ec2-user/e2mc_assistant/encoding_profiles/webm/99.xml
2025-06-17 07:53:40,740 - ConfigConverter - INFO - Set container to WEBM based on output format: webm
2025-06-17 07:53:40,740 - ConfigConverter - INFO - Using Vp9Settings for video_codec=libvpx
2025-06-17 07:53:40,740 - ConfigConverter - INFO - Set RateControlMode to VBR because <cbr> doesn't exist and <maxrate> doesn't exist
2025-06-17 07:53:40,740 - ConfigConverter - INFO - Set Bitrate to 674000 from <bitrate>=674k
2025-06-17 07:53:40,740 - ConfigConverter - INFO - Setting MaxBitrate to 1685000 (2.5 * Bitrate)
2025-06-17 07:53:40,740 - ConfigConverter - INFO - Parameter bitrate processed by custom rate control handler
2025-06-17 07:53:40,740 - ConfigConverter - WARNING - Unsupported <audio_codec>=libvorbis. Manual conversion logic needed.
2025-06-17 07:53:40,740 - ConfigConverter - INFO - Audio parameters processed by custom audio settings handler
2025-06-17 07:53:40,740 - ConfigConverter - INFO - Mapped parameter: VCodecParameters=no → [DUMMY RULE]
2025-06-17 07:53:40,741 - ConfigConverter - INFO - Mapped parameter: acbr=None → [DUMMY RULE]
2025-06-17 07:53:40,741 - ConfigConverter - INFO - Mapped parameter: add_audio_only=None → [DUMMY RULE]
2025-06-17 07:53:40,741 - ConfigConverter - INFO - Mapped parameter: clipmode=None → [DUMMY RULE]
2025-06-17 07:53:40,741 - ConfigConverter - INFO - Mapped parameter: closed_captions.cc_extract_before=None → [DUMMY RULE]
2025-06-17 07:53:40,741 - ConfigConverter - INFO - Mapped parameter: closed_captions.direct_copy=None → [DUMMY RULE]
2025-06-17 07:53:40,741 - ConfigConverter - INFO - Mapped parameter: closed_captions.get_from_manifest=None → [DUMMY RULE]
2025-06-17 07:53:40,741 - ConfigConverter - INFO - Mapped parameter: closed_captions.ignore_cc_absence=None → [DUMMY RULE]
2025-06-17 07:53:40,741 - ConfigConverter - INFO - Mapped parameter: closed_captions.role=None → [DUMMY RULE]
2025-06-17 07:53:40,741 - ConfigConverter - INFO - Mapped parameter: closed_captions.vtt_split_segments=None → [DUMMY RULE]
2025-06-17 07:53:40,741 - ConfigConverter - INFO - Mapped parameter: drm=None → [DUMMY RULE]
2025-06-17 07:53:40,741 - ConfigConverter - INFO - Mapped parameter: encoder=None → [DUMMY RULE]
2025-06-17 07:53:40,741 - ConfigConverter - INFO - Mapped parameter: encryption=None → [DUMMY RULE]
2025-06-17 07:53:40,741 - ConfigConverter - INFO - Mapped parameter: hint=None → [DUMMY RULE]
2025-06-17 07:53:40,741 - ConfigConverter - INFO - Mapped parameter: pix_format=None → [DUMMY RULE]
2025-06-17 07:53:40,741 - ConfigConverter - INFO - Mapped parameter: set_video_duration=None → [DUMMY RULE]
2025-06-17 07:53:40,741 - ConfigConverter - INFO - Mapped parameter: strip_chapters=None → [DUMMY RULE]
2025-06-17 07:53:40,741 - ConfigConverter - INFO - Mapped parameter: video_codec_parameters.cmp=None → [DUMMY RULE]
2025-06-17 07:53:40,741 - ConfigConverter - INFO - Mapped parameter: video_codec_parameters.code=None → [DUMMY RULE]
2025-06-17 07:53:40,741 - ConfigConverter - INFO - Mapped parameter: video_codec_parameters.flags=None → [DUMMY RULE]
2025-06-17 07:53:40,741 - ConfigConverter - INFO - Mapped parameter: video_codec_parameters.flags2=None → [DUMMY RULE]
2025-06-17 07:53:40,741 - ConfigConverter - INFO - Mapped parameter: video_codec_parameters.i_qfactor=None → [DUMMY RULE]
2025-06-17 07:53:40,741 - ConfigConverter - INFO - Mapped parameter: video_codec_parameters.mbtree=None → [DUMMY RULE]
2025-06-17 07:53:40,741 - ConfigConverter - INFO - Mapped parameter: video_codec_parameters.me_method=None → [DUMMY RULE]
2025-06-17 07:53:40,741 - ConfigConverter - INFO - Mapped parameter: video_codec_parameters.me_range=None → [DUMMY RULE]
2025-06-17 07:53:40,741 - ConfigConverter - INFO - Mapped parameter: video_codec_parameters.qcomp=None → [DUMMY RULE]
2025-06-17 07:53:40,741 - ConfigConverter - INFO - Mapped parameter: video_codec_parameters.qdiff=None → [DUMMY RULE]
2025-06-17 07:53:40,741 - ConfigConverter - INFO - Mapped parameter: video_codec_parameters.subq=None → [DUMMY RULE]
2025-06-17 07:53:40,741 - ConfigConverter - INFO - Mapped parameter: video_codec_parameters.trellis=None → [DUMMY RULE]
2025-06-17 07:53:40,741 - ConfigConverter - INFO - Mapped parameter: video_codec_parameters.qmax=None → [DUMMY RULE]
2025-06-17 07:53:40,741 - ConfigConverter - INFO - Mapped parameter: video_codec_parameters.qmin=None → [DUMMY RULE]
2025-06-17 07:53:40,741 - ConfigConverter - INFO - Mapped parameter: closed_captions.forced=None → [DUMMY RULE]
2025-06-17 07:53:40,741 - ConfigConverter - INFO - Mapped parameter: file_extension=webm → [DUMMY RULE]
2025-06-17 07:53:40,741 - ConfigConverter - INFO - Mapped parameter: rotate=None → [DUMMY RULE]
2025-06-17 07:53:40,741 - ConfigConverter - INFO - Mapped parameter: main_source.type=None → [DUMMY RULE]
2025-06-17 07:53:40,741 - ConfigConverter - INFO - Mapped parameter: playlist_version=None → [DUMMY RULE]
2025-06-17 07:53:40,741 - ConfigConverter - INFO - Mapped parameter: video_only=None → [DUMMY RULE]
2025-06-17 07:53:40,741 - ConfigConverter - INFO - Mapped parameter: audio_only=None → [DUMMY RULE]
2025-06-17 07:53:40,742 - ConfigConverter - INFO - Mapped parameter: closed_captions.cea_data_field=None → [DUMMY RULE]
2025-06-17 07:53:40,742 - ConfigConverter - INFO - Mapped parameter: loudnorm_range=None → [DUMMY RULE]
2025-06-17 07:53:40,742 - ConfigConverter - INFO - Mapped parameter: pack_files=None → [DUMMY RULE]
2025-06-17 07:53:40,742 - ConfigConverter - INFO - Mapped parameter: pack_type=None → [DUMMY RULE]
2025-06-17 07:53:40,742 - ConfigConverter - INFO - Mapped parameter: pack_each_stream=None → [DUMMY RULE]
2025-06-17 07:53:40,742 - ConfigConverter - INFO - Mapped parameter: cmaf_conformant=None → [DUMMY RULE]
2025-06-17 07:53:40,742 - ConfigConverter - INFO - Mapped parameter: manifest.basename=None → [DUMMY RULE]
2025-06-17 07:53:40,742 - ConfigConverter - INFO - Mapped parameter: use_manifest=None → [DUMMY RULE]
2025-06-17 07:53:40,742 - ConfigConverter - INFO - Mapped parameter: use_main_source=None → [DUMMY RULE]
2025-06-17 07:53:40,742 - ConfigConverter - INFO - Mapped parameter: use_alternate_source=None → [DUMMY RULE]
2025-06-17 07:53:40,742 - ConfigConverter - INFO - Mapped parameter: AdditionalCfDestination=None → [DUMMY RULE]
2025-06-17 07:53:40,742 - ConfigConverter - INFO - Mapped parameter: framerate_upper_threshold=None → [DUMMY RULE]
2025-06-17 07:53:40,742 - ConfigConverter - INFO - Mapped parameter: segmenter=None → [DUMMY RULE]
2025-06-17 07:53:40,742 - ConfigConverter - INFO - Mapped parameter: copy_nielsen_metadata=None → [DUMMY RULE]
2025-06-17 07:53:40,742 - ConfigConverter - INFO - Mapped parameter: metadata.copy=None → [DUMMY RULE]
2025-06-17 07:53:40,742 - ConfigConverter - INFO - Mapped parameter: refs=None → [DUMMY RULE]
2025-06-17 07:53:40,742 - ConfigConverter - INFO - Mapped parameter: reduce_structural_overhead=None → [DUMMY RULE]
2025-06-17 07:53:40,742 - ConfigConverter - INFO - Mapped parameter: video_codec_parameters.nal-hrd=None → [DUMMY RULE]
2025-06-17 07:53:40,742 - ConfigConverter - INFO - Mapped parameter: nal-hrd=None → [DUMMY RULE]
2025-06-17 07:53:40,742 - ConfigConverter - INFO - Mapped parameter: timescale=None → [DUMMY RULE]
2025-06-17 07:53:40,742 - ConfigConverter - INFO - Mapped parameter: video_codec_parameters.transfer_characteristics=None → [DUMMY RULE]
2025-06-17 07:53:40,742 - ConfigConverter - INFO - Mapped parameter: metadata_copy=None → [DUMMY RULE]
2025-06-17 07:53:40,742 - ConfigConverter - INFO - Mapped parameter: video_codec_parameters.partitions=None → [DUMMY RULE]
2025-06-17 07:53:40,742 - ConfigConverter - INFO - Skipping already processed parameter: output=webm
2025-06-17 07:53:40,742 - ConfigConverter - INFO - Found 1 rules for parameter: video_codec=libvpx
2025-06-17 07:53:40,742 - ConfigConverter - INFO - Processing rule for video_codec, value: libvpx
2025-06-17 07:53:40,742 - ConfigConverter - INFO - Applying transformation video_codec_format to libvpx
2025-06-17 07:53:40,742 - ConfigConverter - INFO - Transformed libvpx using video_codec_format to VP9
2025-06-17 07:53:40,742 - ConfigConverter - INFO - Mapped parameter: video_codec=libvpx → Settings.OutputGroups[0].Outputs[0].VideoDescription.CodecSettings.Codec=VP9
2025-06-17 07:53:40,742 - ConfigConverter - INFO - Skipping already processed parameter: bitrate=674k
2025-06-17 07:53:40,742 - ConfigConverter - INFO - Found 2 rules for parameter: size=512x288
2025-06-17 07:53:40,742 - ConfigConverter - INFO - Processing rule for size, value: 512x288
2025-06-17 07:53:40,742 - ConfigConverter - INFO - Regex transformed 512x288 to 512 using pattern (\d+)x([1-9]\d*)
2025-06-17 07:53:40,742 - ConfigConverter - INFO - Mapped parameter: size=512x288 → Settings.OutputGroups[0].Outputs[0].VideoDescription.Width=512
2025-06-17 07:53:40,742 - ConfigConverter - INFO - Regex transformed 512x288 to 288 using pattern (\d+)x([1-9]\d*)
2025-06-17 07:53:40,742 - ConfigConverter - INFO - Mapped parameter: size=512x288 → Settings.OutputGroups[0].Outputs[0].VideoDescription.Height=288
2025-06-17 07:53:40,742 - ConfigConverter - INFO - Processing rule for size, value: 512x288
2025-06-17 07:53:40,742 - ConfigConverter - INFO - Regex pattern (\d+)x0 did not match 512x288 for size
2025-06-17 07:53:40,742 - ConfigConverter - INFO - Regex pattern (\d+)x0 did not match 512x288 for size
2025-06-17 07:53:40,743 - ConfigConverter - INFO - Found 2 rules for parameter: two_pass=yes
2025-06-17 07:53:40,743 - ConfigConverter - INFO - Processing rule for two_pass, value: yes
2025-06-17 07:53:40,743 - ConfigConverter - INFO - Condition using source_path video_codec, value: libvpx
2025-06-17 07:53:40,743 - ConfigConverter - INFO - Condition evaluation: in libvpx ['mpeg4', 'libx264'] = False
2025-06-17 07:53:40,743 - ConfigConverter - INFO - Source condition evaluation for two_pass: False
2025-06-17 07:53:40,743 - ConfigConverter - INFO - Skipping rule for two_pass=yes due to source condition not matching
2025-06-17 07:53:40,743 - ConfigConverter - INFO - Processing rule for two_pass, value: yes
2025-06-17 07:53:40,743 - ConfigConverter - INFO - Condition using source_path video_codec, value: libvpx
2025-06-17 07:53:40,743 - ConfigConverter - INFO - Condition evaluation: in libvpx ['libvpx'] = True
2025-06-17 07:53:40,743 - ConfigConverter - INFO - Source condition evaluation for two_pass: True
2025-06-17 07:53:40,743 - ConfigConverter - INFO - Applying transformation two_pass_format to yes
2025-06-17 07:53:40,743 - ConfigConverter - INFO - Transformed yes using two_pass_format to MULTI_PASS_HQ
2025-06-17 07:53:40,743 - ConfigConverter - INFO - Mapped parameter: two_pass=yes → Settings.OutputGroups[0].Outputs[0].VideoDescription.CodecSettings.Vp9Settings.QualityTuningLevel=MULTI_PASS_HQ
2025-06-17 07:53:40,743 - ConfigConverter - INFO - Skipping already processed parameter: audio_codec=libvorbis
2025-06-17 07:53:40,743 - ConfigConverter - INFO - Skipping already processed parameter: audio_bitrate=128k
2025-06-17 07:53:40,743 - ConfigConverter - INFO - Found 2 rules for parameter: audio_channels_number=2
2025-06-17 07:53:40,743 - ConfigConverter - INFO - Processing rule for audio_channels_number, value: 2
2025-06-17 07:53:40,743 - ConfigConverter - INFO - Condition using source_path audio_codec, value: libvorbis
2025-06-17 07:53:40,743 - ConfigConverter - INFO - Condition evaluation: in libvorbis ['dolby_aac', 'dolby_heaac', 'libfaac'] = False
2025-06-17 07:53:40,743 - ConfigConverter - INFO - Source condition evaluation for audio_channels_number: False
2025-06-17 07:53:40,743 - ConfigConverter - INFO - Skipping rule for audio_channels_number=2 due to source condition not matching
2025-06-17 07:53:40,743 - ConfigConverter - INFO - Processing rule for audio_channels_number, value: 2
2025-06-17 07:53:40,743 - ConfigConverter - INFO - Condition using source_path audio_codec, value: libvorbis
2025-06-17 07:53:40,743 - ConfigConverter - INFO - Condition evaluation: eq libvorbis ac3 = False
2025-06-17 07:53:40,743 - ConfigConverter - INFO - Source condition evaluation for audio_channels_number: False
2025-06-17 07:53:40,743 - ConfigConverter - INFO - Skipping rule for audio_channels_number=2 due to source condition not matching
2025-06-17 07:53:40,743 - ConfigConverter - INFO - Skipping already processed parameter: audio_sample_rate=48000
2025-06-17 07:53:40,743 - ConfigConverter - INFO - Found 2 rules for parameter: profile=baseline
2025-06-17 07:53:40,743 - ConfigConverter - INFO - Processing rule for profile, value: baseline
2025-06-17 07:53:40,743 - ConfigConverter - INFO - Applying transformation profile_format to baseline
2025-06-17 07:53:40,743 - ConfigConverter - INFO - Transformed baseline using profile_format to BASELINE
2025-06-17 07:53:40,743 - ConfigConverter - INFO - Mapped parameter: profile=baseline → Settings.OutputGroups[0].Outputs[0].VideoDescription.CodecSettings.H264Settings.CodecProfile=BASELINE
2025-06-17 07:53:40,743 - ConfigConverter - INFO - Processing rule for profile, value: baseline
2025-06-17 07:53:40,743 - ConfigConverter - INFO - Condition evaluation: eq baseline baseline = True
2025-06-17 07:53:40,743 - ConfigConverter - INFO - Source condition evaluation for profile: True
2025-06-17 07:53:40,743 - ConfigConverter - INFO - Using static value: BASELINE
2025-06-17 07:53:40,743 - ConfigConverter - INFO - Mapped parameter: profile=baseline → Settings.OutputGroups[0].Outputs[0].VideoDescription.CodecSettings.H264Settings.CodecProfile=BASELINE
2025-06-17 07:53:40,743 - ConfigConverter - INFO - Using static value: CAVLC
2025-06-17 07:53:40,743 - ConfigConverter - INFO - Mapped parameter: profile=baseline → Settings.OutputGroups[0].Outputs[0].VideoDescription.CodecSettings.H264Settings.EntropyEncoding=CAVLC
2025-06-17 07:53:40,743 - ConfigConverter - INFO - Using static value: 0
2025-06-17 07:53:40,743 - ConfigConverter - INFO - Mapped parameter: profile=baseline → Settings.OutputGroups[0].Outputs[0].VideoDescription.CodecSettings.H264Settings.NumberBFramesBetweenReferenceFrames=0
2025-06-17 07:53:40,743 - ConfigConverter - INFO - Skipping already processed parameter: VCodecParameters=no
2025-06-17 07:53:40,744 - ConfigConverter - INFO - Skipping already processed parameter: file_extension=webm
2025-06-17 07:53:40,744 - ConfigConverter - INFO - Found 4 rules for parameter: destination=http://test_url.s3.amazonaws.com/encoding.com.output/mock_mock_output_rendition_name_11111_99.webm?acl=public-read
2025-06-17 07:53:40,744 - ConfigConverter - INFO - Processing rule for destination, value: http://test_url.s3.amazonaws.com/encoding.com.output/mock_mock_output_rendition_name_11111_99.webm?acl=public-read
2025-06-17 07:53:40,744 - ConfigConverter - INFO - Condition using source_path output, value: webm
2025-06-17 07:53:40,744 - ConfigConverter - INFO - Condition evaluation: eq webm mp4 = False
2025-06-17 07:53:40,744 - ConfigConverter - INFO - Source condition evaluation for destination: False
2025-06-17 07:53:40,744 - ConfigConverter - INFO - Skipping rule for destination=http://test_url.s3.amazonaws.com/encoding.com.output/mock_mock_output_rendition_name_11111_99.webm?acl=public-read due to source condition not matching
2025-06-17 07:53:40,744 - ConfigConverter - INFO - Processing rule for destination, value: http://test_url.s3.amazonaws.com/encoding.com.output/mock_mock_output_rendition_name_11111_99.webm?acl=public-read
2025-06-17 07:53:40,744 - ConfigConverter - INFO - Condition using source_path output, value: webm
2025-06-17 07:53:40,744 - ConfigConverter - INFO - Condition evaluation: eq webm advanced_hls = False
2025-06-17 07:53:40,744 - ConfigConverter - INFO - Source condition evaluation for destination: False
2025-06-17 07:53:40,744 - ConfigConverter - INFO - Skipping rule for destination=http://test_url.s3.amazonaws.com/encoding.com.output/mock_mock_output_rendition_name_11111_99.webm?acl=public-read due to source condition not matching
2025-06-17 07:53:40,744 - ConfigConverter - INFO - Processing rule for destination, value: http://test_url.s3.amazonaws.com/encoding.com.output/mock_mock_output_rendition_name_11111_99.webm?acl=public-read
2025-06-17 07:53:40,744 - ConfigConverter - INFO - Condition using source_path output, value: webm
2025-06-17 07:53:40,744 - ConfigConverter - INFO - Condition evaluation: in webm ['advanced_dash', 'mpeg_dash'] = False
2025-06-17 07:53:40,744 - ConfigConverter - INFO - Source condition evaluation for destination: False
2025-06-17 07:53:40,744 - ConfigConverter - INFO - Skipping rule for destination=http://test_url.s3.amazonaws.com/encoding.com.output/mock_mock_output_rendition_name_11111_99.webm?acl=public-read due to source condition not matching
2025-06-17 07:53:40,744 - ConfigConverter - INFO - Processing rule for destination, value: http://test_url.s3.amazonaws.com/encoding.com.output/mock_mock_output_rendition_name_11111_99.webm?acl=public-read
2025-06-17 07:53:40,744 - ConfigConverter - INFO - Condition using source_path output, value: webm
2025-06-17 07:53:40,744 - ConfigConverter - INFO - Condition evaluation: in webm ['fmp4_hls', 'advanced_fmp4'] = False
2025-06-17 07:53:40,744 - ConfigConverter - INFO - Source condition evaluation for destination: False
2025-06-17 07:53:40,744 - ConfigConverter - INFO - Skipping rule for destination=http://test_url.s3.amazonaws.com/encoding.com.output/mock_mock_output_rendition_name_11111_99.webm?acl=public-read due to source condition not matching
2025-06-17 07:53:40,744 - ConfigConverter - INFO - Conversion summary for /home/ec2-user/e2mc_assistant/encoding_profiles/webm/99.xml:
2025-06-17 07:53:40,744 - ConfigConverter - INFO -   - Total parameters: 69
2025-06-17 07:53:40,744 - ConfigConverter - INFO -   - Mapped parameters: 69 (100.0%)
2025-06-17 07:53:40,744 - ConfigConverter - INFO -   - Unmapped parameters: 0 (0.0%)
2025-06-17 07:53:40,744 - ConfigConverter - INFO - Added missing NameModifier: _512x288_mc
2025-06-17 07:53:40,745 - ConfigConverter - INFO - Successfully converted /home/ec2-user/e2mc_assistant/encoding_profiles/webm/99.xml to /home/ec2-user/e2mc_assistant/tranformed_mc_profiles/webm/99.json
2025-06-17 07:53:40,746 - ConfigConverter - INFO - Validating /home/ec2-user/e2mc_assistant/tranformed_mc_profiles/webm/99.json against schema /home/ec2-user/e2mc_assistant/utils/mc_config_validator/mc_setting_schema.json
2025-06-17 07:53:40,746 - ConfigConverter - INFO - Validation successful for /home/ec2-user/e2mc_assistant/tranformed_mc_profiles/webm/99.json
2025-06-17 08:07:31,511 - ConfigConverter - INFO - Starting conversion of /home/ec2-user/e2mc_assistant/encoding_profiles/webm/99.xml
2025-06-17 08:07:31,511 - ConfigConverter - INFO - Set container to WEBM based on output format: webm
2025-06-17 08:07:31,511 - ConfigConverter - INFO - Using Vp9Settings for video_codec=libvpx
2025-06-17 08:07:31,511 - ConfigConverter - INFO - Set RateControlMode to VBR because <cbr> doesn't exist and <maxrate> doesn't exist
2025-06-17 08:07:31,511 - ConfigConverter - INFO - Set Bitrate to 674000 from <bitrate>=674k
2025-06-17 08:07:31,511 - ConfigConverter - INFO - Setting MaxBitrate to 1685000 (2.5 * Bitrate)
2025-06-17 08:07:31,511 - ConfigConverter - INFO - Parameter bitrate processed by custom rate control handler
2025-06-17 08:07:31,511 - ConfigConverter - INFO - Set AudioDescriptions[0].CodecSettings.Codec to VORBIS from <audio_codec>=libvorbis
2025-06-17 08:07:31,511 - ConfigConverter - INFO - Set AudioDescriptions[0].CodecSettings.VorbisSettings.SampleRate to 48000 from <audio_sample_rate>=48000
2025-06-17 08:07:31,511 - ConfigConverter - INFO - Set AudioDescriptions[0].CodecSettings.VorbisSettings.Channels to default value 2 (stereo)
2025-06-17 08:07:31,511 - ConfigConverter - INFO - Ignoring <audio_bitrate>=128k (not supported for VORBIS in MediaConvert)
2025-06-17 08:07:31,511 - ConfigConverter - INFO - Audio parameters processed by custom audio settings handler
2025-06-17 08:07:31,511 - ConfigConverter - INFO - Mapped parameter: VCodecParameters=no → [DUMMY RULE]
2025-06-17 08:07:31,511 - ConfigConverter - INFO - Mapped parameter: acbr=None → [DUMMY RULE]
2025-06-17 08:07:31,511 - ConfigConverter - INFO - Mapped parameter: add_audio_only=None → [DUMMY RULE]
2025-06-17 08:07:31,511 - ConfigConverter - INFO - Mapped parameter: clipmode=None → [DUMMY RULE]
2025-06-17 08:07:31,511 - ConfigConverter - INFO - Mapped parameter: closed_captions.cc_extract_before=None → [DUMMY RULE]
2025-06-17 08:07:31,511 - ConfigConverter - INFO - Mapped parameter: closed_captions.direct_copy=None → [DUMMY RULE]
2025-06-17 08:07:31,511 - ConfigConverter - INFO - Mapped parameter: closed_captions.get_from_manifest=None → [DUMMY RULE]
2025-06-17 08:07:31,511 - ConfigConverter - INFO - Mapped parameter: closed_captions.ignore_cc_absence=None → [DUMMY RULE]
2025-06-17 08:07:31,511 - ConfigConverter - INFO - Mapped parameter: closed_captions.role=None → [DUMMY RULE]
2025-06-17 08:07:31,511 - ConfigConverter - INFO - Mapped parameter: closed_captions.vtt_split_segments=None → [DUMMY RULE]
2025-06-17 08:07:31,511 - ConfigConverter - INFO - Mapped parameter: drm=None → [DUMMY RULE]
2025-06-17 08:07:31,511 - ConfigConverter - INFO - Mapped parameter: encoder=None → [DUMMY RULE]
2025-06-17 08:07:31,511 - ConfigConverter - INFO - Mapped parameter: encryption=None → [DUMMY RULE]
2025-06-17 08:07:31,511 - ConfigConverter - INFO - Mapped parameter: hint=None → [DUMMY RULE]
2025-06-17 08:07:31,511 - ConfigConverter - INFO - Mapped parameter: pix_format=None → [DUMMY RULE]
2025-06-17 08:07:31,511 - ConfigConverter - INFO - Mapped parameter: set_video_duration=None → [DUMMY RULE]
2025-06-17 08:07:31,511 - ConfigConverter - INFO - Mapped parameter: strip_chapters=None → [DUMMY RULE]
2025-06-17 08:07:31,511 - ConfigConverter - INFO - Mapped parameter: video_codec_parameters.cmp=None → [DUMMY RULE]
2025-06-17 08:07:31,512 - ConfigConverter - INFO - Mapped parameter: video_codec_parameters.code=None → [DUMMY RULE]
2025-06-17 08:07:31,512 - ConfigConverter - INFO - Mapped parameter: video_codec_parameters.flags=None → [DUMMY RULE]
2025-06-17 08:07:31,512 - ConfigConverter - INFO - Mapped parameter: video_codec_parameters.flags2=None → [DUMMY RULE]
2025-06-17 08:07:31,512 - ConfigConverter - INFO - Mapped parameter: video_codec_parameters.i_qfactor=None → [DUMMY RULE]
2025-06-17 08:07:31,512 - ConfigConverter - INFO - Mapped parameter: video_codec_parameters.mbtree=None → [DUMMY RULE]
2025-06-17 08:07:31,512 - ConfigConverter - INFO - Mapped parameter: video_codec_parameters.me_method=None → [DUMMY RULE]
2025-06-17 08:07:31,512 - ConfigConverter - INFO - Mapped parameter: video_codec_parameters.me_range=None → [DUMMY RULE]
2025-06-17 08:07:31,512 - ConfigConverter - INFO - Mapped parameter: video_codec_parameters.qcomp=None → [DUMMY RULE]
2025-06-17 08:07:31,512 - ConfigConverter - INFO - Mapped parameter: video_codec_parameters.qdiff=None → [DUMMY RULE]
2025-06-17 08:07:31,512 - ConfigConverter - INFO - Mapped parameter: video_codec_parameters.subq=None → [DUMMY RULE]
2025-06-17 08:07:31,512 - ConfigConverter - INFO - Mapped parameter: video_codec_parameters.trellis=None → [DUMMY RULE]
2025-06-17 08:07:31,512 - ConfigConverter - INFO - Mapped parameter: video_codec_parameters.qmax=None → [DUMMY RULE]
2025-06-17 08:07:31,512 - ConfigConverter - INFO - Mapped parameter: video_codec_parameters.qmin=None → [DUMMY RULE]
2025-06-17 08:07:31,512 - ConfigConverter - INFO - Mapped parameter: closed_captions.forced=None → [DUMMY RULE]
2025-06-17 08:07:31,512 - ConfigConverter - INFO - Mapped parameter: file_extension=webm → [DUMMY RULE]
2025-06-17 08:07:31,512 - ConfigConverter - INFO - Mapped parameter: rotate=None → [DUMMY RULE]
2025-06-17 08:07:31,512 - ConfigConverter - INFO - Mapped parameter: main_source.type=None → [DUMMY RULE]
2025-06-17 08:07:31,512 - ConfigConverter - INFO - Mapped parameter: playlist_version=None → [DUMMY RULE]
2025-06-17 08:07:31,512 - ConfigConverter - INFO - Mapped parameter: video_only=None → [DUMMY RULE]
2025-06-17 08:07:31,512 - ConfigConverter - INFO - Mapped parameter: audio_only=None → [DUMMY RULE]
2025-06-17 08:07:31,512 - ConfigConverter - INFO - Mapped parameter: closed_captions.cea_data_field=None → [DUMMY RULE]
2025-06-17 08:07:31,512 - ConfigConverter - INFO - Mapped parameter: loudnorm_range=None → [DUMMY RULE]
2025-06-17 08:07:31,512 - ConfigConverter - INFO - Mapped parameter: pack_files=None → [DUMMY RULE]
2025-06-17 08:07:31,512 - ConfigConverter - INFO - Mapped parameter: pack_type=None → [DUMMY RULE]
2025-06-17 08:07:31,512 - ConfigConverter - INFO - Mapped parameter: pack_each_stream=None → [DUMMY RULE]
2025-06-17 08:07:31,512 - ConfigConverter - INFO - Mapped parameter: cmaf_conformant=None → [DUMMY RULE]
2025-06-17 08:07:31,512 - ConfigConverter - INFO - Mapped parameter: manifest.basename=None → [DUMMY RULE]
2025-06-17 08:07:31,512 - ConfigConverter - INFO - Mapped parameter: use_manifest=None → [DUMMY RULE]
2025-06-17 08:07:31,512 - ConfigConverter - INFO - Mapped parameter: use_main_source=None → [DUMMY RULE]
2025-06-17 08:07:31,512 - ConfigConverter - INFO - Mapped parameter: use_alternate_source=None → [DUMMY RULE]
2025-06-17 08:07:31,512 - ConfigConverter - INFO - Mapped parameter: AdditionalCfDestination=None → [DUMMY RULE]
2025-06-17 08:07:31,512 - ConfigConverter - INFO - Mapped parameter: framerate_upper_threshold=None → [DUMMY RULE]
2025-06-17 08:07:31,512 - ConfigConverter - INFO - Mapped parameter: segmenter=None → [DUMMY RULE]
2025-06-17 08:07:31,512 - ConfigConverter - INFO - Mapped parameter: copy_nielsen_metadata=None → [DUMMY RULE]
2025-06-17 08:07:31,512 - ConfigConverter - INFO - Mapped parameter: metadata.copy=None → [DUMMY RULE]
2025-06-17 08:07:31,512 - ConfigConverter - INFO - Mapped parameter: refs=None → [DUMMY RULE]
2025-06-17 08:07:31,512 - ConfigConverter - INFO - Mapped parameter: reduce_structural_overhead=None → [DUMMY RULE]
2025-06-17 08:07:31,512 - ConfigConverter - INFO - Mapped parameter: video_codec_parameters.nal-hrd=None → [DUMMY RULE]
2025-06-17 08:07:31,513 - ConfigConverter - INFO - Mapped parameter: nal-hrd=None → [DUMMY RULE]
2025-06-17 08:07:31,513 - ConfigConverter - INFO - Mapped parameter: timescale=None → [DUMMY RULE]
2025-06-17 08:07:31,513 - ConfigConverter - INFO - Mapped parameter: video_codec_parameters.transfer_characteristics=None → [DUMMY RULE]
2025-06-17 08:07:31,513 - ConfigConverter - INFO - Mapped parameter: metadata_copy=None → [DUMMY RULE]
2025-06-17 08:07:31,513 - ConfigConverter - INFO - Mapped parameter: video_codec_parameters.partitions=None → [DUMMY RULE]
2025-06-17 08:07:31,513 - ConfigConverter - INFO - Skipping already processed parameter: output=webm
2025-06-17 08:07:31,513 - ConfigConverter - INFO - Found 1 rules for parameter: video_codec=libvpx
2025-06-17 08:07:31,513 - ConfigConverter - INFO - Processing rule for video_codec, value: libvpx
2025-06-17 08:07:31,513 - ConfigConverter - INFO - Applying transformation video_codec_format to libvpx
2025-06-17 08:07:31,513 - ConfigConverter - INFO - Transformed libvpx using video_codec_format to VP9
2025-06-17 08:07:31,513 - ConfigConverter - INFO - Mapped parameter: video_codec=libvpx → Settings.OutputGroups[0].Outputs[0].VideoDescription.CodecSettings.Codec=VP9
2025-06-17 08:07:31,513 - ConfigConverter - INFO - Skipping already processed parameter: bitrate=674k
2025-06-17 08:07:31,513 - ConfigConverter - INFO - Found 2 rules for parameter: size=512x288
2025-06-17 08:07:31,513 - ConfigConverter - INFO - Processing rule for size, value: 512x288
2025-06-17 08:07:31,513 - ConfigConverter - INFO - Regex transformed 512x288 to 512 using pattern (\d+)x([1-9]\d*)
2025-06-17 08:07:31,513 - ConfigConverter - INFO - Mapped parameter: size=512x288 → Settings.OutputGroups[0].Outputs[0].VideoDescription.Width=512
2025-06-17 08:07:31,513 - ConfigConverter - INFO - Regex transformed 512x288 to 288 using pattern (\d+)x([1-9]\d*)
2025-06-17 08:07:31,513 - ConfigConverter - INFO - Mapped parameter: size=512x288 → Settings.OutputGroups[0].Outputs[0].VideoDescription.Height=288
2025-06-17 08:07:31,513 - ConfigConverter - INFO - Processing rule for size, value: 512x288
2025-06-17 08:07:31,513 - ConfigConverter - INFO - Regex pattern (\d+)x0 did not match 512x288 for size
2025-06-17 08:07:31,513 - ConfigConverter - INFO - Regex pattern (\d+)x0 did not match 512x288 for size
2025-06-17 08:07:31,513 - ConfigConverter - INFO - Found 2 rules for parameter: two_pass=yes
2025-06-17 08:07:31,513 - ConfigConverter - INFO - Processing rule for two_pass, value: yes
2025-06-17 08:07:31,513 - ConfigConverter - INFO - Condition using source_path video_codec, value: libvpx
2025-06-17 08:07:31,513 - ConfigConverter - INFO - Condition evaluation: in libvpx ['mpeg4', 'libx264'] = False
2025-06-17 08:07:31,513 - ConfigConverter - INFO - Source condition evaluation for two_pass: False
2025-06-17 08:07:31,513 - ConfigConverter - INFO - Skipping rule for two_pass=yes due to source condition not matching
2025-06-17 08:07:31,513 - ConfigConverter - INFO - Processing rule for two_pass, value: yes
2025-06-17 08:07:31,513 - ConfigConverter - INFO - Condition using source_path video_codec, value: libvpx
2025-06-17 08:07:31,513 - ConfigConverter - INFO - Condition evaluation: in libvpx ['libvpx'] = True
2025-06-17 08:07:31,513 - ConfigConverter - INFO - Source condition evaluation for two_pass: True
2025-06-17 08:07:31,513 - ConfigConverter - INFO - Applying transformation two_pass_format to yes
2025-06-17 08:07:31,513 - ConfigConverter - INFO - Transformed yes using two_pass_format to MULTI_PASS_HQ
2025-06-17 08:07:31,513 - ConfigConverter - INFO - Mapped parameter: two_pass=yes → Settings.OutputGroups[0].Outputs[0].VideoDescription.CodecSettings.Vp9Settings.QualityTuningLevel=MULTI_PASS_HQ
2025-06-17 08:07:31,513 - ConfigConverter - INFO - Skipping already processed parameter: audio_codec=libvorbis
2025-06-17 08:07:31,513 - ConfigConverter - INFO - Skipping already processed parameter: audio_bitrate=128k
2025-06-17 08:07:31,513 - ConfigConverter - INFO - Found 2 rules for parameter: audio_channels_number=2
2025-06-17 08:07:31,513 - ConfigConverter - INFO - Processing rule for audio_channels_number, value: 2
2025-06-17 08:07:31,513 - ConfigConverter - INFO - Condition using source_path audio_codec, value: libvorbis
2025-06-17 08:07:31,513 - ConfigConverter - INFO - Condition evaluation: in libvorbis ['dolby_aac', 'dolby_heaac', 'libfaac'] = False
2025-06-17 08:07:31,513 - ConfigConverter - INFO - Source condition evaluation for audio_channels_number: False
2025-06-17 08:07:31,513 - ConfigConverter - INFO - Skipping rule for audio_channels_number=2 due to source condition not matching
2025-06-17 08:07:31,513 - ConfigConverter - INFO - Processing rule for audio_channels_number, value: 2
2025-06-17 08:07:31,514 - ConfigConverter - INFO - Condition using source_path audio_codec, value: libvorbis
2025-06-17 08:07:31,514 - ConfigConverter - INFO - Condition evaluation: eq libvorbis ac3 = False
2025-06-17 08:07:31,514 - ConfigConverter - INFO - Source condition evaluation for audio_channels_number: False
2025-06-17 08:07:31,514 - ConfigConverter - INFO - Skipping rule for audio_channels_number=2 due to source condition not matching
2025-06-17 08:07:31,514 - ConfigConverter - INFO - Skipping already processed parameter: audio_sample_rate=48000
2025-06-17 08:07:31,514 - ConfigConverter - INFO - Found 2 rules for parameter: profile=baseline
2025-06-17 08:07:31,514 - ConfigConverter - INFO - Processing rule for profile, value: baseline
2025-06-17 08:07:31,514 - ConfigConverter - INFO - Condition using source_path video_codec, value: libvpx
2025-06-17 08:07:31,514 - ConfigConverter - INFO - Condition evaluation: in libvpx ['mpeg4', 'libx264'] = False
2025-06-17 08:07:31,514 - ConfigConverter - INFO - Source condition evaluation for profile: False
2025-06-17 08:07:31,514 - ConfigConverter - INFO - Skipping rule for profile=baseline due to source condition not matching
2025-06-17 08:07:31,514 - ConfigConverter - INFO - Processing rule for profile, value: baseline
2025-06-17 08:07:31,514 - ConfigConverter - INFO - Evaluating AND condition with 2 subconditions
2025-06-17 08:07:31,514 - ConfigConverter - INFO - Condition using source_path video_codec, value: libvpx
2025-06-17 08:07:31,514 - ConfigConverter - INFO - Condition evaluation: in libvpx ['mpeg4', 'libx264'] = False
2025-06-17 08:07:31,514 - ConfigConverter - INFO - AND condition result: False
2025-06-17 08:07:31,514 - ConfigConverter - INFO - Source condition evaluation for profile: False
2025-06-17 08:07:31,514 - ConfigConverter - INFO - Skipping rule for profile=baseline due to source condition not matching
2025-06-17 08:07:31,514 - ConfigConverter - INFO - Skipping already processed parameter: VCodecParameters=no
2025-06-17 08:07:31,514 - ConfigConverter - INFO - Skipping already processed parameter: file_extension=webm
2025-06-17 08:07:31,514 - ConfigConverter - INFO - Found 4 rules for parameter: destination=http://test_url.s3.amazonaws.com/encoding.com.output/mock_mock_output_rendition_name_11111_99.webm?acl=public-read
2025-06-17 08:07:31,514 - ConfigConverter - INFO - Processing rule for destination, value: http://test_url.s3.amazonaws.com/encoding.com.output/mock_mock_output_rendition_name_11111_99.webm?acl=public-read
2025-06-17 08:07:31,514 - ConfigConverter - INFO - Condition using source_path output, value: webm
2025-06-17 08:07:31,514 - ConfigConverter - INFO - Condition evaluation: eq webm mp4 = False
2025-06-17 08:07:31,514 - ConfigConverter - INFO - Source condition evaluation for destination: False
2025-06-17 08:07:31,514 - ConfigConverter - INFO - Skipping rule for destination=http://test_url.s3.amazonaws.com/encoding.com.output/mock_mock_output_rendition_name_11111_99.webm?acl=public-read due to source condition not matching
2025-06-17 08:07:31,514 - ConfigConverter - INFO - Processing rule for destination, value: http://test_url.s3.amazonaws.com/encoding.com.output/mock_mock_output_rendition_name_11111_99.webm?acl=public-read
2025-06-17 08:07:31,514 - ConfigConverter - INFO - Condition using source_path output, value: webm
2025-06-17 08:07:31,514 - ConfigConverter - INFO - Condition evaluation: eq webm advanced_hls = False
2025-06-17 08:07:31,514 - ConfigConverter - INFO - Source condition evaluation for destination: False
2025-06-17 08:07:31,514 - ConfigConverter - INFO - Skipping rule for destination=http://test_url.s3.amazonaws.com/encoding.com.output/mock_mock_output_rendition_name_11111_99.webm?acl=public-read due to source condition not matching
2025-06-17 08:07:31,514 - ConfigConverter - INFO - Processing rule for destination, value: http://test_url.s3.amazonaws.com/encoding.com.output/mock_mock_output_rendition_name_11111_99.webm?acl=public-read
2025-06-17 08:07:31,514 - ConfigConverter - INFO - Condition using source_path output, value: webm
2025-06-17 08:07:31,514 - ConfigConverter - INFO - Condition evaluation: in webm ['advanced_dash', 'mpeg_dash'] = False
2025-06-17 08:07:31,514 - ConfigConverter - INFO - Source condition evaluation for destination: False
2025-06-17 08:07:31,514 - ConfigConverter - INFO - Skipping rule for destination=http://test_url.s3.amazonaws.com/encoding.com.output/mock_mock_output_rendition_name_11111_99.webm?acl=public-read due to source condition not matching
2025-06-17 08:07:31,514 - ConfigConverter - INFO - Processing rule for destination, value: http://test_url.s3.amazonaws.com/encoding.com.output/mock_mock_output_rendition_name_11111_99.webm?acl=public-read
2025-06-17 08:07:31,514 - ConfigConverter - INFO - Condition using source_path output, value: webm
2025-06-17 08:07:31,514 - ConfigConverter - INFO - Condition evaluation: in webm ['fmp4_hls', 'advanced_fmp4'] = False
2025-06-17 08:07:31,514 - ConfigConverter - INFO - Source condition evaluation for destination: False
2025-06-17 08:07:31,514 - ConfigConverter - INFO - Skipping rule for destination=http://test_url.s3.amazonaws.com/encoding.com.output/mock_mock_output_rendition_name_11111_99.webm?acl=public-read due to source condition not matching
2025-06-17 08:07:31,514 - ConfigConverter - INFO - Conversion summary for /home/ec2-user/e2mc_assistant/encoding_profiles/webm/99.xml:
2025-06-17 08:07:31,514 - ConfigConverter - INFO -   - Total parameters: 65
2025-06-17 08:07:31,514 - ConfigConverter - INFO -   - Mapped parameters: 65 (100.0%)
2025-06-17 08:07:31,514 - ConfigConverter - INFO -   - Unmapped parameters: 0 (0.0%)
2025-06-17 08:07:31,515 - ConfigConverter - INFO - Added missing NameModifier: _mc
2025-06-17 08:07:31,515 - ConfigConverter - INFO - Successfully converted /home/ec2-user/e2mc_assistant/encoding_profiles/webm/99.xml to /home/ec2-user/e2mc_assistant/tranformed_mc_profiles/webm/99.json
2025-06-17 08:07:31,516 - ConfigConverter - INFO - Validating /home/ec2-user/e2mc_assistant/tranformed_mc_profiles/webm/99.json against schema /home/ec2-user/e2mc_assistant/utils/mc_config_validator/mc_setting_schema.json
2025-06-17 08:07:31,516 - ConfigConverter - INFO - Validation successful for /home/ec2-user/e2mc_assistant/tranformed_mc_profiles/webm/99.json
2025-06-17 08:09:47,509 - ConfigConverter - INFO - Starting conversion of /home/ec2-user/e2mc_assistant/encoding_profiles/webm/99.xml
2025-06-17 08:09:47,509 - ConfigConverter - INFO - Set container to WEBM based on output format: webm
2025-06-17 08:09:47,509 - ConfigConverter - INFO - Using Vp9Settings for video_codec=libvpx
2025-06-17 08:09:47,509 - ConfigConverter - INFO - Set RateControlMode to VBR because <cbr> doesn't exist and <maxrate> doesn't exist
2025-06-17 08:09:47,509 - ConfigConverter - INFO - Set Bitrate to 674000 from <bitrate>=674k
2025-06-17 08:09:47,509 - ConfigConverter - INFO - Setting MaxBitrate to 1685000 (2.5 * Bitrate)
2025-06-17 08:09:47,509 - ConfigConverter - INFO - Parameter bitrate processed by custom rate control handler
2025-06-17 08:09:47,509 - ConfigConverter - INFO - Set AudioDescriptions[0].CodecSettings.Codec to VORBIS from <audio_codec>=libvorbis
2025-06-17 08:09:47,509 - ConfigConverter - INFO - Set AudioDescriptions[0].CodecSettings.VorbisSettings.SampleRate to 48000 from <audio_sample_rate>=48000
2025-06-17 08:09:47,509 - ConfigConverter - INFO - Set AudioDescriptions[0].CodecSettings.VorbisSettings.Channels to default value 2 (stereo)
2025-06-17 08:09:47,509 - ConfigConverter - INFO - Ignoring <audio_bitrate>=128k (not supported for VORBIS in MediaConvert)
2025-06-17 08:09:47,509 - ConfigConverter - INFO - Audio parameters processed by custom audio settings handler
2025-06-17 08:09:47,509 - ConfigConverter - INFO - Mapped parameter: VCodecParameters=no → [DUMMY RULE]
2025-06-17 08:09:47,509 - ConfigConverter - INFO - Mapped parameter: acbr=None → [DUMMY RULE]
2025-06-17 08:09:47,509 - ConfigConverter - INFO - Mapped parameter: add_audio_only=None → [DUMMY RULE]
2025-06-17 08:09:47,509 - ConfigConverter - INFO - Mapped parameter: clipmode=None → [DUMMY RULE]
2025-06-17 08:09:47,509 - ConfigConverter - INFO - Mapped parameter: closed_captions.cc_extract_before=None → [DUMMY RULE]
2025-06-17 08:09:47,509 - ConfigConverter - INFO - Mapped parameter: closed_captions.direct_copy=None → [DUMMY RULE]
2025-06-17 08:09:47,509 - ConfigConverter - INFO - Mapped parameter: closed_captions.get_from_manifest=None → [DUMMY RULE]
2025-06-17 08:09:47,509 - ConfigConverter - INFO - Mapped parameter: closed_captions.ignore_cc_absence=None → [DUMMY RULE]
2025-06-17 08:09:47,509 - ConfigConverter - INFO - Mapped parameter: closed_captions.role=None → [DUMMY RULE]
2025-06-17 08:09:47,510 - ConfigConverter - INFO - Mapped parameter: closed_captions.vtt_split_segments=None → [DUMMY RULE]
2025-06-17 08:09:47,510 - ConfigConverter - INFO - Mapped parameter: drm=None → [DUMMY RULE]
2025-06-17 08:09:47,510 - ConfigConverter - INFO - Mapped parameter: encoder=None → [DUMMY RULE]
2025-06-17 08:09:47,510 - ConfigConverter - INFO - Mapped parameter: encryption=None → [DUMMY RULE]
2025-06-17 08:09:47,510 - ConfigConverter - INFO - Mapped parameter: hint=None → [DUMMY RULE]
2025-06-17 08:09:47,510 - ConfigConverter - INFO - Mapped parameter: pix_format=None → [DUMMY RULE]
2025-06-17 08:09:47,510 - ConfigConverter - INFO - Mapped parameter: set_video_duration=None → [DUMMY RULE]
2025-06-17 08:09:47,510 - ConfigConverter - INFO - Mapped parameter: strip_chapters=None → [DUMMY RULE]
2025-06-17 08:09:47,510 - ConfigConverter - INFO - Mapped parameter: video_codec_parameters.cmp=None → [DUMMY RULE]
2025-06-17 08:09:47,510 - ConfigConverter - INFO - Mapped parameter: video_codec_parameters.code=None → [DUMMY RULE]
2025-06-17 08:09:47,510 - ConfigConverter - INFO - Mapped parameter: video_codec_parameters.flags=None → [DUMMY RULE]
2025-06-17 08:09:47,510 - ConfigConverter - INFO - Mapped parameter: video_codec_parameters.flags2=None → [DUMMY RULE]
2025-06-17 08:09:47,510 - ConfigConverter - INFO - Mapped parameter: video_codec_parameters.i_qfactor=None → [DUMMY RULE]
2025-06-17 08:09:47,510 - ConfigConverter - INFO - Mapped parameter: video_codec_parameters.mbtree=None → [DUMMY RULE]
2025-06-17 08:09:47,510 - ConfigConverter - INFO - Mapped parameter: video_codec_parameters.me_method=None → [DUMMY RULE]
2025-06-17 08:09:47,510 - ConfigConverter - INFO - Mapped parameter: video_codec_parameters.me_range=None → [DUMMY RULE]
2025-06-17 08:09:47,510 - ConfigConverter - INFO - Mapped parameter: video_codec_parameters.qcomp=None → [DUMMY RULE]
2025-06-17 08:09:47,510 - ConfigConverter - INFO - Mapped parameter: video_codec_parameters.qdiff=None → [DUMMY RULE]
2025-06-17 08:09:47,510 - ConfigConverter - INFO - Mapped parameter: video_codec_parameters.subq=None → [DUMMY RULE]
2025-06-17 08:09:47,510 - ConfigConverter - INFO - Mapped parameter: video_codec_parameters.trellis=None → [DUMMY RULE]
2025-06-17 08:09:47,510 - ConfigConverter - INFO - Mapped parameter: video_codec_parameters.qmax=None → [DUMMY RULE]
2025-06-17 08:09:47,510 - ConfigConverter - INFO - Mapped parameter: video_codec_parameters.qmin=None → [DUMMY RULE]
2025-06-17 08:09:47,510 - ConfigConverter - INFO - Mapped parameter: closed_captions.forced=None → [DUMMY RULE]
2025-06-17 08:09:47,510 - ConfigConverter - INFO - Mapped parameter: file_extension=webm → [DUMMY RULE]
2025-06-17 08:09:47,510 - ConfigConverter - INFO - Mapped parameter: rotate=None → [DUMMY RULE]
2025-06-17 08:09:47,510 - ConfigConverter - INFO - Mapped parameter: main_source.type=None → [DUMMY RULE]
2025-06-17 08:09:47,510 - ConfigConverter - INFO - Mapped parameter: playlist_version=None → [DUMMY RULE]
2025-06-17 08:09:47,510 - ConfigConverter - INFO - Mapped parameter: video_only=None → [DUMMY RULE]
2025-06-17 08:09:47,510 - ConfigConverter - INFO - Mapped parameter: audio_only=None → [DUMMY RULE]
2025-06-17 08:09:47,510 - ConfigConverter - INFO - Mapped parameter: closed_captions.cea_data_field=None → [DUMMY RULE]
2025-06-17 08:09:47,510 - ConfigConverter - INFO - Mapped parameter: loudnorm_range=None → [DUMMY RULE]
2025-06-17 08:09:47,510 - ConfigConverter - INFO - Mapped parameter: pack_files=None → [DUMMY RULE]
2025-06-17 08:09:47,510 - ConfigConverter - INFO - Mapped parameter: pack_type=None → [DUMMY RULE]
2025-06-17 08:09:47,510 - ConfigConverter - INFO - Mapped parameter: pack_each_stream=None → [DUMMY RULE]
2025-06-17 08:09:47,510 - ConfigConverter - INFO - Mapped parameter: cmaf_conformant=None → [DUMMY RULE]
2025-06-17 08:09:47,510 - ConfigConverter - INFO - Mapped parameter: manifest.basename=None → [DUMMY RULE]
2025-06-17 08:09:47,510 - ConfigConverter - INFO - Mapped parameter: use_manifest=None → [DUMMY RULE]
2025-06-17 08:09:47,510 - ConfigConverter - INFO - Mapped parameter: use_main_source=None → [DUMMY RULE]
2025-06-17 08:09:47,510 - ConfigConverter - INFO - Mapped parameter: use_alternate_source=None → [DUMMY RULE]
2025-06-17 08:09:47,510 - ConfigConverter - INFO - Mapped parameter: AdditionalCfDestination=None → [DUMMY RULE]
2025-06-17 08:09:47,511 - ConfigConverter - INFO - Mapped parameter: framerate_upper_threshold=None → [DUMMY RULE]
2025-06-17 08:09:47,511 - ConfigConverter - INFO - Mapped parameter: segmenter=None → [DUMMY RULE]
2025-06-17 08:09:47,511 - ConfigConverter - INFO - Mapped parameter: copy_nielsen_metadata=None → [DUMMY RULE]
2025-06-17 08:09:47,511 - ConfigConverter - INFO - Mapped parameter: metadata.copy=None → [DUMMY RULE]
2025-06-17 08:09:47,511 - ConfigConverter - INFO - Mapped parameter: refs=None → [DUMMY RULE]
2025-06-17 08:09:47,511 - ConfigConverter - INFO - Mapped parameter: reduce_structural_overhead=None → [DUMMY RULE]
2025-06-17 08:09:47,511 - ConfigConverter - INFO - Mapped parameter: video_codec_parameters.nal-hrd=None → [DUMMY RULE]
2025-06-17 08:09:47,511 - ConfigConverter - INFO - Mapped parameter: nal-hrd=None → [DUMMY RULE]
2025-06-17 08:09:47,511 - ConfigConverter - INFO - Mapped parameter: timescale=None → [DUMMY RULE]
2025-06-17 08:09:47,511 - ConfigConverter - INFO - Mapped parameter: video_codec_parameters.transfer_characteristics=None → [DUMMY RULE]
2025-06-17 08:09:47,511 - ConfigConverter - INFO - Mapped parameter: metadata_copy=None → [DUMMY RULE]
2025-06-17 08:09:47,511 - ConfigConverter - INFO - Mapped parameter: video_codec_parameters.partitions=None → [DUMMY RULE]
2025-06-17 08:09:47,511 - ConfigConverter - INFO - Skipping already processed parameter: output=webm
2025-06-17 08:09:47,511 - ConfigConverter - INFO - Found 1 rules for parameter: video_codec=libvpx
2025-06-17 08:09:47,511 - ConfigConverter - INFO - Processing rule for video_codec, value: libvpx
2025-06-17 08:09:47,511 - ConfigConverter - INFO - Applying transformation video_codec_format to libvpx
2025-06-17 08:09:47,511 - ConfigConverter - INFO - Transformed libvpx using video_codec_format to VP9
2025-06-17 08:09:47,511 - ConfigConverter - INFO - Mapped parameter: video_codec=libvpx → Settings.OutputGroups[0].Outputs[0].VideoDescription.CodecSettings.Codec=VP9
2025-06-17 08:09:47,511 - ConfigConverter - INFO - Skipping already processed parameter: bitrate=674k
2025-06-17 08:09:47,511 - ConfigConverter - INFO - Found 2 rules for parameter: size=512x288
2025-06-17 08:09:47,511 - ConfigConverter - INFO - Processing rule for size, value: 512x288
2025-06-17 08:09:47,511 - ConfigConverter - INFO - Regex transformed 512x288 to 512 using pattern (\d+)x([1-9]\d*)
2025-06-17 08:09:47,511 - ConfigConverter - INFO - Mapped parameter: size=512x288 → Settings.OutputGroups[0].Outputs[0].VideoDescription.Width=512
2025-06-17 08:09:47,511 - ConfigConverter - INFO - Regex transformed 512x288 to 288 using pattern (\d+)x([1-9]\d*)
2025-06-17 08:09:47,511 - ConfigConverter - INFO - Mapped parameter: size=512x288 → Settings.OutputGroups[0].Outputs[0].VideoDescription.Height=288
2025-06-17 08:09:47,511 - ConfigConverter - INFO - Processing rule for size, value: 512x288
2025-06-17 08:09:47,511 - ConfigConverter - INFO - Regex pattern (\d+)x0 did not match 512x288 for size
2025-06-17 08:09:47,511 - ConfigConverter - INFO - Regex pattern (\d+)x0 did not match 512x288 for size
2025-06-17 08:09:47,511 - ConfigConverter - INFO - Found 2 rules for parameter: two_pass=yes
2025-06-17 08:09:47,511 - ConfigConverter - INFO - Processing rule for two_pass, value: yes
2025-06-17 08:09:47,511 - ConfigConverter - INFO - Condition using source_path video_codec, value: libvpx
2025-06-17 08:09:47,511 - ConfigConverter - INFO - Condition evaluation: in libvpx ['mpeg4', 'libx264'] = False
2025-06-17 08:09:47,511 - ConfigConverter - INFO - Source condition evaluation for two_pass: False
2025-06-17 08:09:47,511 - ConfigConverter - INFO - Skipping rule for two_pass=yes due to source condition not matching
2025-06-17 08:09:47,511 - ConfigConverter - INFO - Processing rule for two_pass, value: yes
2025-06-17 08:09:47,511 - ConfigConverter - INFO - Condition using source_path video_codec, value: libvpx
2025-06-17 08:09:47,511 - ConfigConverter - INFO - Condition evaluation: in libvpx ['libvpx'] = True
2025-06-17 08:09:47,511 - ConfigConverter - INFO - Source condition evaluation for two_pass: True
2025-06-17 08:09:47,511 - ConfigConverter - INFO - Applying transformation two_pass_format to yes
2025-06-17 08:09:47,511 - ConfigConverter - INFO - Transformed yes using two_pass_format to MULTI_PASS_HQ
2025-06-17 08:09:47,511 - ConfigConverter - INFO - Mapped parameter: two_pass=yes → Settings.OutputGroups[0].Outputs[0].VideoDescription.CodecSettings.Vp9Settings.QualityTuningLevel=MULTI_PASS_HQ
2025-06-17 08:09:47,512 - ConfigConverter - INFO - Skipping already processed parameter: audio_codec=libvorbis
2025-06-17 08:09:47,512 - ConfigConverter - INFO - Skipping already processed parameter: audio_bitrate=128k
2025-06-17 08:09:47,512 - ConfigConverter - INFO - Found 3 rules for parameter: audio_channels_number=2
2025-06-17 08:09:47,512 - ConfigConverter - INFO - Processing rule for audio_channels_number, value: 2
2025-06-17 08:09:47,512 - ConfigConverter - INFO - Condition using source_path audio_codec, value: libvorbis
2025-06-17 08:09:47,512 - ConfigConverter - INFO - Condition evaluation: in libvorbis ['dolby_aac', 'dolby_heaac', 'libfaac'] = False
2025-06-17 08:09:47,512 - ConfigConverter - INFO - Source condition evaluation for audio_channels_number: False
2025-06-17 08:09:47,512 - ConfigConverter - INFO - Skipping rule for audio_channels_number=2 due to source condition not matching
2025-06-17 08:09:47,512 - ConfigConverter - INFO - Processing rule for audio_channels_number, value: 2
2025-06-17 08:09:47,512 - ConfigConverter - INFO - Condition using source_path audio_codec, value: libvorbis
2025-06-17 08:09:47,512 - ConfigConverter - INFO - Condition evaluation: eq libvorbis ac3 = False
2025-06-17 08:09:47,512 - ConfigConverter - INFO - Source condition evaluation for audio_channels_number: False
2025-06-17 08:09:47,512 - ConfigConverter - INFO - Skipping rule for audio_channels_number=2 due to source condition not matching
2025-06-17 08:09:47,512 - ConfigConverter - INFO - Processing rule for audio_channels_number, value: 2
2025-06-17 08:09:47,512 - ConfigConverter - INFO - Condition using source_path audio_codec, value: libvorbis
2025-06-17 08:09:47,512 - ConfigConverter - INFO - Condition evaluation: eq libvorbis libvpx = False
2025-06-17 08:09:47,512 - ConfigConverter - INFO - Source condition evaluation for audio_channels_number: False
2025-06-17 08:09:47,512 - ConfigConverter - INFO - Skipping rule for audio_channels_number=2 due to source condition not matching
2025-06-17 08:09:47,512 - ConfigConverter - INFO - Skipping already processed parameter: audio_sample_rate=48000
2025-06-17 08:09:47,512 - ConfigConverter - INFO - Found 2 rules for parameter: profile=baseline
2025-06-17 08:09:47,512 - ConfigConverter - INFO - Processing rule for profile, value: baseline
2025-06-17 08:09:47,512 - ConfigConverter - INFO - Condition using source_path video_codec, value: libvpx
2025-06-17 08:09:47,512 - ConfigConverter - INFO - Condition evaluation: in libvpx ['mpeg4', 'libx264'] = False
2025-06-17 08:09:47,512 - ConfigConverter - INFO - Source condition evaluation for profile: False
2025-06-17 08:09:47,512 - ConfigConverter - INFO - Skipping rule for profile=baseline due to source condition not matching
2025-06-17 08:09:47,512 - ConfigConverter - INFO - Processing rule for profile, value: baseline
2025-06-17 08:09:47,512 - ConfigConverter - INFO - Evaluating AND condition with 2 subconditions
2025-06-17 08:09:47,512 - ConfigConverter - INFO - Condition using source_path video_codec, value: libvpx
2025-06-17 08:09:47,512 - ConfigConverter - INFO - Condition evaluation: in libvpx ['mpeg4', 'libx264'] = False
2025-06-17 08:09:47,512 - ConfigConverter - INFO - AND condition result: False
2025-06-17 08:09:47,512 - ConfigConverter - INFO - Source condition evaluation for profile: False
2025-06-17 08:09:47,512 - ConfigConverter - INFO - Skipping rule for profile=baseline due to source condition not matching
2025-06-17 08:09:47,512 - ConfigConverter - INFO - Skipping already processed parameter: VCodecParameters=no
2025-06-17 08:09:47,512 - ConfigConverter - INFO - Skipping already processed parameter: file_extension=webm
2025-06-17 08:09:47,512 - ConfigConverter - INFO - Found 4 rules for parameter: destination=http://test_url.s3.amazonaws.com/encoding.com.output/mock_mock_output_rendition_name_11111_99.webm?acl=public-read
2025-06-17 08:09:47,512 - ConfigConverter - INFO - Processing rule for destination, value: http://test_url.s3.amazonaws.com/encoding.com.output/mock_mock_output_rendition_name_11111_99.webm?acl=public-read
2025-06-17 08:09:47,512 - ConfigConverter - INFO - Condition using source_path output, value: webm
2025-06-17 08:09:47,512 - ConfigConverter - INFO - Condition evaluation: eq webm mp4 = False
2025-06-17 08:09:47,512 - ConfigConverter - INFO - Source condition evaluation for destination: False
2025-06-17 08:09:47,512 - ConfigConverter - INFO - Skipping rule for destination=http://test_url.s3.amazonaws.com/encoding.com.output/mock_mock_output_rendition_name_11111_99.webm?acl=public-read due to source condition not matching
2025-06-17 08:09:47,512 - ConfigConverter - INFO - Processing rule for destination, value: http://test_url.s3.amazonaws.com/encoding.com.output/mock_mock_output_rendition_name_11111_99.webm?acl=public-read
2025-06-17 08:09:47,512 - ConfigConverter - INFO - Condition using source_path output, value: webm
2025-06-17 08:09:47,512 - ConfigConverter - INFO - Condition evaluation: eq webm advanced_hls = False
2025-06-17 08:09:47,512 - ConfigConverter - INFO - Source condition evaluation for destination: False
2025-06-17 08:09:47,512 - ConfigConverter - INFO - Skipping rule for destination=http://test_url.s3.amazonaws.com/encoding.com.output/mock_mock_output_rendition_name_11111_99.webm?acl=public-read due to source condition not matching
2025-06-17 08:09:47,513 - ConfigConverter - INFO - Processing rule for destination, value: http://test_url.s3.amazonaws.com/encoding.com.output/mock_mock_output_rendition_name_11111_99.webm?acl=public-read
2025-06-17 08:09:47,513 - ConfigConverter - INFO - Condition using source_path output, value: webm
2025-06-17 08:09:47,513 - ConfigConverter - INFO - Condition evaluation: in webm ['advanced_dash', 'mpeg_dash'] = False
2025-06-17 08:09:47,513 - ConfigConverter - INFO - Source condition evaluation for destination: False
2025-06-17 08:09:47,513 - ConfigConverter - INFO - Skipping rule for destination=http://test_url.s3.amazonaws.com/encoding.com.output/mock_mock_output_rendition_name_11111_99.webm?acl=public-read due to source condition not matching
2025-06-17 08:09:47,513 - ConfigConverter - INFO - Processing rule for destination, value: http://test_url.s3.amazonaws.com/encoding.com.output/mock_mock_output_rendition_name_11111_99.webm?acl=public-read
2025-06-17 08:09:47,513 - ConfigConverter - INFO - Condition using source_path output, value: webm
2025-06-17 08:09:47,513 - ConfigConverter - INFO - Condition evaluation: in webm ['fmp4_hls', 'advanced_fmp4'] = False
2025-06-17 08:09:47,513 - ConfigConverter - INFO - Source condition evaluation for destination: False
2025-06-17 08:09:47,513 - ConfigConverter - INFO - Skipping rule for destination=http://test_url.s3.amazonaws.com/encoding.com.output/mock_mock_output_rendition_name_11111_99.webm?acl=public-read due to source condition not matching
2025-06-17 08:09:47,513 - ConfigConverter - INFO - Conversion summary for /home/ec2-user/e2mc_assistant/encoding_profiles/webm/99.xml:
2025-06-17 08:09:47,513 - ConfigConverter - INFO -   - Total parameters: 65
2025-06-17 08:09:47,513 - ConfigConverter - INFO -   - Mapped parameters: 65 (100.0%)
2025-06-17 08:09:47,513 - ConfigConverter - INFO -   - Unmapped parameters: 0 (0.0%)
2025-06-17 08:09:47,513 - ConfigConverter - INFO - Added missing NameModifier: _mc
2025-06-17 08:09:47,513 - ConfigConverter - INFO - Successfully converted /home/ec2-user/e2mc_assistant/encoding_profiles/webm/99.xml to /home/ec2-user/e2mc_assistant/tranformed_mc_profiles/webm/99.json
2025-06-17 08:09:47,514 - ConfigConverter - INFO - Validating /home/ec2-user/e2mc_assistant/tranformed_mc_profiles/webm/99.json against schema /home/ec2-user/e2mc_assistant/utils/mc_config_validator/mc_setting_schema.json
2025-06-17 08:09:47,514 - ConfigConverter - INFO - Validation successful for /home/ec2-user/e2mc_assistant/tranformed_mc_profiles/webm/99.json
