Error submitting MediaConvert job for 646
Timestamp: 2025-05-28T09:53:30.891560

Error message: Parameter validation failed:
Missing required parameter in input: "Role"

Job settings:
{
  "Settings": {
    "TimecodeConfig": {
      "Source": "ZEROBASED"
    },
    "OutputGroups": [
      {
        "Name": "CMAF",
        "Outputs": [
          {
            "ContainerSettings": {
              "Container": "CMFC"
            },
            "VideoDescription": {
              "Width": 1024,
              "Height": 576,
              "VideoPreprocessors": {
                "Deinterlacer": {}
              },
              "CodecSettings": {
                "Codec": "H_264",
                "H264Settings": {
                  "FramerateDenominator": 1001,
                  "GopSize": 60,
                  "Bitrate": 1850000,
                  "FramerateControl": "SPECIFIED",
                  "RateControlMode": "VBR",
                  "CodecProfile": "MAIN",
                  "FramerateNumerator": 30000,
                  "CodecLevel": "LEVEL_3_1",
                  "SceneChangeDetect": "ENABLED",
                  "GopSizeUnits": "FRAMES"
                }
              }
            },
            "NameModifier": "_1850k_cmaf"
          },
          {
            "ContainerSettings": {
              "Container": "CMFC"
            },
            "VideoDescription": {
              "Width": 1920,
              "Height": 1080,
              "VideoPreprocessors": {
                "Deinterlacer": {}
              },
              "CodecSettings": {
                "Codec": "H_264",
                "H264Settings": {
                  "FramerateDenominator": 1001,
                  "GopSize": 60,
                  "Bitrate": 7830000,
                  "FramerateControl": "SPECIFIED",
                  "RateControlMode": "VBR",
                  "CodecProfile": "HIGH",
                  "FramerateNumerator": 30000,
                  "CodecLevel": "LEVEL_4",
                  "SceneChangeDetect": "ENABLED",
                  "GopSizeUnits": "FRAMES"
                }
              }
            },
            "NameModifier": "_7830k_cmaf"
          },
          {
            "ContainerSettings": {
              "Container": "CMFC"
            },
            "VideoDescription": {
              "Width": 1280,
              "Height": 720,
              "VideoPreprocessors": {
                "Deinterlacer": {}
              },
              "CodecSettings": {
                "Codec": "H_264",
                "H264Settings": {
                  "FramerateDenominator": 1001,
                  "GopSize": 60,
                  "Bitrate": 4830000,
                  "FramerateControl": "SPECIFIED",
                  "RateControlMode": "VBR",
                  "CodecProfile": "HIGH",
                  "FramerateNumerator": 30000,
                  "CodecLevel": "LEVEL_3_1",
                  "SceneChangeDetect": "ENABLED",
                  "GopSizeUnits": "FRAMES"
                }
              }
            },
            "NameModifier": "_4830k_cmaf"
          },
          {
            "ContainerSettings": {
              "Container": "CMFC"
            },
            "VideoDescription": {
              "Width": 1280,
              "Height": 720,
              "VideoPreprocessors": {
                "Deinterlacer": {}
              },
              "CodecSettings": {
                "Codec": "H_264",
                "H264Settings": {
                  "FramerateDenominator": 1001,
                  "GopSize": 60,
                  "Bitrate": 3000000,
                  "FramerateControl": "SPECIFIED",
                  "RateControlMode": "VBR",
                  "CodecProfile": "HIGH",
                  "FramerateNumerator": 30000,
                  "CodecLevel": "LEVEL_3_1",
                  "SceneChangeDetect": "ENABLED",
                  "GopSizeUnits": "FRAMES"
                }
              }
            },
            "NameModifier": "_3000k_cmaf"
          },
          {
            "ContainerSettings": {
              "Container": "CMFC"
            },
            "VideoDescription": {
              "Width": 786,
              "Height": 432,
              "VideoPreprocessors": {
                "Deinterlacer": {}
              },
              "CodecSettings": {
                "Codec": "H_264",
                "H264Settings": {
                  "FramerateDenominator": 1001,
                  "GopSize": 60,
                  "Bitrate": 860000,
                  "FramerateControl": "SPECIFIED",
                  "RateControlMode": "VBR",
                  "CodecProfile": "MAIN",
                  "FramerateNumerator": 30000,
                  "CodecLevel": "LEVEL_3",
                  "SceneChangeDetect": "ENABLED",
                  "GopSizeUnits": "FRAMES"
                }
              }
            },
            "NameModifier": "_860k_cmaf"
          },
          {
            "ContainerSettings": {
              "Container": "CMFC"
            },
            "VideoDescription": {
              "Width": 512,
              "Height": 288,
              "VideoPreprocessors": {
                "Deinterlacer": {}
              },
              "CodecSettings": {
                "Codec": "H_264",
                "H264Settings": {
                  "FramerateDenominator": 1001,
                  "GopSize": 60,
                  "Bitrate": 350000,
                  "FramerateControl": "SPECIFIED",
                  "RateControlMode": "VBR",
                  "CodecProfile": "MAIN",
                  "FramerateNumerator": 30000,
                  "CodecLevel": "LEVEL_2_1",
                  "SceneChangeDetect": "ENABLED",
                  "GopSizeUnits": "FRAMES"
                }
              }
            },
            "NameModifier": "_350k_cmaf"
          },
          {
            "ContainerSettings": {
              "Container": "CMFC",
              "CmfcSettings": {}
            },
            "VideoDescription": {
              "Width": 256,
              "Height": 144,
              "VideoPreprocessors": {
                "Deinterlacer": {}
              },
              "CodecSettings": {
                "Codec": "H_264",
                "H264Settings": {
                  "FramerateDenominator": 1001,
                  "GopSize": 60,
                  "Bitrate": 90000,
                  "FramerateControl": "SPECIFIED",
                  "RateControlMode": "VBR",
                  "CodecProfile": "MAIN",
                  "FramerateNumerator": 30000,
                  "CodecLevel": "LEVEL_1_2",
                  "SceneChangeDetect": "ENABLED",
                  "GopSizeUnits": "FRAMES"
                }
              }
            },
            "NameModifier": "_90k_cmaf"
          },
          {
            "ContainerSettings": {
              "Container": "CMFC",
              "CmfcSettings": {
                "AudioGroupId": "aac_stereo",
                "AudioTrackType": "ALTERNATE_AUDIO_AUTO_SELECT_DEFAULT"
              }
            },
            "AudioDescriptions": [
              {
                "AudioSourceName": "Audio Selector 1",
                "AudioNormalizationSettings": {
                  "LoudnessLogging": "DONT_LOG",
                  "TargetLkfs": -24,
                  "TruePeakLimiterThreshold": -2
                },
                "CodecSettings": {
                  "Codec": "AAC",
                  "AacSettings": {
                    "AudioDescriptionBroadcasterMix": "NORMAL",
                    "Bitrate": 96000,
                    "CodingMode": "CODING_MODE_2_0",
                    "SampleRate": 48000
                  }
                },
                "StreamName": "English",
                "LanguageCode": "ENG"
              }
            ],
            "NameModifier": "_layer_stereo_cmaf_en"
          },
          {
            "ContainerSettings": {
              "Container": "CMFC",
              "CmfcSettings": {
                "AudioGroupId": "eac3",
                "AudioTrackType": "ALTERNATE_AUDIO_AUTO_SELECT"
              }
            },
            "AudioDescriptions": [
              {
                "AudioSourceName": "Audio Selector 1",
                "AudioNormalizationSettings": {
                  "LoudnessLogging": "DONT_LOG",
                  "TargetLkfs": -24,
                  "TruePeakLimiterThreshold": -2
                },
                "CodecSettings": {
                  "Codec": "EAC3",
                  "Eac3Settings": {
                    "Bitrate": 192000
                  }
                },
                "StreamName": "English",
                "LanguageCode": "ENG"
              }
            ],
            "NameModifier": "_layer_surround_cmaf_en"
          },
          {
            "ContainerSettings": {
              "Container": "CMFC",
              "CmfcSettings": {
                "AudioGroupId": "aac_stereo",
                "AudioTrackType": "ALTERNATE_AUDIO_AUTO_SELECT"
              }
            },
            "AudioDescriptions": [
              {
                "AudioSourceName": "Audio Selector 2",
                "AudioNormalizationSettings": {
                  "LoudnessLogging": "DONT_LOG",
                  "TargetLkfs": -24,
                  "TruePeakLimiterThreshold": -2
                },
                "CodecSettings": {
                  "Codec": "AAC",
                  "AacSettings": {
                    "AudioDescriptionBroadcasterMix": "NORMAL",
                    "Bitrate": 96000,
                    "CodingMode": "CODING_MODE_2_0",
                    "SampleRate": 48000
                  }
                },
                "StreamName": "Spanish",
                "LanguageCode": "SPA"
              }
            ],
            "NameModifier": "_layer_stereo_cmaf_es"
          },
          {
            "ContainerSettings": {
              "Container": "CMFC",
              "CmfcSettings": {
                "AudioGroupId": "eac3",
                "AudioTrackType": "ALTERNATE_AUDIO_AUTO_SELECT"
              }
            },
            "AudioDescriptions": [
              {
                "AudioSourceName": "Audio Selector 2",
                "AudioNormalizationSettings": {
                  "LoudnessLogging": "DONT_LOG",
                  "TargetLkfs": -24,
                  "TruePeakLimiterThreshold": -2
                },
                "CodecSettings": {
                  "Codec": "EAC3",
                  "Eac3Settings": {
                    "Bitrate": 192000
                  }
                },
                "StreamName": "Spanish",
                "LanguageCode": "SPA"
              }
            ],
            "NameModifier": "_layer_surround_cmaf_es"
          }
        ],
        "OutputGroupSettings": {
          "Type": "CMAF_GROUP_SETTINGS",
          "CmafGroupSettings": {
            "WriteDashManifest": "DISABLED",
            "SegmentLength": 6,
            "Destination": "s3://fw-mc-test/fmp4_hls/646/",
            "FragmentLength": 2,
            "SegmentControl": "SEGMENTED_FILES",
            "ManifestDurationFormat": "FLOATING_POINT",
            "MinFinalSegmentLength": 1,
            "ManifestCompression": "NONE"
          }
        }
      }
    ],
    "FollowSource": 1,
    "Inputs": [
      {
        "AudioSelectors": {
          "Audio Selector 1": {
            "DefaultSelection": "DEFAULT",
            "SelectorType": "LANGUAGE_CODE",
            "LanguageCode": "ENG"
          },
          "Audio Selector 2": {
            "SelectorType": "LANGUAGE_CODE",
            "LanguageCode": "SPA"
          }
        },
        "VideoSelector": {},
        "TimecodeSource": "ZEROBASED",
        "FileInput": "s3://fw-mc-test/fmp4_hls/646/646_795737585_source.mp4"
      }
    ]
  },
  "AccelerationSettings": {
    "Mode": "PREFERRED"
  }
}