2025-06-17 06:42:02,942 - ConfigConverter - INFO - Starting conversion of /home/ec2-user/e2mc_assistant/encoding_profiles/mpegts/1039.xml
2025-06-17 06:42:02,942 - ConfigConverter - INFO - Set container to M2TS based on output format: mpegts
2025-06-17 06:42:02,942 - ConfigConverter - INFO - Added M2tsSettings to container settings
2025-06-17 06:42:02,942 - ConfigConverter - INFO - Using H264Settings for video_codec=libx264
2025-06-17 06:42:02,942 - ConfigConverter - INFO - Set RateControlMode to CBR because <cbr>=yes
2025-06-17 06:42:02,942 - ConfigConverter - INFO - Set Bitrate to 5000000 from <bitrate>=5000k
2025-06-17 06:42:02,942 - ConfigConverter - INFO - Parameter cbr processed by custom rate control handler
2025-06-17 06:42:02,943 - ConfigConverter - INFO - Parameter bitrate processed by custom rate control handler
2025-06-17 06:42:02,943 - ConfigConverter - INFO - Set AudioDescriptions[0].CodecSettings.Codec to AAC from <audio_codec>=dolby_heaacv2
2025-06-17 06:42:02,943 - ConfigConverter - INFO - Set AudioDescriptions[0].CodecSettings.AacSettings.Bitrate to default value 96000
2025-06-17 06:42:02,943 - ConfigConverter - INFO - Set AudioDescriptions[0].CodecSettings.AacSettings.SampleRate to default value 48000
2025-06-17 06:42:02,943 - ConfigConverter - INFO - Set AudioDescriptions[0].CodecSettings.AacSettings.CodingMode to CODING_MODE_2_0 (default stereo)
2025-06-17 06:42:02,943 - ConfigConverter - INFO - Set AudioDescriptions[0].CodecSettings.AacSettings.Bitrate to 160000 from <audio_bitrate>=160k
2025-06-17 06:42:02,943 - ConfigConverter - INFO - Set AudioDescriptions[0].CodecSettings.AacSettings.SampleRate to 48000 from <audio_sample_rate>=48000
2025-06-17 06:42:02,943 - ConfigConverter - INFO - Audio parameters processed by custom audio settings handler
2025-06-17 06:42:02,943 - ConfigConverter - INFO - Mapped parameter: VCodecParameters=None → [DUMMY RULE]
2025-06-17 06:42:02,943 - ConfigConverter - INFO - Mapped parameter: acbr=None → [DUMMY RULE]
2025-06-17 06:42:02,943 - ConfigConverter - INFO - Mapped parameter: add_audio_only=None → [DUMMY RULE]
2025-06-17 06:42:02,943 - ConfigConverter - INFO - Mapped parameter: clipmode=None → [DUMMY RULE]
2025-06-17 06:42:02,943 - ConfigConverter - INFO - Mapped parameter: closed_captions.cc_extract_before=None → [DUMMY RULE]
2025-06-17 06:42:02,943 - ConfigConverter - INFO - Mapped parameter: closed_captions.direct_copy=None → [DUMMY RULE]
2025-06-17 06:42:02,943 - ConfigConverter - INFO - Mapped parameter: closed_captions.get_from_manifest=None → [DUMMY RULE]
2025-06-17 06:42:02,943 - ConfigConverter - INFO - Mapped parameter: closed_captions.ignore_cc_absence=None → [DUMMY RULE]
2025-06-17 06:42:02,943 - ConfigConverter - INFO - Mapped parameter: closed_captions.role=None → [DUMMY RULE]
2025-06-17 06:42:02,943 - ConfigConverter - INFO - Mapped parameter: closed_captions.vtt_split_segments=None → [DUMMY RULE]
2025-06-17 06:42:02,943 - ConfigConverter - INFO - Mapped parameter: drm=None → [DUMMY RULE]
2025-06-17 06:42:02,943 - ConfigConverter - INFO - Mapped parameter: encoder=None → [DUMMY RULE]
2025-06-17 06:42:02,943 - ConfigConverter - INFO - Mapped parameter: encryption=None → [DUMMY RULE]
2025-06-17 06:42:02,943 - ConfigConverter - INFO - Mapped parameter: hint=None → [DUMMY RULE]
2025-06-17 06:42:02,943 - ConfigConverter - INFO - Mapped parameter: pix_format=None → [DUMMY RULE]
2025-06-17 06:42:02,943 - ConfigConverter - INFO - Mapped parameter: set_video_duration=None → [DUMMY RULE]
2025-06-17 06:42:02,943 - ConfigConverter - INFO - Mapped parameter: strip_chapters=None → [DUMMY RULE]
2025-06-17 06:42:02,943 - ConfigConverter - INFO - Mapped parameter: video_codec_parameters.cmp=None → [DUMMY RULE]
2025-06-17 06:42:02,943 - ConfigConverter - INFO - Mapped parameter: video_codec_parameters.code=None → [DUMMY RULE]
2025-06-17 06:42:02,943 - ConfigConverter - INFO - Mapped parameter: video_codec_parameters.flags=None → [DUMMY RULE]
2025-06-17 06:42:02,943 - ConfigConverter - INFO - Mapped parameter: video_codec_parameters.flags2=None → [DUMMY RULE]
2025-06-17 06:42:02,943 - ConfigConverter - INFO - Mapped parameter: video_codec_parameters.i_qfactor=None → [DUMMY RULE]
2025-06-17 06:42:02,944 - ConfigConverter - INFO - Mapped parameter: video_codec_parameters.mbtree=None → [DUMMY RULE]
2025-06-17 06:42:02,944 - ConfigConverter - INFO - Mapped parameter: video_codec_parameters.me_method=None → [DUMMY RULE]
2025-06-17 06:42:02,944 - ConfigConverter - INFO - Mapped parameter: video_codec_parameters.me_range=None → [DUMMY RULE]
2025-06-17 06:42:02,944 - ConfigConverter - INFO - Mapped parameter: video_codec_parameters.qcomp=None → [DUMMY RULE]
2025-06-17 06:42:02,944 - ConfigConverter - INFO - Mapped parameter: video_codec_parameters.qdiff=None → [DUMMY RULE]
2025-06-17 06:42:02,944 - ConfigConverter - INFO - Mapped parameter: video_codec_parameters.subq=None → [DUMMY RULE]
2025-06-17 06:42:02,944 - ConfigConverter - INFO - Mapped parameter: video_codec_parameters.trellis=None → [DUMMY RULE]
2025-06-17 06:42:02,944 - ConfigConverter - INFO - Mapped parameter: video_codec_parameters.qmax=None → [DUMMY RULE]
2025-06-17 06:42:02,944 - ConfigConverter - INFO - Mapped parameter: video_codec_parameters.qmin=None → [DUMMY RULE]
2025-06-17 06:42:02,944 - ConfigConverter - INFO - Mapped parameter: closed_captions.forced=None → [DUMMY RULE]
2025-06-17 06:42:02,944 - ConfigConverter - INFO - Mapped parameter: file_extension=None → [DUMMY RULE]
2025-06-17 06:42:02,944 - ConfigConverter - INFO - Mapped parameter: rotate=None → [DUMMY RULE]
2025-06-17 06:42:02,944 - ConfigConverter - INFO - Mapped parameter: main_source.type=None → [DUMMY RULE]
2025-06-17 06:42:02,944 - ConfigConverter - INFO - Mapped parameter: playlist_version=None → [DUMMY RULE]
2025-06-17 06:42:02,944 - ConfigConverter - INFO - Mapped parameter: video_only=None → [DUMMY RULE]
2025-06-17 06:42:02,944 - ConfigConverter - INFO - Mapped parameter: audio_only=None → [DUMMY RULE]
2025-06-17 06:42:02,944 - ConfigConverter - INFO - Mapped parameter: closed_captions.cea_data_field=None → [DUMMY RULE]
2025-06-17 06:42:02,944 - ConfigConverter - INFO - Mapped parameter: loudnorm_range=None → [DUMMY RULE]
2025-06-17 06:42:02,944 - ConfigConverter - INFO - Mapped parameter: pack_files=None → [DUMMY RULE]
2025-06-17 06:42:02,944 - ConfigConverter - INFO - Mapped parameter: pack_type=None → [DUMMY RULE]
2025-06-17 06:42:02,944 - ConfigConverter - INFO - Mapped parameter: pack_each_stream=None → [DUMMY RULE]
2025-06-17 06:42:02,944 - ConfigConverter - INFO - Mapped parameter: cmaf_conformant=None → [DUMMY RULE]
2025-06-17 06:42:02,944 - ConfigConverter - INFO - Mapped parameter: manifest.basename=None → [DUMMY RULE]
2025-06-17 06:42:02,944 - ConfigConverter - INFO - Mapped parameter: use_manifest=None → [DUMMY RULE]
2025-06-17 06:42:02,944 - ConfigConverter - INFO - Mapped parameter: use_main_source=None → [DUMMY RULE]
2025-06-17 06:42:02,944 - ConfigConverter - INFO - Mapped parameter: use_alternate_source=None → [DUMMY RULE]
2025-06-17 06:42:02,944 - ConfigConverter - INFO - Mapped parameter: AdditionalCfDestination=None → [DUMMY RULE]
2025-06-17 06:42:02,944 - ConfigConverter - INFO - Mapped parameter: framerate_upper_threshold=None → [DUMMY RULE]
2025-06-17 06:42:02,944 - ConfigConverter - INFO - Mapped parameter: segmenter=None → [DUMMY RULE]
2025-06-17 06:42:02,944 - ConfigConverter - INFO - Mapped parameter: copy_nielsen_metadata=None → [DUMMY RULE]
2025-06-17 06:42:02,944 - ConfigConverter - INFO - Mapped parameter: metadata.copy=None → [DUMMY RULE]
2025-06-17 06:42:02,944 - ConfigConverter - INFO - Mapped parameter: refs=None → [DUMMY RULE]
2025-06-17 06:42:02,944 - ConfigConverter - INFO - Mapped parameter: reduce_structural_overhead=None → [DUMMY RULE]
2025-06-17 06:42:02,944 - ConfigConverter - INFO - Mapped parameter: video_codec_parameters.nal-hrd=None → [DUMMY RULE]
2025-06-17 06:42:02,944 - ConfigConverter - INFO - Mapped parameter: nal-hrd=cbr → [DUMMY RULE]
2025-06-17 06:42:02,944 - ConfigConverter - INFO - Mapped parameter: timescale=None → [DUMMY RULE]
2025-06-17 06:42:02,944 - ConfigConverter - INFO - Mapped parameter: video_codec_parameters.transfer_characteristics=None → [DUMMY RULE]
2025-06-17 06:42:02,945 - ConfigConverter - INFO - Mapped parameter: metadata_copy=None → [DUMMY RULE]
2025-06-17 06:42:02,945 - ConfigConverter - INFO - Mapped parameter: video_codec_parameters.partitions=None → [DUMMY RULE]
2025-06-17 06:42:02,945 - ConfigConverter - INFO - Found 1 rules for parameter: closed_captions.mux_type=dvb
2025-06-17 06:42:02,945 - ConfigConverter - INFO - Processing rule for closed_captions.mux_type, value: dvb
2025-06-17 06:42:02,945 - ConfigConverter - INFO - Applying transformation caption_mux_type_format to dvb
2025-06-17 06:42:02,945 - ConfigConverter - INFO - Transformed dvb using caption_mux_type_format to DVB_SUB
2025-06-17 06:42:02,945 - ConfigConverter - INFO - Mapped parameter: closed_captions.mux_type=dvb → Settings.OutputGroups[0].Outputs[0].CaptionDescriptions[0].DestinationSettings.DestinationType=DVB_SUB
2025-06-17 06:42:02,945 - ConfigConverter - INFO - Found 1 rules for parameter: closed_captions.font_source=https://dvbsubtitlefonts.channel4.com/TiresiasScreenfont.ttf
2025-06-17 06:42:02,945 - ConfigConverter - INFO - Processing rule for closed_captions.font_source, value: https://dvbsubtitlefonts.channel4.com/TiresiasScreenfont.ttf
2025-06-17 06:42:02,945 - ConfigConverter - INFO - Mapped parameter: closed_captions.font_source=https://dvbsubtitlefonts.channel4.com/TiresiasScreenfont.ttf → Settings.OutputGroups[0].Outputs[0].CaptionDescriptions[0].DestinationSettings.BurninDestinationSettings.FontFileRegular=https://dvbsubtitlefonts.channel4.com/TiresiasScreenfont.ttf
2025-06-17 06:42:02,945 - ConfigConverter - INFO - Using static value: BURN_IN
2025-06-17 06:42:02,945 - ConfigConverter - INFO - Mapped parameter: closed_captions.font_source=https://dvbsubtitlefonts.channel4.com/TiresiasScreenfont.ttf → Settings.OutputGroups[0].Outputs[0].CaptionDescriptions[0].DestinationSettings.DestinationType=BURN_IN
2025-06-17 06:42:02,945 - ConfigConverter - INFO - Skipping already processed parameter: output=mpegts
2025-06-17 06:42:02,945 - ConfigConverter - INFO - Found 2 rules for parameter: size=1920x1080
2025-06-17 06:42:02,945 - ConfigConverter - INFO - Processing rule for size, value: 1920x1080
2025-06-17 06:42:02,945 - ConfigConverter - INFO - Regex transformed 1920x1080 to 1920 using pattern (\d+)x([1-9]\d*)
2025-06-17 06:42:02,945 - ConfigConverter - INFO - Mapped parameter: size=1920x1080 → Settings.OutputGroups[0].Outputs[0].VideoDescription.Width=1920
2025-06-17 06:42:02,945 - ConfigConverter - INFO - Regex transformed 1920x1080 to 1080 using pattern (\d+)x([1-9]\d*)
2025-06-17 06:42:02,945 - ConfigConverter - INFO - Mapped parameter: size=1920x1080 → Settings.OutputGroups[0].Outputs[0].VideoDescription.Height=1080
2025-06-17 06:42:02,945 - ConfigConverter - INFO - Processing rule for size, value: 1920x1080
2025-06-17 06:42:02,945 - ConfigConverter - INFO - Regex pattern (\d+)x0 did not match 1920x1080 for size
2025-06-17 06:42:02,945 - ConfigConverter - INFO - Regex pattern (\d+)x0 did not match 1920x1080 for size
2025-06-17 06:42:02,945 - ConfigConverter - INFO - Found 1 rules for parameter: video_codec=libx264
2025-06-17 06:42:02,945 - ConfigConverter - INFO - Processing rule for video_codec, value: libx264
2025-06-17 06:42:02,945 - ConfigConverter - INFO - Applying transformation video_codec_format to libx264
2025-06-17 06:42:02,945 - ConfigConverter - INFO - Transformed libx264 using video_codec_format to H_264
2025-06-17 06:42:02,945 - ConfigConverter - INFO - Mapped parameter: video_codec=libx264 → Settings.OutputGroups[0].Outputs[0].VideoDescription.CodecSettings.Codec=H_264
2025-06-17 06:42:02,945 - ConfigConverter - INFO - Skipping already processed parameter: cbr=yes
2025-06-17 06:42:02,945 - ConfigConverter - INFO - Found 1 rules for parameter: hard_cbr=yes
2025-06-17 06:42:02,945 - ConfigConverter - INFO - Processing rule for hard_cbr, value: yes
2025-06-17 06:42:02,945 - ConfigConverter - INFO - Applying transformation hard_cbr_format to yes
2025-06-17 06:42:02,945 - ConfigConverter - INFO - Transformed yes using hard_cbr_format to CBR
2025-06-17 06:42:02,946 - ConfigConverter - INFO - Mapped parameter: hard_cbr=yes → Settings.OutputGroups[0].Outputs[0].VideoDescription.CodecSettings.H264Settings.RateControlMode=CBR
2025-06-17 06:42:02,946 - ConfigConverter - INFO - Skipping already processed parameter: nal-hrd=cbr
2025-06-17 06:42:02,946 - ConfigConverter - INFO - Skipping already processed parameter: bitrate=5000k
2025-06-17 06:42:02,946 - ConfigConverter - INFO - Found 6 rules for parameter: framerate=25
2025-06-17 06:42:02,946 - ConfigConverter - INFO - Processing rule for framerate, value: 25
2025-06-17 06:42:02,946 - ConfigConverter - INFO - Condition evaluation: eq 25 24000/1001 = False
2025-06-17 06:42:02,946 - ConfigConverter - INFO - Source condition evaluation for framerate: False
2025-06-17 06:42:02,946 - ConfigConverter - INFO - Skipping rule for framerate=25 due to source condition not matching
2025-06-17 06:42:02,946 - ConfigConverter - INFO - Processing rule for framerate, value: 25
2025-06-17 06:42:02,946 - ConfigConverter - INFO - Condition evaluation: eq 25 29.97 = False
2025-06-17 06:42:02,946 - ConfigConverter - INFO - Source condition evaluation for framerate: False
2025-06-17 06:42:02,946 - ConfigConverter - INFO - Skipping rule for framerate=25 due to source condition not matching
2025-06-17 06:42:02,946 - ConfigConverter - INFO - Processing rule for framerate, value: 25
2025-06-17 06:42:02,946 - ConfigConverter - INFO - Condition evaluation: eq 25 59.94 = False
2025-06-17 06:42:02,946 - ConfigConverter - INFO - Source condition evaluation for framerate: False
2025-06-17 06:42:02,946 - ConfigConverter - INFO - Skipping rule for framerate=25 due to source condition not matching
2025-06-17 06:42:02,946 - ConfigConverter - INFO - Processing rule for framerate, value: 25
2025-06-17 06:42:02,946 - ConfigConverter - INFO - Condition evaluation: eq 25 25 = True
2025-06-17 06:42:02,946 - ConfigConverter - INFO - Source condition evaluation for framerate: True
2025-06-17 06:42:02,946 - ConfigConverter - INFO - Using static value: SPECIFIED
2025-06-17 06:42:02,946 - ConfigConverter - INFO - Mapped parameter: framerate=25 → Settings.OutputGroups[0].Outputs[0].VideoDescription.CodecSettings.H264Settings.FramerateControl=SPECIFIED
2025-06-17 06:42:02,946 - ConfigConverter - INFO - Using static value: 25
2025-06-17 06:42:02,946 - ConfigConverter - INFO - Mapped parameter: framerate=25 → Settings.OutputGroups[0].Outputs[0].VideoDescription.CodecSettings.H264Settings.FramerateNumerator=25
2025-06-17 06:42:02,946 - ConfigConverter - INFO - Using static value: 1
2025-06-17 06:42:02,946 - ConfigConverter - INFO - Mapped parameter: framerate=25 → Settings.OutputGroups[0].Outputs[0].VideoDescription.CodecSettings.H264Settings.FramerateDenominator=1
2025-06-17 06:42:02,946 - ConfigConverter - INFO - Processing rule for framerate, value: 25
2025-06-17 06:42:02,946 - ConfigConverter - INFO - Condition evaluation: eq 25 30 = False
2025-06-17 06:42:02,946 - ConfigConverter - INFO - Source condition evaluation for framerate: False
2025-06-17 06:42:02,946 - ConfigConverter - INFO - Skipping rule for framerate=25 due to source condition not matching
2025-06-17 06:42:02,946 - ConfigConverter - INFO - Processing rule for framerate, value: 25
2025-06-17 06:42:02,946 - ConfigConverter - INFO - Condition evaluation: eq 25  = False
2025-06-17 06:42:02,946 - ConfigConverter - INFO - Source condition evaluation for framerate: False
2025-06-17 06:42:02,946 - ConfigConverter - INFO - Skipping rule for framerate=25 due to source condition not matching
2025-06-17 06:42:02,946 - ConfigConverter - INFO - Found 1 rules for parameter: keyframe=50
2025-06-17 06:42:02,946 - ConfigConverter - INFO - Processing rule for keyframe, value: 50
2025-06-17 06:42:02,946 - ConfigConverter - INFO - Mapped parameter: keyframe=50 → Settings.OutputGroups[0].Outputs[0].VideoDescription.CodecSettings.H264Settings.GopSize=50
2025-06-17 06:42:02,946 - ConfigConverter - INFO - Found 1 rules for parameter: keyint_min=50
2025-06-17 06:42:02,946 - ConfigConverter - INFO - Processing rule for keyint_min, value: 50
2025-06-17 06:42:02,946 - ConfigConverter - INFO - Mapped parameter: keyint_min=50 → Settings.OutputGroups[0].Outputs[0].VideoDescription.CodecSettings.H264Settings.MinIInterval=50
2025-06-17 06:42:02,947 - ConfigConverter - INFO - Found 1 rules for parameter: two_pass=yes
2025-06-17 06:42:02,947 - ConfigConverter - INFO - Processing rule for two_pass, value: yes
2025-06-17 06:42:02,947 - ConfigConverter - INFO - Applying transformation two_pass_format to yes
2025-06-17 06:42:02,947 - ConfigConverter - INFO - Transformed yes using two_pass_format to MULTI_PASS_HQ
2025-06-17 06:42:02,947 - ConfigConverter - INFO - Mapped parameter: two_pass=yes → Settings.OutputGroups[0].Outputs[0].VideoDescription.CodecSettings.H264Settings.QualityTuningLevel=MULTI_PASS_HQ
2025-06-17 06:42:02,947 - ConfigConverter - INFO - Skipping already processed parameter: audio_codec=dolby_heaacv2
2025-06-17 06:42:02,947 - ConfigConverter - INFO - Skipping already processed parameter: audio_sample_rate=48000
2025-06-17 06:42:02,947 - ConfigConverter - INFO - Skipping already processed parameter: audio_bitrate=160k
2025-06-17 06:42:02,947 - ConfigConverter - INFO - Found 2 rules for parameter: audio_channels_number=2
2025-06-17 06:42:02,947 - ConfigConverter - INFO - Processing rule for audio_channels_number, value: 2
2025-06-17 06:42:02,947 - ConfigConverter - INFO - Condition using source_path audio_codec, value: dolby_heaacv2
2025-06-17 06:42:02,947 - ConfigConverter - INFO - Condition evaluation: in dolby_heaacv2 ['dolby_aac', 'dolby_heaac', 'libfaac'] = False
2025-06-17 06:42:02,947 - ConfigConverter - INFO - Source condition evaluation for audio_channels_number: False
2025-06-17 06:42:02,947 - ConfigConverter - INFO - Skipping rule for audio_channels_number=2 due to source condition not matching
2025-06-17 06:42:02,947 - ConfigConverter - INFO - Processing rule for audio_channels_number, value: 2
2025-06-17 06:42:02,947 - ConfigConverter - INFO - Condition using source_path audio_codec, value: dolby_heaacv2
2025-06-17 06:42:02,947 - ConfigConverter - INFO - Condition evaluation: eq dolby_heaacv2 ac3 = False
2025-06-17 06:42:02,947 - ConfigConverter - INFO - Source condition evaluation for audio_channels_number: False
2025-06-17 06:42:02,947 - ConfigConverter - INFO - Skipping rule for audio_channels_number=2 due to source condition not matching
2025-06-17 06:42:02,947 - ConfigConverter - INFO - Found 4 rules for parameter: destination=http://test_url.s3.amazonaws.com/encoding.com.output/mock_mock_output_rendition_name_11111_1039.ts?acl=public-read
2025-06-17 06:42:02,947 - ConfigConverter - INFO - Processing rule for destination, value: http://test_url.s3.amazonaws.com/encoding.com.output/mock_mock_output_rendition_name_11111_1039.ts?acl=public-read
2025-06-17 06:42:02,947 - ConfigConverter - INFO - Condition using source_path output, value: mpegts
2025-06-17 06:42:02,947 - ConfigConverter - INFO - Condition evaluation: eq mpegts mp4 = False
2025-06-17 06:42:02,947 - ConfigConverter - INFO - Source condition evaluation for destination: False
2025-06-17 06:42:02,947 - ConfigConverter - INFO - Skipping rule for destination=http://test_url.s3.amazonaws.com/encoding.com.output/mock_mock_output_rendition_name_11111_1039.ts?acl=public-read due to source condition not matching
2025-06-17 06:42:02,947 - ConfigConverter - INFO - Processing rule for destination, value: http://test_url.s3.amazonaws.com/encoding.com.output/mock_mock_output_rendition_name_11111_1039.ts?acl=public-read
2025-06-17 06:42:02,947 - ConfigConverter - INFO - Condition using source_path output, value: mpegts
2025-06-17 06:42:02,947 - ConfigConverter - INFO - Condition evaluation: eq mpegts advanced_hls = False
2025-06-17 06:42:02,947 - ConfigConverter - INFO - Source condition evaluation for destination: False
2025-06-17 06:42:02,947 - ConfigConverter - INFO - Skipping rule for destination=http://test_url.s3.amazonaws.com/encoding.com.output/mock_mock_output_rendition_name_11111_1039.ts?acl=public-read due to source condition not matching
2025-06-17 06:42:02,947 - ConfigConverter - INFO - Processing rule for destination, value: http://test_url.s3.amazonaws.com/encoding.com.output/mock_mock_output_rendition_name_11111_1039.ts?acl=public-read
2025-06-17 06:42:02,947 - ConfigConverter - INFO - Condition using source_path output, value: mpegts
2025-06-17 06:42:02,947 - ConfigConverter - INFO - Condition evaluation: in mpegts ['advanced_dash', 'mpeg_dash'] = False
2025-06-17 06:42:02,947 - ConfigConverter - INFO - Source condition evaluation for destination: False
2025-06-17 06:42:02,947 - ConfigConverter - INFO - Skipping rule for destination=http://test_url.s3.amazonaws.com/encoding.com.output/mock_mock_output_rendition_name_11111_1039.ts?acl=public-read due to source condition not matching
2025-06-17 06:42:02,947 - ConfigConverter - INFO - Processing rule for destination, value: http://test_url.s3.amazonaws.com/encoding.com.output/mock_mock_output_rendition_name_11111_1039.ts?acl=public-read
2025-06-17 06:42:02,947 - ConfigConverter - INFO - Condition using source_path output, value: mpegts
2025-06-17 06:42:02,947 - ConfigConverter - INFO - Condition evaluation: in mpegts ['fmp4_hls', 'advanced_fmp4'] = False
2025-06-17 06:42:02,947 - ConfigConverter - INFO - Source condition evaluation for destination: False
2025-06-17 06:42:02,947 - ConfigConverter - INFO - Skipping rule for destination=http://test_url.s3.amazonaws.com/encoding.com.output/mock_mock_output_rendition_name_11111_1039.ts?acl=public-read due to source condition not matching
2025-06-17 06:42:02,948 - ConfigConverter - INFO - Conversion summary for /home/ec2-user/e2mc_assistant/encoding_profiles/mpegts/1039.xml:
2025-06-17 06:42:02,948 - ConfigConverter - INFO -   - Total parameters: 74
2025-06-17 06:42:02,948 - ConfigConverter - INFO -   - Mapped parameters: 74 (100.0%)
2025-06-17 06:42:02,948 - ConfigConverter - INFO -   - Unmapped parameters: 0 (0.0%)
2025-06-17 06:42:02,948 - ConfigConverter - INFO - Added missing NameModifier: _1920x1080_5000000_mc
2025-06-17 06:42:02,948 - ConfigConverter - INFO - Successfully converted /home/ec2-user/e2mc_assistant/encoding_profiles/mpegts/1039.xml to /home/ec2-user/e2mc_assistant/tranformed_mc_profiles/mpegts/1039.json
2025-06-17 06:42:02,949 - ConfigConverter - INFO - Validating /home/ec2-user/e2mc_assistant/tranformed_mc_profiles/mpegts/1039.json against schema /home/ec2-user/e2mc_assistant/utils/mc_config_validator/mc_setting_schema.json
2025-06-17 06:42:02,949 - ConfigConverter - INFO - Validation successful for /home/ec2-user/e2mc_assistant/tranformed_mc_profiles/mpegts/1039.json
2025-06-17 11:13:25,677 - ConfigConverter - INFO - Starting conversion of /home/ec2-user/e2mc_assistant/encoding_profiles/mpegts/1039.xml
2025-06-17 11:13:25,679 - ConfigConverter - INFO - Set container to M2TS based on output format: mpegts
2025-06-17 11:13:25,679 - ConfigConverter - INFO - Added M2tsSettings to container settings
2025-06-17 11:13:25,679 - ConfigConverter - INFO - Using H264Settings for video_codec=libx264
2025-06-17 11:13:25,679 - ConfigConverter - INFO - Set RateControlMode to CBR because <cbr>=yes
2025-06-17 11:13:25,679 - ConfigConverter - INFO - Set Bitrate to 5000000 from <bitrate>=5000k
2025-06-17 11:13:25,679 - ConfigConverter - INFO - Parameter cbr processed by custom rate control handler
2025-06-17 11:13:25,679 - ConfigConverter - INFO - Parameter bitrate processed by custom rate control handler
2025-06-17 11:13:25,679 - ConfigConverter - INFO - Set AudioDescriptions[0].CodecSettings.Codec to AAC from <audio_codec>=dolby_heaacv2
2025-06-17 11:13:25,679 - ConfigConverter - INFO - Set AudioDescriptions[0].CodecSettings.AacSettings.Bitrate to default value 96000
2025-06-17 11:13:25,679 - ConfigConverter - INFO - Set AudioDescriptions[0].CodecSettings.AacSettings.SampleRate to default value 48000
2025-06-17 11:13:25,679 - ConfigConverter - INFO - Set AudioDescriptions[0].CodecSettings.AacSettings.CodingMode to CODING_MODE_2_0 (default stereo)
2025-06-17 11:13:25,679 - ConfigConverter - INFO - Set AudioDescriptions[0].CodecSettings.AacSettings.Bitrate to 160000 from <audio_bitrate>=160k
2025-06-17 11:13:25,679 - ConfigConverter - INFO - Set AudioDescriptions[0].CodecSettings.AacSettings.SampleRate to 48000 from <audio_sample_rate>=48000
2025-06-17 11:13:25,679 - ConfigConverter - INFO - Audio parameters processed by custom audio settings handler
2025-06-17 11:13:25,680 - ConfigConverter - INFO - Mapped parameter: VCodecParameters=None → [DUMMY RULE]
2025-06-17 11:13:25,680 - ConfigConverter - INFO - Mapped parameter: acbr=None → [DUMMY RULE]
2025-06-17 11:13:25,680 - ConfigConverter - INFO - Mapped parameter: add_audio_only=None → [DUMMY RULE]
2025-06-17 11:13:25,680 - ConfigConverter - INFO - Mapped parameter: clipmode=None → [DUMMY RULE]
2025-06-17 11:13:25,680 - ConfigConverter - INFO - Mapped parameter: closed_captions.cc_extract_before=None → [DUMMY RULE]
2025-06-17 11:13:25,680 - ConfigConverter - INFO - Mapped parameter: closed_captions.direct_copy=None → [DUMMY RULE]
2025-06-17 11:13:25,680 - ConfigConverter - INFO - Mapped parameter: closed_captions.get_from_manifest=None → [DUMMY RULE]
2025-06-17 11:13:25,680 - ConfigConverter - INFO - Mapped parameter: closed_captions.ignore_cc_absence=None → [DUMMY RULE]
2025-06-17 11:13:25,680 - ConfigConverter - INFO - Mapped parameter: closed_captions.role=None → [DUMMY RULE]
2025-06-17 11:13:25,680 - ConfigConverter - INFO - Mapped parameter: closed_captions.vtt_split_segments=None → [DUMMY RULE]
2025-06-17 11:13:25,680 - ConfigConverter - INFO - Mapped parameter: drm=None → [DUMMY RULE]
2025-06-17 11:13:25,680 - ConfigConverter - INFO - Mapped parameter: encoder=None → [DUMMY RULE]
2025-06-17 11:13:25,680 - ConfigConverter - INFO - Mapped parameter: encryption=None → [DUMMY RULE]
2025-06-17 11:13:25,680 - ConfigConverter - INFO - Mapped parameter: hint=None → [DUMMY RULE]
2025-06-17 11:13:25,680 - ConfigConverter - INFO - Mapped parameter: pix_format=None → [DUMMY RULE]
2025-06-17 11:13:25,680 - ConfigConverter - INFO - Mapped parameter: set_video_duration=None → [DUMMY RULE]
2025-06-17 11:13:25,680 - ConfigConverter - INFO - Mapped parameter: strip_chapters=None → [DUMMY RULE]
2025-06-17 11:13:25,680 - ConfigConverter - INFO - Mapped parameter: video_codec_parameters.cmp=None → [DUMMY RULE]
2025-06-17 11:13:25,680 - ConfigConverter - INFO - Mapped parameter: video_codec_parameters.code=None → [DUMMY RULE]
2025-06-17 11:13:25,680 - ConfigConverter - INFO - Mapped parameter: video_codec_parameters.flags=None → [DUMMY RULE]
2025-06-17 11:13:25,680 - ConfigConverter - INFO - Mapped parameter: video_codec_parameters.flags2=None → [DUMMY RULE]
2025-06-17 11:13:25,680 - ConfigConverter - INFO - Mapped parameter: video_codec_parameters.i_qfactor=None → [DUMMY RULE]
2025-06-17 11:13:25,680 - ConfigConverter - INFO - Mapped parameter: video_codec_parameters.mbtree=None → [DUMMY RULE]
2025-06-17 11:13:25,680 - ConfigConverter - INFO - Mapped parameter: video_codec_parameters.me_method=None → [DUMMY RULE]
2025-06-17 11:13:25,680 - ConfigConverter - INFO - Mapped parameter: video_codec_parameters.me_range=None → [DUMMY RULE]
2025-06-17 11:13:25,680 - ConfigConverter - INFO - Mapped parameter: video_codec_parameters.qcomp=None → [DUMMY RULE]
2025-06-17 11:13:25,680 - ConfigConverter - INFO - Mapped parameter: video_codec_parameters.qdiff=None → [DUMMY RULE]
2025-06-17 11:13:25,680 - ConfigConverter - INFO - Mapped parameter: video_codec_parameters.subq=None → [DUMMY RULE]
2025-06-17 11:13:25,680 - ConfigConverter - INFO - Mapped parameter: video_codec_parameters.trellis=None → [DUMMY RULE]
2025-06-17 11:13:25,680 - ConfigConverter - INFO - Mapped parameter: video_codec_parameters.qmax=None → [DUMMY RULE]
2025-06-17 11:13:25,680 - ConfigConverter - INFO - Mapped parameter: video_codec_parameters.qmin=None → [DUMMY RULE]
2025-06-17 11:13:25,680 - ConfigConverter - INFO - Mapped parameter: closed_captions.forced=None → [DUMMY RULE]
2025-06-17 11:13:25,680 - ConfigConverter - INFO - Mapped parameter: file_extension=None → [DUMMY RULE]
2025-06-17 11:13:25,680 - ConfigConverter - INFO - Mapped parameter: rotate=None → [DUMMY RULE]
2025-06-17 11:13:25,680 - ConfigConverter - INFO - Mapped parameter: main_source.type=None → [DUMMY RULE]
2025-06-17 11:13:25,680 - ConfigConverter - INFO - Mapped parameter: playlist_version=None → [DUMMY RULE]
2025-06-17 11:13:25,680 - ConfigConverter - INFO - Mapped parameter: video_only=None → [DUMMY RULE]
2025-06-17 11:13:25,681 - ConfigConverter - INFO - Mapped parameter: audio_only=None → [DUMMY RULE]
2025-06-17 11:13:25,681 - ConfigConverter - INFO - Mapped parameter: closed_captions.cea_data_field=None → [DUMMY RULE]
2025-06-17 11:13:25,681 - ConfigConverter - INFO - Mapped parameter: loudnorm_range=None → [DUMMY RULE]
2025-06-17 11:13:25,681 - ConfigConverter - INFO - Mapped parameter: pack_files=None → [DUMMY RULE]
2025-06-17 11:13:25,681 - ConfigConverter - INFO - Mapped parameter: pack_type=None → [DUMMY RULE]
2025-06-17 11:13:25,681 - ConfigConverter - INFO - Mapped parameter: pack_each_stream=None → [DUMMY RULE]
2025-06-17 11:13:25,681 - ConfigConverter - INFO - Mapped parameter: cmaf_conformant=None → [DUMMY RULE]
2025-06-17 11:13:25,681 - ConfigConverter - INFO - Mapped parameter: manifest.basename=None → [DUMMY RULE]
2025-06-17 11:13:25,681 - ConfigConverter - INFO - Mapped parameter: use_manifest=None → [DUMMY RULE]
2025-06-17 11:13:25,681 - ConfigConverter - INFO - Mapped parameter: use_main_source=None → [DUMMY RULE]
2025-06-17 11:13:25,681 - ConfigConverter - INFO - Mapped parameter: use_alternate_source=None → [DUMMY RULE]
2025-06-17 11:13:25,681 - ConfigConverter - INFO - Mapped parameter: AdditionalCfDestination=None → [DUMMY RULE]
2025-06-17 11:13:25,681 - ConfigConverter - INFO - Mapped parameter: framerate_upper_threshold=None → [DUMMY RULE]
2025-06-17 11:13:25,681 - ConfigConverter - INFO - Mapped parameter: segmenter=None → [DUMMY RULE]
2025-06-17 11:13:25,681 - ConfigConverter - INFO - Mapped parameter: copy_nielsen_metadata=None → [DUMMY RULE]
2025-06-17 11:13:25,681 - ConfigConverter - INFO - Mapped parameter: metadata.copy=None → [DUMMY RULE]
2025-06-17 11:13:25,681 - ConfigConverter - INFO - Mapped parameter: refs=None → [DUMMY RULE]
2025-06-17 11:13:25,681 - ConfigConverter - INFO - Mapped parameter: reduce_structural_overhead=None → [DUMMY RULE]
2025-06-17 11:13:25,681 - ConfigConverter - INFO - Mapped parameter: video_codec_parameters.nal-hrd=None → [DUMMY RULE]
2025-06-17 11:13:25,681 - ConfigConverter - INFO - Mapped parameter: nal-hrd=cbr → [DUMMY RULE]
2025-06-17 11:13:25,681 - ConfigConverter - INFO - Mapped parameter: timescale=None → [DUMMY RULE]
2025-06-17 11:13:25,681 - ConfigConverter - INFO - Mapped parameter: video_codec_parameters.transfer_characteristics=None → [DUMMY RULE]
2025-06-17 11:13:25,681 - ConfigConverter - INFO - Mapped parameter: metadata_copy=None → [DUMMY RULE]
2025-06-17 11:13:25,681 - ConfigConverter - INFO - Mapped parameter: video_codec_parameters.partitions=None → [DUMMY RULE]
2025-06-17 11:13:25,681 - ConfigConverter - INFO - Found 1 rules for parameter: closed_captions.mux_type=dvb
2025-06-17 11:13:25,681 - ConfigConverter - INFO - Processing rule for closed_captions.mux_type, value: dvb
2025-06-17 11:13:25,681 - ConfigConverter - INFO - Applying transformation caption_mux_type_format to dvb
2025-06-17 11:13:25,681 - ConfigConverter - INFO - Transformed dvb using caption_mux_type_format to DVB_SUB
2025-06-17 11:13:25,681 - ConfigConverter - INFO - Mapped parameter: closed_captions.mux_type=dvb → Settings.OutputGroups[0].Outputs[0].CaptionDescriptions[0].DestinationSettings.DestinationType=DVB_SUB
2025-06-17 11:13:25,681 - ConfigConverter - INFO - Found 1 rules for parameter: closed_captions.font_source=https://dvbsubtitlefonts.channel4.com/TiresiasScreenfont.ttf
2025-06-17 11:13:25,681 - ConfigConverter - INFO - Processing rule for closed_captions.font_source, value: https://dvbsubtitlefonts.channel4.com/TiresiasScreenfont.ttf
2025-06-17 11:13:25,681 - ConfigConverter - INFO - Mapped parameter: closed_captions.font_source=https://dvbsubtitlefonts.channel4.com/TiresiasScreenfont.ttf → Settings.OutputGroups[0].Outputs[0].CaptionDescriptions[0].DestinationSettings.BurninDestinationSettings.FontFileRegular=https://dvbsubtitlefonts.channel4.com/TiresiasScreenfont.ttf
2025-06-17 11:13:25,681 - ConfigConverter - INFO - Using static value: BURN_IN
2025-06-17 11:13:25,681 - ConfigConverter - INFO - Mapped parameter: closed_captions.font_source=https://dvbsubtitlefonts.channel4.com/TiresiasScreenfont.ttf → Settings.OutputGroups[0].Outputs[0].CaptionDescriptions[0].DestinationSettings.DestinationType=BURN_IN
2025-06-17 11:13:25,681 - ConfigConverter - INFO - Skipping already processed parameter: output=mpegts
2025-06-17 11:13:25,681 - ConfigConverter - INFO - Found 2 rules for parameter: size=1920x1080
2025-06-17 11:13:25,681 - ConfigConverter - INFO - Processing rule for size, value: 1920x1080
2025-06-17 11:13:25,682 - ConfigConverter - INFO - Regex transformed 1920x1080 to 1920 using pattern (\d+)x([1-9]\d*)
2025-06-17 11:13:25,682 - ConfigConverter - INFO - Mapped parameter: size=1920x1080 → Settings.OutputGroups[0].Outputs[0].VideoDescription.Width=1920
2025-06-17 11:13:25,682 - ConfigConverter - INFO - Regex transformed 1920x1080 to 1080 using pattern (\d+)x([1-9]\d*)
2025-06-17 11:13:25,682 - ConfigConverter - INFO - Mapped parameter: size=1920x1080 → Settings.OutputGroups[0].Outputs[0].VideoDescription.Height=1080
2025-06-17 11:13:25,682 - ConfigConverter - INFO - Processing rule for size, value: 1920x1080
2025-06-17 11:13:25,682 - ConfigConverter - INFO - Regex pattern (\d+)x0 did not match 1920x1080 for size
2025-06-17 11:13:25,682 - ConfigConverter - INFO - Regex pattern (\d+)x0 did not match 1920x1080 for size
2025-06-17 11:13:25,682 - ConfigConverter - INFO - Found 1 rules for parameter: video_codec=libx264
2025-06-17 11:13:25,682 - ConfigConverter - INFO - Processing rule for video_codec, value: libx264
2025-06-17 11:13:25,682 - ConfigConverter - INFO - Applying transformation video_codec_format to libx264
2025-06-17 11:13:25,682 - ConfigConverter - INFO - Transformed libx264 using video_codec_format to H_264
2025-06-17 11:13:25,682 - ConfigConverter - INFO - Mapped parameter: video_codec=libx264 → Settings.OutputGroups[0].Outputs[0].VideoDescription.CodecSettings.Codec=H_264
2025-06-17 11:13:25,682 - ConfigConverter - INFO - Skipping already processed parameter: cbr=yes
2025-06-17 11:13:25,682 - ConfigConverter - INFO - Found 1 rules for parameter: hard_cbr=yes
2025-06-17 11:13:25,682 - ConfigConverter - INFO - Processing rule for hard_cbr, value: yes
2025-06-17 11:13:25,682 - ConfigConverter - INFO - Applying transformation hard_cbr_format to yes
2025-06-17 11:13:25,682 - ConfigConverter - INFO - Transformed yes using hard_cbr_format to CBR
2025-06-17 11:13:25,682 - ConfigConverter - INFO - Mapped parameter: hard_cbr=yes → Settings.OutputGroups[0].Outputs[0].VideoDescription.CodecSettings.H264Settings.RateControlMode=CBR
2025-06-17 11:13:25,682 - ConfigConverter - INFO - Skipping already processed parameter: nal-hrd=cbr
2025-06-17 11:13:25,682 - ConfigConverter - INFO - Skipping already processed parameter: bitrate=5000k
2025-06-17 11:13:25,682 - ConfigConverter - INFO - Found 6 rules for parameter: framerate=25
2025-06-17 11:13:25,682 - ConfigConverter - INFO - Processing rule for framerate, value: 25
2025-06-17 11:13:25,682 - ConfigConverter - INFO - Condition evaluation: eq 25 24000/1001 = False
2025-06-17 11:13:25,682 - ConfigConverter - INFO - Source condition evaluation for framerate: False
2025-06-17 11:13:25,682 - ConfigConverter - INFO - Skipping rule for framerate=25 due to source condition not matching
2025-06-17 11:13:25,682 - ConfigConverter - INFO - Processing rule for framerate, value: 25
2025-06-17 11:13:25,682 - ConfigConverter - INFO - Condition evaluation: eq 25 29.97 = False
2025-06-17 11:13:25,682 - ConfigConverter - INFO - Source condition evaluation for framerate: False
2025-06-17 11:13:25,682 - ConfigConverter - INFO - Skipping rule for framerate=25 due to source condition not matching
2025-06-17 11:13:25,682 - ConfigConverter - INFO - Processing rule for framerate, value: 25
2025-06-17 11:13:25,682 - ConfigConverter - INFO - Condition evaluation: eq 25 59.94 = False
2025-06-17 11:13:25,682 - ConfigConverter - INFO - Source condition evaluation for framerate: False
2025-06-17 11:13:25,682 - ConfigConverter - INFO - Skipping rule for framerate=25 due to source condition not matching
2025-06-17 11:13:25,682 - ConfigConverter - INFO - Processing rule for framerate, value: 25
2025-06-17 11:13:25,682 - ConfigConverter - INFO - Condition evaluation: eq 25 25 = True
2025-06-17 11:13:25,682 - ConfigConverter - INFO - Source condition evaluation for framerate: True
2025-06-17 11:13:25,682 - ConfigConverter - INFO - Using static value: SPECIFIED
2025-06-17 11:13:25,683 - ConfigConverter - INFO - Mapped parameter: framerate=25 → Settings.OutputGroups[0].Outputs[0].VideoDescription.CodecSettings.H264Settings.FramerateControl=SPECIFIED
2025-06-17 11:13:25,683 - ConfigConverter - INFO - Using static value: 25
2025-06-17 11:13:25,683 - ConfigConverter - INFO - Mapped parameter: framerate=25 → Settings.OutputGroups[0].Outputs[0].VideoDescription.CodecSettings.H264Settings.FramerateNumerator=25
2025-06-17 11:13:25,683 - ConfigConverter - INFO - Using static value: 1
2025-06-17 11:13:25,683 - ConfigConverter - INFO - Mapped parameter: framerate=25 → Settings.OutputGroups[0].Outputs[0].VideoDescription.CodecSettings.H264Settings.FramerateDenominator=1
2025-06-17 11:13:25,683 - ConfigConverter - INFO - Processing rule for framerate, value: 25
2025-06-17 11:13:25,683 - ConfigConverter - INFO - Condition evaluation: eq 25 30 = False
2025-06-17 11:13:25,683 - ConfigConverter - INFO - Source condition evaluation for framerate: False
2025-06-17 11:13:25,683 - ConfigConverter - INFO - Skipping rule for framerate=25 due to source condition not matching
2025-06-17 11:13:25,683 - ConfigConverter - INFO - Processing rule for framerate, value: 25
2025-06-17 11:13:25,683 - ConfigConverter - INFO - Condition evaluation: eq 25  = False
2025-06-17 11:13:25,683 - ConfigConverter - INFO - Source condition evaluation for framerate: False
2025-06-17 11:13:25,683 - ConfigConverter - INFO - Skipping rule for framerate=25 due to source condition not matching
2025-06-17 11:13:25,683 - ConfigConverter - INFO - Found 1 rules for parameter: keyframe=50
2025-06-17 11:13:25,683 - ConfigConverter - INFO - Processing rule for keyframe, value: 50
2025-06-17 11:13:25,683 - ConfigConverter - INFO - Mapped parameter: keyframe=50 → Settings.OutputGroups[0].Outputs[0].VideoDescription.CodecSettings.H264Settings.GopSize=50
2025-06-17 11:13:25,683 - ConfigConverter - INFO - Found 1 rules for parameter: keyint_min=50
2025-06-17 11:13:25,683 - ConfigConverter - INFO - Processing rule for keyint_min, value: 50
2025-06-17 11:13:25,683 - ConfigConverter - INFO - Mapped parameter: keyint_min=50 → Settings.OutputGroups[0].Outputs[0].VideoDescription.CodecSettings.H264Settings.MinIInterval=50
2025-06-17 11:13:25,683 - ConfigConverter - INFO - Found 2 rules for parameter: two_pass=yes
2025-06-17 11:13:25,683 - ConfigConverter - INFO - Processing rule for two_pass, value: yes
2025-06-17 11:13:25,683 - ConfigConverter - INFO - Condition using source_path video_codec, value: libx264
2025-06-17 11:13:25,683 - ConfigConverter - INFO - Condition evaluation: in libx264 ['mpeg4', 'libx264'] = True
2025-06-17 11:13:25,683 - ConfigConverter - INFO - Source condition evaluation for two_pass: True
2025-06-17 11:13:25,683 - ConfigConverter - INFO - Applying transformation two_pass_format to yes
2025-06-17 11:13:25,683 - ConfigConverter - INFO - Transformed yes using two_pass_format to MULTI_PASS_HQ
2025-06-17 11:13:25,683 - ConfigConverter - INFO - Mapped parameter: two_pass=yes → Settings.OutputGroups[0].Outputs[0].VideoDescription.CodecSettings.H264Settings.QualityTuningLevel=MULTI_PASS_HQ
2025-06-17 11:13:25,683 - ConfigConverter - INFO - Processing rule for two_pass, value: yes
2025-06-17 11:13:25,683 - ConfigConverter - INFO - Condition using source_path video_codec, value: libx264
2025-06-17 11:13:25,683 - ConfigConverter - INFO - Condition evaluation: in libx264 ['libvpx'] = False
2025-06-17 11:13:25,683 - ConfigConverter - INFO - Source condition evaluation for two_pass: False
2025-06-17 11:13:25,683 - ConfigConverter - INFO - Skipping rule for two_pass=yes due to source condition not matching
2025-06-17 11:13:25,683 - ConfigConverter - INFO - Skipping already processed parameter: audio_codec=dolby_heaacv2
2025-06-17 11:13:25,683 - ConfigConverter - INFO - Skipping already processed parameter: audio_sample_rate=48000
2025-06-17 11:13:25,683 - ConfigConverter - INFO - Skipping already processed parameter: audio_bitrate=160k
2025-06-17 11:13:25,683 - ConfigConverter - INFO - Found 3 rules for parameter: audio_channels_number=2
2025-06-17 11:13:25,683 - ConfigConverter - INFO - Processing rule for audio_channels_number, value: 2
2025-06-17 11:13:25,683 - ConfigConverter - INFO - Condition using source_path audio_codec, value: dolby_heaacv2
2025-06-17 11:13:25,683 - ConfigConverter - INFO - Condition evaluation: in dolby_heaacv2 ['dolby_aac', 'dolby_heaac', 'libfaac'] = False
2025-06-17 11:13:25,683 - ConfigConverter - INFO - Source condition evaluation for audio_channels_number: False
2025-06-17 11:13:25,683 - ConfigConverter - INFO - Skipping rule for audio_channels_number=2 due to source condition not matching
2025-06-17 11:13:25,683 - ConfigConverter - INFO - Processing rule for audio_channels_number, value: 2
2025-06-17 11:13:25,684 - ConfigConverter - INFO - Condition using source_path audio_codec, value: dolby_heaacv2
2025-06-17 11:13:25,684 - ConfigConverter - INFO - Condition evaluation: eq dolby_heaacv2 ac3 = False
2025-06-17 11:13:25,684 - ConfigConverter - INFO - Source condition evaluation for audio_channels_number: False
2025-06-17 11:13:25,684 - ConfigConverter - INFO - Skipping rule for audio_channels_number=2 due to source condition not matching
2025-06-17 11:13:25,684 - ConfigConverter - INFO - Processing rule for audio_channels_number, value: 2
2025-06-17 11:13:25,684 - ConfigConverter - INFO - Condition using source_path audio_codec, value: dolby_heaacv2
2025-06-17 11:13:25,684 - ConfigConverter - INFO - Condition evaluation: eq dolby_heaacv2 libvpx = False
2025-06-17 11:13:25,684 - ConfigConverter - INFO - Source condition evaluation for audio_channels_number: False
2025-06-17 11:13:25,684 - ConfigConverter - INFO - Skipping rule for audio_channels_number=2 due to source condition not matching
2025-06-17 11:13:25,684 - ConfigConverter - INFO - Found 4 rules for parameter: destination=http://test_url.s3.amazonaws.com/encoding.com.output/mock_mock_output_rendition_name_11111_1039.ts?acl=public-read
2025-06-17 11:13:25,684 - ConfigConverter - INFO - Processing rule for destination, value: http://test_url.s3.amazonaws.com/encoding.com.output/mock_mock_output_rendition_name_11111_1039.ts?acl=public-read
2025-06-17 11:13:25,684 - ConfigConverter - INFO - Condition using source_path output, value: mpegts
2025-06-17 11:13:25,684 - ConfigConverter - INFO - Condition evaluation: eq mpegts mp4 = False
2025-06-17 11:13:25,684 - ConfigConverter - INFO - Source condition evaluation for destination: False
2025-06-17 11:13:25,684 - ConfigConverter - INFO - Skipping rule for destination=http://test_url.s3.amazonaws.com/encoding.com.output/mock_mock_output_rendition_name_11111_1039.ts?acl=public-read due to source condition not matching
2025-06-17 11:13:25,684 - ConfigConverter - INFO - Processing rule for destination, value: http://test_url.s3.amazonaws.com/encoding.com.output/mock_mock_output_rendition_name_11111_1039.ts?acl=public-read
2025-06-17 11:13:25,684 - ConfigConverter - INFO - Condition using source_path output, value: mpegts
2025-06-17 11:13:25,684 - ConfigConverter - INFO - Condition evaluation: eq mpegts advanced_hls = False
2025-06-17 11:13:25,684 - ConfigConverter - INFO - Source condition evaluation for destination: False
2025-06-17 11:13:25,684 - ConfigConverter - INFO - Skipping rule for destination=http://test_url.s3.amazonaws.com/encoding.com.output/mock_mock_output_rendition_name_11111_1039.ts?acl=public-read due to source condition not matching
2025-06-17 11:13:25,684 - ConfigConverter - INFO - Processing rule for destination, value: http://test_url.s3.amazonaws.com/encoding.com.output/mock_mock_output_rendition_name_11111_1039.ts?acl=public-read
2025-06-17 11:13:25,684 - ConfigConverter - INFO - Condition using source_path output, value: mpegts
2025-06-17 11:13:25,684 - ConfigConverter - INFO - Condition evaluation: in mpegts ['advanced_dash', 'mpeg_dash'] = False
2025-06-17 11:13:25,684 - ConfigConverter - INFO - Source condition evaluation for destination: False
2025-06-17 11:13:25,684 - ConfigConverter - INFO - Skipping rule for destination=http://test_url.s3.amazonaws.com/encoding.com.output/mock_mock_output_rendition_name_11111_1039.ts?acl=public-read due to source condition not matching
2025-06-17 11:13:25,684 - ConfigConverter - INFO - Processing rule for destination, value: http://test_url.s3.amazonaws.com/encoding.com.output/mock_mock_output_rendition_name_11111_1039.ts?acl=public-read
2025-06-17 11:13:25,684 - ConfigConverter - INFO - Condition using source_path output, value: mpegts
2025-06-17 11:13:25,684 - ConfigConverter - INFO - Condition evaluation: in mpegts ['fmp4_hls', 'advanced_fmp4'] = False
2025-06-17 11:13:25,684 - ConfigConverter - INFO - Source condition evaluation for destination: False
2025-06-17 11:13:25,684 - ConfigConverter - INFO - Skipping rule for destination=http://test_url.s3.amazonaws.com/encoding.com.output/mock_mock_output_rendition_name_11111_1039.ts?acl=public-read due to source condition not matching
2025-06-17 11:13:25,684 - ConfigConverter - INFO - Conversion summary for /home/ec2-user/e2mc_assistant/encoding_profiles/mpegts/1039.xml:
2025-06-17 11:13:25,684 - ConfigConverter - INFO -   - Total parameters: 74
2025-06-17 11:13:25,684 - ConfigConverter - INFO -   - Mapped parameters: 74 (100.0%)
2025-06-17 11:13:25,684 - ConfigConverter - INFO -   - Unmapped parameters: 0 (0.0%)
2025-06-17 11:13:25,684 - ConfigConverter - INFO - Added missing NameModifier: _1920x1080_5000000_mc
2025-06-17 11:13:25,685 - ConfigConverter - INFO - Successfully converted /home/ec2-user/e2mc_assistant/encoding_profiles/mpegts/1039.xml to /home/ec2-user/e2mc_assistant/tranformed_mc_profiles/mpegts/1039.json
2025-06-17 11:13:25,686 - ConfigConverter - INFO - Validating /home/ec2-user/e2mc_assistant/tranformed_mc_profiles/mpegts/1039.json against schema /home/ec2-user/e2mc_assistant/utils/mc_config_validator/mc_setting_schema.json
2025-06-17 11:13:25,687 - ConfigConverter - INFO - Validation successful for /home/ec2-user/e2mc_assistant/tranformed_mc_profiles/mpegts/1039.json
2025-06-17 11:15:52,529 - ConfigConverter - INFO - Starting conversion of /home/ec2-user/e2mc_assistant/encoding_profiles/mpegts/1039.xml
2025-06-17 11:15:52,529 - ConfigConverter - INFO - Set container to M2TS based on output format: mpegts
2025-06-17 11:15:52,529 - ConfigConverter - INFO - Added M2tsSettings to container settings
2025-06-17 11:15:52,529 - ConfigConverter - INFO - Using H264Settings for video_codec=libx264
2025-06-17 11:15:52,529 - ConfigConverter - INFO - Set RateControlMode to CBR because <cbr>=yes
2025-06-17 11:15:52,529 - ConfigConverter - INFO - Set Bitrate to 5000000 from <bitrate>=5000k
2025-06-17 11:15:52,529 - ConfigConverter - INFO - Parameter cbr processed by custom rate control handler
2025-06-17 11:15:52,529 - ConfigConverter - INFO - Parameter bitrate processed by custom rate control handler
2025-06-17 11:15:52,529 - ConfigConverter - INFO - Set AudioDescriptions[0].CodecSettings.Codec to AAC from <audio_codec>=dolby_heaacv2
2025-06-17 11:15:52,529 - ConfigConverter - INFO - Set AudioDescriptions[0].CodecSettings.AacSettings.Bitrate to default value 96000
2025-06-17 11:15:52,529 - ConfigConverter - INFO - Set AudioDescriptions[0].CodecSettings.AacSettings.SampleRate to default value 48000
2025-06-17 11:15:52,529 - ConfigConverter - INFO - Set AudioDescriptions[0].CodecSettings.AacSettings.CodingMode to CODING_MODE_2_0 (default stereo)
2025-06-17 11:15:52,530 - ConfigConverter - INFO - Set AudioDescriptions[0].CodecSettings.AacSettings.Bitrate to 160000 from <audio_bitrate>=160k
2025-06-17 11:15:52,530 - ConfigConverter - INFO - Set AudioDescriptions[0].CodecSettings.AacSettings.SampleRate to 48000 from <audio_sample_rate>=48000
2025-06-17 11:15:52,530 - ConfigConverter - INFO - Audio parameters processed by custom audio settings handler
2025-06-17 11:15:52,530 - ConfigConverter - INFO - Mapped parameter: VCodecParameters=None → [DUMMY RULE]
2025-06-17 11:15:52,530 - ConfigConverter - INFO - Mapped parameter: acbr=None → [DUMMY RULE]
2025-06-17 11:15:52,530 - ConfigConverter - INFO - Mapped parameter: add_audio_only=None → [DUMMY RULE]
2025-06-17 11:15:52,530 - ConfigConverter - INFO - Mapped parameter: clipmode=None → [DUMMY RULE]
2025-06-17 11:15:52,530 - ConfigConverter - INFO - Mapped parameter: closed_captions.cc_extract_before=None → [DUMMY RULE]
2025-06-17 11:15:52,530 - ConfigConverter - INFO - Mapped parameter: closed_captions.direct_copy=None → [DUMMY RULE]
2025-06-17 11:15:52,530 - ConfigConverter - INFO - Mapped parameter: closed_captions.get_from_manifest=None → [DUMMY RULE]
2025-06-17 11:15:52,530 - ConfigConverter - INFO - Mapped parameter: closed_captions.ignore_cc_absence=None → [DUMMY RULE]
2025-06-17 11:15:52,530 - ConfigConverter - INFO - Mapped parameter: closed_captions.role=None → [DUMMY RULE]
2025-06-17 11:15:52,530 - ConfigConverter - INFO - Mapped parameter: closed_captions.vtt_split_segments=None → [DUMMY RULE]
2025-06-17 11:15:52,530 - ConfigConverter - INFO - Mapped parameter: drm=None → [DUMMY RULE]
2025-06-17 11:15:52,530 - ConfigConverter - INFO - Mapped parameter: encoder=None → [DUMMY RULE]
2025-06-17 11:15:52,530 - ConfigConverter - INFO - Mapped parameter: encryption=None → [DUMMY RULE]
2025-06-17 11:15:52,530 - ConfigConverter - INFO - Mapped parameter: hint=None → [DUMMY RULE]
2025-06-17 11:15:52,530 - ConfigConverter - INFO - Mapped parameter: pix_format=None → [DUMMY RULE]
2025-06-17 11:15:52,530 - ConfigConverter - INFO - Mapped parameter: set_video_duration=None → [DUMMY RULE]
2025-06-17 11:15:52,530 - ConfigConverter - INFO - Mapped parameter: strip_chapters=None → [DUMMY RULE]
2025-06-17 11:15:52,530 - ConfigConverter - INFO - Mapped parameter: video_codec_parameters.cmp=None → [DUMMY RULE]
2025-06-17 11:15:52,530 - ConfigConverter - INFO - Mapped parameter: video_codec_parameters.code=None → [DUMMY RULE]
2025-06-17 11:15:52,530 - ConfigConverter - INFO - Mapped parameter: video_codec_parameters.flags=None → [DUMMY RULE]
2025-06-17 11:15:52,530 - ConfigConverter - INFO - Mapped parameter: video_codec_parameters.flags2=None → [DUMMY RULE]
2025-06-17 11:15:52,530 - ConfigConverter - INFO - Mapped parameter: video_codec_parameters.i_qfactor=None → [DUMMY RULE]
2025-06-17 11:15:52,530 - ConfigConverter - INFO - Mapped parameter: video_codec_parameters.mbtree=None → [DUMMY RULE]
2025-06-17 11:15:52,530 - ConfigConverter - INFO - Mapped parameter: video_codec_parameters.me_method=None → [DUMMY RULE]
2025-06-17 11:15:52,530 - ConfigConverter - INFO - Mapped parameter: video_codec_parameters.me_range=None → [DUMMY RULE]
2025-06-17 11:15:52,530 - ConfigConverter - INFO - Mapped parameter: video_codec_parameters.qcomp=None → [DUMMY RULE]
2025-06-17 11:15:52,530 - ConfigConverter - INFO - Mapped parameter: video_codec_parameters.qdiff=None → [DUMMY RULE]
2025-06-17 11:15:52,530 - ConfigConverter - INFO - Mapped parameter: video_codec_parameters.subq=None → [DUMMY RULE]
2025-06-17 11:15:52,530 - ConfigConverter - INFO - Mapped parameter: video_codec_parameters.trellis=None → [DUMMY RULE]
2025-06-17 11:15:52,530 - ConfigConverter - INFO - Mapped parameter: video_codec_parameters.qmax=None → [DUMMY RULE]
2025-06-17 11:15:52,530 - ConfigConverter - INFO - Mapped parameter: video_codec_parameters.qmin=None → [DUMMY RULE]
2025-06-17 11:15:52,530 - ConfigConverter - INFO - Mapped parameter: closed_captions.forced=None → [DUMMY RULE]
2025-06-17 11:15:52,530 - ConfigConverter - INFO - Mapped parameter: file_extension=None → [DUMMY RULE]
2025-06-17 11:15:52,531 - ConfigConverter - INFO - Mapped parameter: rotate=None → [DUMMY RULE]
2025-06-17 11:15:52,531 - ConfigConverter - INFO - Mapped parameter: main_source.type=None → [DUMMY RULE]
2025-06-17 11:15:52,531 - ConfigConverter - INFO - Mapped parameter: playlist_version=None → [DUMMY RULE]
2025-06-17 11:15:52,531 - ConfigConverter - INFO - Mapped parameter: video_only=None → [DUMMY RULE]
2025-06-17 11:15:52,531 - ConfigConverter - INFO - Mapped parameter: audio_only=None → [DUMMY RULE]
2025-06-17 11:15:52,531 - ConfigConverter - INFO - Mapped parameter: closed_captions.cea_data_field=None → [DUMMY RULE]
2025-06-17 11:15:52,531 - ConfigConverter - INFO - Mapped parameter: loudnorm_range=None → [DUMMY RULE]
2025-06-17 11:15:52,531 - ConfigConverter - INFO - Mapped parameter: pack_files=None → [DUMMY RULE]
2025-06-17 11:15:52,531 - ConfigConverter - INFO - Mapped parameter: pack_type=None → [DUMMY RULE]
2025-06-17 11:15:52,531 - ConfigConverter - INFO - Mapped parameter: pack_each_stream=None → [DUMMY RULE]
2025-06-17 11:15:52,531 - ConfigConverter - INFO - Mapped parameter: cmaf_conformant=None → [DUMMY RULE]
2025-06-17 11:15:52,531 - ConfigConverter - INFO - Mapped parameter: manifest.basename=None → [DUMMY RULE]
2025-06-17 11:15:52,531 - ConfigConverter - INFO - Mapped parameter: use_manifest=None → [DUMMY RULE]
2025-06-17 11:15:52,531 - ConfigConverter - INFO - Mapped parameter: use_main_source=None → [DUMMY RULE]
2025-06-17 11:15:52,531 - ConfigConverter - INFO - Mapped parameter: use_alternate_source=None → [DUMMY RULE]
2025-06-17 11:15:52,531 - ConfigConverter - INFO - Mapped parameter: AdditionalCfDestination=None → [DUMMY RULE]
2025-06-17 11:15:52,531 - ConfigConverter - INFO - Mapped parameter: framerate_upper_threshold=None → [DUMMY RULE]
2025-06-17 11:15:52,531 - ConfigConverter - INFO - Mapped parameter: segmenter=None → [DUMMY RULE]
2025-06-17 11:15:52,531 - ConfigConverter - INFO - Mapped parameter: copy_nielsen_metadata=None → [DUMMY RULE]
2025-06-17 11:15:52,531 - ConfigConverter - INFO - Mapped parameter: metadata.copy=None → [DUMMY RULE]
2025-06-17 11:15:52,531 - ConfigConverter - INFO - Mapped parameter: refs=None → [DUMMY RULE]
2025-06-17 11:15:52,531 - ConfigConverter - INFO - Mapped parameter: reduce_structural_overhead=None → [DUMMY RULE]
2025-06-17 11:15:52,531 - ConfigConverter - INFO - Mapped parameter: video_codec_parameters.nal-hrd=None → [DUMMY RULE]
2025-06-17 11:15:52,531 - ConfigConverter - INFO - Mapped parameter: nal-hrd=cbr → [DUMMY RULE]
2025-06-17 11:15:52,531 - ConfigConverter - INFO - Mapped parameter: timescale=None → [DUMMY RULE]
2025-06-17 11:15:52,531 - ConfigConverter - INFO - Mapped parameter: video_codec_parameters.transfer_characteristics=None → [DUMMY RULE]
2025-06-17 11:15:52,531 - ConfigConverter - INFO - Mapped parameter: metadata_copy=None → [DUMMY RULE]
2025-06-17 11:15:52,531 - ConfigConverter - INFO - Mapped parameter: video_codec_parameters.partitions=None → [DUMMY RULE]
2025-06-17 11:15:52,531 - ConfigConverter - INFO - Found 1 rules for parameter: closed_captions.mux_type=dvb
2025-06-17 11:15:52,531 - ConfigConverter - INFO - Processing rule for closed_captions.mux_type, value: dvb
2025-06-17 11:15:52,531 - ConfigConverter - INFO - Applying transformation caption_mux_type_format to dvb
2025-06-17 11:15:52,531 - ConfigConverter - INFO - Transformed dvb using caption_mux_type_format to DVB_SUB
2025-06-17 11:15:52,531 - ConfigConverter - INFO - Mapped parameter: closed_captions.mux_type=dvb → Settings.OutputGroups[0].Outputs[0].CaptionDescriptions[0].DestinationSettings.DestinationType=DVB_SUB
2025-06-17 11:15:52,531 - ConfigConverter - INFO - Found 1 rules for parameter: closed_captions.font_source=https://dvbsubtitlefonts.channel4.com/TiresiasScreenfont.ttf
2025-06-17 11:15:52,531 - ConfigConverter - INFO - Processing rule for closed_captions.font_source, value: https://dvbsubtitlefonts.channel4.com/TiresiasScreenfont.ttf
2025-06-17 11:15:52,531 - ConfigConverter - INFO - Mapped parameter: closed_captions.font_source=https://dvbsubtitlefonts.channel4.com/TiresiasScreenfont.ttf → Settings.OutputGroups[0].Outputs[0].CaptionDescriptions[0].DestinationSettings.BurninDestinationSettings.FontFileRegular=https://dvbsubtitlefonts.channel4.com/TiresiasScreenfont.ttf
2025-06-17 11:15:52,531 - ConfigConverter - INFO - Using static value: BURN_IN
2025-06-17 11:15:52,531 - ConfigConverter - INFO - Mapped parameter: closed_captions.font_source=https://dvbsubtitlefonts.channel4.com/TiresiasScreenfont.ttf → Settings.OutputGroups[0].Outputs[0].CaptionDescriptions[0].DestinationSettings.DestinationType=BURN_IN
2025-06-17 11:15:52,532 - ConfigConverter - INFO - Skipping already processed parameter: output=mpegts
2025-06-17 11:15:52,532 - ConfigConverter - INFO - Found 2 rules for parameter: size=1920x1080
2025-06-17 11:15:52,532 - ConfigConverter - INFO - Processing rule for size, value: 1920x1080
2025-06-17 11:15:52,532 - ConfigConverter - INFO - Regex transformed 1920x1080 to 1920 using pattern (\d+)x([1-9]\d*)
2025-06-17 11:15:52,532 - ConfigConverter - INFO - Mapped parameter: size=1920x1080 → Settings.OutputGroups[0].Outputs[0].VideoDescription.Width=1920
2025-06-17 11:15:52,532 - ConfigConverter - INFO - Regex transformed 1920x1080 to 1080 using pattern (\d+)x([1-9]\d*)
2025-06-17 11:15:52,532 - ConfigConverter - INFO - Mapped parameter: size=1920x1080 → Settings.OutputGroups[0].Outputs[0].VideoDescription.Height=1080
2025-06-17 11:15:52,532 - ConfigConverter - INFO - Processing rule for size, value: 1920x1080
2025-06-17 11:15:52,532 - ConfigConverter - INFO - Regex pattern (\d+)x0 did not match 1920x1080 for size
2025-06-17 11:15:52,532 - ConfigConverter - INFO - Regex pattern (\d+)x0 did not match 1920x1080 for size
2025-06-17 11:15:52,532 - ConfigConverter - INFO - Found 1 rules for parameter: video_codec=libx264
2025-06-17 11:15:52,532 - ConfigConverter - INFO - Processing rule for video_codec, value: libx264
2025-06-17 11:15:52,532 - ConfigConverter - INFO - Applying transformation video_codec_format to libx264
2025-06-17 11:15:52,532 - ConfigConverter - INFO - Transformed libx264 using video_codec_format to H_264
2025-06-17 11:15:52,532 - ConfigConverter - INFO - Mapped parameter: video_codec=libx264 → Settings.OutputGroups[0].Outputs[0].VideoDescription.CodecSettings.Codec=H_264
2025-06-17 11:15:52,532 - ConfigConverter - INFO - Skipping already processed parameter: cbr=yes
2025-06-17 11:15:52,532 - ConfigConverter - INFO - Found 1 rules for parameter: hard_cbr=yes
2025-06-17 11:15:52,532 - ConfigConverter - INFO - Processing rule for hard_cbr, value: yes
2025-06-17 11:15:52,532 - ConfigConverter - INFO - Applying transformation hard_cbr_format to yes
2025-06-17 11:15:52,532 - ConfigConverter - INFO - Transformed yes using hard_cbr_format to CBR
2025-06-17 11:15:52,532 - ConfigConverter - INFO - Mapped parameter: hard_cbr=yes → Settings.OutputGroups[0].Outputs[0].VideoDescription.CodecSettings.H264Settings.RateControlMode=CBR
2025-06-17 11:15:52,532 - ConfigConverter - INFO - Skipping already processed parameter: nal-hrd=cbr
2025-06-17 11:15:52,532 - ConfigConverter - INFO - Skipping already processed parameter: bitrate=5000k
2025-06-17 11:15:52,532 - ConfigConverter - INFO - Found 6 rules for parameter: framerate=25
2025-06-17 11:15:52,532 - ConfigConverter - INFO - Processing rule for framerate, value: 25
2025-06-17 11:15:52,532 - ConfigConverter - INFO - Condition evaluation: eq 25 24000/1001 = False
2025-06-17 11:15:52,532 - ConfigConverter - INFO - Source condition evaluation for framerate: False
2025-06-17 11:15:52,532 - ConfigConverter - INFO - Skipping rule for framerate=25 due to source condition not matching
2025-06-17 11:15:52,532 - ConfigConverter - INFO - Processing rule for framerate, value: 25
2025-06-17 11:15:52,532 - ConfigConverter - INFO - Condition evaluation: eq 25 29.97 = False
2025-06-17 11:15:52,532 - ConfigConverter - INFO - Source condition evaluation for framerate: False
2025-06-17 11:15:52,532 - ConfigConverter - INFO - Skipping rule for framerate=25 due to source condition not matching
2025-06-17 11:15:52,532 - ConfigConverter - INFO - Processing rule for framerate, value: 25
2025-06-17 11:15:52,532 - ConfigConverter - INFO - Condition evaluation: eq 25 59.94 = False
2025-06-17 11:15:52,533 - ConfigConverter - INFO - Source condition evaluation for framerate: False
2025-06-17 11:15:52,533 - ConfigConverter - INFO - Skipping rule for framerate=25 due to source condition not matching
2025-06-17 11:15:52,533 - ConfigConverter - INFO - Processing rule for framerate, value: 25
2025-06-17 11:15:52,533 - ConfigConverter - INFO - Condition evaluation: eq 25 25 = True
2025-06-17 11:15:52,533 - ConfigConverter - INFO - Source condition evaluation for framerate: True
2025-06-17 11:15:52,533 - ConfigConverter - INFO - Using static value: SPECIFIED
2025-06-17 11:15:52,533 - ConfigConverter - INFO - Mapped parameter: framerate=25 → Settings.OutputGroups[0].Outputs[0].VideoDescription.CodecSettings.H264Settings.FramerateControl=SPECIFIED
2025-06-17 11:15:52,533 - ConfigConverter - INFO - Using static value: 25
2025-06-17 11:15:52,533 - ConfigConverter - INFO - Mapped parameter: framerate=25 → Settings.OutputGroups[0].Outputs[0].VideoDescription.CodecSettings.H264Settings.FramerateNumerator=25
2025-06-17 11:15:52,533 - ConfigConverter - INFO - Using static value: 1
2025-06-17 11:15:52,533 - ConfigConverter - INFO - Mapped parameter: framerate=25 → Settings.OutputGroups[0].Outputs[0].VideoDescription.CodecSettings.H264Settings.FramerateDenominator=1
2025-06-17 11:15:52,533 - ConfigConverter - INFO - Processing rule for framerate, value: 25
2025-06-17 11:15:52,533 - ConfigConverter - INFO - Condition evaluation: eq 25 30 = False
2025-06-17 11:15:52,533 - ConfigConverter - INFO - Source condition evaluation for framerate: False
2025-06-17 11:15:52,533 - ConfigConverter - INFO - Skipping rule for framerate=25 due to source condition not matching
2025-06-17 11:15:52,533 - ConfigConverter - INFO - Processing rule for framerate, value: 25
2025-06-17 11:15:52,533 - ConfigConverter - INFO - Condition evaluation: eq 25  = False
2025-06-17 11:15:52,533 - ConfigConverter - INFO - Source condition evaluation for framerate: False
2025-06-17 11:15:52,533 - ConfigConverter - INFO - Skipping rule for framerate=25 due to source condition not matching
2025-06-17 11:15:52,533 - ConfigConverter - INFO - Found 1 rules for parameter: keyframe=50
2025-06-17 11:15:52,533 - ConfigConverter - INFO - Processing rule for keyframe, value: 50
2025-06-17 11:15:52,533 - ConfigConverter - INFO - Mapped parameter: keyframe=50 → Settings.OutputGroups[0].Outputs[0].VideoDescription.CodecSettings.H264Settings.GopSize=50
2025-06-17 11:15:52,533 - ConfigConverter - INFO - Found 1 rules for parameter: keyint_min=50
2025-06-17 11:15:52,533 - ConfigConverter - INFO - Processing rule for keyint_min, value: 50
2025-06-17 11:15:52,533 - ConfigConverter - INFO - Mapped parameter: keyint_min=50 → Settings.OutputGroups[0].Outputs[0].VideoDescription.CodecSettings.H264Settings.MinIInterval=50
2025-06-17 11:15:52,533 - ConfigConverter - INFO - Found 2 rules for parameter: two_pass=yes
2025-06-17 11:15:52,533 - ConfigConverter - INFO - Processing rule for two_pass, value: yes
2025-06-17 11:15:52,533 - ConfigConverter - INFO - Condition using source_path video_codec, value: libx264
2025-06-17 11:15:52,533 - ConfigConverter - INFO - Condition evaluation: in libx264 ['mpeg4', 'libx264'] = True
2025-06-17 11:15:52,533 - ConfigConverter - INFO - Source condition evaluation for two_pass: True
2025-06-17 11:15:52,533 - ConfigConverter - INFO - Applying transformation two_pass_format to yes
2025-06-17 11:15:52,533 - ConfigConverter - INFO - Transformed yes using two_pass_format to MULTI_PASS_HQ
2025-06-17 11:15:52,533 - ConfigConverter - INFO - Mapped parameter: two_pass=yes → Settings.OutputGroups[0].Outputs[0].VideoDescription.CodecSettings.H264Settings.QualityTuningLevel=MULTI_PASS_HQ
2025-06-17 11:15:52,533 - ConfigConverter - INFO - Processing rule for two_pass, value: yes
2025-06-17 11:15:52,533 - ConfigConverter - INFO - Condition using source_path video_codec, value: libx264
2025-06-17 11:15:52,533 - ConfigConverter - INFO - Condition evaluation: in libx264 ['libvpx'] = False
2025-06-17 11:15:52,533 - ConfigConverter - INFO - Source condition evaluation for two_pass: False
2025-06-17 11:15:52,533 - ConfigConverter - INFO - Skipping rule for two_pass=yes due to source condition not matching
2025-06-17 11:15:52,533 - ConfigConverter - INFO - Skipping already processed parameter: audio_codec=dolby_heaacv2
2025-06-17 11:15:52,533 - ConfigConverter - INFO - Skipping already processed parameter: audio_sample_rate=48000
2025-06-17 11:15:52,533 - ConfigConverter - INFO - Skipping already processed parameter: audio_bitrate=160k
2025-06-17 11:15:52,533 - ConfigConverter - INFO - Found 3 rules for parameter: audio_channels_number=2
2025-06-17 11:15:52,534 - ConfigConverter - INFO - Processing rule for audio_channels_number, value: 2
2025-06-17 11:15:52,534 - ConfigConverter - INFO - Condition using source_path audio_codec, value: dolby_heaacv2
2025-06-17 11:15:52,534 - ConfigConverter - INFO - Condition evaluation: in dolby_heaacv2 ['dolby_aac', 'dolby_heaac', 'libfaac'] = False
2025-06-17 11:15:52,534 - ConfigConverter - INFO - Source condition evaluation for audio_channels_number: False
2025-06-17 11:15:52,534 - ConfigConverter - INFO - Skipping rule for audio_channels_number=2 due to source condition not matching
2025-06-17 11:15:52,534 - ConfigConverter - INFO - Processing rule for audio_channels_number, value: 2
2025-06-17 11:15:52,534 - ConfigConverter - INFO - Condition using source_path audio_codec, value: dolby_heaacv2
2025-06-17 11:15:52,534 - ConfigConverter - INFO - Condition evaluation: eq dolby_heaacv2 ac3 = False
2025-06-17 11:15:52,534 - ConfigConverter - INFO - Source condition evaluation for audio_channels_number: False
2025-06-17 11:15:52,534 - ConfigConverter - INFO - Skipping rule for audio_channels_number=2 due to source condition not matching
2025-06-17 11:15:52,534 - ConfigConverter - INFO - Processing rule for audio_channels_number, value: 2
2025-06-17 11:15:52,534 - ConfigConverter - INFO - Condition using source_path audio_codec, value: dolby_heaacv2
2025-06-17 11:15:52,534 - ConfigConverter - INFO - Condition evaluation: eq dolby_heaacv2 libvpx = False
2025-06-17 11:15:52,534 - ConfigConverter - INFO - Source condition evaluation for audio_channels_number: False
2025-06-17 11:15:52,534 - ConfigConverter - INFO - Skipping rule for audio_channels_number=2 due to source condition not matching
2025-06-17 11:15:52,534 - ConfigConverter - INFO - Found 4 rules for parameter: destination=http://test_url.s3.amazonaws.com/encoding.com.output/mock_mock_output_rendition_name_11111_1039.ts?acl=public-read
2025-06-17 11:15:52,534 - ConfigConverter - INFO - Processing rule for destination, value: http://test_url.s3.amazonaws.com/encoding.com.output/mock_mock_output_rendition_name_11111_1039.ts?acl=public-read
2025-06-17 11:15:52,534 - ConfigConverter - INFO - Condition using source_path output, value: mpegts
2025-06-17 11:15:52,534 - ConfigConverter - INFO - Condition evaluation: eq mpegts mp4 = False
2025-06-17 11:15:52,534 - ConfigConverter - INFO - Source condition evaluation for destination: False
2025-06-17 11:15:52,534 - ConfigConverter - INFO - Skipping rule for destination=http://test_url.s3.amazonaws.com/encoding.com.output/mock_mock_output_rendition_name_11111_1039.ts?acl=public-read due to source condition not matching
2025-06-17 11:15:52,534 - ConfigConverter - INFO - Processing rule for destination, value: http://test_url.s3.amazonaws.com/encoding.com.output/mock_mock_output_rendition_name_11111_1039.ts?acl=public-read
2025-06-17 11:15:52,534 - ConfigConverter - INFO - Condition using source_path output, value: mpegts
2025-06-17 11:15:52,534 - ConfigConverter - INFO - Condition evaluation: eq mpegts advanced_hls = False
2025-06-17 11:15:52,534 - ConfigConverter - INFO - Source condition evaluation for destination: False
2025-06-17 11:15:52,534 - ConfigConverter - INFO - Skipping rule for destination=http://test_url.s3.amazonaws.com/encoding.com.output/mock_mock_output_rendition_name_11111_1039.ts?acl=public-read due to source condition not matching
2025-06-17 11:15:52,534 - ConfigConverter - INFO - Processing rule for destination, value: http://test_url.s3.amazonaws.com/encoding.com.output/mock_mock_output_rendition_name_11111_1039.ts?acl=public-read
2025-06-17 11:15:52,534 - ConfigConverter - INFO - Condition using source_path output, value: mpegts
2025-06-17 11:15:52,534 - ConfigConverter - INFO - Condition evaluation: in mpegts ['advanced_dash', 'mpeg_dash'] = False
2025-06-17 11:15:52,534 - ConfigConverter - INFO - Source condition evaluation for destination: False
2025-06-17 11:15:52,534 - ConfigConverter - INFO - Skipping rule for destination=http://test_url.s3.amazonaws.com/encoding.com.output/mock_mock_output_rendition_name_11111_1039.ts?acl=public-read due to source condition not matching
2025-06-17 11:15:52,534 - ConfigConverter - INFO - Processing rule for destination, value: http://test_url.s3.amazonaws.com/encoding.com.output/mock_mock_output_rendition_name_11111_1039.ts?acl=public-read
2025-06-17 11:15:52,534 - ConfigConverter - INFO - Condition using source_path output, value: mpegts
2025-06-17 11:15:52,534 - ConfigConverter - INFO - Condition evaluation: in mpegts ['fmp4_hls', 'advanced_fmp4'] = False
2025-06-17 11:15:52,534 - ConfigConverter - INFO - Source condition evaluation for destination: False
2025-06-17 11:15:52,534 - ConfigConverter - INFO - Skipping rule for destination=http://test_url.s3.amazonaws.com/encoding.com.output/mock_mock_output_rendition_name_11111_1039.ts?acl=public-read due to source condition not matching
2025-06-17 11:15:52,534 - ConfigConverter - INFO - Conversion summary for /home/ec2-user/e2mc_assistant/encoding_profiles/mpegts/1039.xml:
2025-06-17 11:15:52,534 - ConfigConverter - INFO -   - Total parameters: 74
2025-06-17 11:15:52,534 - ConfigConverter - INFO -   - Mapped parameters: 74 (100.0%)
2025-06-17 11:15:52,534 - ConfigConverter - INFO -   - Unmapped parameters: 0 (0.0%)
2025-06-17 11:15:52,534 - ConfigConverter - INFO - Added missing NameModifier: _1920x1080_5000000_mc
2025-06-17 11:15:52,535 - ConfigConverter - INFO - Successfully converted /home/ec2-user/e2mc_assistant/encoding_profiles/mpegts/1039.xml to /home/ec2-user/e2mc_assistant/tranformed_mc_profiles/mpegts/1039.json
2025-06-17 11:15:52,536 - ConfigConverter - INFO - Validating /home/ec2-user/e2mc_assistant/tranformed_mc_profiles/mpegts/1039.json against schema /home/ec2-user/e2mc_assistant/utils/mc_config_validator/mc_setting_schema.json
2025-06-17 11:15:52,536 - ConfigConverter - INFO - Validation successful for /home/ec2-user/e2mc_assistant/tranformed_mc_profiles/mpegts/1039.json
