2025-06-17 06:42:02,965 - ConfigConverter - INFO - Starting conversion of /home/ec2-user/e2mc_assistant/encoding_profiles/mpegts/199.xml
2025-06-17 06:42:02,965 - ConfigConverter - INFO - Set container to M2TS based on output format: mpegts
2025-06-17 06:42:02,965 - ConfigConverter - INFO - Added M2tsSettings to container settings
2025-06-17 06:42:02,965 - ConfigConverter - INFO - Using H264Settings for video_codec=libx264
2025-06-17 06:42:02,965 - ConfigConverter - INFO - Set RateControlMode to VBR because <cbr> doesn't exist and <maxrate> doesn't exist
2025-06-17 06:42:02,965 - ConfigConverter - INFO - Set Bitrate to 928000 from <bitrate>=928k
2025-06-17 06:42:02,965 - ConfigConverter - INFO - Setting MaxBitrate to 2320000 (2.5 * Bitrate)
2025-06-17 06:42:02,965 - ConfigConverter - INFO - Parameter bitrate processed by custom rate control handler
2025-06-17 06:42:02,966 - ConfigConverter - INFO - Set AudioDescriptions[0].CodecSettings.Codec to AAC from <audio_codec>=libfaac
2025-06-17 06:42:02,966 - ConfigConverter - INFO - Set AudioDescriptions[0].CodecSettings.AacSettings.Bitrate to default value 96000
2025-06-17 06:42:02,966 - ConfigConverter - INFO - Set AudioDescriptions[0].CodecSettings.AacSettings.SampleRate to default value 48000
2025-06-17 06:42:02,966 - ConfigConverter - INFO - Set AudioDescriptions[0].CodecSettings.AacSettings.CodingMode to CODING_MODE_2_0 (default stereo)
2025-06-17 06:42:02,966 - ConfigConverter - INFO - Set AudioDescriptions[0].CodecSettings.AacSettings.Bitrate to 128000 from <audio_bitrate>=128k
2025-06-17 06:42:02,966 - ConfigConverter - INFO - Audio parameters processed by custom audio settings handler
2025-06-17 06:42:02,966 - ConfigConverter - INFO - Mapped parameter: VCodecParameters=None → [DUMMY RULE]
2025-06-17 06:42:02,966 - ConfigConverter - INFO - Mapped parameter: acbr=None → [DUMMY RULE]
2025-06-17 06:42:02,966 - ConfigConverter - INFO - Mapped parameter: add_audio_only=None → [DUMMY RULE]
2025-06-17 06:42:02,966 - ConfigConverter - INFO - Mapped parameter: clipmode=None → [DUMMY RULE]
2025-06-17 06:42:02,966 - ConfigConverter - INFO - Mapped parameter: closed_captions.cc_extract_before=None → [DUMMY RULE]
2025-06-17 06:42:02,966 - ConfigConverter - INFO - Mapped parameter: closed_captions.direct_copy=None → [DUMMY RULE]
2025-06-17 06:42:02,966 - ConfigConverter - INFO - Mapped parameter: closed_captions.get_from_manifest=None → [DUMMY RULE]
2025-06-17 06:42:02,966 - ConfigConverter - INFO - Mapped parameter: closed_captions.ignore_cc_absence=None → [DUMMY RULE]
2025-06-17 06:42:02,966 - ConfigConverter - INFO - Mapped parameter: closed_captions.role=None → [DUMMY RULE]
2025-06-17 06:42:02,966 - ConfigConverter - INFO - Mapped parameter: closed_captions.vtt_split_segments=None → [DUMMY RULE]
2025-06-17 06:42:02,966 - ConfigConverter - INFO - Mapped parameter: drm=None → [DUMMY RULE]
2025-06-17 06:42:02,966 - ConfigConverter - INFO - Mapped parameter: encoder=None → [DUMMY RULE]
2025-06-17 06:42:02,966 - ConfigConverter - INFO - Mapped parameter: encryption=None → [DUMMY RULE]
2025-06-17 06:42:02,966 - ConfigConverter - INFO - Mapped parameter: hint=None → [DUMMY RULE]
2025-06-17 06:42:02,966 - ConfigConverter - INFO - Mapped parameter: pix_format=None → [DUMMY RULE]
2025-06-17 06:42:02,966 - ConfigConverter - INFO - Mapped parameter: set_video_duration=None → [DUMMY RULE]
2025-06-17 06:42:02,966 - ConfigConverter - INFO - Mapped parameter: strip_chapters=None → [DUMMY RULE]
2025-06-17 06:42:02,966 - ConfigConverter - INFO - Mapped parameter: video_codec_parameters.cmp=None → [DUMMY RULE]
2025-06-17 06:42:02,966 - ConfigConverter - INFO - Mapped parameter: video_codec_parameters.code=None → [DUMMY RULE]
2025-06-17 06:42:02,966 - ConfigConverter - INFO - Mapped parameter: video_codec_parameters.flags=None → [DUMMY RULE]
2025-06-17 06:42:02,966 - ConfigConverter - INFO - Mapped parameter: video_codec_parameters.flags2=None → [DUMMY RULE]
2025-06-17 06:42:02,966 - ConfigConverter - INFO - Mapped parameter: video_codec_parameters.i_qfactor=None → [DUMMY RULE]
2025-06-17 06:42:02,966 - ConfigConverter - INFO - Mapped parameter: video_codec_parameters.mbtree=None → [DUMMY RULE]
2025-06-17 06:42:02,966 - ConfigConverter - INFO - Mapped parameter: video_codec_parameters.me_method=None → [DUMMY RULE]
2025-06-17 06:42:02,966 - ConfigConverter - INFO - Mapped parameter: video_codec_parameters.me_range=None → [DUMMY RULE]
2025-06-17 06:42:02,966 - ConfigConverter - INFO - Mapped parameter: video_codec_parameters.qcomp=None → [DUMMY RULE]
2025-06-17 06:42:02,966 - ConfigConverter - INFO - Mapped parameter: video_codec_parameters.qdiff=None → [DUMMY RULE]
2025-06-17 06:42:02,967 - ConfigConverter - INFO - Mapped parameter: video_codec_parameters.subq=None → [DUMMY RULE]
2025-06-17 06:42:02,967 - ConfigConverter - INFO - Mapped parameter: video_codec_parameters.trellis=None → [DUMMY RULE]
2025-06-17 06:42:02,967 - ConfigConverter - INFO - Mapped parameter: video_codec_parameters.qmax=None → [DUMMY RULE]
2025-06-17 06:42:02,967 - ConfigConverter - INFO - Mapped parameter: video_codec_parameters.qmin=None → [DUMMY RULE]
2025-06-17 06:42:02,967 - ConfigConverter - INFO - Mapped parameter: closed_captions.forced=None → [DUMMY RULE]
2025-06-17 06:42:02,967 - ConfigConverter - INFO - Mapped parameter: file_extension=None → [DUMMY RULE]
2025-06-17 06:42:02,967 - ConfigConverter - INFO - Mapped parameter: rotate=None → [DUMMY RULE]
2025-06-17 06:42:02,967 - ConfigConverter - INFO - Mapped parameter: main_source.type=None → [DUMMY RULE]
2025-06-17 06:42:02,967 - ConfigConverter - INFO - Mapped parameter: playlist_version=None → [DUMMY RULE]
2025-06-17 06:42:02,967 - ConfigConverter - INFO - Mapped parameter: video_only=None → [DUMMY RULE]
2025-06-17 06:42:02,967 - ConfigConverter - INFO - Mapped parameter: audio_only=None → [DUMMY RULE]
2025-06-17 06:42:02,967 - ConfigConverter - INFO - Mapped parameter: closed_captions.cea_data_field=None → [DUMMY RULE]
2025-06-17 06:42:02,967 - ConfigConverter - INFO - Mapped parameter: loudnorm_range=None → [DUMMY RULE]
2025-06-17 06:42:02,967 - ConfigConverter - INFO - Mapped parameter: pack_files=None → [DUMMY RULE]
2025-06-17 06:42:02,967 - ConfigConverter - INFO - Mapped parameter: pack_type=None → [DUMMY RULE]
2025-06-17 06:42:02,967 - ConfigConverter - INFO - Mapped parameter: pack_each_stream=None → [DUMMY RULE]
2025-06-17 06:42:02,967 - ConfigConverter - INFO - Mapped parameter: cmaf_conformant=None → [DUMMY RULE]
2025-06-17 06:42:02,967 - ConfigConverter - INFO - Mapped parameter: manifest.basename=None → [DUMMY RULE]
2025-06-17 06:42:02,967 - ConfigConverter - INFO - Mapped parameter: use_manifest=None → [DUMMY RULE]
2025-06-17 06:42:02,967 - ConfigConverter - INFO - Mapped parameter: use_main_source=None → [DUMMY RULE]
2025-06-17 06:42:02,967 - ConfigConverter - INFO - Mapped parameter: use_alternate_source=None → [DUMMY RULE]
2025-06-17 06:42:02,967 - ConfigConverter - INFO - Mapped parameter: AdditionalCfDestination=None → [DUMMY RULE]
2025-06-17 06:42:02,967 - ConfigConverter - INFO - Mapped parameter: framerate_upper_threshold=None → [DUMMY RULE]
2025-06-17 06:42:02,967 - ConfigConverter - INFO - Mapped parameter: segmenter=None → [DUMMY RULE]
2025-06-17 06:42:02,967 - ConfigConverter - INFO - Mapped parameter: copy_nielsen_metadata=None → [DUMMY RULE]
2025-06-17 06:42:02,967 - ConfigConverter - INFO - Mapped parameter: metadata.copy=None → [DUMMY RULE]
2025-06-17 06:42:02,967 - ConfigConverter - INFO - Mapped parameter: refs=None → [DUMMY RULE]
2025-06-17 06:42:02,967 - ConfigConverter - INFO - Mapped parameter: reduce_structural_overhead=None → [DUMMY RULE]
2025-06-17 06:42:02,967 - ConfigConverter - INFO - Mapped parameter: video_codec_parameters.nal-hrd=None → [DUMMY RULE]
2025-06-17 06:42:02,967 - ConfigConverter - INFO - Mapped parameter: nal-hrd=None → [DUMMY RULE]
2025-06-17 06:42:02,967 - ConfigConverter - INFO - Mapped parameter: timescale=None → [DUMMY RULE]
2025-06-17 06:42:02,967 - ConfigConverter - INFO - Mapped parameter: video_codec_parameters.transfer_characteristics=None → [DUMMY RULE]
2025-06-17 06:42:02,967 - ConfigConverter - INFO - Mapped parameter: metadata_copy=None → [DUMMY RULE]
2025-06-17 06:42:02,967 - ConfigConverter - INFO - Mapped parameter: video_codec_parameters.partitions=None → [DUMMY RULE]
2025-06-17 06:42:02,967 - ConfigConverter - INFO - Skipping already processed parameter: output=mpegts
2025-06-17 06:42:02,967 - ConfigConverter - INFO - Found 1 rules for parameter: video_codec=libx264
2025-06-17 06:42:02,967 - ConfigConverter - INFO - Processing rule for video_codec, value: libx264
2025-06-17 06:42:02,968 - ConfigConverter - INFO - Applying transformation video_codec_format to libx264
2025-06-17 06:42:02,968 - ConfigConverter - INFO - Transformed libx264 using video_codec_format to H_264
2025-06-17 06:42:02,968 - ConfigConverter - INFO - Mapped parameter: video_codec=libx264 → Settings.OutputGroups[0].Outputs[0].VideoDescription.CodecSettings.Codec=H_264
2025-06-17 06:42:02,968 - ConfigConverter - INFO - Found 2 rules for parameter: profile=main
2025-06-17 06:42:02,968 - ConfigConverter - INFO - Processing rule for profile, value: main
2025-06-17 06:42:02,968 - ConfigConverter - INFO - Applying transformation profile_format to main
2025-06-17 06:42:02,968 - ConfigConverter - INFO - Transformed main using profile_format to MAIN
2025-06-17 06:42:02,968 - ConfigConverter - INFO - Mapped parameter: profile=main → Settings.OutputGroups[0].Outputs[0].VideoDescription.CodecSettings.H264Settings.CodecProfile=MAIN
2025-06-17 06:42:02,968 - ConfigConverter - INFO - Processing rule for profile, value: main
2025-06-17 06:42:02,968 - ConfigConverter - INFO - Condition evaluation: eq main baseline = False
2025-06-17 06:42:02,968 - ConfigConverter - INFO - Source condition evaluation for profile: False
2025-06-17 06:42:02,968 - ConfigConverter - INFO - Skipping rule for profile=main due to source condition not matching
2025-06-17 06:42:02,968 - ConfigConverter - INFO - Skipping already processed parameter: bitrate=928k
2025-06-17 06:42:02,968 - ConfigConverter - INFO - Found 1 rules for parameter: set_aspect_ratio=16:9
2025-06-17 06:42:02,968 - ConfigConverter - INFO - Processing rule for set_aspect_ratio, value: 16:9
2025-06-17 06:42:02,968 - ConfigConverter - INFO - Condition evaluation: eq 16:9 source = False
2025-06-17 06:42:02,968 - ConfigConverter - INFO - Source condition evaluation for set_aspect_ratio: False
2025-06-17 06:42:02,968 - ConfigConverter - INFO - Skipping rule for set_aspect_ratio=16:9 due to source condition not matching
2025-06-17 06:42:02,968 - ConfigConverter - INFO - Found 2 rules for parameter: size=640x360
2025-06-17 06:42:02,968 - ConfigConverter - INFO - Processing rule for size, value: 640x360
2025-06-17 06:42:02,968 - ConfigConverter - INFO - Regex transformed 640x360 to 640 using pattern (\d+)x([1-9]\d*)
2025-06-17 06:42:02,968 - ConfigConverter - INFO - Mapped parameter: size=640x360 → Settings.OutputGroups[0].Outputs[0].VideoDescription.Width=640
2025-06-17 06:42:02,968 - ConfigConverter - INFO - Regex transformed 640x360 to 360 using pattern (\d+)x([1-9]\d*)
2025-06-17 06:42:02,968 - ConfigConverter - INFO - Mapped parameter: size=640x360 → Settings.OutputGroups[0].Outputs[0].VideoDescription.Height=360
2025-06-17 06:42:02,968 - ConfigConverter - INFO - Processing rule for size, value: 640x360
2025-06-17 06:42:02,968 - ConfigConverter - INFO - Regex pattern (\d+)x0 did not match 640x360 for size
2025-06-17 06:42:02,968 - ConfigConverter - INFO - Regex pattern (\d+)x0 did not match 640x360 for size
2025-06-17 06:42:02,968 - ConfigConverter - INFO - Found 3 rules for parameter: pixel_aspect_ratio=1:1
2025-06-17 06:42:02,968 - ConfigConverter - INFO - Processing rule for pixel_aspect_ratio, value: 1:1
2025-06-17 06:42:02,968 - ConfigConverter - INFO - Condition evaluation: eq 1:1 1:1 = True
2025-06-17 06:42:02,968 - ConfigConverter - INFO - Source condition evaluation for pixel_aspect_ratio: True
2025-06-17 06:42:02,968 - ConfigConverter - INFO - Using static value: SPECIFIED
2025-06-17 06:42:02,968 - ConfigConverter - INFO - Mapped parameter: pixel_aspect_ratio=1:1 → Settings.OutputGroups[0].Outputs[0].VideoDescription.CodecSettings.H264Settings.ParControl=SPECIFIED
2025-06-17 06:42:02,968 - ConfigConverter - INFO - Using static value: 1
2025-06-17 06:42:02,968 - ConfigConverter - INFO - Mapped parameter: pixel_aspect_ratio=1:1 → Settings.OutputGroups[0].Outputs[0].VideoDescription.CodecSettings.H264Settings.ParNumerator=1
2025-06-17 06:42:02,968 - ConfigConverter - INFO - Using static value: 1
2025-06-17 06:42:02,968 - ConfigConverter - INFO - Mapped parameter: pixel_aspect_ratio=1:1 → Settings.OutputGroups[0].Outputs[0].VideoDescription.CodecSettings.H264Settings.ParDenominator=1
2025-06-17 06:42:02,968 - ConfigConverter - INFO - Processing rule for pixel_aspect_ratio, value: 1:1
2025-06-17 06:42:02,969 - ConfigConverter - INFO - Condition evaluation: eq 1:1 1.77:1 = False
2025-06-17 06:42:02,969 - ConfigConverter - INFO - Source condition evaluation for pixel_aspect_ratio: False
2025-06-17 06:42:02,969 - ConfigConverter - INFO - Skipping rule for pixel_aspect_ratio=1:1 due to source condition not matching
2025-06-17 06:42:02,969 - ConfigConverter - INFO - Processing rule for pixel_aspect_ratio, value: 1:1
2025-06-17 06:42:02,969 - ConfigConverter - INFO - Condition evaluation: eq 1:1  = False
2025-06-17 06:42:02,969 - ConfigConverter - INFO - Source condition evaluation for pixel_aspect_ratio: False
2025-06-17 06:42:02,969 - ConfigConverter - INFO - Skipping rule for pixel_aspect_ratio=1:1 due to source condition not matching
2025-06-17 06:42:02,969 - ConfigConverter - INFO - Found 1 rules for parameter: two_pass=yes
2025-06-17 06:42:02,969 - ConfigConverter - INFO - Processing rule for two_pass, value: yes
2025-06-17 06:42:02,969 - ConfigConverter - INFO - Applying transformation two_pass_format to yes
2025-06-17 06:42:02,969 - ConfigConverter - INFO - Transformed yes using two_pass_format to MULTI_PASS_HQ
2025-06-17 06:42:02,969 - ConfigConverter - INFO - Mapped parameter: two_pass=yes → Settings.OutputGroups[0].Outputs[0].VideoDescription.CodecSettings.H264Settings.QualityTuningLevel=MULTI_PASS_HQ
2025-06-17 06:42:02,969 - ConfigConverter - INFO - Skipping already processed parameter: audio_codec=libfaac
2025-06-17 06:42:02,969 - ConfigConverter - INFO - Skipping already processed parameter: audio_bitrate=128k
2025-06-17 06:42:02,969 - ConfigConverter - INFO - Found 2 rules for parameter: audio_channels_number=2
2025-06-17 06:42:02,969 - ConfigConverter - INFO - Processing rule for audio_channels_number, value: 2
2025-06-17 06:42:02,969 - ConfigConverter - INFO - Condition using source_path audio_codec, value: libfaac
2025-06-17 06:42:02,969 - ConfigConverter - INFO - Condition evaluation: in libfaac ['dolby_aac', 'dolby_heaac', 'libfaac'] = True
2025-06-17 06:42:02,969 - ConfigConverter - INFO - Source condition evaluation for audio_channels_number: True
2025-06-17 06:42:02,969 - ConfigConverter - INFO - Applying transformation audio_channels_format to 2
2025-06-17 06:42:02,969 - ConfigConverter - INFO - Transformed 2 using audio_channels_format to CODING_MODE_2_0
2025-06-17 06:42:02,969 - ConfigConverter - INFO - Mapped parameter: audio_channels_number=2 → Settings.OutputGroups[0].Outputs[0].AudioDescriptions[0].CodecSettings.AacSettings.CodingMode=CODING_MODE_2_0
2025-06-17 06:42:02,969 - ConfigConverter - INFO - Processing rule for audio_channels_number, value: 2
2025-06-17 06:42:02,969 - ConfigConverter - INFO - Condition using source_path audio_codec, value: libfaac
2025-06-17 06:42:02,969 - ConfigConverter - INFO - Condition evaluation: eq libfaac ac3 = False
2025-06-17 06:42:02,969 - ConfigConverter - INFO - Source condition evaluation for audio_channels_number: False
2025-06-17 06:42:02,969 - ConfigConverter - INFO - Skipping rule for audio_channels_number=2 due to source condition not matching
2025-06-17 06:42:02,969 - ConfigConverter - INFO - Found 4 rules for parameter: destination=http://test_url.s3.amazonaws.com/encoding.com.output/mock_mock_output_rendition_name_11111_199.ts?acl=public-read
2025-06-17 06:42:02,969 - ConfigConverter - INFO - Processing rule for destination, value: http://test_url.s3.amazonaws.com/encoding.com.output/mock_mock_output_rendition_name_11111_199.ts?acl=public-read
2025-06-17 06:42:02,969 - ConfigConverter - INFO - Condition using source_path output, value: mpegts
2025-06-17 06:42:02,969 - ConfigConverter - INFO - Condition evaluation: eq mpegts mp4 = False
2025-06-17 06:42:02,969 - ConfigConverter - INFO - Source condition evaluation for destination: False
2025-06-17 06:42:02,969 - ConfigConverter - INFO - Skipping rule for destination=http://test_url.s3.amazonaws.com/encoding.com.output/mock_mock_output_rendition_name_11111_199.ts?acl=public-read due to source condition not matching
2025-06-17 06:42:02,969 - ConfigConverter - INFO - Processing rule for destination, value: http://test_url.s3.amazonaws.com/encoding.com.output/mock_mock_output_rendition_name_11111_199.ts?acl=public-read
2025-06-17 06:42:02,969 - ConfigConverter - INFO - Condition using source_path output, value: mpegts
2025-06-17 06:42:02,969 - ConfigConverter - INFO - Condition evaluation: eq mpegts advanced_hls = False
2025-06-17 06:42:02,969 - ConfigConverter - INFO - Source condition evaluation for destination: False
2025-06-17 06:42:02,969 - ConfigConverter - INFO - Skipping rule for destination=http://test_url.s3.amazonaws.com/encoding.com.output/mock_mock_output_rendition_name_11111_199.ts?acl=public-read due to source condition not matching
2025-06-17 06:42:02,969 - ConfigConverter - INFO - Processing rule for destination, value: http://test_url.s3.amazonaws.com/encoding.com.output/mock_mock_output_rendition_name_11111_199.ts?acl=public-read
2025-06-17 06:42:02,969 - ConfigConverter - INFO - Condition using source_path output, value: mpegts
2025-06-17 06:42:02,969 - ConfigConverter - INFO - Condition evaluation: in mpegts ['advanced_dash', 'mpeg_dash'] = False
2025-06-17 06:42:02,969 - ConfigConverter - INFO - Source condition evaluation for destination: False
2025-06-17 06:42:02,970 - ConfigConverter - INFO - Skipping rule for destination=http://test_url.s3.amazonaws.com/encoding.com.output/mock_mock_output_rendition_name_11111_199.ts?acl=public-read due to source condition not matching
2025-06-17 06:42:02,970 - ConfigConverter - INFO - Processing rule for destination, value: http://test_url.s3.amazonaws.com/encoding.com.output/mock_mock_output_rendition_name_11111_199.ts?acl=public-read
2025-06-17 06:42:02,970 - ConfigConverter - INFO - Condition using source_path output, value: mpegts
2025-06-17 06:42:02,970 - ConfigConverter - INFO - Condition evaluation: in mpegts ['fmp4_hls', 'advanced_fmp4'] = False
2025-06-17 06:42:02,970 - ConfigConverter - INFO - Source condition evaluation for destination: False
2025-06-17 06:42:02,970 - ConfigConverter - INFO - Skipping rule for destination=http://test_url.s3.amazonaws.com/encoding.com.output/mock_mock_output_rendition_name_11111_199.ts?acl=public-read due to source condition not matching
2025-06-17 06:42:02,970 - ConfigConverter - INFO - Conversion summary for /home/ec2-user/e2mc_assistant/encoding_profiles/mpegts/199.xml:
2025-06-17 06:42:02,970 - ConfigConverter - INFO -   - Total parameters: 70
2025-06-17 06:42:02,970 - ConfigConverter - INFO -   - Mapped parameters: 70 (100.0%)
2025-06-17 06:42:02,970 - ConfigConverter - INFO -   - Unmapped parameters: 0 (0.0%)
2025-06-17 06:42:02,970 - ConfigConverter - INFO - Added missing NameModifier: _640x360_928000_mc
2025-06-17 06:42:02,970 - ConfigConverter - INFO - Successfully converted /home/ec2-user/e2mc_assistant/encoding_profiles/mpegts/199.xml to /home/ec2-user/e2mc_assistant/tranformed_mc_profiles/mpegts/199.json
2025-06-17 06:42:02,971 - ConfigConverter - INFO - Validating /home/ec2-user/e2mc_assistant/tranformed_mc_profiles/mpegts/199.json against schema /home/ec2-user/e2mc_assistant/utils/mc_config_validator/mc_setting_schema.json
2025-06-17 06:42:02,971 - ConfigConverter - INFO - Validation successful for /home/ec2-user/e2mc_assistant/tranformed_mc_profiles/mpegts/199.json
2025-06-17 11:13:25,704 - ConfigConverter - INFO - Starting conversion of /home/ec2-user/e2mc_assistant/encoding_profiles/mpegts/199.xml
2025-06-17 11:13:25,705 - ConfigConverter - INFO - Set container to M2TS based on output format: mpegts
2025-06-17 11:13:25,705 - ConfigConverter - INFO - Added M2tsSettings to container settings
2025-06-17 11:13:25,705 - ConfigConverter - INFO - Using H264Settings for video_codec=libx264
2025-06-17 11:13:25,705 - ConfigConverter - INFO - Set RateControlMode to VBR because <cbr> doesn't exist and <maxrate> doesn't exist
2025-06-17 11:13:25,705 - ConfigConverter - INFO - Set Bitrate to 928000 from <bitrate>=928k
2025-06-17 11:13:25,705 - ConfigConverter - INFO - Setting MaxBitrate to 2320000 (2.5 * Bitrate)
2025-06-17 11:13:25,705 - ConfigConverter - INFO - Parameter bitrate processed by custom rate control handler
2025-06-17 11:13:25,705 - ConfigConverter - INFO - Set AudioDescriptions[0].CodecSettings.Codec to AAC from <audio_codec>=libfaac
2025-06-17 11:13:25,705 - ConfigConverter - INFO - Set AudioDescriptions[0].CodecSettings.AacSettings.Bitrate to default value 96000
2025-06-17 11:13:25,705 - ConfigConverter - INFO - Set AudioDescriptions[0].CodecSettings.AacSettings.SampleRate to default value 48000
2025-06-17 11:13:25,705 - ConfigConverter - INFO - Set AudioDescriptions[0].CodecSettings.AacSettings.CodingMode to CODING_MODE_2_0 (default stereo)
2025-06-17 11:13:25,705 - ConfigConverter - INFO - Set AudioDescriptions[0].CodecSettings.AacSettings.Bitrate to 128000 from <audio_bitrate>=128k
2025-06-17 11:13:25,705 - ConfigConverter - INFO - Audio parameters processed by custom audio settings handler
2025-06-17 11:13:25,705 - ConfigConverter - INFO - Mapped parameter: VCodecParameters=None → [DUMMY RULE]
2025-06-17 11:13:25,705 - ConfigConverter - INFO - Mapped parameter: acbr=None → [DUMMY RULE]
2025-06-17 11:13:25,705 - ConfigConverter - INFO - Mapped parameter: add_audio_only=None → [DUMMY RULE]
2025-06-17 11:13:25,705 - ConfigConverter - INFO - Mapped parameter: clipmode=None → [DUMMY RULE]
2025-06-17 11:13:25,705 - ConfigConverter - INFO - Mapped parameter: closed_captions.cc_extract_before=None → [DUMMY RULE]
2025-06-17 11:13:25,705 - ConfigConverter - INFO - Mapped parameter: closed_captions.direct_copy=None → [DUMMY RULE]
2025-06-17 11:13:25,705 - ConfigConverter - INFO - Mapped parameter: closed_captions.get_from_manifest=None → [DUMMY RULE]
2025-06-17 11:13:25,705 - ConfigConverter - INFO - Mapped parameter: closed_captions.ignore_cc_absence=None → [DUMMY RULE]
2025-06-17 11:13:25,705 - ConfigConverter - INFO - Mapped parameter: closed_captions.role=None → [DUMMY RULE]
2025-06-17 11:13:25,706 - ConfigConverter - INFO - Mapped parameter: closed_captions.vtt_split_segments=None → [DUMMY RULE]
2025-06-17 11:13:25,706 - ConfigConverter - INFO - Mapped parameter: drm=None → [DUMMY RULE]
2025-06-17 11:13:25,706 - ConfigConverter - INFO - Mapped parameter: encoder=None → [DUMMY RULE]
2025-06-17 11:13:25,706 - ConfigConverter - INFO - Mapped parameter: encryption=None → [DUMMY RULE]
2025-06-17 11:13:25,706 - ConfigConverter - INFO - Mapped parameter: hint=None → [DUMMY RULE]
2025-06-17 11:13:25,706 - ConfigConverter - INFO - Mapped parameter: pix_format=None → [DUMMY RULE]
2025-06-17 11:13:25,706 - ConfigConverter - INFO - Mapped parameter: set_video_duration=None → [DUMMY RULE]
2025-06-17 11:13:25,706 - ConfigConverter - INFO - Mapped parameter: strip_chapters=None → [DUMMY RULE]
2025-06-17 11:13:25,706 - ConfigConverter - INFO - Mapped parameter: video_codec_parameters.cmp=None → [DUMMY RULE]
2025-06-17 11:13:25,706 - ConfigConverter - INFO - Mapped parameter: video_codec_parameters.code=None → [DUMMY RULE]
2025-06-17 11:13:25,706 - ConfigConverter - INFO - Mapped parameter: video_codec_parameters.flags=None → [DUMMY RULE]
2025-06-17 11:13:25,706 - ConfigConverter - INFO - Mapped parameter: video_codec_parameters.flags2=None → [DUMMY RULE]
2025-06-17 11:13:25,706 - ConfigConverter - INFO - Mapped parameter: video_codec_parameters.i_qfactor=None → [DUMMY RULE]
2025-06-17 11:13:25,706 - ConfigConverter - INFO - Mapped parameter: video_codec_parameters.mbtree=None → [DUMMY RULE]
2025-06-17 11:13:25,706 - ConfigConverter - INFO - Mapped parameter: video_codec_parameters.me_method=None → [DUMMY RULE]
2025-06-17 11:13:25,706 - ConfigConverter - INFO - Mapped parameter: video_codec_parameters.me_range=None → [DUMMY RULE]
2025-06-17 11:13:25,706 - ConfigConverter - INFO - Mapped parameter: video_codec_parameters.qcomp=None → [DUMMY RULE]
2025-06-17 11:13:25,706 - ConfigConverter - INFO - Mapped parameter: video_codec_parameters.qdiff=None → [DUMMY RULE]
2025-06-17 11:13:25,706 - ConfigConverter - INFO - Mapped parameter: video_codec_parameters.subq=None → [DUMMY RULE]
2025-06-17 11:13:25,706 - ConfigConverter - INFO - Mapped parameter: video_codec_parameters.trellis=None → [DUMMY RULE]
2025-06-17 11:13:25,706 - ConfigConverter - INFO - Mapped parameter: video_codec_parameters.qmax=None → [DUMMY RULE]
2025-06-17 11:13:25,706 - ConfigConverter - INFO - Mapped parameter: video_codec_parameters.qmin=None → [DUMMY RULE]
2025-06-17 11:13:25,706 - ConfigConverter - INFO - Mapped parameter: closed_captions.forced=None → [DUMMY RULE]
2025-06-17 11:13:25,706 - ConfigConverter - INFO - Mapped parameter: file_extension=None → [DUMMY RULE]
2025-06-17 11:13:25,706 - ConfigConverter - INFO - Mapped parameter: rotate=None → [DUMMY RULE]
2025-06-17 11:13:25,706 - ConfigConverter - INFO - Mapped parameter: main_source.type=None → [DUMMY RULE]
2025-06-17 11:13:25,706 - ConfigConverter - INFO - Mapped parameter: playlist_version=None → [DUMMY RULE]
2025-06-17 11:13:25,706 - ConfigConverter - INFO - Mapped parameter: video_only=None → [DUMMY RULE]
2025-06-17 11:13:25,706 - ConfigConverter - INFO - Mapped parameter: audio_only=None → [DUMMY RULE]
2025-06-17 11:13:25,706 - ConfigConverter - INFO - Mapped parameter: closed_captions.cea_data_field=None → [DUMMY RULE]
2025-06-17 11:13:25,706 - ConfigConverter - INFO - Mapped parameter: loudnorm_range=None → [DUMMY RULE]
2025-06-17 11:13:25,706 - ConfigConverter - INFO - Mapped parameter: pack_files=None → [DUMMY RULE]
2025-06-17 11:13:25,706 - ConfigConverter - INFO - Mapped parameter: pack_type=None → [DUMMY RULE]
2025-06-17 11:13:25,706 - ConfigConverter - INFO - Mapped parameter: pack_each_stream=None → [DUMMY RULE]
2025-06-17 11:13:25,706 - ConfigConverter - INFO - Mapped parameter: cmaf_conformant=None → [DUMMY RULE]
2025-06-17 11:13:25,706 - ConfigConverter - INFO - Mapped parameter: manifest.basename=None → [DUMMY RULE]
2025-06-17 11:13:25,706 - ConfigConverter - INFO - Mapped parameter: use_manifest=None → [DUMMY RULE]
2025-06-17 11:13:25,706 - ConfigConverter - INFO - Mapped parameter: use_main_source=None → [DUMMY RULE]
2025-06-17 11:13:25,706 - ConfigConverter - INFO - Mapped parameter: use_alternate_source=None → [DUMMY RULE]
2025-06-17 11:13:25,707 - ConfigConverter - INFO - Mapped parameter: AdditionalCfDestination=None → [DUMMY RULE]
2025-06-17 11:13:25,707 - ConfigConverter - INFO - Mapped parameter: framerate_upper_threshold=None → [DUMMY RULE]
2025-06-17 11:13:25,707 - ConfigConverter - INFO - Mapped parameter: segmenter=None → [DUMMY RULE]
2025-06-17 11:13:25,707 - ConfigConverter - INFO - Mapped parameter: copy_nielsen_metadata=None → [DUMMY RULE]
2025-06-17 11:13:25,707 - ConfigConverter - INFO - Mapped parameter: metadata.copy=None → [DUMMY RULE]
2025-06-17 11:13:25,707 - ConfigConverter - INFO - Mapped parameter: refs=None → [DUMMY RULE]
2025-06-17 11:13:25,707 - ConfigConverter - INFO - Mapped parameter: reduce_structural_overhead=None → [DUMMY RULE]
2025-06-17 11:13:25,707 - ConfigConverter - INFO - Mapped parameter: video_codec_parameters.nal-hrd=None → [DUMMY RULE]
2025-06-17 11:13:25,707 - ConfigConverter - INFO - Mapped parameter: nal-hrd=None → [DUMMY RULE]
2025-06-17 11:13:25,707 - ConfigConverter - INFO - Mapped parameter: timescale=None → [DUMMY RULE]
2025-06-17 11:13:25,707 - ConfigConverter - INFO - Mapped parameter: video_codec_parameters.transfer_characteristics=None → [DUMMY RULE]
2025-06-17 11:13:25,707 - ConfigConverter - INFO - Mapped parameter: metadata_copy=None → [DUMMY RULE]
2025-06-17 11:13:25,707 - ConfigConverter - INFO - Mapped parameter: video_codec_parameters.partitions=None → [DUMMY RULE]
2025-06-17 11:13:25,707 - ConfigConverter - INFO - Skipping already processed parameter: output=mpegts
2025-06-17 11:13:25,707 - ConfigConverter - INFO - Found 1 rules for parameter: video_codec=libx264
2025-06-17 11:13:25,707 - ConfigConverter - INFO - Processing rule for video_codec, value: libx264
2025-06-17 11:13:25,707 - ConfigConverter - INFO - Applying transformation video_codec_format to libx264
2025-06-17 11:13:25,707 - ConfigConverter - INFO - Transformed libx264 using video_codec_format to H_264
2025-06-17 11:13:25,707 - ConfigConverter - INFO - Mapped parameter: video_codec=libx264 → Settings.OutputGroups[0].Outputs[0].VideoDescription.CodecSettings.Codec=H_264
2025-06-17 11:13:25,707 - ConfigConverter - INFO - Found 2 rules for parameter: profile=main
2025-06-17 11:13:25,707 - ConfigConverter - INFO - Processing rule for profile, value: main
2025-06-17 11:13:25,707 - ConfigConverter - INFO - Condition using source_path video_codec, value: libx264
2025-06-17 11:13:25,707 - ConfigConverter - INFO - Condition evaluation: in libx264 ['mpeg4', 'libx264'] = True
2025-06-17 11:13:25,707 - ConfigConverter - INFO - Source condition evaluation for profile: True
2025-06-17 11:13:25,707 - ConfigConverter - INFO - Applying transformation profile_format to main
2025-06-17 11:13:25,707 - ConfigConverter - INFO - Transformed main using profile_format to MAIN
2025-06-17 11:13:25,707 - ConfigConverter - INFO - Mapped parameter: profile=main → Settings.OutputGroups[0].Outputs[0].VideoDescription.CodecSettings.H264Settings.CodecProfile=MAIN
2025-06-17 11:13:25,707 - ConfigConverter - INFO - Processing rule for profile, value: main
2025-06-17 11:13:25,707 - ConfigConverter - INFO - Evaluating AND condition with 2 subconditions
2025-06-17 11:13:25,707 - ConfigConverter - INFO - Condition using source_path video_codec, value: libx264
2025-06-17 11:13:25,707 - ConfigConverter - INFO - Condition evaluation: in libx264 ['mpeg4', 'libx264'] = True
2025-06-17 11:13:25,707 - ConfigConverter - INFO - Condition evaluation: eq main baseline = False
2025-06-17 11:13:25,707 - ConfigConverter - INFO - AND condition result: False
2025-06-17 11:13:25,707 - ConfigConverter - INFO - Source condition evaluation for profile: False
2025-06-17 11:13:25,707 - ConfigConverter - INFO - Skipping rule for profile=main due to source condition not matching
2025-06-17 11:13:25,707 - ConfigConverter - INFO - Skipping already processed parameter: bitrate=928k
2025-06-17 11:13:25,707 - ConfigConverter - INFO - Found 2 rules for parameter: set_aspect_ratio=16:9
2025-06-17 11:13:25,707 - ConfigConverter - INFO - Processing rule for set_aspect_ratio, value: 16:9
2025-06-17 11:13:25,707 - ConfigConverter - INFO - Condition using source_path video_codec, value: libx264
2025-06-17 11:13:25,707 - ConfigConverter - INFO - Condition evaluation: in libx264 ['mpeg4', 'libx264'] = True
2025-06-17 11:13:25,707 - ConfigConverter - INFO - Source condition evaluation for set_aspect_ratio: True
2025-06-17 11:13:25,708 - ConfigConverter - INFO - Applying transformation process_set_aspect_ratio to 16:9
2025-06-17 11:13:25,708 - ConfigConverter - INFO - Calculated PAR 1:1 from DAR 16:9 and dimensions 640x360
2025-06-17 11:13:25,708 - ConfigConverter - INFO - Transformed 16:9 using process_set_aspect_ratio to {'ParControl': 'SPECIFIED', 'ParNumerator': 1, 'ParDenominator': 1}
2025-06-17 11:13:25,708 - ConfigConverter - INFO - Mapped parameter: set_aspect_ratio=16:9 → Settings.OutputGroups[0].Outputs[0].VideoDescription.CodecSettings.H264Settings={'ParControl': 'SPECIFIED', 'ParNumerator': 1, 'ParDenominator': 1}
2025-06-17 11:13:25,708 - ConfigConverter - INFO - Processing rule for set_aspect_ratio, value: 16:9
2025-06-17 11:13:25,708 - ConfigConverter - INFO - Condition evaluation: eq 16:9 source = False
2025-06-17 11:13:25,708 - ConfigConverter - INFO - Source condition evaluation for set_aspect_ratio: False
2025-06-17 11:13:25,708 - ConfigConverter - INFO - Skipping rule for set_aspect_ratio=16:9 due to source condition not matching
2025-06-17 11:13:25,708 - ConfigConverter - INFO - Found 2 rules for parameter: size=640x360
2025-06-17 11:13:25,708 - ConfigConverter - INFO - Processing rule for size, value: 640x360
2025-06-17 11:13:25,708 - ConfigConverter - INFO - Regex transformed 640x360 to 640 using pattern (\d+)x([1-9]\d*)
2025-06-17 11:13:25,708 - ConfigConverter - INFO - Mapped parameter: size=640x360 → Settings.OutputGroups[0].Outputs[0].VideoDescription.Width=640
2025-06-17 11:13:25,708 - ConfigConverter - INFO - Regex transformed 640x360 to 360 using pattern (\d+)x([1-9]\d*)
2025-06-17 11:13:25,708 - ConfigConverter - INFO - Mapped parameter: size=640x360 → Settings.OutputGroups[0].Outputs[0].VideoDescription.Height=360
2025-06-17 11:13:25,708 - ConfigConverter - INFO - Processing rule for size, value: 640x360
2025-06-17 11:13:25,708 - ConfigConverter - INFO - Regex pattern (\d+)x0 did not match 640x360 for size
2025-06-17 11:13:25,708 - ConfigConverter - INFO - Regex pattern (\d+)x0 did not match 640x360 for size
2025-06-17 11:13:25,708 - ConfigConverter - INFO - Found 3 rules for parameter: pixel_aspect_ratio=1:1
2025-06-17 11:13:25,708 - ConfigConverter - INFO - Processing rule for pixel_aspect_ratio, value: 1:1
2025-06-17 11:13:25,708 - ConfigConverter - INFO - Condition evaluation: eq 1:1 1:1 = True
2025-06-17 11:13:25,708 - ConfigConverter - INFO - Source condition evaluation for pixel_aspect_ratio: True
2025-06-17 11:13:25,708 - ConfigConverter - INFO - Using static value: SPECIFIED
2025-06-17 11:13:25,708 - ConfigConverter - INFO - Mapped parameter: pixel_aspect_ratio=1:1 → Settings.OutputGroups[0].Outputs[0].VideoDescription.CodecSettings.H264Settings.ParControl=SPECIFIED
2025-06-17 11:13:25,708 - ConfigConverter - INFO - Using static value: 1
2025-06-17 11:13:25,708 - ConfigConverter - INFO - Mapped parameter: pixel_aspect_ratio=1:1 → Settings.OutputGroups[0].Outputs[0].VideoDescription.CodecSettings.H264Settings.ParNumerator=1
2025-06-17 11:13:25,708 - ConfigConverter - INFO - Using static value: 1
2025-06-17 11:13:25,708 - ConfigConverter - INFO - Mapped parameter: pixel_aspect_ratio=1:1 → Settings.OutputGroups[0].Outputs[0].VideoDescription.CodecSettings.H264Settings.ParDenominator=1
2025-06-17 11:13:25,708 - ConfigConverter - INFO - Processing rule for pixel_aspect_ratio, value: 1:1
2025-06-17 11:13:25,708 - ConfigConverter - INFO - Condition evaluation: eq 1:1 1.77:1 = False
2025-06-17 11:13:25,708 - ConfigConverter - INFO - Source condition evaluation for pixel_aspect_ratio: False
2025-06-17 11:13:25,708 - ConfigConverter - INFO - Skipping rule for pixel_aspect_ratio=1:1 due to source condition not matching
2025-06-17 11:13:25,708 - ConfigConverter - INFO - Processing rule for pixel_aspect_ratio, value: 1:1
2025-06-17 11:13:25,708 - ConfigConverter - INFO - Condition evaluation: eq 1:1  = False
2025-06-17 11:13:25,708 - ConfigConverter - INFO - Source condition evaluation for pixel_aspect_ratio: False
2025-06-17 11:13:25,708 - ConfigConverter - INFO - Skipping rule for pixel_aspect_ratio=1:1 due to source condition not matching
2025-06-17 11:13:25,708 - ConfigConverter - INFO - Found 2 rules for parameter: two_pass=yes
2025-06-17 11:13:25,708 - ConfigConverter - INFO - Processing rule for two_pass, value: yes
2025-06-17 11:13:25,708 - ConfigConverter - INFO - Condition using source_path video_codec, value: libx264
2025-06-17 11:13:25,708 - ConfigConverter - INFO - Condition evaluation: in libx264 ['mpeg4', 'libx264'] = True
2025-06-17 11:13:25,708 - ConfigConverter - INFO - Source condition evaluation for two_pass: True
2025-06-17 11:13:25,708 - ConfigConverter - INFO - Applying transformation two_pass_format to yes
2025-06-17 11:13:25,708 - ConfigConverter - INFO - Transformed yes using two_pass_format to MULTI_PASS_HQ
2025-06-17 11:13:25,709 - ConfigConverter - INFO - Mapped parameter: two_pass=yes → Settings.OutputGroups[0].Outputs[0].VideoDescription.CodecSettings.H264Settings.QualityTuningLevel=MULTI_PASS_HQ
2025-06-17 11:13:25,709 - ConfigConverter - INFO - Processing rule for two_pass, value: yes
2025-06-17 11:13:25,709 - ConfigConverter - INFO - Condition using source_path video_codec, value: libx264
2025-06-17 11:13:25,709 - ConfigConverter - INFO - Condition evaluation: in libx264 ['libvpx'] = False
2025-06-17 11:13:25,709 - ConfigConverter - INFO - Source condition evaluation for two_pass: False
2025-06-17 11:13:25,709 - ConfigConverter - INFO - Skipping rule for two_pass=yes due to source condition not matching
2025-06-17 11:13:25,709 - ConfigConverter - INFO - Skipping already processed parameter: audio_codec=libfaac
2025-06-17 11:13:25,709 - ConfigConverter - INFO - Skipping already processed parameter: audio_bitrate=128k
2025-06-17 11:13:25,709 - ConfigConverter - INFO - Found 3 rules for parameter: audio_channels_number=2
2025-06-17 11:13:25,709 - ConfigConverter - INFO - Processing rule for audio_channels_number, value: 2
2025-06-17 11:13:25,709 - ConfigConverter - INFO - Condition using source_path audio_codec, value: libfaac
2025-06-17 11:13:25,709 - ConfigConverter - INFO - Condition evaluation: in libfaac ['dolby_aac', 'dolby_heaac', 'libfaac'] = True
2025-06-17 11:13:25,709 - ConfigConverter - INFO - Source condition evaluation for audio_channels_number: True
2025-06-17 11:13:25,709 - ConfigConverter - INFO - Applying transformation audio_channels_format to 2
2025-06-17 11:13:25,709 - ConfigConverter - INFO - Transformed 2 using audio_channels_format to CODING_MODE_2_0
2025-06-17 11:13:25,709 - ConfigConverter - INFO - Mapped parameter: audio_channels_number=2 → Settings.OutputGroups[0].Outputs[0].AudioDescriptions[0].CodecSettings.AacSettings.CodingMode=CODING_MODE_2_0
2025-06-17 11:13:25,709 - ConfigConverter - INFO - Processing rule for audio_channels_number, value: 2
2025-06-17 11:13:25,709 - ConfigConverter - INFO - Condition using source_path audio_codec, value: libfaac
2025-06-17 11:13:25,709 - ConfigConverter - INFO - Condition evaluation: eq libfaac ac3 = False
2025-06-17 11:13:25,709 - ConfigConverter - INFO - Source condition evaluation for audio_channels_number: False
2025-06-17 11:13:25,709 - ConfigConverter - INFO - Skipping rule for audio_channels_number=2 due to source condition not matching
2025-06-17 11:13:25,709 - ConfigConverter - INFO - Processing rule for audio_channels_number, value: 2
2025-06-17 11:13:25,709 - ConfigConverter - INFO - Condition using source_path audio_codec, value: libfaac
2025-06-17 11:13:25,709 - ConfigConverter - INFO - Condition evaluation: eq libfaac libvpx = False
2025-06-17 11:13:25,709 - ConfigConverter - INFO - Source condition evaluation for audio_channels_number: False
2025-06-17 11:13:25,709 - ConfigConverter - INFO - Skipping rule for audio_channels_number=2 due to source condition not matching
2025-06-17 11:13:25,709 - ConfigConverter - INFO - Found 4 rules for parameter: destination=http://test_url.s3.amazonaws.com/encoding.com.output/mock_mock_output_rendition_name_11111_199.ts?acl=public-read
2025-06-17 11:13:25,709 - ConfigConverter - INFO - Processing rule for destination, value: http://test_url.s3.amazonaws.com/encoding.com.output/mock_mock_output_rendition_name_11111_199.ts?acl=public-read
2025-06-17 11:13:25,709 - ConfigConverter - INFO - Condition using source_path output, value: mpegts
2025-06-17 11:13:25,709 - ConfigConverter - INFO - Condition evaluation: eq mpegts mp4 = False
2025-06-17 11:13:25,709 - ConfigConverter - INFO - Source condition evaluation for destination: False
2025-06-17 11:13:25,709 - ConfigConverter - INFO - Skipping rule for destination=http://test_url.s3.amazonaws.com/encoding.com.output/mock_mock_output_rendition_name_11111_199.ts?acl=public-read due to source condition not matching
2025-06-17 11:13:25,709 - ConfigConverter - INFO - Processing rule for destination, value: http://test_url.s3.amazonaws.com/encoding.com.output/mock_mock_output_rendition_name_11111_199.ts?acl=public-read
2025-06-17 11:13:25,709 - ConfigConverter - INFO - Condition using source_path output, value: mpegts
2025-06-17 11:13:25,709 - ConfigConverter - INFO - Condition evaluation: eq mpegts advanced_hls = False
2025-06-17 11:13:25,709 - ConfigConverter - INFO - Source condition evaluation for destination: False
2025-06-17 11:13:25,709 - ConfigConverter - INFO - Skipping rule for destination=http://test_url.s3.amazonaws.com/encoding.com.output/mock_mock_output_rendition_name_11111_199.ts?acl=public-read due to source condition not matching
2025-06-17 11:13:25,709 - ConfigConverter - INFO - Processing rule for destination, value: http://test_url.s3.amazonaws.com/encoding.com.output/mock_mock_output_rendition_name_11111_199.ts?acl=public-read
2025-06-17 11:13:25,709 - ConfigConverter - INFO - Condition using source_path output, value: mpegts
2025-06-17 11:13:25,709 - ConfigConverter - INFO - Condition evaluation: in mpegts ['advanced_dash', 'mpeg_dash'] = False
2025-06-17 11:13:25,709 - ConfigConverter - INFO - Source condition evaluation for destination: False
2025-06-17 11:13:25,709 - ConfigConverter - INFO - Skipping rule for destination=http://test_url.s3.amazonaws.com/encoding.com.output/mock_mock_output_rendition_name_11111_199.ts?acl=public-read due to source condition not matching
2025-06-17 11:13:25,709 - ConfigConverter - INFO - Processing rule for destination, value: http://test_url.s3.amazonaws.com/encoding.com.output/mock_mock_output_rendition_name_11111_199.ts?acl=public-read
2025-06-17 11:13:25,709 - ConfigConverter - INFO - Condition using source_path output, value: mpegts
2025-06-17 11:13:25,710 - ConfigConverter - INFO - Condition evaluation: in mpegts ['fmp4_hls', 'advanced_fmp4'] = False
2025-06-17 11:13:25,710 - ConfigConverter - INFO - Source condition evaluation for destination: False
2025-06-17 11:13:25,710 - ConfigConverter - INFO - Skipping rule for destination=http://test_url.s3.amazonaws.com/encoding.com.output/mock_mock_output_rendition_name_11111_199.ts?acl=public-read due to source condition not matching
2025-06-17 11:13:25,710 - ConfigConverter - INFO - Conversion summary for /home/ec2-user/e2mc_assistant/encoding_profiles/mpegts/199.xml:
2025-06-17 11:13:25,710 - ConfigConverter - INFO -   - Total parameters: 71
2025-06-17 11:13:25,710 - ConfigConverter - INFO -   - Mapped parameters: 71 (100.0%)
2025-06-17 11:13:25,710 - ConfigConverter - INFO -   - Unmapped parameters: 0 (0.0%)
2025-06-17 11:13:25,710 - ConfigConverter - INFO - Added missing NameModifier: _640x360_928000_mc
2025-06-17 11:13:25,710 - ConfigConverter - INFO - Successfully converted /home/ec2-user/e2mc_assistant/encoding_profiles/mpegts/199.xml to /home/ec2-user/e2mc_assistant/tranformed_mc_profiles/mpegts/199.json
2025-06-17 11:13:25,711 - ConfigConverter - INFO - Validating /home/ec2-user/e2mc_assistant/tranformed_mc_profiles/mpegts/199.json against schema /home/ec2-user/e2mc_assistant/utils/mc_config_validator/mc_setting_schema.json
2025-06-17 11:13:25,711 - ConfigConverter - INFO - Validation successful for /home/ec2-user/e2mc_assistant/tranformed_mc_profiles/mpegts/199.json
2025-06-17 11:15:52,552 - ConfigConverter - INFO - Starting conversion of /home/ec2-user/e2mc_assistant/encoding_profiles/mpegts/199.xml
2025-06-17 11:15:52,552 - ConfigConverter - INFO - Set container to M2TS based on output format: mpegts
2025-06-17 11:15:52,552 - ConfigConverter - INFO - Added M2tsSettings to container settings
2025-06-17 11:15:52,552 - ConfigConverter - INFO - Using H264Settings for video_codec=libx264
2025-06-17 11:15:52,552 - ConfigConverter - INFO - Set RateControlMode to VBR because <cbr> doesn't exist and <maxrate> doesn't exist
2025-06-17 11:15:52,552 - ConfigConverter - INFO - Set Bitrate to 928000 from <bitrate>=928k
2025-06-17 11:15:52,552 - ConfigConverter - INFO - Setting MaxBitrate to 2320000 (2.5 * Bitrate)
2025-06-17 11:15:52,552 - ConfigConverter - INFO - Parameter bitrate processed by custom rate control handler
2025-06-17 11:15:52,552 - ConfigConverter - INFO - Set AudioDescriptions[0].CodecSettings.Codec to AAC from <audio_codec>=libfaac
2025-06-17 11:15:52,552 - ConfigConverter - INFO - Set AudioDescriptions[0].CodecSettings.AacSettings.Bitrate to default value 96000
2025-06-17 11:15:52,552 - ConfigConverter - INFO - Set AudioDescriptions[0].CodecSettings.AacSettings.SampleRate to default value 48000
2025-06-17 11:15:52,552 - ConfigConverter - INFO - Set AudioDescriptions[0].CodecSettings.AacSettings.CodingMode to CODING_MODE_2_0 (default stereo)
2025-06-17 11:15:52,552 - ConfigConverter - INFO - Set AudioDescriptions[0].CodecSettings.AacSettings.Bitrate to 128000 from <audio_bitrate>=128k
2025-06-17 11:15:52,552 - ConfigConverter - INFO - Audio parameters processed by custom audio settings handler
2025-06-17 11:15:52,552 - ConfigConverter - INFO - Mapped parameter: VCodecParameters=None → [DUMMY RULE]
2025-06-17 11:15:52,552 - ConfigConverter - INFO - Mapped parameter: acbr=None → [DUMMY RULE]
2025-06-17 11:15:52,552 - ConfigConverter - INFO - Mapped parameter: add_audio_only=None → [DUMMY RULE]
2025-06-17 11:15:52,552 - ConfigConverter - INFO - Mapped parameter: clipmode=None → [DUMMY RULE]
2025-06-17 11:15:52,552 - ConfigConverter - INFO - Mapped parameter: closed_captions.cc_extract_before=None → [DUMMY RULE]
2025-06-17 11:15:52,553 - ConfigConverter - INFO - Mapped parameter: closed_captions.direct_copy=None → [DUMMY RULE]
2025-06-17 11:15:52,553 - ConfigConverter - INFO - Mapped parameter: closed_captions.get_from_manifest=None → [DUMMY RULE]
2025-06-17 11:15:52,553 - ConfigConverter - INFO - Mapped parameter: closed_captions.ignore_cc_absence=None → [DUMMY RULE]
2025-06-17 11:15:52,553 - ConfigConverter - INFO - Mapped parameter: closed_captions.role=None → [DUMMY RULE]
2025-06-17 11:15:52,553 - ConfigConverter - INFO - Mapped parameter: closed_captions.vtt_split_segments=None → [DUMMY RULE]
2025-06-17 11:15:52,553 - ConfigConverter - INFO - Mapped parameter: drm=None → [DUMMY RULE]
2025-06-17 11:15:52,553 - ConfigConverter - INFO - Mapped parameter: encoder=None → [DUMMY RULE]
2025-06-17 11:15:52,553 - ConfigConverter - INFO - Mapped parameter: encryption=None → [DUMMY RULE]
2025-06-17 11:15:52,553 - ConfigConverter - INFO - Mapped parameter: hint=None → [DUMMY RULE]
2025-06-17 11:15:52,553 - ConfigConverter - INFO - Mapped parameter: pix_format=None → [DUMMY RULE]
2025-06-17 11:15:52,553 - ConfigConverter - INFO - Mapped parameter: set_video_duration=None → [DUMMY RULE]
2025-06-17 11:15:52,553 - ConfigConverter - INFO - Mapped parameter: strip_chapters=None → [DUMMY RULE]
2025-06-17 11:15:52,553 - ConfigConverter - INFO - Mapped parameter: video_codec_parameters.cmp=None → [DUMMY RULE]
2025-06-17 11:15:52,553 - ConfigConverter - INFO - Mapped parameter: video_codec_parameters.code=None → [DUMMY RULE]
2025-06-17 11:15:52,553 - ConfigConverter - INFO - Mapped parameter: video_codec_parameters.flags=None → [DUMMY RULE]
2025-06-17 11:15:52,553 - ConfigConverter - INFO - Mapped parameter: video_codec_parameters.flags2=None → [DUMMY RULE]
2025-06-17 11:15:52,553 - ConfigConverter - INFO - Mapped parameter: video_codec_parameters.i_qfactor=None → [DUMMY RULE]
2025-06-17 11:15:52,553 - ConfigConverter - INFO - Mapped parameter: video_codec_parameters.mbtree=None → [DUMMY RULE]
2025-06-17 11:15:52,553 - ConfigConverter - INFO - Mapped parameter: video_codec_parameters.me_method=None → [DUMMY RULE]
2025-06-17 11:15:52,553 - ConfigConverter - INFO - Mapped parameter: video_codec_parameters.me_range=None → [DUMMY RULE]
2025-06-17 11:15:52,553 - ConfigConverter - INFO - Mapped parameter: video_codec_parameters.qcomp=None → [DUMMY RULE]
2025-06-17 11:15:52,553 - ConfigConverter - INFO - Mapped parameter: video_codec_parameters.qdiff=None → [DUMMY RULE]
2025-06-17 11:15:52,553 - ConfigConverter - INFO - Mapped parameter: video_codec_parameters.subq=None → [DUMMY RULE]
2025-06-17 11:15:52,553 - ConfigConverter - INFO - Mapped parameter: video_codec_parameters.trellis=None → [DUMMY RULE]
2025-06-17 11:15:52,553 - ConfigConverter - INFO - Mapped parameter: video_codec_parameters.qmax=None → [DUMMY RULE]
2025-06-17 11:15:52,553 - ConfigConverter - INFO - Mapped parameter: video_codec_parameters.qmin=None → [DUMMY RULE]
2025-06-17 11:15:52,553 - ConfigConverter - INFO - Mapped parameter: closed_captions.forced=None → [DUMMY RULE]
2025-06-17 11:15:52,553 - ConfigConverter - INFO - Mapped parameter: file_extension=None → [DUMMY RULE]
2025-06-17 11:15:52,553 - ConfigConverter - INFO - Mapped parameter: rotate=None → [DUMMY RULE]
2025-06-17 11:15:52,553 - ConfigConverter - INFO - Mapped parameter: main_source.type=None → [DUMMY RULE]
2025-06-17 11:15:52,553 - ConfigConverter - INFO - Mapped parameter: playlist_version=None → [DUMMY RULE]
2025-06-17 11:15:52,553 - ConfigConverter - INFO - Mapped parameter: video_only=None → [DUMMY RULE]
2025-06-17 11:15:52,553 - ConfigConverter - INFO - Mapped parameter: audio_only=None → [DUMMY RULE]
2025-06-17 11:15:52,553 - ConfigConverter - INFO - Mapped parameter: closed_captions.cea_data_field=None → [DUMMY RULE]
2025-06-17 11:15:52,553 - ConfigConverter - INFO - Mapped parameter: loudnorm_range=None → [DUMMY RULE]
2025-06-17 11:15:52,553 - ConfigConverter - INFO - Mapped parameter: pack_files=None → [DUMMY RULE]
2025-06-17 11:15:52,553 - ConfigConverter - INFO - Mapped parameter: pack_type=None → [DUMMY RULE]
2025-06-17 11:15:52,553 - ConfigConverter - INFO - Mapped parameter: pack_each_stream=None → [DUMMY RULE]
2025-06-17 11:15:52,554 - ConfigConverter - INFO - Mapped parameter: cmaf_conformant=None → [DUMMY RULE]
2025-06-17 11:15:52,554 - ConfigConverter - INFO - Mapped parameter: manifest.basename=None → [DUMMY RULE]
2025-06-17 11:15:52,554 - ConfigConverter - INFO - Mapped parameter: use_manifest=None → [DUMMY RULE]
2025-06-17 11:15:52,554 - ConfigConverter - INFO - Mapped parameter: use_main_source=None → [DUMMY RULE]
2025-06-17 11:15:52,554 - ConfigConverter - INFO - Mapped parameter: use_alternate_source=None → [DUMMY RULE]
2025-06-17 11:15:52,554 - ConfigConverter - INFO - Mapped parameter: AdditionalCfDestination=None → [DUMMY RULE]
2025-06-17 11:15:52,554 - ConfigConverter - INFO - Mapped parameter: framerate_upper_threshold=None → [DUMMY RULE]
2025-06-17 11:15:52,554 - ConfigConverter - INFO - Mapped parameter: segmenter=None → [DUMMY RULE]
2025-06-17 11:15:52,554 - ConfigConverter - INFO - Mapped parameter: copy_nielsen_metadata=None → [DUMMY RULE]
2025-06-17 11:15:52,554 - ConfigConverter - INFO - Mapped parameter: metadata.copy=None → [DUMMY RULE]
2025-06-17 11:15:52,554 - ConfigConverter - INFO - Mapped parameter: refs=None → [DUMMY RULE]
2025-06-17 11:15:52,554 - ConfigConverter - INFO - Mapped parameter: reduce_structural_overhead=None → [DUMMY RULE]
2025-06-17 11:15:52,554 - ConfigConverter - INFO - Mapped parameter: video_codec_parameters.nal-hrd=None → [DUMMY RULE]
2025-06-17 11:15:52,554 - ConfigConverter - INFO - Mapped parameter: nal-hrd=None → [DUMMY RULE]
2025-06-17 11:15:52,554 - ConfigConverter - INFO - Mapped parameter: timescale=None → [DUMMY RULE]
2025-06-17 11:15:52,554 - ConfigConverter - INFO - Mapped parameter: video_codec_parameters.transfer_characteristics=None → [DUMMY RULE]
2025-06-17 11:15:52,554 - ConfigConverter - INFO - Mapped parameter: metadata_copy=None → [DUMMY RULE]
2025-06-17 11:15:52,554 - ConfigConverter - INFO - Mapped parameter: video_codec_parameters.partitions=None → [DUMMY RULE]
2025-06-17 11:15:52,554 - ConfigConverter - INFO - Skipping already processed parameter: output=mpegts
2025-06-17 11:15:52,554 - ConfigConverter - INFO - Found 1 rules for parameter: video_codec=libx264
2025-06-17 11:15:52,554 - ConfigConverter - INFO - Processing rule for video_codec, value: libx264
2025-06-17 11:15:52,554 - ConfigConverter - INFO - Applying transformation video_codec_format to libx264
2025-06-17 11:15:52,554 - ConfigConverter - INFO - Transformed libx264 using video_codec_format to H_264
2025-06-17 11:15:52,554 - ConfigConverter - INFO - Mapped parameter: video_codec=libx264 → Settings.OutputGroups[0].Outputs[0].VideoDescription.CodecSettings.Codec=H_264
2025-06-17 11:15:52,554 - ConfigConverter - INFO - Found 2 rules for parameter: profile=main
2025-06-17 11:15:52,554 - ConfigConverter - INFO - Processing rule for profile, value: main
2025-06-17 11:15:52,554 - ConfigConverter - INFO - Condition using source_path video_codec, value: libx264
2025-06-17 11:15:52,554 - ConfigConverter - INFO - Condition evaluation: in libx264 ['mpeg4', 'libx264'] = True
2025-06-17 11:15:52,554 - ConfigConverter - INFO - Source condition evaluation for profile: True
2025-06-17 11:15:52,554 - ConfigConverter - INFO - Applying transformation profile_format to main
2025-06-17 11:15:52,554 - ConfigConverter - INFO - Transformed main using profile_format to MAIN
2025-06-17 11:15:52,554 - ConfigConverter - INFO - Mapped parameter: profile=main → Settings.OutputGroups[0].Outputs[0].VideoDescription.CodecSettings.H264Settings.CodecProfile=MAIN
2025-06-17 11:15:52,554 - ConfigConverter - INFO - Processing rule for profile, value: main
2025-06-17 11:15:52,554 - ConfigConverter - INFO - Evaluating AND condition with 2 subconditions
2025-06-17 11:15:52,554 - ConfigConverter - INFO - Condition using source_path video_codec, value: libx264
2025-06-17 11:15:52,554 - ConfigConverter - INFO - Condition evaluation: in libx264 ['mpeg4', 'libx264'] = True
2025-06-17 11:15:52,554 - ConfigConverter - INFO - Condition evaluation: eq main baseline = False
2025-06-17 11:15:52,554 - ConfigConverter - INFO - AND condition result: False
2025-06-17 11:15:52,554 - ConfigConverter - INFO - Source condition evaluation for profile: False
2025-06-17 11:15:52,554 - ConfigConverter - INFO - Skipping rule for profile=main due to source condition not matching
2025-06-17 11:15:52,554 - ConfigConverter - INFO - Skipping already processed parameter: bitrate=928k
2025-06-17 11:15:52,555 - ConfigConverter - INFO - Found 1 rules for parameter: set_aspect_ratio=16:9
2025-06-17 11:15:52,555 - ConfigConverter - INFO - Processing rule for set_aspect_ratio, value: 16:9
2025-06-17 11:15:52,555 - ConfigConverter - INFO - Condition using source_path video_codec, value: libx264
2025-06-17 11:15:52,555 - ConfigConverter - INFO - Condition evaluation: in libx264 ['mpeg4', 'libx264'] = True
2025-06-17 11:15:52,555 - ConfigConverter - INFO - Source condition evaluation for set_aspect_ratio: True
2025-06-17 11:15:52,555 - ConfigConverter - INFO - Applying transformation process_set_aspect_ratio to 16:9
2025-06-17 11:15:52,555 - ConfigConverter - INFO - Calculated PAR 1:1 from DAR 16:9 and dimensions 640x360
2025-06-17 11:15:52,555 - ConfigConverter - INFO - Transformed 16:9 using process_set_aspect_ratio to {'ParControl': 'SPECIFIED', 'ParNumerator': 1, 'ParDenominator': 1}
2025-06-17 11:15:52,555 - ConfigConverter - INFO - Mapped parameter: set_aspect_ratio=16:9 → Settings.OutputGroups[0].Outputs[0].VideoDescription.CodecSettings.H264Settings={'ParControl': 'SPECIFIED', 'ParNumerator': 1, 'ParDenominator': 1}
2025-06-17 11:15:52,555 - ConfigConverter - INFO - Found 2 rules for parameter: size=640x360
2025-06-17 11:15:52,555 - ConfigConverter - INFO - Processing rule for size, value: 640x360
2025-06-17 11:15:52,555 - ConfigConverter - INFO - Regex transformed 640x360 to 640 using pattern (\d+)x([1-9]\d*)
2025-06-17 11:15:52,555 - ConfigConverter - INFO - Mapped parameter: size=640x360 → Settings.OutputGroups[0].Outputs[0].VideoDescription.Width=640
2025-06-17 11:15:52,555 - ConfigConverter - INFO - Regex transformed 640x360 to 360 using pattern (\d+)x([1-9]\d*)
2025-06-17 11:15:52,555 - ConfigConverter - INFO - Mapped parameter: size=640x360 → Settings.OutputGroups[0].Outputs[0].VideoDescription.Height=360
2025-06-17 11:15:52,555 - ConfigConverter - INFO - Processing rule for size, value: 640x360
2025-06-17 11:15:52,555 - ConfigConverter - INFO - Regex pattern (\d+)x0 did not match 640x360 for size
2025-06-17 11:15:52,555 - ConfigConverter - INFO - Regex pattern (\d+)x0 did not match 640x360 for size
2025-06-17 11:15:52,555 - ConfigConverter - INFO - Found 3 rules for parameter: pixel_aspect_ratio=1:1
2025-06-17 11:15:52,555 - ConfigConverter - INFO - Processing rule for pixel_aspect_ratio, value: 1:1
2025-06-17 11:15:52,555 - ConfigConverter - INFO - Condition evaluation: eq 1:1 1:1 = True
2025-06-17 11:15:52,555 - ConfigConverter - INFO - Source condition evaluation for pixel_aspect_ratio: True
2025-06-17 11:15:52,555 - ConfigConverter - INFO - Using static value: SPECIFIED
2025-06-17 11:15:52,555 - ConfigConverter - INFO - Mapped parameter: pixel_aspect_ratio=1:1 → Settings.OutputGroups[0].Outputs[0].VideoDescription.CodecSettings.H264Settings.ParControl=SPECIFIED
2025-06-17 11:15:52,555 - ConfigConverter - INFO - Using static value: 1
2025-06-17 11:15:52,555 - ConfigConverter - INFO - Mapped parameter: pixel_aspect_ratio=1:1 → Settings.OutputGroups[0].Outputs[0].VideoDescription.CodecSettings.H264Settings.ParNumerator=1
2025-06-17 11:15:52,555 - ConfigConverter - INFO - Using static value: 1
2025-06-17 11:15:52,555 - ConfigConverter - INFO - Mapped parameter: pixel_aspect_ratio=1:1 → Settings.OutputGroups[0].Outputs[0].VideoDescription.CodecSettings.H264Settings.ParDenominator=1
2025-06-17 11:15:52,555 - ConfigConverter - INFO - Processing rule for pixel_aspect_ratio, value: 1:1
2025-06-17 11:15:52,555 - ConfigConverter - INFO - Condition evaluation: eq 1:1 1.77:1 = False
2025-06-17 11:15:52,555 - ConfigConverter - INFO - Source condition evaluation for pixel_aspect_ratio: False
2025-06-17 11:15:52,555 - ConfigConverter - INFO - Skipping rule for pixel_aspect_ratio=1:1 due to source condition not matching
2025-06-17 11:15:52,555 - ConfigConverter - INFO - Processing rule for pixel_aspect_ratio, value: 1:1
2025-06-17 11:15:52,555 - ConfigConverter - INFO - Condition evaluation: eq 1:1  = False
2025-06-17 11:15:52,555 - ConfigConverter - INFO - Source condition evaluation for pixel_aspect_ratio: False
2025-06-17 11:15:52,555 - ConfigConverter - INFO - Skipping rule for pixel_aspect_ratio=1:1 due to source condition not matching
2025-06-17 11:15:52,555 - ConfigConverter - INFO - Found 2 rules for parameter: two_pass=yes
2025-06-17 11:15:52,555 - ConfigConverter - INFO - Processing rule for two_pass, value: yes
2025-06-17 11:15:52,555 - ConfigConverter - INFO - Condition using source_path video_codec, value: libx264
2025-06-17 11:15:52,555 - ConfigConverter - INFO - Condition evaluation: in libx264 ['mpeg4', 'libx264'] = True
2025-06-17 11:15:52,555 - ConfigConverter - INFO - Source condition evaluation for two_pass: True
2025-06-17 11:15:52,556 - ConfigConverter - INFO - Applying transformation two_pass_format to yes
2025-06-17 11:15:52,556 - ConfigConverter - INFO - Transformed yes using two_pass_format to MULTI_PASS_HQ
2025-06-17 11:15:52,556 - ConfigConverter - INFO - Mapped parameter: two_pass=yes → Settings.OutputGroups[0].Outputs[0].VideoDescription.CodecSettings.H264Settings.QualityTuningLevel=MULTI_PASS_HQ
2025-06-17 11:15:52,556 - ConfigConverter - INFO - Processing rule for two_pass, value: yes
2025-06-17 11:15:52,556 - ConfigConverter - INFO - Condition using source_path video_codec, value: libx264
2025-06-17 11:15:52,556 - ConfigConverter - INFO - Condition evaluation: in libx264 ['libvpx'] = False
2025-06-17 11:15:52,556 - ConfigConverter - INFO - Source condition evaluation for two_pass: False
2025-06-17 11:15:52,556 - ConfigConverter - INFO - Skipping rule for two_pass=yes due to source condition not matching
2025-06-17 11:15:52,556 - ConfigConverter - INFO - Skipping already processed parameter: audio_codec=libfaac
2025-06-17 11:15:52,556 - ConfigConverter - INFO - Skipping already processed parameter: audio_bitrate=128k
2025-06-17 11:15:52,556 - ConfigConverter - INFO - Found 3 rules for parameter: audio_channels_number=2
2025-06-17 11:15:52,556 - ConfigConverter - INFO - Processing rule for audio_channels_number, value: 2
2025-06-17 11:15:52,556 - ConfigConverter - INFO - Condition using source_path audio_codec, value: libfaac
2025-06-17 11:15:52,556 - ConfigConverter - INFO - Condition evaluation: in libfaac ['dolby_aac', 'dolby_heaac', 'libfaac'] = True
2025-06-17 11:15:52,556 - ConfigConverter - INFO - Source condition evaluation for audio_channels_number: True
2025-06-17 11:15:52,556 - ConfigConverter - INFO - Applying transformation audio_channels_format to 2
2025-06-17 11:15:52,556 - ConfigConverter - INFO - Transformed 2 using audio_channels_format to CODING_MODE_2_0
2025-06-17 11:15:52,556 - ConfigConverter - INFO - Mapped parameter: audio_channels_number=2 → Settings.OutputGroups[0].Outputs[0].AudioDescriptions[0].CodecSettings.AacSettings.CodingMode=CODING_MODE_2_0
2025-06-17 11:15:52,556 - ConfigConverter - INFO - Processing rule for audio_channels_number, value: 2
2025-06-17 11:15:52,556 - ConfigConverter - INFO - Condition using source_path audio_codec, value: libfaac
2025-06-17 11:15:52,556 - ConfigConverter - INFO - Condition evaluation: eq libfaac ac3 = False
2025-06-17 11:15:52,556 - ConfigConverter - INFO - Source condition evaluation for audio_channels_number: False
2025-06-17 11:15:52,556 - ConfigConverter - INFO - Skipping rule for audio_channels_number=2 due to source condition not matching
2025-06-17 11:15:52,556 - ConfigConverter - INFO - Processing rule for audio_channels_number, value: 2
2025-06-17 11:15:52,556 - ConfigConverter - INFO - Condition using source_path audio_codec, value: libfaac
2025-06-17 11:15:52,556 - ConfigConverter - INFO - Condition evaluation: eq libfaac libvpx = False
2025-06-17 11:15:52,556 - ConfigConverter - INFO - Source condition evaluation for audio_channels_number: False
2025-06-17 11:15:52,556 - ConfigConverter - INFO - Skipping rule for audio_channels_number=2 due to source condition not matching
2025-06-17 11:15:52,556 - ConfigConverter - INFO - Found 4 rules for parameter: destination=http://test_url.s3.amazonaws.com/encoding.com.output/mock_mock_output_rendition_name_11111_199.ts?acl=public-read
2025-06-17 11:15:52,556 - ConfigConverter - INFO - Processing rule for destination, value: http://test_url.s3.amazonaws.com/encoding.com.output/mock_mock_output_rendition_name_11111_199.ts?acl=public-read
2025-06-17 11:15:52,556 - ConfigConverter - INFO - Condition using source_path output, value: mpegts
2025-06-17 11:15:52,556 - ConfigConverter - INFO - Condition evaluation: eq mpegts mp4 = False
2025-06-17 11:15:52,556 - ConfigConverter - INFO - Source condition evaluation for destination: False
2025-06-17 11:15:52,556 - ConfigConverter - INFO - Skipping rule for destination=http://test_url.s3.amazonaws.com/encoding.com.output/mock_mock_output_rendition_name_11111_199.ts?acl=public-read due to source condition not matching
2025-06-17 11:15:52,556 - ConfigConverter - INFO - Processing rule for destination, value: http://test_url.s3.amazonaws.com/encoding.com.output/mock_mock_output_rendition_name_11111_199.ts?acl=public-read
2025-06-17 11:15:52,556 - ConfigConverter - INFO - Condition using source_path output, value: mpegts
2025-06-17 11:15:52,556 - ConfigConverter - INFO - Condition evaluation: eq mpegts advanced_hls = False
2025-06-17 11:15:52,556 - ConfigConverter - INFO - Source condition evaluation for destination: False
2025-06-17 11:15:52,556 - ConfigConverter - INFO - Skipping rule for destination=http://test_url.s3.amazonaws.com/encoding.com.output/mock_mock_output_rendition_name_11111_199.ts?acl=public-read due to source condition not matching
2025-06-17 11:15:52,556 - ConfigConverter - INFO - Processing rule for destination, value: http://test_url.s3.amazonaws.com/encoding.com.output/mock_mock_output_rendition_name_11111_199.ts?acl=public-read
2025-06-17 11:15:52,556 - ConfigConverter - INFO - Condition using source_path output, value: mpegts
2025-06-17 11:15:52,556 - ConfigConverter - INFO - Condition evaluation: in mpegts ['advanced_dash', 'mpeg_dash'] = False
2025-06-17 11:15:52,556 - ConfigConverter - INFO - Source condition evaluation for destination: False
2025-06-17 11:15:52,556 - ConfigConverter - INFO - Skipping rule for destination=http://test_url.s3.amazonaws.com/encoding.com.output/mock_mock_output_rendition_name_11111_199.ts?acl=public-read due to source condition not matching
2025-06-17 11:15:52,557 - ConfigConverter - INFO - Processing rule for destination, value: http://test_url.s3.amazonaws.com/encoding.com.output/mock_mock_output_rendition_name_11111_199.ts?acl=public-read
2025-06-17 11:15:52,557 - ConfigConverter - INFO - Condition using source_path output, value: mpegts
2025-06-17 11:15:52,557 - ConfigConverter - INFO - Condition evaluation: in mpegts ['fmp4_hls', 'advanced_fmp4'] = False
2025-06-17 11:15:52,557 - ConfigConverter - INFO - Source condition evaluation for destination: False
2025-06-17 11:15:52,557 - ConfigConverter - INFO - Skipping rule for destination=http://test_url.s3.amazonaws.com/encoding.com.output/mock_mock_output_rendition_name_11111_199.ts?acl=public-read due to source condition not matching
2025-06-17 11:15:52,557 - ConfigConverter - INFO - Conversion summary for /home/ec2-user/e2mc_assistant/encoding_profiles/mpegts/199.xml:
2025-06-17 11:15:52,557 - ConfigConverter - INFO -   - Total parameters: 71
2025-06-17 11:15:52,557 - ConfigConverter - INFO -   - Mapped parameters: 71 (100.0%)
2025-06-17 11:15:52,557 - ConfigConverter - INFO -   - Unmapped parameters: 0 (0.0%)
2025-06-17 11:15:52,557 - ConfigConverter - INFO - Added missing NameModifier: _640x360_928000_mc
2025-06-17 11:15:52,557 - ConfigConverter - INFO - Successfully converted /home/ec2-user/e2mc_assistant/encoding_profiles/mpegts/199.xml to /home/ec2-user/e2mc_assistant/tranformed_mc_profiles/mpegts/199.json
2025-06-17 11:15:52,558 - ConfigConverter - INFO - Validating /home/ec2-user/e2mc_assistant/tranformed_mc_profiles/mpegts/199.json against schema /home/ec2-user/e2mc_assistant/utils/mc_config_validator/mc_setting_schema.json
2025-06-17 11:15:52,558 - ConfigConverter - INFO - Validation successful for /home/ec2-user/e2mc_assistant/tranformed_mc_profiles/mpegts/199.json
