2025-06-17 06:42:02,980 - ConfigConverter - INFO - Starting conversion of /home/ec2-user/e2mc_assistant/encoding_profiles/mpegts/491.xml
2025-06-17 06:42:02,980 - ConfigConverter - INFO - Set container to M2TS based on output format: mpegts
2025-06-17 06:42:02,980 - ConfigConverter - INFO - Added M2tsSettings to container settings
2025-06-17 06:42:02,980 - ConfigConverter - INFO - Using Mpeg2Settings for video_codec=mpeg2video
2025-06-17 06:42:02,980 - ConfigConverter - INFO - Set RateControlMode to CBR because <cbr>=yes
2025-06-17 06:42:02,980 - ConfigConverter - INFO - Set Bitrate to 50000000 from <bitrate>=50000k
2025-06-17 06:42:02,981 - ConfigConverter - INFO - Parameter cbr processed by custom rate control handler
2025-06-17 06:42:02,981 - ConfigConverter - INFO - Parameter bitrate processed by custom rate control handler
2025-06-17 06:42:02,981 - ConfigConverter - INFO - Set AudioDescriptions[0].CodecSettings.Codec to MP2 from <audio_codec>=mp2
2025-06-17 06:42:02,981 - ConfigConverter - INFO - Set AudioDescriptions[0].CodecSettings.Mp2Settings.Bitrate to 384000 from <audio_bitrate>=384k
2025-06-17 06:42:02,981 - ConfigConverter - INFO - Set AudioDescriptions[0].CodecSettings.Mp2Settings.SampleRate to 48000 from <audio_sample_rate>=48000
2025-06-17 06:42:02,981 - ConfigConverter - INFO - Audio parameters processed by custom audio settings handler
2025-06-17 06:42:02,981 - ConfigConverter - INFO - Mapped parameter: VCodecParameters=None → [DUMMY RULE]
2025-06-17 06:42:02,981 - ConfigConverter - INFO - Mapped parameter: acbr=None → [DUMMY RULE]
2025-06-17 06:42:02,981 - ConfigConverter - INFO - Mapped parameter: add_audio_only=None → [DUMMY RULE]
2025-06-17 06:42:02,981 - ConfigConverter - INFO - Mapped parameter: clipmode=None → [DUMMY RULE]
2025-06-17 06:42:02,981 - ConfigConverter - INFO - Mapped parameter: closed_captions.cc_extract_before=None → [DUMMY RULE]
2025-06-17 06:42:02,981 - ConfigConverter - INFO - Mapped parameter: closed_captions.direct_copy=None → [DUMMY RULE]
2025-06-17 06:42:02,981 - ConfigConverter - INFO - Mapped parameter: closed_captions.get_from_manifest=None → [DUMMY RULE]
2025-06-17 06:42:02,981 - ConfigConverter - INFO - Mapped parameter: closed_captions.ignore_cc_absence=None → [DUMMY RULE]
2025-06-17 06:42:02,981 - ConfigConverter - INFO - Mapped parameter: closed_captions.role=None → [DUMMY RULE]
2025-06-17 06:42:02,981 - ConfigConverter - INFO - Mapped parameter: closed_captions.vtt_split_segments=None → [DUMMY RULE]
2025-06-17 06:42:02,981 - ConfigConverter - INFO - Mapped parameter: drm=None → [DUMMY RULE]
2025-06-17 06:42:02,981 - ConfigConverter - INFO - Mapped parameter: encoder=None → [DUMMY RULE]
2025-06-17 06:42:02,981 - ConfigConverter - INFO - Mapped parameter: encryption=None → [DUMMY RULE]
2025-06-17 06:42:02,981 - ConfigConverter - INFO - Mapped parameter: hint=None → [DUMMY RULE]
2025-06-17 06:42:02,981 - ConfigConverter - INFO - Mapped parameter: pix_format=None → [DUMMY RULE]
2025-06-17 06:42:02,981 - ConfigConverter - INFO - Mapped parameter: set_video_duration=None → [DUMMY RULE]
2025-06-17 06:42:02,981 - ConfigConverter - INFO - Mapped parameter: strip_chapters=None → [DUMMY RULE]
2025-06-17 06:42:02,981 - ConfigConverter - INFO - Mapped parameter: video_codec_parameters.cmp=None → [DUMMY RULE]
2025-06-17 06:42:02,981 - ConfigConverter - INFO - Mapped parameter: video_codec_parameters.code=None → [DUMMY RULE]
2025-06-17 06:42:02,981 - ConfigConverter - INFO - Mapped parameter: video_codec_parameters.flags=None → [DUMMY RULE]
2025-06-17 06:42:02,981 - ConfigConverter - INFO - Mapped parameter: video_codec_parameters.flags2=None → [DUMMY RULE]
2025-06-17 06:42:02,981 - ConfigConverter - INFO - Mapped parameter: video_codec_parameters.i_qfactor=None → [DUMMY RULE]
2025-06-17 06:42:02,981 - ConfigConverter - INFO - Mapped parameter: video_codec_parameters.mbtree=None → [DUMMY RULE]
2025-06-17 06:42:02,981 - ConfigConverter - INFO - Mapped parameter: video_codec_parameters.me_method=None → [DUMMY RULE]
2025-06-17 06:42:02,981 - ConfigConverter - INFO - Mapped parameter: video_codec_parameters.me_range=None → [DUMMY RULE]
2025-06-17 06:42:02,981 - ConfigConverter - INFO - Mapped parameter: video_codec_parameters.qcomp=None → [DUMMY RULE]
2025-06-17 06:42:02,981 - ConfigConverter - INFO - Mapped parameter: video_codec_parameters.qdiff=None → [DUMMY RULE]
2025-06-17 06:42:02,982 - ConfigConverter - INFO - Mapped parameter: video_codec_parameters.subq=None → [DUMMY RULE]
2025-06-17 06:42:02,982 - ConfigConverter - INFO - Mapped parameter: video_codec_parameters.trellis=None → [DUMMY RULE]
2025-06-17 06:42:02,982 - ConfigConverter - INFO - Mapped parameter: video_codec_parameters.qmax=None → [DUMMY RULE]
2025-06-17 06:42:02,982 - ConfigConverter - INFO - Mapped parameter: video_codec_parameters.qmin=None → [DUMMY RULE]
2025-06-17 06:42:02,982 - ConfigConverter - INFO - Mapped parameter: closed_captions.forced=None → [DUMMY RULE]
2025-06-17 06:42:02,982 - ConfigConverter - INFO - Mapped parameter: file_extension=None → [DUMMY RULE]
2025-06-17 06:42:02,982 - ConfigConverter - INFO - Mapped parameter: rotate=None → [DUMMY RULE]
2025-06-17 06:42:02,982 - ConfigConverter - INFO - Mapped parameter: main_source.type=None → [DUMMY RULE]
2025-06-17 06:42:02,982 - ConfigConverter - INFO - Mapped parameter: playlist_version=None → [DUMMY RULE]
2025-06-17 06:42:02,982 - ConfigConverter - INFO - Mapped parameter: video_only=None → [DUMMY RULE]
2025-06-17 06:42:02,982 - ConfigConverter - INFO - Mapped parameter: audio_only=None → [DUMMY RULE]
2025-06-17 06:42:02,982 - ConfigConverter - INFO - Mapped parameter: closed_captions.cea_data_field=None → [DUMMY RULE]
2025-06-17 06:42:02,982 - ConfigConverter - INFO - Mapped parameter: loudnorm_range=None → [DUMMY RULE]
2025-06-17 06:42:02,982 - ConfigConverter - INFO - Mapped parameter: pack_files=None → [DUMMY RULE]
2025-06-17 06:42:02,982 - ConfigConverter - INFO - Mapped parameter: pack_type=None → [DUMMY RULE]
2025-06-17 06:42:02,982 - ConfigConverter - INFO - Mapped parameter: pack_each_stream=None → [DUMMY RULE]
2025-06-17 06:42:02,982 - ConfigConverter - INFO - Mapped parameter: cmaf_conformant=None → [DUMMY RULE]
2025-06-17 06:42:02,982 - ConfigConverter - INFO - Mapped parameter: manifest.basename=None → [DUMMY RULE]
2025-06-17 06:42:02,982 - ConfigConverter - INFO - Mapped parameter: use_manifest=None → [DUMMY RULE]
2025-06-17 06:42:02,982 - ConfigConverter - INFO - Mapped parameter: use_main_source=None → [DUMMY RULE]
2025-06-17 06:42:02,982 - ConfigConverter - INFO - Mapped parameter: use_alternate_source=None → [DUMMY RULE]
2025-06-17 06:42:02,982 - ConfigConverter - INFO - Mapped parameter: AdditionalCfDestination=None → [DUMMY RULE]
2025-06-17 06:42:02,982 - ConfigConverter - INFO - Mapped parameter: framerate_upper_threshold=None → [DUMMY RULE]
2025-06-17 06:42:02,982 - ConfigConverter - INFO - Mapped parameter: segmenter=None → [DUMMY RULE]
2025-06-17 06:42:02,982 - ConfigConverter - INFO - Mapped parameter: copy_nielsen_metadata=None → [DUMMY RULE]
2025-06-17 06:42:02,982 - ConfigConverter - INFO - Mapped parameter: metadata.copy=None → [DUMMY RULE]
2025-06-17 06:42:02,982 - ConfigConverter - INFO - Mapped parameter: refs=None → [DUMMY RULE]
2025-06-17 06:42:02,982 - ConfigConverter - INFO - Mapped parameter: reduce_structural_overhead=None → [DUMMY RULE]
2025-06-17 06:42:02,982 - ConfigConverter - INFO - Mapped parameter: video_codec_parameters.nal-hrd=None → [DUMMY RULE]
2025-06-17 06:42:02,982 - ConfigConverter - INFO - Mapped parameter: nal-hrd=None → [DUMMY RULE]
2025-06-17 06:42:02,982 - ConfigConverter - INFO - Mapped parameter: timescale=None → [DUMMY RULE]
2025-06-17 06:42:02,982 - ConfigConverter - INFO - Mapped parameter: video_codec_parameters.transfer_characteristics=None → [DUMMY RULE]
2025-06-17 06:42:02,982 - ConfigConverter - INFO - Mapped parameter: metadata_copy=None → [DUMMY RULE]
2025-06-17 06:42:02,982 - ConfigConverter - INFO - Mapped parameter: video_codec_parameters.partitions=None → [DUMMY RULE]
2025-06-17 06:42:02,982 - ConfigConverter - INFO - Skipping already processed parameter: output=mpegts
2025-06-17 06:42:02,982 - ConfigConverter - INFO - Found 1 rules for parameter: video_codec=mpeg2video
2025-06-17 06:42:02,983 - ConfigConverter - INFO - Processing rule for video_codec, value: mpeg2video
2025-06-17 06:42:02,983 - ConfigConverter - INFO - Applying transformation video_codec_format to mpeg2video
2025-06-17 06:42:02,983 - ConfigConverter - INFO - Transformed mpeg2video using video_codec_format to MPEG2
2025-06-17 06:42:02,983 - ConfigConverter - INFO - Mapped parameter: video_codec=mpeg2video → Settings.OutputGroups[0].Outputs[0].VideoDescription.CodecSettings.Codec=MPEG2
2025-06-17 06:42:02,983 - ConfigConverter - INFO - Found 2 rules for parameter: size=1920x1080
2025-06-17 06:42:02,983 - ConfigConverter - INFO - Processing rule for size, value: 1920x1080
2025-06-17 06:42:02,983 - ConfigConverter - INFO - Regex transformed 1920x1080 to 1920 using pattern (\d+)x([1-9]\d*)
2025-06-17 06:42:02,983 - ConfigConverter - INFO - Mapped parameter: size=1920x1080 → Settings.OutputGroups[0].Outputs[0].VideoDescription.Width=1920
2025-06-17 06:42:02,983 - ConfigConverter - INFO - Regex transformed 1920x1080 to 1080 using pattern (\d+)x([1-9]\d*)
2025-06-17 06:42:02,983 - ConfigConverter - INFO - Mapped parameter: size=1920x1080 → Settings.OutputGroups[0].Outputs[0].VideoDescription.Height=1080
2025-06-17 06:42:02,983 - ConfigConverter - INFO - Processing rule for size, value: 1920x1080
2025-06-17 06:42:02,983 - ConfigConverter - INFO - Regex pattern (\d+)x0 did not match 1920x1080 for size
2025-06-17 06:42:02,983 - ConfigConverter - INFO - Regex pattern (\d+)x0 did not match 1920x1080 for size
2025-06-17 06:42:02,983 - ConfigConverter - INFO - Found 6 rules for parameter: framerate=30
2025-06-17 06:42:02,983 - ConfigConverter - INFO - Processing rule for framerate, value: 30
2025-06-17 06:42:02,983 - ConfigConverter - INFO - Condition evaluation: eq 30 24000/1001 = False
2025-06-17 06:42:02,983 - ConfigConverter - INFO - Source condition evaluation for framerate: False
2025-06-17 06:42:02,983 - ConfigConverter - INFO - Skipping rule for framerate=30 due to source condition not matching
2025-06-17 06:42:02,983 - ConfigConverter - INFO - Processing rule for framerate, value: 30
2025-06-17 06:42:02,983 - ConfigConverter - INFO - Condition evaluation: eq 30 29.97 = False
2025-06-17 06:42:02,983 - ConfigConverter - INFO - Source condition evaluation for framerate: False
2025-06-17 06:42:02,983 - ConfigConverter - INFO - Skipping rule for framerate=30 due to source condition not matching
2025-06-17 06:42:02,983 - ConfigConverter - INFO - Processing rule for framerate, value: 30
2025-06-17 06:42:02,983 - ConfigConverter - INFO - Condition evaluation: eq 30 59.94 = False
2025-06-17 06:42:02,983 - ConfigConverter - INFO - Source condition evaluation for framerate: False
2025-06-17 06:42:02,983 - ConfigConverter - INFO - Skipping rule for framerate=30 due to source condition not matching
2025-06-17 06:42:02,983 - ConfigConverter - INFO - Processing rule for framerate, value: 30
2025-06-17 06:42:02,983 - ConfigConverter - INFO - Condition evaluation: eq 30 25 = False
2025-06-17 06:42:02,983 - ConfigConverter - INFO - Source condition evaluation for framerate: False
2025-06-17 06:42:02,983 - ConfigConverter - INFO - Skipping rule for framerate=30 due to source condition not matching
2025-06-17 06:42:02,983 - ConfigConverter - INFO - Processing rule for framerate, value: 30
2025-06-17 06:42:02,983 - ConfigConverter - INFO - Condition evaluation: eq 30 30 = True
2025-06-17 06:42:02,983 - ConfigConverter - INFO - Source condition evaluation for framerate: True
2025-06-17 06:42:02,983 - ConfigConverter - INFO - Using static value: SPECIFIED
2025-06-17 06:42:02,983 - ConfigConverter - INFO - Mapped parameter: framerate=30 → Settings.OutputGroups[0].Outputs[0].VideoDescription.CodecSettings.H264Settings.FramerateControl=SPECIFIED
2025-06-17 06:42:02,983 - ConfigConverter - INFO - Using static value: 30
2025-06-17 06:42:02,983 - ConfigConverter - INFO - Mapped parameter: framerate=30 → Settings.OutputGroups[0].Outputs[0].VideoDescription.CodecSettings.H264Settings.FramerateNumerator=30
2025-06-17 06:42:02,983 - ConfigConverter - INFO - Using static value: 1
2025-06-17 06:42:02,983 - ConfigConverter - INFO - Mapped parameter: framerate=30 → Settings.OutputGroups[0].Outputs[0].VideoDescription.CodecSettings.H264Settings.FramerateDenominator=1
2025-06-17 06:42:02,984 - ConfigConverter - INFO - Processing rule for framerate, value: 30
2025-06-17 06:42:02,984 - ConfigConverter - INFO - Condition evaluation: eq 30  = False
2025-06-17 06:42:02,984 - ConfigConverter - INFO - Source condition evaluation for framerate: False
2025-06-17 06:42:02,984 - ConfigConverter - INFO - Skipping rule for framerate=30 due to source condition not matching
2025-06-17 06:42:02,984 - ConfigConverter - INFO - Skipping already processed parameter: bitrate=50000k
2025-06-17 06:42:02,984 - ConfigConverter - INFO - Found 2 rules for parameter: profile=main
2025-06-17 06:42:02,984 - ConfigConverter - INFO - Processing rule for profile, value: main
2025-06-17 06:42:02,984 - ConfigConverter - INFO - Applying transformation profile_format to main
2025-06-17 06:42:02,984 - ConfigConverter - INFO - Transformed main using profile_format to MAIN
2025-06-17 06:42:02,984 - ConfigConverter - INFO - Mapped parameter: profile=main → Settings.OutputGroups[0].Outputs[0].VideoDescription.CodecSettings.H264Settings.CodecProfile=MAIN
2025-06-17 06:42:02,984 - ConfigConverter - INFO - Processing rule for profile, value: main
2025-06-17 06:42:02,984 - ConfigConverter - INFO - Condition evaluation: eq main baseline = False
2025-06-17 06:42:02,984 - ConfigConverter - INFO - Source condition evaluation for profile: False
2025-06-17 06:42:02,984 - ConfigConverter - INFO - Skipping rule for profile=main due to source condition not matching
2025-06-17 06:42:02,984 - ConfigConverter - INFO - Found 1 rules for parameter: force_interlaced=tff
2025-06-17 06:42:02,984 - ConfigConverter - INFO - Processing rule for force_interlaced, value: tff
2025-06-17 06:42:02,984 - ConfigConverter - INFO - Applying transformation force_interlaced_format to tff
2025-06-17 06:42:02,984 - ConfigConverter - INFO - Transformed tff using force_interlaced_format to TOP_FIELD
2025-06-17 06:42:02,984 - ConfigConverter - INFO - Mapped parameter: force_interlaced=tff → Settings.OutputGroups[0].Outputs[0].VideoDescription.CodecSettings.H264Settings.InterlaceMode=TOP_FIELD
2025-06-17 06:42:02,984 - ConfigConverter - INFO - Skipping already processed parameter: audio_codec=mp2
2025-06-17 06:42:02,984 - ConfigConverter - INFO - Skipping already processed parameter: audio_bitrate=384k
2025-06-17 06:42:02,984 - ConfigConverter - INFO - Skipping already processed parameter: audio_sample_rate=48000
2025-06-17 06:42:02,984 - ConfigConverter - INFO - Found 2 rules for parameter: audio_channels_number=2
2025-06-17 06:42:02,984 - ConfigConverter - INFO - Processing rule for audio_channels_number, value: 2
2025-06-17 06:42:02,984 - ConfigConverter - INFO - Condition using source_path audio_codec, value: mp2
2025-06-17 06:42:02,984 - ConfigConverter - INFO - Condition evaluation: in mp2 ['dolby_aac', 'dolby_heaac', 'libfaac'] = False
2025-06-17 06:42:02,984 - ConfigConverter - INFO - Source condition evaluation for audio_channels_number: False
2025-06-17 06:42:02,984 - ConfigConverter - INFO - Skipping rule for audio_channels_number=2 due to source condition not matching
2025-06-17 06:42:02,984 - ConfigConverter - INFO - Processing rule for audio_channels_number, value: 2
2025-06-17 06:42:02,984 - ConfigConverter - INFO - Condition using source_path audio_codec, value: mp2
2025-06-17 06:42:02,984 - ConfigConverter - INFO - Condition evaluation: eq mp2 ac3 = False
2025-06-17 06:42:02,984 - ConfigConverter - INFO - Source condition evaluation for audio_channels_number: False
2025-06-17 06:42:02,984 - ConfigConverter - INFO - Skipping rule for audio_channels_number=2 due to source condition not matching
2025-06-17 06:42:02,984 - ConfigConverter - INFO - Found 1 rules for parameter: hard_cbr=yes
2025-06-17 06:42:02,984 - ConfigConverter - INFO - Processing rule for hard_cbr, value: yes
2025-06-17 06:42:02,984 - ConfigConverter - INFO - Applying transformation hard_cbr_format to yes
2025-06-17 06:42:02,984 - ConfigConverter - INFO - Transformed yes using hard_cbr_format to CBR
2025-06-17 06:42:02,984 - ConfigConverter - INFO - Mapped parameter: hard_cbr=yes → Settings.OutputGroups[0].Outputs[0].VideoDescription.CodecSettings.H264Settings.RateControlMode=CBR
2025-06-17 06:42:02,984 - ConfigConverter - INFO - Skipping already processed parameter: cbr=yes
2025-06-17 06:42:02,984 - ConfigConverter - INFO - Found 4 rules for parameter: destination=http://test_url.s3.amazonaws.com/encoding.com.output/mock_mock_output_rendition_name_11111_491.ts?acl=public-read
2025-06-17 06:42:02,985 - ConfigConverter - INFO - Processing rule for destination, value: http://test_url.s3.amazonaws.com/encoding.com.output/mock_mock_output_rendition_name_11111_491.ts?acl=public-read
2025-06-17 06:42:02,985 - ConfigConverter - INFO - Condition using source_path output, value: mpegts
2025-06-17 06:42:02,985 - ConfigConverter - INFO - Condition evaluation: eq mpegts mp4 = False
2025-06-17 06:42:02,985 - ConfigConverter - INFO - Source condition evaluation for destination: False
2025-06-17 06:42:02,985 - ConfigConverter - INFO - Skipping rule for destination=http://test_url.s3.amazonaws.com/encoding.com.output/mock_mock_output_rendition_name_11111_491.ts?acl=public-read due to source condition not matching
2025-06-17 06:42:02,985 - ConfigConverter - INFO - Processing rule for destination, value: http://test_url.s3.amazonaws.com/encoding.com.output/mock_mock_output_rendition_name_11111_491.ts?acl=public-read
2025-06-17 06:42:02,985 - ConfigConverter - INFO - Condition using source_path output, value: mpegts
2025-06-17 06:42:02,985 - ConfigConverter - INFO - Condition evaluation: eq mpegts advanced_hls = False
2025-06-17 06:42:02,985 - ConfigConverter - INFO - Source condition evaluation for destination: False
2025-06-17 06:42:02,985 - ConfigConverter - INFO - Skipping rule for destination=http://test_url.s3.amazonaws.com/encoding.com.output/mock_mock_output_rendition_name_11111_491.ts?acl=public-read due to source condition not matching
2025-06-17 06:42:02,985 - ConfigConverter - INFO - Processing rule for destination, value: http://test_url.s3.amazonaws.com/encoding.com.output/mock_mock_output_rendition_name_11111_491.ts?acl=public-read
2025-06-17 06:42:02,985 - ConfigConverter - INFO - Condition using source_path output, value: mpegts
2025-06-17 06:42:02,985 - ConfigConverter - INFO - Condition evaluation: in mpegts ['advanced_dash', 'mpeg_dash'] = False
2025-06-17 06:42:02,985 - ConfigConverter - INFO - Source condition evaluation for destination: False
2025-06-17 06:42:02,985 - ConfigConverter - INFO - Skipping rule for destination=http://test_url.s3.amazonaws.com/encoding.com.output/mock_mock_output_rendition_name_11111_491.ts?acl=public-read due to source condition not matching
2025-06-17 06:42:02,985 - ConfigConverter - INFO - Processing rule for destination, value: http://test_url.s3.amazonaws.com/encoding.com.output/mock_mock_output_rendition_name_11111_491.ts?acl=public-read
2025-06-17 06:42:02,985 - ConfigConverter - INFO - Condition using source_path output, value: mpegts
2025-06-17 06:42:02,985 - ConfigConverter - INFO - Condition evaluation: in mpegts ['fmp4_hls', 'advanced_fmp4'] = False
2025-06-17 06:42:02,985 - ConfigConverter - INFO - Source condition evaluation for destination: False
2025-06-17 06:42:02,985 - ConfigConverter - INFO - Skipping rule for destination=http://test_url.s3.amazonaws.com/encoding.com.output/mock_mock_output_rendition_name_11111_491.ts?acl=public-read due to source condition not matching
2025-06-17 06:42:02,985 - ConfigConverter - INFO - Conversion summary for /home/ec2-user/e2mc_assistant/encoding_profiles/mpegts/491.xml:
2025-06-17 06:42:02,985 - ConfigConverter - INFO -   - Total parameters: 70
2025-06-17 06:42:03,210 - ConfigConverter - INFO -   - Mapped parameters: 70 (100.0%)
2025-06-17 06:42:03,210 - ConfigConverter - INFO -   - Unmapped parameters: 0 (0.0%)
2025-06-17 06:42:03,210 - ConfigConverter - INFO - Added missing NameModifier: _1920x1080_mc
2025-06-17 06:42:03,210 - ConfigConverter - INFO - Successfully converted /home/ec2-user/e2mc_assistant/encoding_profiles/mpegts/491.xml to /home/ec2-user/e2mc_assistant/tranformed_mc_profiles/mpegts/491.json
2025-06-17 06:42:03,212 - ConfigConverter - INFO - Validating /home/ec2-user/e2mc_assistant/tranformed_mc_profiles/mpegts/491.json against schema /home/ec2-user/e2mc_assistant/utils/mc_config_validator/mc_setting_schema.json
2025-06-17 06:42:03,212 - ConfigConverter - INFO - Validation successful for /home/ec2-user/e2mc_assistant/tranformed_mc_profiles/mpegts/491.json
2025-06-17 11:13:25,720 - ConfigConverter - INFO - Starting conversion of /home/ec2-user/e2mc_assistant/encoding_profiles/mpegts/491.xml
2025-06-17 11:13:25,721 - ConfigConverter - INFO - Set container to M2TS based on output format: mpegts
2025-06-17 11:13:25,721 - ConfigConverter - INFO - Added M2tsSettings to container settings
2025-06-17 11:13:25,721 - ConfigConverter - INFO - Using Mpeg2Settings for video_codec=mpeg2video
2025-06-17 11:13:25,721 - ConfigConverter - INFO - Set RateControlMode to CBR because <cbr>=yes
2025-06-17 11:13:25,721 - ConfigConverter - INFO - Set Bitrate to 50000000 from <bitrate>=50000k
2025-06-17 11:13:25,721 - ConfigConverter - INFO - Parameter cbr processed by custom rate control handler
2025-06-17 11:13:25,721 - ConfigConverter - INFO - Parameter bitrate processed by custom rate control handler
2025-06-17 11:13:25,721 - ConfigConverter - INFO - Set AudioDescriptions[0].CodecSettings.Codec to MP2 from <audio_codec>=mp2
2025-06-17 11:13:25,722 - ConfigConverter - INFO - Set AudioDescriptions[0].CodecSettings.Mp2Settings.Bitrate to 384000 from <audio_bitrate>=384k
2025-06-17 11:13:25,722 - ConfigConverter - INFO - Set AudioDescriptions[0].CodecSettings.Mp2Settings.SampleRate to 48000 from <audio_sample_rate>=48000
2025-06-17 11:13:25,722 - ConfigConverter - INFO - Audio parameters processed by custom audio settings handler
2025-06-17 11:13:25,722 - ConfigConverter - INFO - Mapped parameter: VCodecParameters=None → [DUMMY RULE]
2025-06-17 11:13:25,722 - ConfigConverter - INFO - Mapped parameter: acbr=None → [DUMMY RULE]
2025-06-17 11:13:25,722 - ConfigConverter - INFO - Mapped parameter: add_audio_only=None → [DUMMY RULE]
2025-06-17 11:13:25,722 - ConfigConverter - INFO - Mapped parameter: clipmode=None → [DUMMY RULE]
2025-06-17 11:13:25,722 - ConfigConverter - INFO - Mapped parameter: closed_captions.cc_extract_before=None → [DUMMY RULE]
2025-06-17 11:13:25,722 - ConfigConverter - INFO - Mapped parameter: closed_captions.direct_copy=None → [DUMMY RULE]
2025-06-17 11:13:25,722 - ConfigConverter - INFO - Mapped parameter: closed_captions.get_from_manifest=None → [DUMMY RULE]
2025-06-17 11:13:25,722 - ConfigConverter - INFO - Mapped parameter: closed_captions.ignore_cc_absence=None → [DUMMY RULE]
2025-06-17 11:13:25,722 - ConfigConverter - INFO - Mapped parameter: closed_captions.role=None → [DUMMY RULE]
2025-06-17 11:13:25,722 - ConfigConverter - INFO - Mapped parameter: closed_captions.vtt_split_segments=None → [DUMMY RULE]
2025-06-17 11:13:25,722 - ConfigConverter - INFO - Mapped parameter: drm=None → [DUMMY RULE]
2025-06-17 11:13:25,722 - ConfigConverter - INFO - Mapped parameter: encoder=None → [DUMMY RULE]
2025-06-17 11:13:25,722 - ConfigConverter - INFO - Mapped parameter: encryption=None → [DUMMY RULE]
2025-06-17 11:13:25,722 - ConfigConverter - INFO - Mapped parameter: hint=None → [DUMMY RULE]
2025-06-17 11:13:25,722 - ConfigConverter - INFO - Mapped parameter: pix_format=None → [DUMMY RULE]
2025-06-17 11:13:25,722 - ConfigConverter - INFO - Mapped parameter: set_video_duration=None → [DUMMY RULE]
2025-06-17 11:13:25,722 - ConfigConverter - INFO - Mapped parameter: strip_chapters=None → [DUMMY RULE]
2025-06-17 11:13:25,722 - ConfigConverter - INFO - Mapped parameter: video_codec_parameters.cmp=None → [DUMMY RULE]
2025-06-17 11:13:25,722 - ConfigConverter - INFO - Mapped parameter: video_codec_parameters.code=None → [DUMMY RULE]
2025-06-17 11:13:25,722 - ConfigConverter - INFO - Mapped parameter: video_codec_parameters.flags=None → [DUMMY RULE]
2025-06-17 11:13:25,722 - ConfigConverter - INFO - Mapped parameter: video_codec_parameters.flags2=None → [DUMMY RULE]
2025-06-17 11:13:25,722 - ConfigConverter - INFO - Mapped parameter: video_codec_parameters.i_qfactor=None → [DUMMY RULE]
2025-06-17 11:13:25,722 - ConfigConverter - INFO - Mapped parameter: video_codec_parameters.mbtree=None → [DUMMY RULE]
2025-06-17 11:13:25,961 - ConfigConverter - INFO - Mapped parameter: video_codec_parameters.me_method=None → [DUMMY RULE]
2025-06-17 11:13:25,961 - ConfigConverter - INFO - Mapped parameter: video_codec_parameters.me_range=None → [DUMMY RULE]
2025-06-17 11:13:25,961 - ConfigConverter - INFO - Mapped parameter: video_codec_parameters.qcomp=None → [DUMMY RULE]
2025-06-17 11:13:25,961 - ConfigConverter - INFO - Mapped parameter: video_codec_parameters.qdiff=None → [DUMMY RULE]
2025-06-17 11:13:25,961 - ConfigConverter - INFO - Mapped parameter: video_codec_parameters.subq=None → [DUMMY RULE]
2025-06-17 11:13:25,961 - ConfigConverter - INFO - Mapped parameter: video_codec_parameters.trellis=None → [DUMMY RULE]
2025-06-17 11:13:25,961 - ConfigConverter - INFO - Mapped parameter: video_codec_parameters.qmax=None → [DUMMY RULE]
2025-06-17 11:13:25,961 - ConfigConverter - INFO - Mapped parameter: video_codec_parameters.qmin=None → [DUMMY RULE]
2025-06-17 11:13:25,961 - ConfigConverter - INFO - Mapped parameter: closed_captions.forced=None → [DUMMY RULE]
2025-06-17 11:13:25,961 - ConfigConverter - INFO - Mapped parameter: file_extension=None → [DUMMY RULE]
2025-06-17 11:13:25,961 - ConfigConverter - INFO - Mapped parameter: rotate=None → [DUMMY RULE]
2025-06-17 11:13:25,961 - ConfigConverter - INFO - Mapped parameter: main_source.type=None → [DUMMY RULE]
2025-06-17 11:13:25,961 - ConfigConverter - INFO - Mapped parameter: playlist_version=None → [DUMMY RULE]
2025-06-17 11:13:25,961 - ConfigConverter - INFO - Mapped parameter: video_only=None → [DUMMY RULE]
2025-06-17 11:13:25,961 - ConfigConverter - INFO - Mapped parameter: audio_only=None → [DUMMY RULE]
2025-06-17 11:13:25,961 - ConfigConverter - INFO - Mapped parameter: closed_captions.cea_data_field=None → [DUMMY RULE]
2025-06-17 11:13:25,961 - ConfigConverter - INFO - Mapped parameter: loudnorm_range=None → [DUMMY RULE]
2025-06-17 11:13:25,961 - ConfigConverter - INFO - Mapped parameter: pack_files=None → [DUMMY RULE]
2025-06-17 11:13:25,961 - ConfigConverter - INFO - Mapped parameter: pack_type=None → [DUMMY RULE]
2025-06-17 11:13:25,961 - ConfigConverter - INFO - Mapped parameter: pack_each_stream=None → [DUMMY RULE]
2025-06-17 11:13:25,961 - ConfigConverter - INFO - Mapped parameter: cmaf_conformant=None → [DUMMY RULE]
2025-06-17 11:13:25,961 - ConfigConverter - INFO - Mapped parameter: manifest.basename=None → [DUMMY RULE]
2025-06-17 11:13:25,961 - ConfigConverter - INFO - Mapped parameter: use_manifest=None → [DUMMY RULE]
2025-06-17 11:13:25,961 - ConfigConverter - INFO - Mapped parameter: use_main_source=None → [DUMMY RULE]
2025-06-17 11:13:25,961 - ConfigConverter - INFO - Mapped parameter: use_alternate_source=None → [DUMMY RULE]
2025-06-17 11:13:25,961 - ConfigConverter - INFO - Mapped parameter: AdditionalCfDestination=None → [DUMMY RULE]
2025-06-17 11:13:25,961 - ConfigConverter - INFO - Mapped parameter: framerate_upper_threshold=None → [DUMMY RULE]
2025-06-17 11:13:25,961 - ConfigConverter - INFO - Mapped parameter: segmenter=None → [DUMMY RULE]
2025-06-17 11:13:25,961 - ConfigConverter - INFO - Mapped parameter: copy_nielsen_metadata=None → [DUMMY RULE]
2025-06-17 11:13:25,961 - ConfigConverter - INFO - Mapped parameter: metadata.copy=None → [DUMMY RULE]
2025-06-17 11:13:25,961 - ConfigConverter - INFO - Mapped parameter: refs=None → [DUMMY RULE]
2025-06-17 11:13:25,961 - ConfigConverter - INFO - Mapped parameter: reduce_structural_overhead=None → [DUMMY RULE]
2025-06-17 11:13:25,962 - ConfigConverter - INFO - Mapped parameter: video_codec_parameters.nal-hrd=None → [DUMMY RULE]
2025-06-17 11:13:25,962 - ConfigConverter - INFO - Mapped parameter: nal-hrd=None → [DUMMY RULE]
2025-06-17 11:13:25,962 - ConfigConverter - INFO - Mapped parameter: timescale=None → [DUMMY RULE]
2025-06-17 11:13:25,962 - ConfigConverter - INFO - Mapped parameter: video_codec_parameters.transfer_characteristics=None → [DUMMY RULE]
2025-06-17 11:13:25,962 - ConfigConverter - INFO - Mapped parameter: metadata_copy=None → [DUMMY RULE]
2025-06-17 11:13:25,962 - ConfigConverter - INFO - Mapped parameter: video_codec_parameters.partitions=None → [DUMMY RULE]
2025-06-17 11:13:25,962 - ConfigConverter - INFO - Skipping already processed parameter: output=mpegts
2025-06-17 11:13:25,962 - ConfigConverter - INFO - Found 1 rules for parameter: video_codec=mpeg2video
2025-06-17 11:13:25,962 - ConfigConverter - INFO - Processing rule for video_codec, value: mpeg2video
2025-06-17 11:13:25,962 - ConfigConverter - INFO - Applying transformation video_codec_format to mpeg2video
2025-06-17 11:13:25,962 - ConfigConverter - INFO - Transformed mpeg2video using video_codec_format to MPEG2
2025-06-17 11:13:25,962 - ConfigConverter - INFO - Mapped parameter: video_codec=mpeg2video → Settings.OutputGroups[0].Outputs[0].VideoDescription.CodecSettings.Codec=MPEG2
2025-06-17 11:13:25,962 - ConfigConverter - INFO - Found 2 rules for parameter: size=1920x1080
2025-06-17 11:13:25,962 - ConfigConverter - INFO - Processing rule for size, value: 1920x1080
2025-06-17 11:13:25,962 - ConfigConverter - INFO - Regex transformed 1920x1080 to 1920 using pattern (\d+)x([1-9]\d*)
2025-06-17 11:13:25,962 - ConfigConverter - INFO - Mapped parameter: size=1920x1080 → Settings.OutputGroups[0].Outputs[0].VideoDescription.Width=1920
2025-06-17 11:13:25,962 - ConfigConverter - INFO - Regex transformed 1920x1080 to 1080 using pattern (\d+)x([1-9]\d*)
2025-06-17 11:13:25,962 - ConfigConverter - INFO - Mapped parameter: size=1920x1080 → Settings.OutputGroups[0].Outputs[0].VideoDescription.Height=1080
2025-06-17 11:13:25,962 - ConfigConverter - INFO - Processing rule for size, value: 1920x1080
2025-06-17 11:13:25,962 - ConfigConverter - INFO - Regex pattern (\d+)x0 did not match 1920x1080 for size
2025-06-17 11:13:25,962 - ConfigConverter - INFO - Regex pattern (\d+)x0 did not match 1920x1080 for size
2025-06-17 11:13:25,962 - ConfigConverter - INFO - Found 6 rules for parameter: framerate=30
2025-06-17 11:13:25,962 - ConfigConverter - INFO - Processing rule for framerate, value: 30
2025-06-17 11:13:25,962 - ConfigConverter - INFO - Condition evaluation: eq 30 24000/1001 = False
2025-06-17 11:13:25,962 - ConfigConverter - INFO - Source condition evaluation for framerate: False
2025-06-17 11:13:25,962 - ConfigConverter - INFO - Skipping rule for framerate=30 due to source condition not matching
2025-06-17 11:13:25,962 - ConfigConverter - INFO - Processing rule for framerate, value: 30
2025-06-17 11:13:25,962 - ConfigConverter - INFO - Condition evaluation: eq 30 29.97 = False
2025-06-17 11:13:25,962 - ConfigConverter - INFO - Source condition evaluation for framerate: False
2025-06-17 11:13:25,962 - ConfigConverter - INFO - Skipping rule for framerate=30 due to source condition not matching
2025-06-17 11:13:25,962 - ConfigConverter - INFO - Processing rule for framerate, value: 30
2025-06-17 11:13:25,962 - ConfigConverter - INFO - Condition evaluation: eq 30 59.94 = False
2025-06-17 11:13:25,962 - ConfigConverter - INFO - Source condition evaluation for framerate: False
2025-06-17 11:13:25,962 - ConfigConverter - INFO - Skipping rule for framerate=30 due to source condition not matching
2025-06-17 11:13:25,962 - ConfigConverter - INFO - Processing rule for framerate, value: 30
2025-06-17 11:13:25,962 - ConfigConverter - INFO - Condition evaluation: eq 30 25 = False
2025-06-17 11:13:25,963 - ConfigConverter - INFO - Source condition evaluation for framerate: False
2025-06-17 11:13:25,963 - ConfigConverter - INFO - Skipping rule for framerate=30 due to source condition not matching
2025-06-17 11:13:25,963 - ConfigConverter - INFO - Processing rule for framerate, value: 30
2025-06-17 11:13:25,963 - ConfigConverter - INFO - Condition evaluation: eq 30 30 = True
2025-06-17 11:13:25,963 - ConfigConverter - INFO - Source condition evaluation for framerate: True
2025-06-17 11:13:25,963 - ConfigConverter - INFO - Using static value: SPECIFIED
2025-06-17 11:13:25,963 - ConfigConverter - INFO - Mapped parameter: framerate=30 → Settings.OutputGroups[0].Outputs[0].VideoDescription.CodecSettings.H264Settings.FramerateControl=SPECIFIED
2025-06-17 11:13:25,963 - ConfigConverter - INFO - Using static value: 30
2025-06-17 11:13:25,963 - ConfigConverter - INFO - Mapped parameter: framerate=30 → Settings.OutputGroups[0].Outputs[0].VideoDescription.CodecSettings.H264Settings.FramerateNumerator=30
2025-06-17 11:13:25,963 - ConfigConverter - INFO - Using static value: 1
2025-06-17 11:13:25,963 - ConfigConverter - INFO - Mapped parameter: framerate=30 → Settings.OutputGroups[0].Outputs[0].VideoDescription.CodecSettings.H264Settings.FramerateDenominator=1
2025-06-17 11:13:25,963 - ConfigConverter - INFO - Processing rule for framerate, value: 30
2025-06-17 11:13:25,963 - ConfigConverter - INFO - Condition evaluation: eq 30  = False
2025-06-17 11:13:25,963 - ConfigConverter - INFO - Source condition evaluation for framerate: False
2025-06-17 11:13:25,963 - ConfigConverter - INFO - Skipping rule for framerate=30 due to source condition not matching
2025-06-17 11:13:25,963 - ConfigConverter - INFO - Skipping already processed parameter: bitrate=50000k
2025-06-17 11:13:25,963 - ConfigConverter - INFO - Found 2 rules for parameter: profile=main
2025-06-17 11:13:25,963 - ConfigConverter - INFO - Processing rule for profile, value: main
2025-06-17 11:13:25,963 - ConfigConverter - INFO - Condition using source_path video_codec, value: mpeg2video
2025-06-17 11:13:25,963 - ConfigConverter - INFO - Condition evaluation: in mpeg2video ['mpeg4', 'libx264'] = False
2025-06-17 11:13:25,963 - ConfigConverter - INFO - Source condition evaluation for profile: False
2025-06-17 11:13:25,963 - ConfigConverter - INFO - Skipping rule for profile=main due to source condition not matching
2025-06-17 11:13:25,963 - ConfigConverter - INFO - Processing rule for profile, value: main
2025-06-17 11:13:25,963 - ConfigConverter - INFO - Evaluating AND condition with 2 subconditions
2025-06-17 11:13:25,963 - ConfigConverter - INFO - Condition using source_path video_codec, value: mpeg2video
2025-06-17 11:13:25,963 - ConfigConverter - INFO - Condition evaluation: in mpeg2video ['mpeg4', 'libx264'] = False
2025-06-17 11:13:25,963 - ConfigConverter - INFO - AND condition result: False
2025-06-17 11:13:25,963 - ConfigConverter - INFO - Source condition evaluation for profile: False
2025-06-17 11:13:25,963 - ConfigConverter - INFO - Skipping rule for profile=main due to source condition not matching
2025-06-17 11:13:25,963 - ConfigConverter - INFO - Found 1 rules for parameter: force_interlaced=tff
2025-06-17 11:13:25,963 - ConfigConverter - INFO - Processing rule for force_interlaced, value: tff
2025-06-17 11:13:25,963 - ConfigConverter - INFO - Applying transformation force_interlaced_format to tff
2025-06-17 11:13:25,963 - ConfigConverter - INFO - Transformed tff using force_interlaced_format to TOP_FIELD
2025-06-17 11:13:25,963 - ConfigConverter - INFO - Mapped parameter: force_interlaced=tff → Settings.OutputGroups[0].Outputs[0].VideoDescription.CodecSettings.H264Settings.InterlaceMode=TOP_FIELD
2025-06-17 11:13:25,963 - ConfigConverter - INFO - Skipping already processed parameter: audio_codec=mp2
2025-06-17 11:13:25,963 - ConfigConverter - INFO - Skipping already processed parameter: audio_bitrate=384k
2025-06-17 11:13:25,963 - ConfigConverter - INFO - Skipping already processed parameter: audio_sample_rate=48000
2025-06-17 11:13:25,963 - ConfigConverter - INFO - Found 3 rules for parameter: audio_channels_number=2
2025-06-17 11:13:25,963 - ConfigConverter - INFO - Processing rule for audio_channels_number, value: 2
2025-06-17 11:13:25,963 - ConfigConverter - INFO - Condition using source_path audio_codec, value: mp2
2025-06-17 11:13:25,963 - ConfigConverter - INFO - Condition evaluation: in mp2 ['dolby_aac', 'dolby_heaac', 'libfaac'] = False
2025-06-17 11:13:25,964 - ConfigConverter - INFO - Source condition evaluation for audio_channels_number: False
2025-06-17 11:13:25,964 - ConfigConverter - INFO - Skipping rule for audio_channels_number=2 due to source condition not matching
2025-06-17 11:13:25,964 - ConfigConverter - INFO - Processing rule for audio_channels_number, value: 2
2025-06-17 11:13:25,964 - ConfigConverter - INFO - Condition using source_path audio_codec, value: mp2
2025-06-17 11:13:25,964 - ConfigConverter - INFO - Condition evaluation: eq mp2 ac3 = False
2025-06-17 11:13:25,964 - ConfigConverter - INFO - Source condition evaluation for audio_channels_number: False
2025-06-17 11:13:25,964 - ConfigConverter - INFO - Skipping rule for audio_channels_number=2 due to source condition not matching
2025-06-17 11:13:25,964 - ConfigConverter - INFO - Processing rule for audio_channels_number, value: 2
2025-06-17 11:13:25,964 - ConfigConverter - INFO - Condition using source_path audio_codec, value: mp2
2025-06-17 11:13:25,964 - ConfigConverter - INFO - Condition evaluation: eq mp2 libvpx = False
2025-06-17 11:13:25,964 - ConfigConverter - INFO - Source condition evaluation for audio_channels_number: False
2025-06-17 11:13:25,964 - ConfigConverter - INFO - Skipping rule for audio_channels_number=2 due to source condition not matching
2025-06-17 11:13:25,964 - ConfigConverter - INFO - Found 1 rules for parameter: hard_cbr=yes
2025-06-17 11:13:25,964 - ConfigConverter - INFO - Processing rule for hard_cbr, value: yes
2025-06-17 11:13:25,964 - ConfigConverter - INFO - Applying transformation hard_cbr_format to yes
2025-06-17 11:13:25,964 - ConfigConverter - INFO - Transformed yes using hard_cbr_format to CBR
2025-06-17 11:13:25,964 - ConfigConverter - INFO - Mapped parameter: hard_cbr=yes → Settings.OutputGroups[0].Outputs[0].VideoDescription.CodecSettings.H264Settings.RateControlMode=CBR
2025-06-17 11:13:25,964 - ConfigConverter - INFO - Skipping already processed parameter: cbr=yes
2025-06-17 11:13:25,964 - ConfigConverter - INFO - Found 4 rules for parameter: destination=http://test_url.s3.amazonaws.com/encoding.com.output/mock_mock_output_rendition_name_11111_491.ts?acl=public-read
2025-06-17 11:13:25,964 - ConfigConverter - INFO - Processing rule for destination, value: http://test_url.s3.amazonaws.com/encoding.com.output/mock_mock_output_rendition_name_11111_491.ts?acl=public-read
2025-06-17 11:13:25,964 - ConfigConverter - INFO - Condition using source_path output, value: mpegts
2025-06-17 11:13:25,964 - ConfigConverter - INFO - Condition evaluation: eq mpegts mp4 = False
2025-06-17 11:13:25,964 - ConfigConverter - INFO - Source condition evaluation for destination: False
2025-06-17 11:13:25,964 - ConfigConverter - INFO - Skipping rule for destination=http://test_url.s3.amazonaws.com/encoding.com.output/mock_mock_output_rendition_name_11111_491.ts?acl=public-read due to source condition not matching
2025-06-17 11:13:25,964 - ConfigConverter - INFO - Processing rule for destination, value: http://test_url.s3.amazonaws.com/encoding.com.output/mock_mock_output_rendition_name_11111_491.ts?acl=public-read
2025-06-17 11:13:25,964 - ConfigConverter - INFO - Condition using source_path output, value: mpegts
2025-06-17 11:13:25,964 - ConfigConverter - INFO - Condition evaluation: eq mpegts advanced_hls = False
2025-06-17 11:13:25,964 - ConfigConverter - INFO - Source condition evaluation for destination: False
2025-06-17 11:13:25,964 - ConfigConverter - INFO - Skipping rule for destination=http://test_url.s3.amazonaws.com/encoding.com.output/mock_mock_output_rendition_name_11111_491.ts?acl=public-read due to source condition not matching
2025-06-17 11:13:25,964 - ConfigConverter - INFO - Processing rule for destination, value: http://test_url.s3.amazonaws.com/encoding.com.output/mock_mock_output_rendition_name_11111_491.ts?acl=public-read
2025-06-17 11:13:25,964 - ConfigConverter - INFO - Condition using source_path output, value: mpegts
2025-06-17 11:13:25,964 - ConfigConverter - INFO - Condition evaluation: in mpegts ['advanced_dash', 'mpeg_dash'] = False
2025-06-17 11:13:25,964 - ConfigConverter - INFO - Source condition evaluation for destination: False
2025-06-17 11:13:25,964 - ConfigConverter - INFO - Skipping rule for destination=http://test_url.s3.amazonaws.com/encoding.com.output/mock_mock_output_rendition_name_11111_491.ts?acl=public-read due to source condition not matching
2025-06-17 11:13:25,964 - ConfigConverter - INFO - Processing rule for destination, value: http://test_url.s3.amazonaws.com/encoding.com.output/mock_mock_output_rendition_name_11111_491.ts?acl=public-read
2025-06-17 11:13:25,964 - ConfigConverter - INFO - Condition using source_path output, value: mpegts
2025-06-17 11:13:25,964 - ConfigConverter - INFO - Condition evaluation: in mpegts ['fmp4_hls', 'advanced_fmp4'] = False
2025-06-17 11:13:25,964 - ConfigConverter - INFO - Source condition evaluation for destination: False
2025-06-17 11:13:25,964 - ConfigConverter - INFO - Skipping rule for destination=http://test_url.s3.amazonaws.com/encoding.com.output/mock_mock_output_rendition_name_11111_491.ts?acl=public-read due to source condition not matching
2025-06-17 11:13:25,964 - ConfigConverter - INFO - Conversion summary for /home/ec2-user/e2mc_assistant/encoding_profiles/mpegts/491.xml:
2025-06-17 11:13:25,964 - ConfigConverter - INFO -   - Total parameters: 69
2025-06-17 11:13:25,964 - ConfigConverter - INFO -   - Mapped parameters: 69 (100.0%)
2025-06-17 11:13:25,964 - ConfigConverter - INFO -   - Unmapped parameters: 0 (0.0%)
2025-06-17 11:13:25,964 - ConfigConverter - INFO - Added missing NameModifier: _1920x1080_mc
2025-06-17 11:13:25,965 - ConfigConverter - INFO - Successfully converted /home/ec2-user/e2mc_assistant/encoding_profiles/mpegts/491.xml to /home/ec2-user/e2mc_assistant/tranformed_mc_profiles/mpegts/491.json
2025-06-17 11:13:25,966 - ConfigConverter - INFO - Validating /home/ec2-user/e2mc_assistant/tranformed_mc_profiles/mpegts/491.json against schema /home/ec2-user/e2mc_assistant/utils/mc_config_validator/mc_setting_schema.json
2025-06-17 11:13:25,967 - ConfigConverter - INFO - Validation successful for /home/ec2-user/e2mc_assistant/tranformed_mc_profiles/mpegts/491.json
2025-06-17 11:15:52,567 - ConfigConverter - INFO - Starting conversion of /home/ec2-user/e2mc_assistant/encoding_profiles/mpegts/491.xml
2025-06-17 11:15:52,567 - ConfigConverter - INFO - Set container to M2TS based on output format: mpegts
2025-06-17 11:15:52,567 - ConfigConverter - INFO - Added M2tsSettings to container settings
2025-06-17 11:15:52,567 - ConfigConverter - INFO - Using Mpeg2Settings for video_codec=mpeg2video
2025-06-17 11:15:52,567 - ConfigConverter - INFO - Set RateControlMode to CBR because <cbr>=yes
2025-06-17 11:15:52,567 - ConfigConverter - INFO - Set Bitrate to 50000000 from <bitrate>=50000k
2025-06-17 11:15:52,567 - ConfigConverter - INFO - Parameter cbr processed by custom rate control handler
2025-06-17 11:15:52,567 - ConfigConverter - INFO - Parameter bitrate processed by custom rate control handler
2025-06-17 11:15:52,567 - ConfigConverter - INFO - Set AudioDescriptions[0].CodecSettings.Codec to MP2 from <audio_codec>=mp2
2025-06-17 11:15:52,567 - ConfigConverter - INFO - Set AudioDescriptions[0].CodecSettings.Mp2Settings.Bitrate to 384000 from <audio_bitrate>=384k
2025-06-17 11:15:52,567 - ConfigConverter - INFO - Set AudioDescriptions[0].CodecSettings.Mp2Settings.SampleRate to 48000 from <audio_sample_rate>=48000
2025-06-17 11:15:52,567 - ConfigConverter - INFO - Audio parameters processed by custom audio settings handler
2025-06-17 11:15:52,567 - ConfigConverter - INFO - Mapped parameter: VCodecParameters=None → [DUMMY RULE]
2025-06-17 11:15:52,567 - ConfigConverter - INFO - Mapped parameter: acbr=None → [DUMMY RULE]
2025-06-17 11:15:52,567 - ConfigConverter - INFO - Mapped parameter: add_audio_only=None → [DUMMY RULE]
2025-06-17 11:15:52,567 - ConfigConverter - INFO - Mapped parameter: clipmode=None → [DUMMY RULE]
2025-06-17 11:15:52,567 - ConfigConverter - INFO - Mapped parameter: closed_captions.cc_extract_before=None → [DUMMY RULE]
2025-06-17 11:15:52,568 - ConfigConverter - INFO - Mapped parameter: closed_captions.direct_copy=None → [DUMMY RULE]
2025-06-17 11:15:52,568 - ConfigConverter - INFO - Mapped parameter: closed_captions.get_from_manifest=None → [DUMMY RULE]
2025-06-17 11:15:52,568 - ConfigConverter - INFO - Mapped parameter: closed_captions.ignore_cc_absence=None → [DUMMY RULE]
2025-06-17 11:15:52,568 - ConfigConverter - INFO - Mapped parameter: closed_captions.role=None → [DUMMY RULE]
2025-06-17 11:15:52,568 - ConfigConverter - INFO - Mapped parameter: closed_captions.vtt_split_segments=None → [DUMMY RULE]
2025-06-17 11:15:52,568 - ConfigConverter - INFO - Mapped parameter: drm=None → [DUMMY RULE]
2025-06-17 11:15:52,568 - ConfigConverter - INFO - Mapped parameter: encoder=None → [DUMMY RULE]
2025-06-17 11:15:52,568 - ConfigConverter - INFO - Mapped parameter: encryption=None → [DUMMY RULE]
2025-06-17 11:15:52,568 - ConfigConverter - INFO - Mapped parameter: hint=None → [DUMMY RULE]
2025-06-17 11:15:52,568 - ConfigConverter - INFO - Mapped parameter: pix_format=None → [DUMMY RULE]
2025-06-17 11:15:52,568 - ConfigConverter - INFO - Mapped parameter: set_video_duration=None → [DUMMY RULE]
2025-06-17 11:15:52,568 - ConfigConverter - INFO - Mapped parameter: strip_chapters=None → [DUMMY RULE]
2025-06-17 11:15:52,568 - ConfigConverter - INFO - Mapped parameter: video_codec_parameters.cmp=None → [DUMMY RULE]
2025-06-17 11:15:52,568 - ConfigConverter - INFO - Mapped parameter: video_codec_parameters.code=None → [DUMMY RULE]
2025-06-17 11:15:52,568 - ConfigConverter - INFO - Mapped parameter: video_codec_parameters.flags=None → [DUMMY RULE]
2025-06-17 11:15:52,568 - ConfigConverter - INFO - Mapped parameter: video_codec_parameters.flags2=None → [DUMMY RULE]
2025-06-17 11:15:52,568 - ConfigConverter - INFO - Mapped parameter: video_codec_parameters.i_qfactor=None → [DUMMY RULE]
2025-06-17 11:15:52,568 - ConfigConverter - INFO - Mapped parameter: video_codec_parameters.mbtree=None → [DUMMY RULE]
2025-06-17 11:15:52,568 - ConfigConverter - INFO - Mapped parameter: video_codec_parameters.me_method=None → [DUMMY RULE]
2025-06-17 11:15:52,568 - ConfigConverter - INFO - Mapped parameter: video_codec_parameters.me_range=None → [DUMMY RULE]
2025-06-17 11:15:52,568 - ConfigConverter - INFO - Mapped parameter: video_codec_parameters.qcomp=None → [DUMMY RULE]
2025-06-17 11:15:52,568 - ConfigConverter - INFO - Mapped parameter: video_codec_parameters.qdiff=None → [DUMMY RULE]
2025-06-17 11:15:52,568 - ConfigConverter - INFO - Mapped parameter: video_codec_parameters.subq=None → [DUMMY RULE]
2025-06-17 11:15:52,568 - ConfigConverter - INFO - Mapped parameter: video_codec_parameters.trellis=None → [DUMMY RULE]
2025-06-17 11:15:52,568 - ConfigConverter - INFO - Mapped parameter: video_codec_parameters.qmax=None → [DUMMY RULE]
2025-06-17 11:15:52,568 - ConfigConverter - INFO - Mapped parameter: video_codec_parameters.qmin=None → [DUMMY RULE]
2025-06-17 11:15:52,568 - ConfigConverter - INFO - Mapped parameter: closed_captions.forced=None → [DUMMY RULE]
2025-06-17 11:15:52,568 - ConfigConverter - INFO - Mapped parameter: file_extension=None → [DUMMY RULE]
2025-06-17 11:15:52,568 - ConfigConverter - INFO - Mapped parameter: rotate=None → [DUMMY RULE]
2025-06-17 11:15:52,568 - ConfigConverter - INFO - Mapped parameter: main_source.type=None → [DUMMY RULE]
2025-06-17 11:15:52,568 - ConfigConverter - INFO - Mapped parameter: playlist_version=None → [DUMMY RULE]
2025-06-17 11:15:52,568 - ConfigConverter - INFO - Mapped parameter: video_only=None → [DUMMY RULE]
2025-06-17 11:15:52,568 - ConfigConverter - INFO - Mapped parameter: audio_only=None → [DUMMY RULE]
2025-06-17 11:15:52,568 - ConfigConverter - INFO - Mapped parameter: closed_captions.cea_data_field=None → [DUMMY RULE]
2025-06-17 11:15:52,568 - ConfigConverter - INFO - Mapped parameter: loudnorm_range=None → [DUMMY RULE]
2025-06-17 11:15:52,568 - ConfigConverter - INFO - Mapped parameter: pack_files=None → [DUMMY RULE]
2025-06-17 11:15:52,568 - ConfigConverter - INFO - Mapped parameter: pack_type=None → [DUMMY RULE]
2025-06-17 11:15:52,568 - ConfigConverter - INFO - Mapped parameter: pack_each_stream=None → [DUMMY RULE]
2025-06-17 11:15:52,568 - ConfigConverter - INFO - Mapped parameter: cmaf_conformant=None → [DUMMY RULE]
2025-06-17 11:15:52,569 - ConfigConverter - INFO - Mapped parameter: manifest.basename=None → [DUMMY RULE]
2025-06-17 11:15:52,569 - ConfigConverter - INFO - Mapped parameter: use_manifest=None → [DUMMY RULE]
2025-06-17 11:15:52,569 - ConfigConverter - INFO - Mapped parameter: use_main_source=None → [DUMMY RULE]
2025-06-17 11:15:52,569 - ConfigConverter - INFO - Mapped parameter: use_alternate_source=None → [DUMMY RULE]
2025-06-17 11:15:52,569 - ConfigConverter - INFO - Mapped parameter: AdditionalCfDestination=None → [DUMMY RULE]
2025-06-17 11:15:52,569 - ConfigConverter - INFO - Mapped parameter: framerate_upper_threshold=None → [DUMMY RULE]
2025-06-17 11:15:52,569 - ConfigConverter - INFO - Mapped parameter: segmenter=None → [DUMMY RULE]
2025-06-17 11:15:52,569 - ConfigConverter - INFO - Mapped parameter: copy_nielsen_metadata=None → [DUMMY RULE]
2025-06-17 11:15:52,569 - ConfigConverter - INFO - Mapped parameter: metadata.copy=None → [DUMMY RULE]
2025-06-17 11:15:52,569 - ConfigConverter - INFO - Mapped parameter: refs=None → [DUMMY RULE]
2025-06-17 11:15:52,569 - ConfigConverter - INFO - Mapped parameter: reduce_structural_overhead=None → [DUMMY RULE]
2025-06-17 11:15:52,569 - ConfigConverter - INFO - Mapped parameter: video_codec_parameters.nal-hrd=None → [DUMMY RULE]
2025-06-17 11:15:52,569 - ConfigConverter - INFO - Mapped parameter: nal-hrd=None → [DUMMY RULE]
2025-06-17 11:15:52,784 - ConfigConverter - INFO - Mapped parameter: timescale=None → [DUMMY RULE]
2025-06-17 11:15:52,784 - ConfigConverter - INFO - Mapped parameter: video_codec_parameters.transfer_characteristics=None → [DUMMY RULE]
2025-06-17 11:15:52,784 - ConfigConverter - INFO - Mapped parameter: metadata_copy=None → [DUMMY RULE]
2025-06-17 11:15:52,784 - ConfigConverter - INFO - Mapped parameter: video_codec_parameters.partitions=None → [DUMMY RULE]
2025-06-17 11:15:52,784 - ConfigConverter - INFO - Skipping already processed parameter: output=mpegts
2025-06-17 11:15:52,784 - ConfigConverter - INFO - Found 1 rules for parameter: video_codec=mpeg2video
2025-06-17 11:15:52,784 - ConfigConverter - INFO - Processing rule for video_codec, value: mpeg2video
2025-06-17 11:15:52,784 - ConfigConverter - INFO - Applying transformation video_codec_format to mpeg2video
2025-06-17 11:15:52,784 - ConfigConverter - INFO - Transformed mpeg2video using video_codec_format to MPEG2
2025-06-17 11:15:52,784 - ConfigConverter - INFO - Mapped parameter: video_codec=mpeg2video → Settings.OutputGroups[0].Outputs[0].VideoDescription.CodecSettings.Codec=MPEG2
2025-06-17 11:15:52,784 - ConfigConverter - INFO - Found 2 rules for parameter: size=1920x1080
2025-06-17 11:15:52,784 - ConfigConverter - INFO - Processing rule for size, value: 1920x1080
2025-06-17 11:15:52,784 - ConfigConverter - INFO - Regex transformed 1920x1080 to 1920 using pattern (\d+)x([1-9]\d*)
2025-06-17 11:15:52,784 - ConfigConverter - INFO - Mapped parameter: size=1920x1080 → Settings.OutputGroups[0].Outputs[0].VideoDescription.Width=1920
2025-06-17 11:15:52,784 - ConfigConverter - INFO - Regex transformed 1920x1080 to 1080 using pattern (\d+)x([1-9]\d*)
2025-06-17 11:15:52,784 - ConfigConverter - INFO - Mapped parameter: size=1920x1080 → Settings.OutputGroups[0].Outputs[0].VideoDescription.Height=1080
2025-06-17 11:15:52,784 - ConfigConverter - INFO - Processing rule for size, value: 1920x1080
2025-06-17 11:15:52,784 - ConfigConverter - INFO - Regex pattern (\d+)x0 did not match 1920x1080 for size
2025-06-17 11:15:52,785 - ConfigConverter - INFO - Regex pattern (\d+)x0 did not match 1920x1080 for size
2025-06-17 11:15:52,785 - ConfigConverter - INFO - Found 6 rules for parameter: framerate=30
2025-06-17 11:15:52,785 - ConfigConverter - INFO - Processing rule for framerate, value: 30
2025-06-17 11:15:52,785 - ConfigConverter - INFO - Condition evaluation: eq 30 24000/1001 = False
2025-06-17 11:15:52,785 - ConfigConverter - INFO - Source condition evaluation for framerate: False
2025-06-17 11:15:52,785 - ConfigConverter - INFO - Skipping rule for framerate=30 due to source condition not matching
2025-06-17 11:15:52,785 - ConfigConverter - INFO - Processing rule for framerate, value: 30
2025-06-17 11:15:52,785 - ConfigConverter - INFO - Condition evaluation: eq 30 29.97 = False
2025-06-17 11:15:52,785 - ConfigConverter - INFO - Source condition evaluation for framerate: False
2025-06-17 11:15:52,785 - ConfigConverter - INFO - Skipping rule for framerate=30 due to source condition not matching
2025-06-17 11:15:52,785 - ConfigConverter - INFO - Processing rule for framerate, value: 30
2025-06-17 11:15:52,785 - ConfigConverter - INFO - Condition evaluation: eq 30 59.94 = False
2025-06-17 11:15:52,785 - ConfigConverter - INFO - Source condition evaluation for framerate: False
2025-06-17 11:15:52,785 - ConfigConverter - INFO - Skipping rule for framerate=30 due to source condition not matching
2025-06-17 11:15:52,785 - ConfigConverter - INFO - Processing rule for framerate, value: 30
2025-06-17 11:15:52,785 - ConfigConverter - INFO - Condition evaluation: eq 30 25 = False
2025-06-17 11:15:52,785 - ConfigConverter - INFO - Source condition evaluation for framerate: False
2025-06-17 11:15:52,785 - ConfigConverter - INFO - Skipping rule for framerate=30 due to source condition not matching
2025-06-17 11:15:52,785 - ConfigConverter - INFO - Processing rule for framerate, value: 30
2025-06-17 11:15:52,785 - ConfigConverter - INFO - Condition evaluation: eq 30 30 = True
2025-06-17 11:15:52,785 - ConfigConverter - INFO - Source condition evaluation for framerate: True
2025-06-17 11:15:52,785 - ConfigConverter - INFO - Using static value: SPECIFIED
2025-06-17 11:15:52,785 - ConfigConverter - INFO - Mapped parameter: framerate=30 → Settings.OutputGroups[0].Outputs[0].VideoDescription.CodecSettings.H264Settings.FramerateControl=SPECIFIED
2025-06-17 11:15:52,785 - ConfigConverter - INFO - Using static value: 30
2025-06-17 11:15:52,785 - ConfigConverter - INFO - Mapped parameter: framerate=30 → Settings.OutputGroups[0].Outputs[0].VideoDescription.CodecSettings.H264Settings.FramerateNumerator=30
2025-06-17 11:15:52,785 - ConfigConverter - INFO - Using static value: 1
2025-06-17 11:15:52,785 - ConfigConverter - INFO - Mapped parameter: framerate=30 → Settings.OutputGroups[0].Outputs[0].VideoDescription.CodecSettings.H264Settings.FramerateDenominator=1
2025-06-17 11:15:52,785 - ConfigConverter - INFO - Processing rule for framerate, value: 30
2025-06-17 11:15:52,785 - ConfigConverter - INFO - Condition evaluation: eq 30  = False
2025-06-17 11:15:52,785 - ConfigConverter - INFO - Source condition evaluation for framerate: False
2025-06-17 11:15:52,785 - ConfigConverter - INFO - Skipping rule for framerate=30 due to source condition not matching
2025-06-17 11:15:52,785 - ConfigConverter - INFO - Skipping already processed parameter: bitrate=50000k
2025-06-17 11:15:52,785 - ConfigConverter - INFO - Found 2 rules for parameter: profile=main
2025-06-17 11:15:52,785 - ConfigConverter - INFO - Processing rule for profile, value: main
2025-06-17 11:15:52,785 - ConfigConverter - INFO - Condition using source_path video_codec, value: mpeg2video
2025-06-17 11:15:52,785 - ConfigConverter - INFO - Condition evaluation: in mpeg2video ['mpeg4', 'libx264'] = False
2025-06-17 11:15:52,785 - ConfigConverter - INFO - Source condition evaluation for profile: False
2025-06-17 11:15:52,785 - ConfigConverter - INFO - Skipping rule for profile=main due to source condition not matching
2025-06-17 11:15:52,785 - ConfigConverter - INFO - Processing rule for profile, value: main
2025-06-17 11:15:52,785 - ConfigConverter - INFO - Evaluating AND condition with 2 subconditions
2025-06-17 11:15:52,785 - ConfigConverter - INFO - Condition using source_path video_codec, value: mpeg2video
2025-06-17 11:15:52,785 - ConfigConverter - INFO - Condition evaluation: in mpeg2video ['mpeg4', 'libx264'] = False
2025-06-17 11:15:52,786 - ConfigConverter - INFO - AND condition result: False
2025-06-17 11:15:52,786 - ConfigConverter - INFO - Source condition evaluation for profile: False
2025-06-17 11:15:52,786 - ConfigConverter - INFO - Skipping rule for profile=main due to source condition not matching
2025-06-17 11:15:52,786 - ConfigConverter - INFO - Found 1 rules for parameter: force_interlaced=tff
2025-06-17 11:15:52,786 - ConfigConverter - INFO - Processing rule for force_interlaced, value: tff
2025-06-17 11:15:52,786 - ConfigConverter - INFO - Applying transformation force_interlaced_format to tff
2025-06-17 11:15:52,786 - ConfigConverter - INFO - Transformed tff using force_interlaced_format to TOP_FIELD
2025-06-17 11:15:52,786 - ConfigConverter - INFO - Mapped parameter: force_interlaced=tff → Settings.OutputGroups[0].Outputs[0].VideoDescription.CodecSettings.H264Settings.InterlaceMode=TOP_FIELD
2025-06-17 11:15:52,786 - ConfigConverter - INFO - Skipping already processed parameter: audio_codec=mp2
2025-06-17 11:15:52,786 - ConfigConverter - INFO - Skipping already processed parameter: audio_bitrate=384k
2025-06-17 11:15:52,786 - ConfigConverter - INFO - Skipping already processed parameter: audio_sample_rate=48000
2025-06-17 11:15:52,786 - ConfigConverter - INFO - Found 3 rules for parameter: audio_channels_number=2
2025-06-17 11:15:52,786 - ConfigConverter - INFO - Processing rule for audio_channels_number, value: 2
2025-06-17 11:15:52,786 - ConfigConverter - INFO - Condition using source_path audio_codec, value: mp2
2025-06-17 11:15:52,786 - ConfigConverter - INFO - Condition evaluation: in mp2 ['dolby_aac', 'dolby_heaac', 'libfaac'] = False
2025-06-17 11:15:52,786 - ConfigConverter - INFO - Source condition evaluation for audio_channels_number: False
2025-06-17 11:15:52,786 - ConfigConverter - INFO - Skipping rule for audio_channels_number=2 due to source condition not matching
2025-06-17 11:15:52,786 - ConfigConverter - INFO - Processing rule for audio_channels_number, value: 2
2025-06-17 11:15:52,786 - ConfigConverter - INFO - Condition using source_path audio_codec, value: mp2
2025-06-17 11:15:52,786 - ConfigConverter - INFO - Condition evaluation: eq mp2 ac3 = False
2025-06-17 11:15:52,786 - ConfigConverter - INFO - Source condition evaluation for audio_channels_number: False
2025-06-17 11:15:52,786 - ConfigConverter - INFO - Skipping rule for audio_channels_number=2 due to source condition not matching
2025-06-17 11:15:52,786 - ConfigConverter - INFO - Processing rule for audio_channels_number, value: 2
2025-06-17 11:15:52,786 - ConfigConverter - INFO - Condition using source_path audio_codec, value: mp2
2025-06-17 11:15:52,786 - ConfigConverter - INFO - Condition evaluation: eq mp2 libvpx = False
2025-06-17 11:15:52,786 - ConfigConverter - INFO - Source condition evaluation for audio_channels_number: False
2025-06-17 11:15:52,786 - ConfigConverter - INFO - Skipping rule for audio_channels_number=2 due to source condition not matching
2025-06-17 11:15:52,786 - ConfigConverter - INFO - Found 1 rules for parameter: hard_cbr=yes
2025-06-17 11:15:52,786 - ConfigConverter - INFO - Processing rule for hard_cbr, value: yes
2025-06-17 11:15:52,786 - ConfigConverter - INFO - Applying transformation hard_cbr_format to yes
2025-06-17 11:15:52,786 - ConfigConverter - INFO - Transformed yes using hard_cbr_format to CBR
2025-06-17 11:15:52,786 - ConfigConverter - INFO - Mapped parameter: hard_cbr=yes → Settings.OutputGroups[0].Outputs[0].VideoDescription.CodecSettings.H264Settings.RateControlMode=CBR
2025-06-17 11:15:52,786 - ConfigConverter - INFO - Skipping already processed parameter: cbr=yes
2025-06-17 11:15:52,786 - ConfigConverter - INFO - Found 4 rules for parameter: destination=http://test_url.s3.amazonaws.com/encoding.com.output/mock_mock_output_rendition_name_11111_491.ts?acl=public-read
2025-06-17 11:15:52,786 - ConfigConverter - INFO - Processing rule for destination, value: http://test_url.s3.amazonaws.com/encoding.com.output/mock_mock_output_rendition_name_11111_491.ts?acl=public-read
2025-06-17 11:15:52,786 - ConfigConverter - INFO - Condition using source_path output, value: mpegts
2025-06-17 11:15:52,786 - ConfigConverter - INFO - Condition evaluation: eq mpegts mp4 = False
2025-06-17 11:15:52,786 - ConfigConverter - INFO - Source condition evaluation for destination: False
2025-06-17 11:15:52,786 - ConfigConverter - INFO - Skipping rule for destination=http://test_url.s3.amazonaws.com/encoding.com.output/mock_mock_output_rendition_name_11111_491.ts?acl=public-read due to source condition not matching
2025-06-17 11:15:52,786 - ConfigConverter - INFO - Processing rule for destination, value: http://test_url.s3.amazonaws.com/encoding.com.output/mock_mock_output_rendition_name_11111_491.ts?acl=public-read
2025-06-17 11:15:52,786 - ConfigConverter - INFO - Condition using source_path output, value: mpegts
2025-06-17 11:15:52,786 - ConfigConverter - INFO - Condition evaluation: eq mpegts advanced_hls = False
2025-06-17 11:15:52,786 - ConfigConverter - INFO - Source condition evaluation for destination: False
2025-06-17 11:15:52,787 - ConfigConverter - INFO - Skipping rule for destination=http://test_url.s3.amazonaws.com/encoding.com.output/mock_mock_output_rendition_name_11111_491.ts?acl=public-read due to source condition not matching
2025-06-17 11:15:52,787 - ConfigConverter - INFO - Processing rule for destination, value: http://test_url.s3.amazonaws.com/encoding.com.output/mock_mock_output_rendition_name_11111_491.ts?acl=public-read
2025-06-17 11:15:52,787 - ConfigConverter - INFO - Condition using source_path output, value: mpegts
2025-06-17 11:15:52,787 - ConfigConverter - INFO - Condition evaluation: in mpegts ['advanced_dash', 'mpeg_dash'] = False
2025-06-17 11:15:52,787 - ConfigConverter - INFO - Source condition evaluation for destination: False
2025-06-17 11:15:52,787 - ConfigConverter - INFO - Skipping rule for destination=http://test_url.s3.amazonaws.com/encoding.com.output/mock_mock_output_rendition_name_11111_491.ts?acl=public-read due to source condition not matching
2025-06-17 11:15:52,787 - ConfigConverter - INFO - Processing rule for destination, value: http://test_url.s3.amazonaws.com/encoding.com.output/mock_mock_output_rendition_name_11111_491.ts?acl=public-read
2025-06-17 11:15:52,787 - ConfigConverter - INFO - Condition using source_path output, value: mpegts
2025-06-17 11:15:52,787 - ConfigConverter - INFO - Condition evaluation: in mpegts ['fmp4_hls', 'advanced_fmp4'] = False
2025-06-17 11:15:52,787 - ConfigConverter - INFO - Source condition evaluation for destination: False
2025-06-17 11:15:52,787 - ConfigConverter - INFO - Skipping rule for destination=http://test_url.s3.amazonaws.com/encoding.com.output/mock_mock_output_rendition_name_11111_491.ts?acl=public-read due to source condition not matching
2025-06-17 11:15:52,787 - ConfigConverter - INFO - Conversion summary for /home/ec2-user/e2mc_assistant/encoding_profiles/mpegts/491.xml:
2025-06-17 11:15:52,787 - ConfigConverter - INFO -   - Total parameters: 69
2025-06-17 11:15:52,787 - ConfigConverter - INFO -   - Mapped parameters: 69 (100.0%)
2025-06-17 11:15:52,787 - ConfigConverter - INFO -   - Unmapped parameters: 0 (0.0%)
2025-06-17 11:15:52,787 - ConfigConverter - INFO - Added missing NameModifier: _1920x1080_mc
2025-06-17 11:15:52,787 - ConfigConverter - INFO - Successfully converted /home/ec2-user/e2mc_assistant/encoding_profiles/mpegts/491.xml to /home/ec2-user/e2mc_assistant/tranformed_mc_profiles/mpegts/491.json
2025-06-17 11:15:52,789 - ConfigConverter - INFO - Validating /home/ec2-user/e2mc_assistant/tranformed_mc_profiles/mpegts/491.json against schema /home/ec2-user/e2mc_assistant/utils/mc_config_validator/mc_setting_schema.json
2025-06-17 11:15:52,789 - ConfigConverter - INFO - Validation successful for /home/ec2-user/e2mc_assistant/tranformed_mc_profiles/mpegts/491.json
