
--- Job Execution Summary (2025-06-17 06:44:39) ---
Submitted 14 MediaConvert jobs
Job 1039: ERROR: An error occurred (BadRequestException) when calling the CreateJob operation: /outputGroups/0/outputs/0/videoDescription/codecSettings/h264Settings/minIInterval: Should be less than or equal to 30
Job 1040: ERROR: An error occurred (BadRequestException) when calling the CreateJob operation: /outputGroups/0/outputs/0/videoDescription/codecSettings/h264Settings/minIInterval: Should be less than or equal to 30
File ID: 1041:1750142599107-ncoic8, Status: COMPLETE
File ID: 199:1750142610437-hu5ula, Status: COMPLETE
File ID: 27:1750142621651-59uf1r, Status: COMPLETE
Job 491: ERROR: An error occurred (BadRequestException) when calling the CreateJob operation: /outputGroups/0/outputs/0/videoDescription/codecSettings/h264Settings: You set Rate control mode to CBR but the settings values for Bitrate and Max bitrate aren't compatible with CBR. When you use CBR, you must specify a value for Bitrate and you must not specify a value for Max bitrate. Adjust your job settings and then resubmit your job.
File ID: 684:1750142633071-af2dim, Status: COMPLETE
File ID: 691:1750142644355-7wrdvd, Status: COMPLETE
Job 778: ERROR: An error occurred (BadRequestException) when calling the CreateJob operation: /outputGroups/0/outputs/0/videoDescription/codecSettings/h264Settings/minIInterval: Should be less than or equal to 30
Job 779: ERROR: An error occurred (BadRequestException) when calling the CreateJob operation: /outputGroups/0/outputs/0/videoDescription/codecSettings/h264Settings/minIInterval: Should be less than or equal to 30
File ID: 828:1750142656202-o3fpzf, Status: COMPLETE
File ID: 829:1750142667449-kr808q, Status: COMPLETE
Job 946: ERROR: An error occurred (BadRequestException) when calling the CreateJob operation: /outputGroups/0/outputs/0/videoDescription/codecSettings/h264Settings/minIInterval: Should be less than or equal to 30
Job 947: ERROR: An error occurred (BadRequestException) when calling the CreateJob operation: /outputGroups/0/outputs/0/videoDescription/codecSettings/h264Settings/minIInterval: Should be less than or equal to 30
Success: 7, Errors: 7
--- End of Summary ---

--- Job Execution Summary (2025-06-17 07:03:07) ---
Submitted 7 MediaConvert jobs
Job 1039: ERROR: An error occurred (BadRequestException) when calling the CreateJob operation: /outputGroups/0/outputs/0/captionDescriptions/0/destinationSettings/burninDestinationSettings: You specified one or more custom font files in your output captions, but did not specify all required types: regular, bold, italic, and bold italic. To resolve: Specify each required custom font file type, or remove all custom font files. Then resubmit your job.
Job 1040: ERROR: An error occurred (BadRequestException) when calling the CreateJob operation: /outputGroups/0/outputs/0/captionDescriptions/0/destinationSettings/burninDestinationSettings: You specified one or more custom font files in your output captions, but did not specify all required types: regular, bold, italic, and bold italic. To resolve: Specify each required custom font file type, or remove all custom font files. Then resubmit your job.
File ID: 491:1750143680703-8t27lr, Status: COMPLETE
File ID: 778:1750143691901-ug3y90, Status: COMPLETE
File ID: 779:1750143723510-paq28a, Status: COMPLETE
File ID: 946:1750143744914-59uwfx, Status: COMPLETE
File ID: 947:1750143776528-am3hkz, Status: COMPLETE
Success: 5, Errors: 2
--- End of Summary ---

--- Job Execution Summary (2025-06-17 11:19:19) ---
Submitted 4 MediaConvert jobs
File ID: 1041:1750159147611-1m2fmy, Status: COMPLETE
Job 491: ERROR: An error occurred (BadRequestException) when calling the CreateJob operation: /outputGroups/0/outputs/0/videoDescription/codecSettings/h264Settings: You set Rate control mode to CBR but the settings values for Bitrate and Max bitrate aren't compatible with CBR. When you use CBR, you must specify a value for Bitrate and you must not specify a value for Max bitrate. Adjust your job settings and then resubmit your job.
Job 779: ERROR: An error occurred (BadRequestException) when calling the CreateJob operation: /outputGroups/0/outputs/0/videoDescription/codecSettings/h264Settings/minIInterval: Should be less than or equal to 30
Job 947: ERROR: An error occurred (BadRequestException) when calling the CreateJob operation: /outputGroups/0/outputs/0/videoDescription/codecSettings/h264Settings/minIInterval: Should be less than or equal to 30
Success: 1, Errors: 3
--- End of Summary ---

--- Job Execution Summary (2025-06-17 11:22:14) ---
Submitted 1 MediaConvert jobs
File ID: 779:1750159313089-da0gcc, Status: COMPLETE
Success: 1, Errors: 0
--- End of Summary ---

--- Job Execution Summary (2025-06-17 11:27:30) ---
Submitted 1 MediaConvert jobs
File ID: 947:1750159639068-coiyyo, Status: COMPLETE
Success: 1, Errors: 0
--- End of Summary ---
