Error submitting MediaConvert job for 438
Timestamp: 2025-06-17T05:54:03.132420

Error message: An error occurred (BadRequestException) when calling the CreateJob operation: /outputGroups/0/outputs/0/videoDescription/width: Should be less than or equal to 832

Job settings:
{
  "Settings": {
    "Inputs": [
      {
        "TimecodeSource": "ZEROBASED",
        "VideoSelector": {},
        "AudioSelectors": {
          "Audio Selector 1": {
            "DefaultSelection": "DEFAULT"
          }
        },
        "FileInput": "s3://fw-mc-test/mov/438/438_880664274_source.mp4"
      }
    ],
    "OutputGroups": [
      {
        "Name": "File Group",
        "OutputGroupSettings": {
          "Type": "FILE_GROUP_SETTINGS",
          "FileGroupSettings": {
            "Destination": "s3://fw-mc-test/mov/438/"
          }
        },
        "Outputs": [
          {
            "ContainerSettings": {
              "Container": "MP4",
              "Mp4Settings": {}
            },
            "VideoDescription": {
              "CodecSettings": {
                "H264Settings": {
                  "RateControlMode": "VBR",
                  "Bitrate": 16800000,
                  "MaxBitrate": 16800000,
                  "FramerateControl": "SPECIFIED",
                  "FramerateNumerator": 25,
                  "FramerateDenominator": 1,
                  "CodecProfile": "MAIN",
                  "CodecLevel": "LEVEL_3_1",
                  "NumberReferenceFrames": 4
                },
                "Codec": "H_264"
              },
              "Width": 1920,
              "Height": 1080,
              "VideoPreprocessors": {
                "Deinterlacer": {}
              }
            },
            "AudioDescriptions": [
              {
                "CodecSettings": {
                  "Codec": "AAC",
                  "AacSettings": {
                    "Bitrate": 128000,
                    "SampleRate": 48000,
                    "CodingMode": "CODING_MODE_2_0"
                  }
                },
                "AudioNormalizationSettings": {
                  "Algorithm": "ITU_BS_1770_2",
                  "TargetLkfs": -24.0
                }
              }
            ],
            "NameModifier": "_1920x1080_20000000_mc"
          }
        ]
      }
    ],
    "TimecodeConfig": {
      "Source": "ZEROBASED"
    },
    "FollowSource": 1
  },
  "Role": "arn:aws:iam::935206693453:role/MediaConvertRole"
}