
--- Job Execution Summary (2025-06-17 05:51:26) ---
Submitted 2 MediaConvert jobs
Job 438: ERROR: An error occurred (BadRequestException) when calling the CreateJob operation: /outputGroups/0/outputs/0/videoDescription/codecSettings/h264Settings/maxBitrate: Should be less than or equal to 16800000
File ID: 560:1750139474911-yp689i, Status: COMPLETE
Success: 1, Errors: 1
--- End of Summary ---

--- Job Execution Summary (2025-06-17 05:52:57) ---
Submitted 1 MediaConvert jobs
Job 438: ERROR: An error occurred (BadRequestException) when calling the CreateJob operation: /outputGroups/0/outputs/0/videoDescription/codecSettings/h264Settings/bitrate: Should be less than or equal to 16800000
Success: 0, Errors: 1
--- End of Summary ---

--- Job Execution Summary (2025-06-17 05:53:47) ---
Submitted 1 MediaConvert jobs
Job 438: ERROR: An error occurred (BadRequestException) when calling the CreateJob operation: /outputGroups/0/outputs/0/videoDescription/codecSettings/h264Settings/maxBitrate: Should be less than or equal to 16800000
Success: 0, Errors: 1
--- End of Summary ---

--- Job Execution Summary (2025-06-17 05:54:03) ---
Submitted 1 MediaConvert jobs
Job 438: ERROR: An error occurred (BadRequestException) when calling the CreateJob operation: /outputGroups/0/outputs/0/videoDescription/width: Should be less than or equal to 832
Success: 0, Errors: 1
--- End of Summary ---

--- Job Execution Summary (2025-06-17 05:55:07) ---
Submitted 1 MediaConvert jobs
File ID: 438:1750139676574-tilrx7, Status: COMPLETE
Success: 1, Errors: 0
--- End of Summary ---

--- Job Execution Summary (2025-06-17 05:56:17) ---
Submitted 1 MediaConvert jobs
File ID: 438:1750139746326-igpdmo, Status: COMPLETE
Success: 1, Errors: 0
--- End of Summary ---

--- Job Execution Summary (2025-06-17 06:24:26) ---
Submitted 2 MediaConvert jobs
File ID: 438:1750141423415-smhxjf, Status: COMPLETE
File ID: 560:1750141454990-z0yi18, Status: COMPLETE
Success: 2, Errors: 0
--- End of Summary ---
