Error submitting MediaConvert job for 607
Timestamp: 2025-06-25T06:53:35.732481

Error message: An error occurred (BadRequestException) when calling the CreateJob operation: /outputGroups/0/outputGroupSettings/dashIsoGroupSettings: fragmentLength is a required property

Job settings:
{
  "Settings": {
    "Inputs": [
      {
        "TimecodeSource": "ZEROBASED",
        "VideoSelector": {},
        "AudioSelectors": {
          "Audio Selector 1": {
            "DefaultSelection": "DEFAULT"
          }
        },
        "FileInput": "s3://fw-mc-test/mpeg_dash/607/607_880534916_source.mp4"
      }
    ],
    "OutputGroups": [
      {
        "Name": "e2mc test",
        "OutputGroupSettings": {
          "Type": "DASH_ISO_GROUP_SETTINGS",
          "DashIsoGroupSettings": {
            "SegmentLength": 6,
            "Destination": "s3://fw-mc-test/mpeg_dash/607/"
          }
        },
        "Outputs": [
          {
            "ContainerSettings": {
              "Container": "MPD",
              "MpdSettings": {}
            },
            "VideoDescription": {
              "CodecSettings": {
                "Codec": "H_264",
                "H264Settings": {
                  "RateControlMode": "VBR",
                  "Bitrate": 56000,
                  "MaxBitrate": 140000,
                  "QualityTuningLevel": "SINGLE_PASS_HQ",
                  "FramerateControl": "SPECIFIED",
                  "FramerateNumerator": 24000,
                  "FramerateDenominator": 1001,
                  "CodecProfile": "MAIN"
                }
              },
              "VideoPreprocessors": {
                "Deinterlacer": {}
              },
              "ScalingBehavior": "DEFAULT",
              "Width": 1280
            },
            "AudioDescriptions": [
              {
                "CodecSettings": {
                  "Codec": "AAC",
                  "AacSettings": {
                    "Bitrate": 128000,
                    "SampleRate": 44100,
                    "CodingMode": "CODING_MODE_2_0"
                  }
                }
              }
            ],
            "NameModifier": "_1280x0_56K_audio_128K_aac_stereo"
          },
          {
            "ContainerSettings": {
              "Container": "MPD",
              "MpdSettings": {}
            },
            "VideoDescription": {
              "CodecSettings": {
                "Codec": "H_264",
                "H264Settings": {
                  "RateControlMode": "VBR",
                  "Bitrate": 170000,
                  "MaxBitrate": 425000,
                  "QualityTuningLevel": "SINGLE_PASS_HQ",
                  "FramerateControl": "SPECIFIED",
                  "FramerateNumerator": 24000,
                  "FramerateDenominator": 1001,
                  "CodecProfile": "MAIN"
                }
              },
              "VideoPreprocessors": {
                "Deinterlacer": {}
              },
              "ScalingBehavior": "DEFAULT",
              "Width": 1280
            },
            "AudioDescriptions": [
              {
                "CodecSettings": {
                  "Codec": "AAC",
                  "AacSettings": {
                    "Bitrate": 128000,
                    "SampleRate": 44100,
                    "CodingMode": "CODING_MODE_2_0"
                  }
                }
              }
            ],
            "NameModifier": "_1280x0_170K_audio_128K_aac_stereo"
          },
          {
            "ContainerSettings": {
              "Container": "MPD",
              "MpdSettings": {}
            },
            "VideoDescription": {
              "CodecSettings": {
                "Codec": "H_264",
                "H264Settings": {
                  "RateControlMode": "VBR",
                  "Bitrate": 340000,
                  "MaxBitrate": 850000,
                  "QualityTuningLevel": "SINGLE_PASS_HQ",
                  "FramerateControl": "SPECIFIED",
                  "FramerateNumerator": 24000,
                  "FramerateDenominator": 1001,
                  "CodecProfile": "MAIN"
                }
              },
              "VideoPreprocessors": {
                "Deinterlacer": {}
              },
              "ScalingBehavior": "DEFAULT",
              "Width": 1280
            },
            "AudioDescriptions": [
              {
                "CodecSettings": {
                  "Codec": "AAC",
                  "AacSettings": {
                    "Bitrate": 128000,
                    "SampleRate": 44100,
                    "CodingMode": "CODING_MODE_2_0"
                  }
                }
              }
            ],
            "NameModifier": "_1280x0_340K_audio_128K_aac_stereo"
          },
          {
            "ContainerSettings": {
              "Container": "MPD",
              "MpdSettings": {}
            },
            "VideoDescription": {
              "CodecSettings": {
                "Codec": "H_264",
                "H264Settings": {
                  "RateControlMode": "VBR",
                  "Bitrate": 420000,
                  "MaxBitrate": 1050000,
                  "QualityTuningLevel": "SINGLE_PASS_HQ",
                  "FramerateControl": "SPECIFIED",
                  "FramerateNumerator": 24000,
                  "FramerateDenominator": 1001,
                  "CodecProfile": "MAIN"
                }
              },
              "VideoPreprocessors": {
                "Deinterlacer": {}
              },
              "ScalingBehavior": "DEFAULT",
              "Width": 1280
            },
            "AudioDescriptions": [
              {
                "CodecSettings": {
                  "Codec": "AAC",
                  "AacSettings": {
                    "Bitrate": 128000,
                    "SampleRate": 44100,
                    "CodingMode": "CODING_MODE_2_0"
                  }
                }
              }
            ],
            "NameModifier": "_1280x0_420K_audio_128K_aac_stereo"
          },
          {
            "ContainerSettings": {
              "Container": "MPD",
              "MpdSettings": {}
            },
            "VideoDescription": {
              "CodecSettings": {
                "Codec": "H_264",
                "H264Settings": {
                  "RateControlMode": "VBR",
                  "Bitrate": 680000,
                  "MaxBitrate": 1700000,
                  "QualityTuningLevel": "SINGLE_PASS_HQ",
                  "FramerateControl": "SPECIFIED",
                  "FramerateNumerator": 24000,
                  "FramerateDenominator": 1001,
                  "CodecProfile": "MAIN"
                }
              },
              "VideoPreprocessors": {
                "Deinterlacer": {}
              },
              "ScalingBehavior": "DEFAULT",
              "Width": 1280
            },
            "AudioDescriptions": [
              {
                "CodecSettings": {
                  "Codec": "AAC",
                  "AacSettings": {
                    "Bitrate": 128000,
                    "SampleRate": 44100,
                    "CodingMode": "CODING_MODE_2_0"
                  }
                }
              }
            ],
            "NameModifier": "_1280x0_680K_audio_128K_aac_stereo"
          },
          {
            "ContainerSettings": {
              "Container": "MPD",
              "MpdSettings": {}
            },
            "VideoDescription": {
              "CodecSettings": {
                "Codec": "H_264",
                "H264Settings": {
                  "RateControlMode": "VBR",
                  "Bitrate": 1000000,
                  "MaxBitrate": 2500000,
                  "QualityTuningLevel": "SINGLE_PASS_HQ",
                  "FramerateControl": "SPECIFIED",
                  "FramerateNumerator": 24000,
                  "FramerateDenominator": 1001,
                  "CodecProfile": "MAIN"
                }
              },
              "VideoPreprocessors": {
                "Deinterlacer": {}
              },
              "ScalingBehavior": "DEFAULT",
              "Width": 1280
            },
            "AudioDescriptions": [
              {
                "CodecSettings": {
                  "Codec": "AAC",
                  "AacSettings": {
                    "Bitrate": 128000,
                    "SampleRate": 44100,
                    "CodingMode": "CODING_MODE_2_0"
                  }
                }
              }
            ],
            "NameModifier": "_1280x0_1000K_audio_128K_aac_stereo"
          },
          {
            "ContainerSettings": {
              "Container": "MPD",
              "MpdSettings": {}
            },
            "VideoDescription": {
              "CodecSettings": {
                "Codec": "H_264",
                "H264Settings": {
                  "RateControlMode": "VBR",
                  "Bitrate": 2000000,
                  "MaxBitrate": 5000000,
                  "QualityTuningLevel": "SINGLE_PASS_HQ",
                  "FramerateControl": "SPECIFIED",
                  "FramerateNumerator": 24000,
                  "FramerateDenominator": 1001,
                  "CodecProfile": "MAIN"
                }
              },
              "VideoPreprocessors": {
                "Deinterlacer": {}
              },
              "ScalingBehavior": "DEFAULT",
              "Width": 1280
            },
            "AudioDescriptions": [
              {
                "CodecSettings": {
                  "Codec": "AAC",
                  "AacSettings": {
                    "Bitrate": 128000,
                    "SampleRate": 44100,
                    "CodingMode": "CODING_MODE_2_0"
                  }
                }
              }
            ],
            "NameModifier": "_1280x0_2000K_audio_128K_aac_stereo"
          },
          {
            "ContainerSettings": {
              "Container": "MPD",
              "MpdSettings": {}
            },
            "VideoDescription": {
              "CodecSettings": {
                "Codec": "H_264",
                "H264Settings": {
                  "RateControlMode": "VBR",
                  "Bitrate": 2700000,
                  "MaxBitrate": 6750000,
                  "QualityTuningLevel": "SINGLE_PASS_HQ",
                  "FramerateControl": "SPECIFIED",
                  "FramerateNumerator": 24000,
                  "FramerateDenominator": 1001,
                  "CodecProfile": "MAIN"
                }
              },
              "VideoPreprocessors": {
                "Deinterlacer": {}
              },
              "ScalingBehavior": "DEFAULT",
              "Width": 1280
            },
            "AudioDescriptions": [
              {
                "CodecSettings": {
                  "Codec": "AAC",
                  "AacSettings": {
                    "Bitrate": 128000,
                    "SampleRate": 44100,
                    "CodingMode": "CODING_MODE_2_0"
                  }
                }
              }
            ],
            "NameModifier": "_1280x0_2700K_audio_128K_aac_stereo"
          },
          {
            "ContainerSettings": {
              "Container": "MPD",
              "MpdSettings": {}
            },
            "VideoDescription": {
              "CodecSettings": {
                "Codec": "H_264",
                "H264Settings": {
                  "RateControlMode": "VBR",
                  "Bitrate": 3600000,
                  "MaxBitrate": 9000000,
                  "QualityTuningLevel": "SINGLE_PASS_HQ",
                  "FramerateControl": "SPECIFIED",
                  "FramerateNumerator": 24000,
                  "FramerateDenominator": 1001,
                  "CodecProfile": "MAIN"
                }
              },
              "VideoPreprocessors": {
                "Deinterlacer": {}
              },
              "ScalingBehavior": "DEFAULT",
              "Width": 1280
            },
            "AudioDescriptions": [
              {
                "CodecSettings": {
                  "Codec": "AAC",
                  "AacSettings": {
                    "Bitrate": 128000,
                    "SampleRate": 44100,
                    "CodingMode": "CODING_MODE_2_0"
                  }
                }
              }
            ],
            "NameModifier": "_1280x0_3600K_audio_128K_aac_stereo"
          },
          {
            "ContainerSettings": {
              "Container": "MPD",
              "MpdSettings": {}
            },
            "VideoDescription": {
              "CodecSettings": {
                "Codec": "H_264",
                "H264Settings": {
                  "RateControlMode": "VBR",
                  "Bitrate": 4400000,
                  "MaxBitrate": 11000000,
                  "QualityTuningLevel": "SINGLE_PASS_HQ",
                  "FramerateControl": "SPECIFIED",
                  "FramerateNumerator": 24000,
                  "FramerateDenominator": 1001,
                  "CodecProfile": "MAIN"
                }
              },
              "VideoPreprocessors": {
                "Deinterlacer": {}
              },
              "ScalingBehavior": "DEFAULT",
              "Width": 1280
            },
            "AudioDescriptions": [
              {
                "CodecSettings": {
                  "Codec": "AAC",
                  "AacSettings": {
                    "Bitrate": 128000,
                    "SampleRate": 44100,
                    "CodingMode": "CODING_MODE_2_0"
                  }
                }
              }
            ],
            "NameModifier": "_1280x0_4400K_audio_128K_aac_stereo"
          }
        ]
      }
    ],
    "TimecodeConfig": {
      "Source": "ZEROBASED"
    },
    "FollowSource": 1
  },
  "AccelerationSettings": {
    "Mode": "PREFERRED"
  },
  "Role": "arn:aws:iam::935206693453:role/MediaConvertRole"
}