Error submitting MediaConvert job for 830
Timestamp: 2025-06-25T04:01:10.570745

Error message: An error occurred (BadRequestException) when calling the CreateJob operation: /outputGroups/0/outputs/10/videoDescription/width: Should be less than or equal to 720

Job settings:
{
  "Settings": {
    "Inputs": [
      {
        "TimecodeSource": "ZEROBASED",
        "VideoSelector": {},
        "AudioSelectors": {
          "Audio Selector 1": {
            "DefaultSelection": "DEFAULT"
          }
        },
        "FileInput": "s3://fw-mc-test/ipad_stream/830/830_828151383_source.mp4"
      }
    ],
    "OutputGroups": [
      {
        "Name": "e2mc test",
        "OutputGroupSettings": {
          "Type": "HLS_GROUP_SETTINGS",
          "HlsGroupSettings": {
            "SegmentLength": 4,
            "MinSegmentLength": 0,
            "Destination": "s3://fw-mc-test/ipad_stream/830/"
          }
        },
        "Outputs": [
          {
            "ContainerSettings": {
              "Container": "M3U8",
              "M3u8Settings": {}
            },
            "VideoDescription": {
              "CodecSettings": {
                "Codec": "H_264",
                "H264Settings": {
                  "RateControlMode": "VBR",
                  "Bitrate": 128000,
                  "MaxBitrate": 320000,
                  "GopSize": 50,
                  "GopSizeUnits": "FRAMES",
                  "FramerateControl": "SPECIFIED",
                  "FramerateNumerator": 25,
                  "FramerateDenominator": 1,
                  "CodecProfile": "MAIN",
                  "CodecLevel": "LEVEL_3",
                  "ParControl": "SPECIFIED",
                  "ParNumerator": 1,
                  "ParDenominator": 1,
                  "QualityTuningLevel": "MULTI_PASS_HQ"
                }
              },
              "Width": 320,
              "Height": 180,
              "ScalingBehavior": "DEFAULT",
              "VideoPreprocessors": {
                "Deinterlacer": {}
              }
            },
            "AudioDescriptions": [
              {
                "CodecSettings": {
                  "Codec": "AAC",
                  "AacSettings": {
                    "Bitrate": 96000,
                    "SampleRate": 48000,
                    "CodingMode": "CODING_MODE_2_0"
                  }
                }
              }
            ],
            "NameModifier": "_320x180_128K_audio_96K_aac_stereo"
          },
          {
            "ContainerSettings": {
              "Container": "M3U8",
              "M3u8Settings": {}
            },
            "VideoDescription": {
              "CodecSettings": {
                "Codec": "H_264",
                "H264Settings": {
                  "RateControlMode": "VBR",
                  "Bitrate": 128000,
                  "MaxBitrate": 320000,
                  "GopSize": 50,
                  "GopSizeUnits": "FRAMES",
                  "FramerateControl": "SPECIFIED",
                  "FramerateNumerator": 25,
                  "FramerateDenominator": 1,
                  "CodecProfile": "MAIN",
                  "CodecLevel": "LEVEL_3",
                  "ParControl": "SPECIFIED",
                  "ParNumerator": 1,
                  "ParDenominator": 1,
                  "QualityTuningLevel": "MULTI_PASS_HQ"
                }
              },
              "Width": 320,
              "Height": 240,
              "ScalingBehavior": "DEFAULT",
              "VideoPreprocessors": {
                "Deinterlacer": {}
              }
            },
            "AudioDescriptions": [
              {
                "CodecSettings": {
                  "Codec": "AAC",
                  "AacSettings": {
                    "Bitrate": 96000,
                    "SampleRate": 48000,
                    "CodingMode": "CODING_MODE_2_0"
                  }
                }
              }
            ],
            "NameModifier": "_320x240_128K_audio_96K_aac_stereo"
          },
          {
            "ContainerSettings": {
              "Container": "M3U8",
              "M3u8Settings": {}
            },
            "VideoDescription": {
              "CodecSettings": {
                "Codec": "H_264",
                "H264Settings": {
                  "RateControlMode": "VBR",
                  "Bitrate": 160000,
                  "MaxBitrate": 400000,
                  "GopSize": 50,
                  "GopSizeUnits": "FRAMES",
                  "FramerateControl": "SPECIFIED",
                  "FramerateNumerator": 25,
                  "FramerateDenominator": 1,
                  "CodecProfile": "MAIN",
                  "CodecLevel": "LEVEL_3",
                  "ParControl": "SPECIFIED",
                  "ParNumerator": 1,
                  "ParDenominator": 1,
                  "QualityTuningLevel": "MULTI_PASS_HQ"
                }
              },
              "Width": 480,
              "Height": 270,
              "ScalingBehavior": "DEFAULT",
              "VideoPreprocessors": {
                "Deinterlacer": {}
              }
            },
            "AudioDescriptions": [
              {
                "CodecSettings": {
                  "Codec": "AAC",
                  "AacSettings": {
                    "Bitrate": 96000,
                    "SampleRate": 48000,
                    "CodingMode": "CODING_MODE_2_0"
                  }
                }
              }
            ],
            "NameModifier": "_480x270_160K_audio_96K_aac_stereo"
          },
          {
            "ContainerSettings": {
              "Container": "M3U8",
              "M3u8Settings": {}
            },
            "VideoDescription": {
              "CodecSettings": {
                "Codec": "H_264",
                "H264Settings": {
                  "RateControlMode": "VBR",
                  "Bitrate": 304000,
                  "MaxBitrate": 760000,
                  "GopSize": 50,
                  "GopSizeUnits": "FRAMES",
                  "FramerateControl": "SPECIFIED",
                  "FramerateNumerator": 25,
                  "FramerateDenominator": 1,
                  "CodecProfile": "MAIN",
                  "CodecLevel": "LEVEL_3",
                  "ParControl": "SPECIFIED",
                  "ParNumerator": 1,
                  "ParDenominator": 1,
                  "QualityTuningLevel": "MULTI_PASS_HQ"
                }
              },
              "Width": 512,
              "Height": 288,
              "ScalingBehavior": "DEFAULT",
              "VideoPreprocessors": {
                "Deinterlacer": {}
              }
            },
            "AudioDescriptions": [
              {
                "CodecSettings": {
                  "Codec": "AAC",
                  "AacSettings": {
                    "Bitrate": 96000,
                    "SampleRate": 48000,
                    "CodingMode": "CODING_MODE_2_0"
                  }
                }
              }
            ],
            "NameModifier": "_512x288_304K_audio_96K_aac_stereo"
          },
          {
            "ContainerSettings": {
              "Container": "M3U8",
              "M3u8Settings": {}
            },
            "VideoDescription": {
              "CodecSettings": {
                "Codec": "H_264",
                "H264Settings": {
                  "RateControlMode": "VBR",
                  "Bitrate": 572000,
                  "MaxBitrate": 1430000,
                  "GopSize": 50,
                  "GopSizeUnits": "FRAMES",
                  "FramerateControl": "SPECIFIED",
                  "FramerateNumerator": 25,
                  "FramerateDenominator": 1,
                  "CodecProfile": "MAIN",
                  "CodecLevel": "LEVEL_3",
                  "ParControl": "SPECIFIED",
                  "ParNumerator": 1,
                  "ParDenominator": 1,
                  "QualityTuningLevel": "MULTI_PASS_HQ"
                }
              },
              "Width": 512,
              "Height": 288,
              "ScalingBehavior": "DEFAULT",
              "VideoPreprocessors": {
                "Deinterlacer": {}
              }
            },
            "AudioDescriptions": [
              {
                "CodecSettings": {
                  "Codec": "AAC",
                  "AacSettings": {
                    "Bitrate": 96000,
                    "SampleRate": 48000,
                    "CodingMode": "CODING_MODE_2_0"
                  }
                }
              }
            ],
            "NameModifier": "_512x288_572K_audio_96K_aac_stereo"
          },
          {
            "ContainerSettings": {
              "Container": "M3U8",
              "M3u8Settings": {}
            },
            "VideoDescription": {
              "CodecSettings": {
                "Codec": "H_264",
                "H264Settings": {
                  "RateControlMode": "VBR",
                  "Bitrate": 256000,
                  "MaxBitrate": 640000,
                  "GopSize": 50,
                  "GopSizeUnits": "FRAMES",
                  "FramerateControl": "SPECIFIED",
                  "FramerateNumerator": 25,
                  "FramerateDenominator": 1,
                  "CodecProfile": "MAIN",
                  "CodecLevel": "LEVEL_3",
                  "ParControl": "SPECIFIED",
                  "ParNumerator": 1,
                  "ParDenominator": 1,
                  "QualityTuningLevel": "MULTI_PASS_HQ"
                }
              },
              "Width": 640,
              "Height": 360,
              "ScalingBehavior": "DEFAULT",
              "VideoPreprocessors": {
                "Deinterlacer": {}
              }
            },
            "AudioDescriptions": [
              {
                "CodecSettings": {
                  "Codec": "AAC",
                  "AacSettings": {
                    "Bitrate": 96000,
                    "SampleRate": 48000,
                    "CodingMode": "CODING_MODE_2_0"
                  }
                }
              }
            ],
            "NameModifier": "_640x360_256K_audio_96K_aac_stereo"
          },
          {
            "ContainerSettings": {
              "Container": "M3U8",
              "M3u8Settings": {}
            },
            "VideoDescription": {
              "CodecSettings": {
                "Codec": "H_264",
                "H264Settings": {
                  "RateControlMode": "VBR",
                  "Bitrate": 400000,
                  "MaxBitrate": 1000000,
                  "GopSize": 50,
                  "GopSizeUnits": "FRAMES",
                  "FramerateControl": "SPECIFIED",
                  "FramerateNumerator": 25,
                  "FramerateDenominator": 1,
                  "CodecProfile": "MAIN",
                  "CodecLevel": "LEVEL_3",
                  "ParControl": "SPECIFIED",
                  "ParNumerator": 1,
                  "ParDenominator": 1,
                  "QualityTuningLevel": "MULTI_PASS_HQ"
                }
              },
              "Width": 640,
              "Height": 360,
              "ScalingBehavior": "DEFAULT",
              "VideoPreprocessors": {
                "Deinterlacer": {}
              }
            },
            "AudioDescriptions": [
              {
                "CodecSettings": {
                  "Codec": "AAC",
                  "AacSettings": {
                    "Bitrate": 96000,
                    "SampleRate": 48000,
                    "CodingMode": "CODING_MODE_2_0"
                  }
                }
              }
            ],
            "NameModifier": "_640x360_400K_audio_96K_aac_stereo"
          },
          {
            "ContainerSettings": {
              "Container": "M3U8",
              "M3u8Settings": {}
            },
            "VideoDescription": {
              "CodecSettings": {
                "Codec": "H_264",
                "H264Settings": {
                  "RateControlMode": "VBR",
                  "Bitrate": 720000,
                  "MaxBitrate": 1800000,
                  "GopSize": 50,
                  "GopSizeUnits": "FRAMES",
                  "FramerateControl": "SPECIFIED",
                  "FramerateNumerator": 25,
                  "FramerateDenominator": 1,
                  "CodecProfile": "MAIN",
                  "CodecLevel": "LEVEL_3",
                  "ParControl": "SPECIFIED",
                  "ParNumerator": 1,
                  "ParDenominator": 1,
                  "QualityTuningLevel": "MULTI_PASS_HQ"
                }
              },
              "Width": 640,
              "Height": 360,
              "ScalingBehavior": "DEFAULT",
              "VideoPreprocessors": {
                "Deinterlacer": {}
              }
            },
            "AudioDescriptions": [
              {
                "CodecSettings": {
                  "Codec": "AAC",
                  "AacSettings": {
                    "Bitrate": 96000,
                    "SampleRate": 48000,
                    "CodingMode": "CODING_MODE_2_0"
                  }
                }
              }
            ],
            "NameModifier": "_640x360_720K_audio_96K_aac_stereo"
          },
          {
            "ContainerSettings": {
              "Container": "M3U8",
              "M3u8Settings": {}
            },
            "VideoDescription": {
              "CodecSettings": {
                "Codec": "H_264",
                "H264Settings": {
                  "RateControlMode": "VBR",
                  "Bitrate": 572000,
                  "MaxBitrate": 1430000,
                  "GopSize": 50,
                  "GopSizeUnits": "FRAMES",
                  "FramerateControl": "SPECIFIED",
                  "FramerateNumerator": 25,
                  "FramerateDenominator": 1,
                  "CodecProfile": "MAIN",
                  "CodecLevel": "LEVEL_3",
                  "ParControl": "SPECIFIED",
                  "ParNumerator": 1,
                  "ParDenominator": 1,
                  "QualityTuningLevel": "MULTI_PASS_HQ"
                }
              },
              "Width": 640,
              "Height": 480,
              "ScalingBehavior": "DEFAULT",
              "VideoPreprocessors": {
                "Deinterlacer": {}
              }
            },
            "AudioDescriptions": [
              {
                "CodecSettings": {
                  "Codec": "AAC",
                  "AacSettings": {
                    "Bitrate": 96000,
                    "SampleRate": 48000,
                    "CodingMode": "CODING_MODE_2_0"
                  }
                }
              }
            ],
            "NameModifier": "_640x480_572K_audio_96K_aac_stereo"
          },
          {
            "ContainerSettings": {
              "Container": "M3U8",
              "M3u8Settings": {}
            },
            "VideoDescription": {
              "CodecSettings": {
                "Codec": "H_264",
                "H264Settings": {
                  "RateControlMode": "VBR",
                  "Bitrate": 1300000,
                  "MaxBitrate": 3250000,
                  "GopSize": 50,
                  "GopSizeUnits": "FRAMES",
                  "FramerateControl": "SPECIFIED",
                  "FramerateNumerator": 25,
                  "FramerateDenominator": 1,
                  "CodecProfile": "MAIN",
                  "CodecLevel": "LEVEL_3",
                  "ParControl": "SPECIFIED",
                  "ParNumerator": 1,
                  "ParDenominator": 1,
                  "QualityTuningLevel": "MULTI_PASS_HQ"
                }
              },
              "Width": 720,
              "Height": 404,
              "ScalingBehavior": "DEFAULT",
              "VideoPreprocessors": {
                "Deinterlacer": {}
              }
            },
            "AudioDescriptions": [
              {
                "CodecSettings": {
                  "Codec": "AAC",
                  "AacSettings": {
                    "Bitrate": 96000,
                    "SampleRate": 48000,
                    "CodingMode": "CODING_MODE_2_0"
                  }
                }
              }
            ],
            "NameModifier": "_720x404_1300K_audio_96K_aac_stereo"
          },
          {
            "ContainerSettings": {
              "Container": "M3U8",
              "M3u8Settings": {}
            },
            "VideoDescription": {
              "CodecSettings": {
                "Codec": "H_264",
                "H264Settings": {
                  "RateControlMode": "VBR",
                  "Bitrate": 720000,
                  "MaxBitrate": 1800000,
                  "GopSize": 50,
                  "GopSizeUnits": "FRAMES",
                  "FramerateControl": "SPECIFIED",
                  "FramerateNumerator": 25,
                  "FramerateDenominator": 1,
                  "CodecProfile": "MAIN",
                  "CodecLevel": "LEVEL_3",
                  "ParControl": "SPECIFIED",
                  "ParNumerator": 1,
                  "ParDenominator": 1,
                  "QualityTuningLevel": "MULTI_PASS_HQ"
                }
              },
              "Width": 1024,
              "Height": 576,
              "ScalingBehavior": "DEFAULT",
              "VideoPreprocessors": {
                "Deinterlacer": {}
              }
            },
            "AudioDescriptions": [
              {
                "CodecSettings": {
                  "Codec": "AAC",
                  "AacSettings": {
                    "Bitrate": 96000,
                    "SampleRate": 48000,
                    "CodingMode": "CODING_MODE_2_0"
                  }
                }
              }
            ],
            "NameModifier": "_1024x576_720K_audio_96K_aac_stereo"
          },
          {
            "ContainerSettings": {
              "Container": "M3U8",
              "M3u8Settings": {}
            },
            "VideoDescription": {
              "CodecSettings": {
                "Codec": "H_264",
                "H264Settings": {
                  "RateControlMode": "VBR",
                  "Bitrate": 804000,
                  "MaxBitrate": 2010000,
                  "GopSize": 50,
                  "GopSizeUnits": "FRAMES",
                  "FramerateControl": "SPECIFIED",
                  "FramerateNumerator": 25,
                  "FramerateDenominator": 1,
                  "CodecProfile": "MAIN",
                  "CodecLevel": "LEVEL_3",
                  "ParControl": "SPECIFIED",
                  "ParNumerator": 1,
                  "ParDenominator": 1,
                  "QualityTuningLevel": "MULTI_PASS_HQ"
                }
              },
              "Width": 1024,
              "Height": 576,
              "ScalingBehavior": "DEFAULT",
              "VideoPreprocessors": {
                "Deinterlacer": {}
              }
            },
            "AudioDescriptions": [
              {
                "CodecSettings": {
                  "Codec": "AAC",
                  "AacSettings": {
                    "Bitrate": 96000,
                    "SampleRate": 48000,
                    "CodingMode": "CODING_MODE_2_0"
                  }
                }
              }
            ],
            "NameModifier": "_1024x576_804K_audio_96K_aac_stereo"
          },
          {
            "ContainerSettings": {
              "Container": "M3U8",
              "M3u8Settings": {}
            },
            "VideoDescription": {
              "CodecSettings": {
                "Codec": "H_264",
                "H264Settings": {
                  "RateControlMode": "VBR",
                  "Bitrate": 1704000,
                  "MaxBitrate": 4260000,
                  "GopSize": 50,
                  "GopSizeUnits": "FRAMES",
                  "FramerateControl": "SPECIFIED",
                  "FramerateNumerator": 25,
                  "FramerateDenominator": 1,
                  "CodecProfile": "MAIN",
                  "CodecLevel": "LEVEL_3",
                  "ParControl": "SPECIFIED",
                  "ParNumerator": 1,
                  "ParDenominator": 1,
                  "QualityTuningLevel": "MULTI_PASS_HQ"
                }
              },
              "Width": 1024,
              "Height": 576,
              "ScalingBehavior": "DEFAULT",
              "VideoPreprocessors": {
                "Deinterlacer": {}
              }
            },
            "AudioDescriptions": [
              {
                "CodecSettings": {
                  "Codec": "AAC",
                  "AacSettings": {
                    "Bitrate": 96000,
                    "SampleRate": 48000,
                    "CodingMode": "CODING_MODE_2_0"
                  }
                }
              }
            ],
            "NameModifier": "_1024x576_1704K_audio_96K_aac_stereo"
          },
          {
            "ContainerSettings": {
              "Container": "M3U8",
              "M3u8Settings": {}
            },
            "VideoDescription": {
              "CodecSettings": {
                "Codec": "H_264",
                "H264Settings": {
                  "RateControlMode": "VBR",
                  "Bitrate": 1904000,
                  "MaxBitrate": 4760000,
                  "GopSize": 50,
                  "GopSizeUnits": "FRAMES",
                  "FramerateControl": "SPECIFIED",
                  "FramerateNumerator": 25,
                  "FramerateDenominator": 1,
                  "CodecProfile": "MAIN",
                  "CodecLevel": "LEVEL_3",
                  "ParControl": "SPECIFIED",
                  "ParNumerator": 1,
                  "ParDenominator": 1,
                  "QualityTuningLevel": "MULTI_PASS_HQ"
                }
              },
              "Width": 1280,
              "Height": 720,
              "ScalingBehavior": "DEFAULT",
              "VideoPreprocessors": {
                "Deinterlacer": {}
              }
            },
            "AudioDescriptions": [
              {
                "CodecSettings": {
                  "Codec": "AAC",
                  "AacSettings": {
                    "Bitrate": 96000,
                    "SampleRate": 48000,
                    "CodingMode": "CODING_MODE_2_0"
                  }
                }
              }
            ],
            "NameModifier": "_1280x720_1904K_audio_96K_aac_stereo"
          },
          {
            "ContainerSettings": {
              "Container": "M3U8",
              "M3u8Settings": {}
            },
            "VideoDescription": {
              "CodecSettings": {
                "Codec": "H_264",
                "H264Settings": {
                  "RateControlMode": "VBR",
                  "Bitrate": 1960000,
                  "MaxBitrate": 4900000,
                  "GopSize": 50,
                  "GopSizeUnits": "FRAMES",
                  "FramerateControl": "SPECIFIED",
                  "FramerateNumerator": 25,
                  "FramerateDenominator": 1,
                  "CodecProfile": "MAIN",
                  "CodecLevel": "LEVEL_3",
                  "ParControl": "SPECIFIED",
                  "ParNumerator": 1,
                  "ParDenominator": 1,
                  "QualityTuningLevel": "MULTI_PASS_HQ"
                }
              },
              "Width": 1280,
              "Height": 720,
              "ScalingBehavior": "DEFAULT",
              "VideoPreprocessors": {
                "Deinterlacer": {}
              }
            },
            "AudioDescriptions": [
              {
                "CodecSettings": {
                  "Codec": "AAC",
                  "AacSettings": {
                    "Bitrate": 96000,
                    "SampleRate": 48000,
                    "CodingMode": "CODING_MODE_2_0"
                  }
                }
              }
            ],
            "NameModifier": "_1280x720_1960K_audio_96K_aac_stereo"
          },
          {
            "ContainerSettings": {
              "Container": "M3U8",
              "M3u8Settings": {}
            },
            "VideoDescription": {
              "CodecSettings": {
                "Codec": "H_264",
                "H264Settings": {
                  "RateControlMode": "VBR",
                  "Bitrate": 4500000,
                  "MaxBitrate": 11250000,
                  "GopSize": 50,
                  "GopSizeUnits": "FRAMES",
                  "FramerateControl": "SPECIFIED",
                  "FramerateNumerator": 25,
                  "FramerateDenominator": 1,
                  "CodecProfile": "MAIN",
                  "ParControl": "SPECIFIED",
                  "ParNumerator": 1,
                  "ParDenominator": 1,
                  "QualityTuningLevel": "MULTI_PASS_HQ"
                }
              },
              "Width": 1920,
              "Height": 1080,
              "ScalingBehavior": "DEFAULT",
              "VideoPreprocessors": {
                "Deinterlacer": {}
              }
            },
            "AudioDescriptions": [
              {
                "CodecSettings": {
                  "Codec": "AAC",
                  "AacSettings": {
                    "Bitrate": 96000,
                    "SampleRate": 48000,
                    "CodingMode": "CODING_MODE_2_0"
                  }
                }
              }
            ],
            "NameModifier": "_1920x1080_4500K_audio_96K_aac_stereo"
          }
        ]
      }
    ],
    "TimecodeConfig": {
      "Source": "ZEROBASED"
    },
    "FollowSource": 1
  },
  "Role": "arn:aws:iam::935206693453:role/MediaConvertRole"
}